<?xml version="1.0" encoding="UTF-8"?>
<testsuite xmlns:xsi="http://www.w3.org/2001/XMLSchema-instance" xsi:noNamespaceSchemaLocation="https://maven.apache.org/surefire/maven-surefire-plugin/xsd/surefire-test-report-3.0.xsd" version="3.0" name="TestSuite" time="402.498" tests="73" errors="0" skipped="14" failures="20">
  <properties>
    <property name="sun.desktop" value="windows"/>
    <property name="awt.toolkit" value="sun.awt.windows.WToolkit"/>
    <property name="file.encoding.pkg" value="sun.io"/>
    <property name="java.specification.version" value="1.8"/>
    <property name="sun.cpu.isalist" value="amd64"/>
    <property name="sun.jnu.encoding" value="Cp1252"/>
    <property name="java.class.path" value="C:\Users\Dennis\eclipse-workspace\ADVANCED_MAVEN_PROJECT\target\test-classes;C:\Users\Dennis\eclipse-workspace\ADVANCED_MAVEN_PROJECT\target\classes;C:\Users\Dennis\.m2\repository\com\github\ralfstuckert\pdfbox-layout\pdfbox2-layout\1.0.1\pdfbox2-layout-1.0.1.jar;C:\Users\Dennis\.m2\repository\org\apache\pdfbox\pdfbox\2.0.4\pdfbox-2.0.4.jar;C:\Users\Dennis\.m2\repository\org\apache\pdfbox\fontbox\2.0.4\fontbox-2.0.4.jar;C:\Program Files\Java\jdk1.8.0_351\lib\tools.jar;C:\Users\Dennis\.m2\repository\org\seleniumhq\selenium\selenium-java\4.8.3\selenium-java-4.8.3.jar;C:\Users\Dennis\.m2\repository\org\seleniumhq\selenium\selenium-api\4.8.3\selenium-api-4.8.3.jar;C:\Users\Dennis\.m2\repository\org\seleniumhq\selenium\selenium-chrome-driver\4.8.3\selenium-chrome-driver-4.8.3.jar;C:\Users\Dennis\.m2\repository\com\google\auto\service\auto-service-annotations\1.0.1\auto-service-annotations-1.0.1.jar;C:\Users\Dennis\.m2\repository\com\google\auto\service\auto-service\1.0.1\auto-service-1.0.1.jar;C:\Users\Dennis\.m2\repository\com\google\auto\auto-common\1.2\auto-common-1.2.jar;C:\Users\Dennis\.m2\repository\com\google\guava\guava\31.1-jre\guava-31.1-jre.jar;C:\Users\Dennis\.m2\repository\com\google\guava\failureaccess\1.0.1\failureaccess-1.0.1.jar;C:\Users\Dennis\.m2\repository\com\google\guava\listenablefuture\9999.0-empty-to-avoid-conflict-with-guava\listenablefuture-9999.0-empty-to-avoid-conflict-with-guava.jar;C:\Users\Dennis\.m2\repository\com\google\code\findbugs\jsr305\3.0.2\jsr305-3.0.2.jar;C:\Users\Dennis\.m2\repository\org\checkerframework\checker-qual\3.12.0\checker-qual-3.12.0.jar;C:\Users\Dennis\.m2\repository\com\google\errorprone\error_prone_annotations\2.11.0\error_prone_annotations-2.11.0.jar;C:\Users\Dennis\.m2\repository\com\google\j2objc\j2objc-annotations\1.3\j2objc-annotations-1.3.jar;C:\Users\Dennis\.m2\repository\org\seleniumhq\selenium\selenium-chromium-driver\4.8.3\selenium-chromium-driver-4.8.3.jar;C:\Users\Dennis\.m2\repository\org\seleniumhq\selenium\selenium-json\4.8.3\selenium-json-4.8.3.jar;C:\Users\Dennis\.m2\repository\org\seleniumhq\selenium\selenium-manager\4.8.3\selenium-manager-4.8.3.jar;C:\Users\Dennis\.m2\repository\org\seleniumhq\selenium\selenium-devtools-v109\4.8.3\selenium-devtools-v109-4.8.3.jar;C:\Users\Dennis\.m2\repository\org\seleniumhq\selenium\selenium-devtools-v110\4.8.3\selenium-devtools-v110-4.8.3.jar;C:\Users\Dennis\.m2\repository\org\seleniumhq\selenium\selenium-devtools-v111\4.8.3\selenium-devtools-v111-4.8.3.jar;C:\Users\Dennis\.m2\repository\org\seleniumhq\selenium\selenium-devtools-v85\4.8.3\selenium-devtools-v85-4.8.3.jar;C:\Users\Dennis\.m2\repository\org\seleniumhq\selenium\selenium-edge-driver\4.8.3\selenium-edge-driver-4.8.3.jar;C:\Users\Dennis\.m2\repository\org\seleniumhq\selenium\selenium-firefox-driver\4.8.3\selenium-firefox-driver-4.8.3.jar;C:\Users\Dennis\.m2\repository\org\seleniumhq\selenium\selenium-http\4.8.3\selenium-http-4.8.3.jar;C:\Users\Dennis\.m2\repository\dev\failsafe\failsafe\3.3.1\failsafe-3.3.1.jar;C:\Users\Dennis\.m2\repository\org\seleniumhq\selenium\selenium-ie-driver\4.8.3\selenium-ie-driver-4.8.3.jar;C:\Users\Dennis\.m2\repository\org\seleniumhq\selenium\selenium-remote-driver\4.8.3\selenium-remote-driver-4.8.3.jar;C:\Users\Dennis\.m2\repository\io\netty\netty-buffer\4.1.90.Final\netty-buffer-4.1.90.Final.jar;C:\Users\Dennis\.m2\repository\io\netty\netty-codec-http\4.1.90.Final\netty-codec-http-4.1.90.Final.jar;C:\Users\Dennis\.m2\repository\io\netty\netty-codec\4.1.90.Final\netty-codec-4.1.90.Final.jar;C:\Users\Dennis\.m2\repository\io\netty\netty-handler\4.1.90.Final\netty-handler-4.1.90.Final.jar;C:\Users\Dennis\.m2\repository\io\netty\netty-common\4.1.90.Final\netty-common-4.1.90.Final.jar;C:\Users\Dennis\.m2\repository\io\netty\netty-transport-classes-epoll\4.1.90.Final\netty-transport-classes-epoll-4.1.90.Final.jar;C:\Users\Dennis\.m2\repository\io\netty\netty-transport-classes-kqueue\4.1.90.Final\netty-transport-classes-kqueue-4.1.90.Final.jar;C:\Users\Dennis\.m2\repository\io\netty\netty-transport-native-epoll\4.1.90.Final\netty-transport-native-epoll-4.1.90.Final.jar;C:\Users\Dennis\.m2\repository\io\netty\netty-transport-native-kqueue\4.1.90.Final\netty-transport-native-kqueue-4.1.90.Final.jar;C:\Users\Dennis\.m2\repository\io\netty\netty-transport-native-unix-common\4.1.90.Final\netty-transport-native-unix-common-4.1.90.Final.jar;C:\Users\Dennis\.m2\repository\io\netty\netty-transport\4.1.90.Final\netty-transport-4.1.90.Final.jar;C:\Users\Dennis\.m2\repository\io\netty\netty-resolver\4.1.90.Final\netty-resolver-4.1.90.Final.jar;C:\Users\Dennis\.m2\repository\io\opentelemetry\opentelemetry-api\1.24.0\opentelemetry-api-1.24.0.jar;C:\Users\Dennis\.m2\repository\io\opentelemetry\opentelemetry-context\1.24.0\opentelemetry-context-1.24.0.jar;C:\Users\Dennis\.m2\repository\io\opentelemetry\opentelemetry-exporter-logging\1.24.0\opentelemetry-exporter-logging-1.24.0.jar;C:\Users\Dennis\.m2\repository\io\opentelemetry\opentelemetry-sdk-metrics\1.24.0\opentelemetry-sdk-metrics-1.24.0.jar;C:\Users\Dennis\.m2\repository\io\opentelemetry\opentelemetry-sdk-logs\1.24.0-alpha\opentelemetry-sdk-logs-1.24.0-alpha.jar;C:\Users\Dennis\.m2\repository\io\opentelemetry\opentelemetry-api-logs\1.24.0-alpha\opentelemetry-api-logs-1.24.0-alpha.jar;C:\Users\Dennis\.m2\repository\io\opentelemetry\opentelemetry-api-events\1.24.0-alpha\opentelemetry-api-events-1.24.0-alpha.jar;C:\Users\Dennis\.m2\repository\io\opentelemetry\opentelemetry-sdk-common\1.24.0\opentelemetry-sdk-common-1.24.0.jar;C:\Users\Dennis\.m2\repository\io\opentelemetry\opentelemetry-sdk-extension-autoconfigure-spi\1.24.0\opentelemetry-sdk-extension-autoconfigure-spi-1.24.0.jar;C:\Users\Dennis\.m2\repository\io\opentelemetry\opentelemetry-sdk-extension-autoconfigure\1.24.0-alpha\opentelemetry-sdk-extension-autoconfigure-1.24.0-alpha.jar;C:\Users\Dennis\.m2\repository\io\opentelemetry\opentelemetry-sdk-trace\1.24.0\opentelemetry-sdk-trace-1.24.0.jar;C:\Users\Dennis\.m2\repository\io\opentelemetry\opentelemetry-sdk\1.24.0\opentelemetry-sdk-1.24.0.jar;C:\Users\Dennis\.m2\repository\io\opentelemetry\opentelemetry-semconv\1.24.0-alpha\opentelemetry-semconv-1.24.0-alpha.jar;C:\Users\Dennis\.m2\repository\io\ous\jtoml\2.0.0\jtoml-2.0.0.jar;C:\Users\Dennis\.m2\repository\net\bytebuddy\byte-buddy\1.14.2\byte-buddy-1.14.2.jar;C:\Users\Dennis\.m2\repository\org\apache\commons\commons-exec\1.3\commons-exec-1.3.jar;C:\Users\Dennis\.m2\repository\org\asynchttpclient\async-http-client\2.12.3\async-http-client-2.12.3.jar;C:\Users\Dennis\.m2\repository\org\asynchttpclient\async-http-client-netty-utils\2.12.3\async-http-client-netty-utils-2.12.3.jar;C:\Users\Dennis\.m2\repository\io\netty\netty-codec-socks\4.1.60.Final\netty-codec-socks-4.1.60.Final.jar;C:\Users\Dennis\.m2\repository\io\netty\netty-handler-proxy\4.1.60.Final\netty-handler-proxy-4.1.60.Final.jar;C:\Users\Dennis\.m2\repository\io\netty\netty-transport-native-epoll\4.1.60.Final\netty-transport-native-epoll-4.1.60.Final-linux-x86_64.jar;C:\Users\Dennis\.m2\repository\io\netty\netty-transport-native-kqueue\4.1.60.Final\netty-transport-native-kqueue-4.1.60.Final-osx-x86_64.jar;C:\Users\Dennis\.m2\repository\com\typesafe\netty\netty-reactive-streams\2.0.4\netty-reactive-streams-2.0.4.jar;C:\Users\Dennis\.m2\repository\com\sun\activation\jakarta.activation\1.2.2\jakarta.activation-1.2.2.jar;C:\Users\Dennis\.m2\repository\org\seleniumhq\selenium\selenium-safari-driver\4.8.3\selenium-safari-driver-4.8.3.jar;C:\Users\Dennis\.m2\repository\org\seleniumhq\selenium\selenium-support\4.8.3\selenium-support-4.8.3.jar;C:\Users\Dennis\.m2\repository\org\testng\testng\6.14.3\testng-6.14.3.jar;C:\Users\Dennis\.m2\repository\com\beust\jcommander\1.72\jcommander-1.72.jar;C:\Users\Dennis\.m2\repository\org\apache-extras\beanshell\bsh\2.0b6\bsh-2.0b6.jar;C:\Users\Dennis\.m2\repository\io\appium\java-client\7.5.1\java-client-7.5.1.jar;C:\Users\Dennis\.m2\repository\com\google\code\gson\gson\2.8.6\gson-2.8.6.jar;C:\Users\Dennis\.m2\repository\org\apache\httpcomponents\httpclient\4.5.13\httpclient-4.5.13.jar;C:\Users\Dennis\.m2\repository\org\apache\httpcomponents\httpcore\4.4.13\httpcore-4.4.13.jar;C:\Users\Dennis\.m2\repository\cglib\cglib\3.3.0\cglib-3.3.0.jar;C:\Users\Dennis\.m2\repository\commons-validator\commons-validator\1.7\commons-validator-1.7.jar;C:\Users\Dennis\.m2\repository\commons-beanutils\commons-beanutils\1.9.4\commons-beanutils-1.9.4.jar;C:\Users\Dennis\.m2\repository\commons-digester\commons-digester\2.1\commons-digester-2.1.jar;C:\Users\Dennis\.m2\repository\org\apache\commons\commons-lang3\3.12.0\commons-lang3-3.12.0.jar;C:\Users\Dennis\.m2\repository\org\springframework\spring-context\5.3.4\spring-context-5.3.4.jar;C:\Users\Dennis\.m2\repository\org\springframework\spring-aop\5.3.4\spring-aop-5.3.4.jar;C:\Users\Dennis\.m2\repository\org\springframework\spring-beans\5.3.4\spring-beans-5.3.4.jar;C:\Users\Dennis\.m2\repository\org\springframework\spring-core\5.3.4\spring-core-5.3.4.jar;C:\Users\Dennis\.m2\repository\org\springframework\spring-jcl\5.3.4\spring-jcl-5.3.4.jar;C:\Users\Dennis\.m2\repository\org\springframework\spring-expression\5.3.4\spring-expression-5.3.4.jar;C:\Users\Dennis\.m2\repository\org\aspectj\aspectjweaver\1.9.6\aspectjweaver-1.9.6.jar;C:\Users\Dennis\.m2\repository\org\slf4j\slf4j-api\1.7.30\slf4j-api-1.7.30.jar;C:\Users\Dennis\.m2\repository\io\github\bonigarcia\webdrivermanager\5.2.1\webdrivermanager-5.2.1.jar;C:\Users\Dennis\.m2\repository\com\github\docker-java\docker-java\3.2.13\docker-java-3.2.13.jar;C:\Users\Dennis\.m2\repository\com\github\docker-java\docker-java-core\3.2.13\docker-java-core-3.2.13.jar;C:\Users\Dennis\.m2\repository\com\github\docker-java\docker-java-api\3.2.13\docker-java-api-3.2.13.jar;C:\Users\Dennis\.m2\repository\org\bouncycastle\bcpkix-jdk15on\1.64\bcpkix-jdk15on-1.64.jar;C:\Users\Dennis\.m2\repository\org\bouncycastle\bcprov-jdk15on\1.64\bcprov-jdk15on-1.64.jar;C:\Users\Dennis\.m2\repository\org\slf4j\jcl-over-slf4j\1.7.30\jcl-over-slf4j-1.7.30.jar;C:\Users\Dennis\.m2\repository\com\github\docker-java\docker-java-transport-httpclient5\3.2.13\docker-java-transport-httpclient5-3.2.13.jar;C:\Users\Dennis\.m2\repository\com\github\docker-java\docker-java-transport\3.2.13\docker-java-transport-3.2.13.jar;C:\Users\Dennis\.m2\repository\net\java\dev\jna\jna\5.8.0\jna-5.8.0.jar;C:\Users\Dennis\.m2\repository\org\brotli\dec\0.1.2\dec-0.1.2.jar;C:\Users\Dennis\.m2\repository\org\apache\httpcomponents\client5\httpclient5\5.1.3\httpclient5-5.1.3.jar;C:\Users\Dennis\.m2\repository\org\apache\httpcomponents\core5\httpcore5\5.1.3\httpcore5-5.1.3.jar;C:\Users\Dennis\.m2\repository\org\apache\httpcomponents\core5\httpcore5-h2\5.1.3\httpcore5-h2-5.1.3.jar;C:\Users\Dennis\.m2\repository\io\cucumber\cucumber-core\6.10.4\cucumber-core-6.10.4.jar;C:\Users\Dennis\.m2\repository\io\cucumber\cucumber-gherkin\6.10.4\cucumber-gherkin-6.10.4.jar;C:\Users\Dennis\.m2\repository\io\cucumber\cucumber-gherkin-messages\6.10.4\cucumber-gherkin-messages-6.10.4.jar;C:\Users\Dennis\.m2\repository\io\cucumber\messages\15.0.0\messages-15.0.0.jar;C:\Users\Dennis\.m2\repository\io\cucumber\tag-expressions\3.0.1\tag-expressions-3.0.1.jar;C:\Users\Dennis\.m2\repository\io\cucumber\cucumber-expressions\10.3.0\cucumber-expressions-10.3.0.jar;C:\Users\Dennis\.m2\repository\io\cucumber\datatable\3.5.0\datatable-3.5.0.jar;C:\Users\Dennis\.m2\repository\io\cucumber\cucumber-plugin\6.10.4\cucumber-plugin-6.10.4.jar;C:\Users\Dennis\.m2\repository\io\cucumber\docstring\6.10.4\docstring-6.10.4.jar;C:\Users\Dennis\.m2\repository\io\cucumber\html-formatter\13.0.0\html-formatter-13.0.0.jar;C:\Users\Dennis\.m2\repository\io\cucumber\create-meta\4.0.0\create-meta-4.0.0.jar;C:\Users\Dennis\.m2\repository\org\apiguardian\apiguardian-api\1.1.1\apiguardian-api-1.1.1.jar;C:\Users\Dennis\.m2\repository\io\cucumber\cucumber-java\6.10.4\cucumber-java-6.10.4.jar;C:\Users\Dennis\.m2\repository\io\cucumber\cucumber-junit\6.10.4\cucumber-junit-6.10.4.jar;C:\Users\Dennis\.m2\repository\io\cucumber\cucumber-testng\6.10.4\cucumber-testng-6.10.4.jar;C:\Users\Dennis\.m2\repository\io\cucumber\cucumber-jvm-deps\1.0.6\cucumber-jvm-deps-1.0.6.jar;C:\Users\Dennis\.m2\repository\net\masterthought\cucumber-reporting\5.5.3\cucumber-reporting-5.5.3.jar;C:\Users\Dennis\.m2\repository\com\fasterxml\jackson\core\jackson-databind\2.12.1\jackson-databind-2.12.1.jar;C:\Users\Dennis\.m2\repository\com\fasterxml\jackson\core\jackson-annotations\2.12.1\jackson-annotations-2.12.1.jar;C:\Users\Dennis\.m2\repository\com\fasterxml\jackson\core\jackson-core\2.12.1\jackson-core-2.12.1.jar;C:\Users\Dennis\.m2\repository\com\fasterxml\jackson\datatype\jackson-datatype-jsr310\2.12.1\jackson-datatype-jsr310-2.12.1.jar;C:\Users\Dennis\.m2\repository\org\apache\velocity\velocity-engine-core\2.2\velocity-engine-core-2.2.jar;C:\Users\Dennis\.m2\repository\commons-collections\commons-collections\3.2.2\commons-collections-3.2.2.jar;C:\Users\Dennis\.m2\repository\joda-time\joda-time\2.10.9\joda-time-2.10.9.jar;C:\Users\Dennis\.m2\repository\org\codehaus\plexus\plexus-utils\3.3.0\plexus-utils-3.3.0.jar;C:\Users\Dennis\.m2\repository\org\jsoup\jsoup\1.13.1\jsoup-1.13.1.jar;C:\Users\Dennis\.m2\repository\com\googlecode\owasp-java-html-sanitizer\owasp-java-html-sanitizer\20200713.1\owasp-java-html-sanitizer-20200713.1.jar;C:\Users\Dennis\.m2\repository\commons-configuration\commons-configuration\1.10\commons-configuration-1.10.jar;C:\Users\Dennis\.m2\repository\commons-lang\commons-lang\2.6\commons-lang-2.6.jar;C:\Users\Dennis\.m2\repository\org\hamcrest\hamcrest-core\2.2\hamcrest-core-2.2.jar;C:\Users\Dennis\.m2\repository\org\hamcrest\hamcrest\2.2\hamcrest-2.2.jar;C:\Users\Dennis\.m2\repository\io\cucumber\gherkin\5.1.0\gherkin-5.1.0.jar;C:\Users\Dennis\.m2\repository\io\cucumber\gherkin-jvm-deps\1.0.4\gherkin-jvm-deps-1.0.4.jar;C:\Users\Dennis\.m2\repository\net\sourceforge\cobertura\cobertura\2.1.1\cobertura-2.1.1.jar;C:\Users\Dennis\.m2\repository\org\ow2\asm\asm\5.0.1\asm-5.0.1.jar;C:\Users\Dennis\.m2\repository\org\ow2\asm\asm-tree\5.0.1\asm-tree-5.0.1.jar;C:\Users\Dennis\.m2\repository\org\ow2\asm\asm-commons\5.0.1\asm-commons-5.0.1.jar;C:\Users\Dennis\.m2\repository\org\ow2\asm\asm-util\5.0.1\asm-util-5.0.1.jar;C:\Users\Dennis\.m2\repository\org\ow2\asm\asm-analysis\5.0.1\asm-analysis-5.0.1.jar;C:\Users\Dennis\.m2\repository\oro\oro\2.0.8\oro-2.0.8.jar;C:\Users\Dennis\.m2\repository\jaxen\jaxen\1.1.4\jaxen-1.1.4.jar;C:\Users\Dennis\.m2\repository\org\apache\ant\ant\1.8.3\ant-1.8.3.jar;C:\Users\Dennis\.m2\repository\org\apache\ant\ant-launcher\1.8.3\ant-launcher-1.8.3.jar;C:\Users\Dennis\.m2\repository\org\apache\ant\ant-junit\1.8.3\ant-junit-1.8.3.jar;C:\Users\Dennis\.m2\repository\org\mortbay\jetty\servlet-api-2.5\6.1.14\servlet-api-2.5-6.1.14.jar;C:\Users\Dennis\.m2\repository\org\mortbay\jetty\jetty\6.1.14\jetty-6.1.14.jar;C:\Users\Dennis\.m2\repository\org\mortbay\jetty\jetty-util\6.1.14\jetty-util-6.1.14.jar;C:\Users\Dennis\.m2\repository\ch\qos\logback\logback-classic\1.0.13\logback-classic-1.0.13.jar;C:\Users\Dennis\.m2\repository\ch\qos\logback\logback-core\1.0.13\logback-core-1.0.13.jar;C:\Users\Dennis\.m2\repository\junit\junit\4.11\junit-4.11.jar;C:\Users\Dennis\.m2\repository\org\apache\poi\poi-ooxml\4.1.1\poi-ooxml-4.1.1.jar;C:\Users\Dennis\.m2\repository\org\apache\commons\commons-compress\1.19\commons-compress-1.19.jar;C:\Users\Dennis\.m2\repository\com\github\virtuald\curvesapi\1.06\curvesapi-1.06.jar;C:\Users\Dennis\.m2\repository\org\apache\poi\poi\4.1.1\poi-4.1.1.jar;C:\Users\Dennis\.m2\repository\commons-codec\commons-codec\1.13\commons-codec-1.13.jar;C:\Users\Dennis\.m2\repository\org\apache\commons\commons-collections4\4.4\commons-collections4-4.4.jar;C:\Users\Dennis\.m2\repository\org\apache\commons\commons-math3\3.6.1\commons-math3-3.6.1.jar;C:\Users\Dennis\.m2\repository\org\apache\poi\poi-ooxml-schemas\4.1.1\poi-ooxml-schemas-4.1.1.jar;C:\Users\Dennis\.m2\repository\org\apache\xmlbeans\xmlbeans\3.1.0\xmlbeans-3.1.0.jar;C:\Users\Dennis\.m2\repository\commons-io\commons-io\2.6\commons-io-2.6.jar;C:\Users\Dennis\.m2\repository\org\apache\httpcomponents\fluent-hc\4.5.13\fluent-hc-4.5.13.jar;C:\Users\Dennis\.m2\repository\commons-logging\commons-logging\1.2\commons-logging-1.2.jar;C:\Users\Dennis\.m2\repository\org\apache\poi\poi-scratchpad\4.1.1\poi-scratchpad-4.1.1.jar;C:\Users\Dennis\.m2\repository\org\apache\poi\openxml4j\1.0-beta\openxml4j-1.0-beta.jar;C:\Users\Dennis\.m2\repository\dom4j\dom4j\1.6.1\dom4j-1.6.1.jar;C:\Users\Dennis\.m2\repository\xml-apis\xml-apis\1.0.b2\xml-apis-1.0.b2.jar;C:\Users\Dennis\.m2\repository\log4j\log4j\1.2.8\log4j-1.2.8.jar;C:\Users\Dennis\.m2\repository\com\googlecode\json-simple\json-simple\1.1.1\json-simple-1.1.1.jar;C:\Users\Dennis\.m2\repository\com\aventstack\extentreports\5.0.9\extentreports-5.0.9.jar;C:\Users\Dennis\.m2\repository\io\reactivex\rxjava3\rxjava\3.0.4\rxjava-3.0.4.jar;C:\Users\Dennis\.m2\repository\org\reactivestreams\reactive-streams\1.0.3\reactive-streams-1.0.3.jar;C:\Users\Dennis\.m2\repository\org\freemarker\freemarker\2.3.30\freemarker-2.3.30.jar;C:\Users\Dennis\.m2\repository\org\projectlombok\lombok\1.18.12\lombok-1.18.12.jar;C:\Users\Dennis\.m2\repository\tech\grasshopper\extentreports-cucumber6-adapter\2.6.0\extentreports-cucumber6-adapter-2.6.0.jar;C:\Users\Dennis\.m2\repository\tech\grasshopper\extent-pdf-report\1.5.0\extent-pdf-report-1.5.0.jar;C:\Users\Dennis\.m2\repository\tech\grasshopper\cucumber-pdf-report\1.7.0\cucumber-pdf-report-1.7.0.jar;C:\Users\Dennis\.m2\repository\org\knowm\xchart\xchart\3.6.5\xchart-3.6.5.jar;C:\Users\Dennis\.m2\repository\de\erichseifert\vectorgraphics2d\VectorGraphics2D\0.13\VectorGraphics2D-0.13.jar;C:\Users\Dennis\.m2\repository\de\rototor\pdfbox\graphics2d\0.27\graphics2d-0.27.jar;C:\Users\Dennis\.m2\repository\com\madgag\animated-gif-lib\1.4\animated-gif-lib-1.4.jar;C:\Users\Dennis\.m2\repository\com\github\vandeseer\easytable\0.7.1\easytable-0.7.1.jar;C:\Users\Dennis\.m2\repository\org\yaml\snakeyaml\1.27\snakeyaml-1.27.jar;C:\Users\Dennis\.m2\repository\com\aventstack\klov-reporter\5.0.5\klov-reporter-5.0.5.jar;C:\Users\Dennis\.m2\repository\org\mongodb\bson\3.6.4\bson-3.6.4.jar;C:\Users\Dennis\.m2\repository\org\apache\httpcomponents\httpmime\4.5.2\httpmime-4.5.2.jar;C:\Users\Dennis\.m2\repository\org\mongodb\mongodb-driver\3.3.0\mongodb-driver-3.3.0.jar;C:\Users\Dennis\.m2\repository\org\mongodb\mongodb-driver-core\3.3.0\mongodb-driver-core-3.3.0.jar;"/>
    <property name="java.vm.vendor" value="Oracle Corporation"/>
    <property name="sun.arch.data.model" value="64"/>
    <property name="user.variant" value=""/>
    <property name="java.vendor.url" value="http://java.oracle.com/"/>
    <property name="user.timezone" value="America/New_York"/>
    <property name="java.vm.specification.version" value="1.8"/>
    <property name="os.name" value="Windows 11"/>
    <property name="user.country" value="US"/>
    <property name="sun.java.launcher" value="SUN_STANDARD"/>
    <property name="sun.boot.library.path" value="C:\Program Files\Java\jdk1.8.0_351\jre\bin"/>
    <property name="sun.java.command" value="C:\Users\Dennis\AppData\Local\Temp\surefire6186623519052692743\surefirebooter-20230425091202401_3.jar C:\Users\Dennis\AppData\Local\Temp\surefire6186623519052692743 2023-04-25T09-12-00_931-jvmRun1 surefire-20230425091202401_1tmp surefire_0-20230425091202401_2tmp"/>
    <property name="surefire.test.class.path" value="C:\Users\Dennis\eclipse-workspace\ADVANCED_MAVEN_PROJECT\target\test-classes;C:\Users\Dennis\eclipse-workspace\ADVANCED_MAVEN_PROJECT\target\classes;C:\Users\Dennis\.m2\repository\com\github\ralfstuckert\pdfbox-layout\pdfbox2-layout\1.0.1\pdfbox2-layout-1.0.1.jar;C:\Users\Dennis\.m2\repository\org\apache\pdfbox\pdfbox\2.0.4\pdfbox-2.0.4.jar;C:\Users\Dennis\.m2\repository\org\apache\pdfbox\fontbox\2.0.4\fontbox-2.0.4.jar;C:\Program Files\Java\jdk1.8.0_351\lib\tools.jar;C:\Users\Dennis\.m2\repository\org\seleniumhq\selenium\selenium-java\4.8.3\selenium-java-4.8.3.jar;C:\Users\Dennis\.m2\repository\org\seleniumhq\selenium\selenium-api\4.8.3\selenium-api-4.8.3.jar;C:\Users\Dennis\.m2\repository\org\seleniumhq\selenium\selenium-chrome-driver\4.8.3\selenium-chrome-driver-4.8.3.jar;C:\Users\Dennis\.m2\repository\com\google\auto\service\auto-service-annotations\1.0.1\auto-service-annotations-1.0.1.jar;C:\Users\Dennis\.m2\repository\com\google\auto\service\auto-service\1.0.1\auto-service-1.0.1.jar;C:\Users\Dennis\.m2\repository\com\google\auto\auto-common\1.2\auto-common-1.2.jar;C:\Users\Dennis\.m2\repository\com\google\guava\guava\31.1-jre\guava-31.1-jre.jar;C:\Users\Dennis\.m2\repository\com\google\guava\failureaccess\1.0.1\failureaccess-1.0.1.jar;C:\Users\Dennis\.m2\repository\com\google\guava\listenablefuture\9999.0-empty-to-avoid-conflict-with-guava\listenablefuture-9999.0-empty-to-avoid-conflict-with-guava.jar;C:\Users\Dennis\.m2\repository\com\google\code\findbugs\jsr305\3.0.2\jsr305-3.0.2.jar;C:\Users\Dennis\.m2\repository\org\checkerframework\checker-qual\3.12.0\checker-qual-3.12.0.jar;C:\Users\Dennis\.m2\repository\com\google\errorprone\error_prone_annotations\2.11.0\error_prone_annotations-2.11.0.jar;C:\Users\Dennis\.m2\repository\com\google\j2objc\j2objc-annotations\1.3\j2objc-annotations-1.3.jar;C:\Users\Dennis\.m2\repository\org\seleniumhq\selenium\selenium-chromium-driver\4.8.3\selenium-chromium-driver-4.8.3.jar;C:\Users\Dennis\.m2\repository\org\seleniumhq\selenium\selenium-json\4.8.3\selenium-json-4.8.3.jar;C:\Users\Dennis\.m2\repository\org\seleniumhq\selenium\selenium-manager\4.8.3\selenium-manager-4.8.3.jar;C:\Users\Dennis\.m2\repository\org\seleniumhq\selenium\selenium-devtools-v109\4.8.3\selenium-devtools-v109-4.8.3.jar;C:\Users\Dennis\.m2\repository\org\seleniumhq\selenium\selenium-devtools-v110\4.8.3\selenium-devtools-v110-4.8.3.jar;C:\Users\Dennis\.m2\repository\org\seleniumhq\selenium\selenium-devtools-v111\4.8.3\selenium-devtools-v111-4.8.3.jar;C:\Users\Dennis\.m2\repository\org\seleniumhq\selenium\selenium-devtools-v85\4.8.3\selenium-devtools-v85-4.8.3.jar;C:\Users\Dennis\.m2\repository\org\seleniumhq\selenium\selenium-edge-driver\4.8.3\selenium-edge-driver-4.8.3.jar;C:\Users\Dennis\.m2\repository\org\seleniumhq\selenium\selenium-firefox-driver\4.8.3\selenium-firefox-driver-4.8.3.jar;C:\Users\Dennis\.m2\repository\org\seleniumhq\selenium\selenium-http\4.8.3\selenium-http-4.8.3.jar;C:\Users\Dennis\.m2\repository\dev\failsafe\failsafe\3.3.1\failsafe-3.3.1.jar;C:\Users\Dennis\.m2\repository\org\seleniumhq\selenium\selenium-ie-driver\4.8.3\selenium-ie-driver-4.8.3.jar;C:\Users\Dennis\.m2\repository\org\seleniumhq\selenium\selenium-remote-driver\4.8.3\selenium-remote-driver-4.8.3.jar;C:\Users\Dennis\.m2\repository\io\netty\netty-buffer\4.1.90.Final\netty-buffer-4.1.90.Final.jar;C:\Users\Dennis\.m2\repository\io\netty\netty-codec-http\4.1.90.Final\netty-codec-http-4.1.90.Final.jar;C:\Users\Dennis\.m2\repository\io\netty\netty-codec\4.1.90.Final\netty-codec-4.1.90.Final.jar;C:\Users\Dennis\.m2\repository\io\netty\netty-handler\4.1.90.Final\netty-handler-4.1.90.Final.jar;C:\Users\Dennis\.m2\repository\io\netty\netty-common\4.1.90.Final\netty-common-4.1.90.Final.jar;C:\Users\Dennis\.m2\repository\io\netty\netty-transport-classes-epoll\4.1.90.Final\netty-transport-classes-epoll-4.1.90.Final.jar;C:\Users\Dennis\.m2\repository\io\netty\netty-transport-classes-kqueue\4.1.90.Final\netty-transport-classes-kqueue-4.1.90.Final.jar;C:\Users\Dennis\.m2\repository\io\netty\netty-transport-native-epoll\4.1.90.Final\netty-transport-native-epoll-4.1.90.Final.jar;C:\Users\Dennis\.m2\repository\io\netty\netty-transport-native-kqueue\4.1.90.Final\netty-transport-native-kqueue-4.1.90.Final.jar;C:\Users\Dennis\.m2\repository\io\netty\netty-transport-native-unix-common\4.1.90.Final\netty-transport-native-unix-common-4.1.90.Final.jar;C:\Users\Dennis\.m2\repository\io\netty\netty-transport\4.1.90.Final\netty-transport-4.1.90.Final.jar;C:\Users\Dennis\.m2\repository\io\netty\netty-resolver\4.1.90.Final\netty-resolver-4.1.90.Final.jar;C:\Users\Dennis\.m2\repository\io\opentelemetry\opentelemetry-api\1.24.0\opentelemetry-api-1.24.0.jar;C:\Users\Dennis\.m2\repository\io\opentelemetry\opentelemetry-context\1.24.0\opentelemetry-context-1.24.0.jar;C:\Users\Dennis\.m2\repository\io\opentelemetry\opentelemetry-exporter-logging\1.24.0\opentelemetry-exporter-logging-1.24.0.jar;C:\Users\Dennis\.m2\repository\io\opentelemetry\opentelemetry-sdk-metrics\1.24.0\opentelemetry-sdk-metrics-1.24.0.jar;C:\Users\Dennis\.m2\repository\io\opentelemetry\opentelemetry-sdk-logs\1.24.0-alpha\opentelemetry-sdk-logs-1.24.0-alpha.jar;C:\Users\Dennis\.m2\repository\io\opentelemetry\opentelemetry-api-logs\1.24.0-alpha\opentelemetry-api-logs-1.24.0-alpha.jar;C:\Users\Dennis\.m2\repository\io\opentelemetry\opentelemetry-api-events\1.24.0-alpha\opentelemetry-api-events-1.24.0-alpha.jar;C:\Users\Dennis\.m2\repository\io\opentelemetry\opentelemetry-sdk-common\1.24.0\opentelemetry-sdk-common-1.24.0.jar;C:\Users\Dennis\.m2\repository\io\opentelemetry\opentelemetry-sdk-extension-autoconfigure-spi\1.24.0\opentelemetry-sdk-extension-autoconfigure-spi-1.24.0.jar;C:\Users\Dennis\.m2\repository\io\opentelemetry\opentelemetry-sdk-extension-autoconfigure\1.24.0-alpha\opentelemetry-sdk-extension-autoconfigure-1.24.0-alpha.jar;C:\Users\Dennis\.m2\repository\io\opentelemetry\opentelemetry-sdk-trace\1.24.0\opentelemetry-sdk-trace-1.24.0.jar;C:\Users\Dennis\.m2\repository\io\opentelemetry\opentelemetry-sdk\1.24.0\opentelemetry-sdk-1.24.0.jar;C:\Users\Dennis\.m2\repository\io\opentelemetry\opentelemetry-semconv\1.24.0-alpha\opentelemetry-semconv-1.24.0-alpha.jar;C:\Users\Dennis\.m2\repository\io\ous\jtoml\2.0.0\jtoml-2.0.0.jar;C:\Users\Dennis\.m2\repository\net\bytebuddy\byte-buddy\1.14.2\byte-buddy-1.14.2.jar;C:\Users\Dennis\.m2\repository\org\apache\commons\commons-exec\1.3\commons-exec-1.3.jar;C:\Users\Dennis\.m2\repository\org\asynchttpclient\async-http-client\2.12.3\async-http-client-2.12.3.jar;C:\Users\Dennis\.m2\repository\org\asynchttpclient\async-http-client-netty-utils\2.12.3\async-http-client-netty-utils-2.12.3.jar;C:\Users\Dennis\.m2\repository\io\netty\netty-codec-socks\4.1.60.Final\netty-codec-socks-4.1.60.Final.jar;C:\Users\Dennis\.m2\repository\io\netty\netty-handler-proxy\4.1.60.Final\netty-handler-proxy-4.1.60.Final.jar;C:\Users\Dennis\.m2\repository\io\netty\netty-transport-native-epoll\4.1.60.Final\netty-transport-native-epoll-4.1.60.Final-linux-x86_64.jar;C:\Users\Dennis\.m2\repository\io\netty\netty-transport-native-kqueue\4.1.60.Final\netty-transport-native-kqueue-4.1.60.Final-osx-x86_64.jar;C:\Users\Dennis\.m2\repository\com\typesafe\netty\netty-reactive-streams\2.0.4\netty-reactive-streams-2.0.4.jar;C:\Users\Dennis\.m2\repository\com\sun\activation\jakarta.activation\1.2.2\jakarta.activation-1.2.2.jar;C:\Users\Dennis\.m2\repository\org\seleniumhq\selenium\selenium-safari-driver\4.8.3\selenium-safari-driver-4.8.3.jar;C:\Users\Dennis\.m2\repository\org\seleniumhq\selenium\selenium-support\4.8.3\selenium-support-4.8.3.jar;C:\Users\Dennis\.m2\repository\org\testng\testng\6.14.3\testng-6.14.3.jar;C:\Users\Dennis\.m2\repository\com\beust\jcommander\1.72\jcommander-1.72.jar;C:\Users\Dennis\.m2\repository\org\apache-extras\beanshell\bsh\2.0b6\bsh-2.0b6.jar;C:\Users\Dennis\.m2\repository\io\appium\java-client\7.5.1\java-client-7.5.1.jar;C:\Users\Dennis\.m2\repository\com\google\code\gson\gson\2.8.6\gson-2.8.6.jar;C:\Users\Dennis\.m2\repository\org\apache\httpcomponents\httpclient\4.5.13\httpclient-4.5.13.jar;C:\Users\Dennis\.m2\repository\org\apache\httpcomponents\httpcore\4.4.13\httpcore-4.4.13.jar;C:\Users\Dennis\.m2\repository\cglib\cglib\3.3.0\cglib-3.3.0.jar;C:\Users\Dennis\.m2\repository\commons-validator\commons-validator\1.7\commons-validator-1.7.jar;C:\Users\Dennis\.m2\repository\commons-beanutils\commons-beanutils\1.9.4\commons-beanutils-1.9.4.jar;C:\Users\Dennis\.m2\repository\commons-digester\commons-digester\2.1\commons-digester-2.1.jar;C:\Users\Dennis\.m2\repository\org\apache\commons\commons-lang3\3.12.0\commons-lang3-3.12.0.jar;C:\Users\Dennis\.m2\repository\org\springframework\spring-context\5.3.4\spring-context-5.3.4.jar;C:\Users\Dennis\.m2\repository\org\springframework\spring-aop\5.3.4\spring-aop-5.3.4.jar;C:\Users\Dennis\.m2\repository\org\springframework\spring-beans\5.3.4\spring-beans-5.3.4.jar;C:\Users\Dennis\.m2\repository\org\springframework\spring-core\5.3.4\spring-core-5.3.4.jar;C:\Users\Dennis\.m2\repository\org\springframework\spring-jcl\5.3.4\spring-jcl-5.3.4.jar;C:\Users\Dennis\.m2\repository\org\springframework\spring-expression\5.3.4\spring-expression-5.3.4.jar;C:\Users\Dennis\.m2\repository\org\aspectj\aspectjweaver\1.9.6\aspectjweaver-1.9.6.jar;C:\Users\Dennis\.m2\repository\org\slf4j\slf4j-api\1.7.30\slf4j-api-1.7.30.jar;C:\Users\Dennis\.m2\repository\io\github\bonigarcia\webdrivermanager\5.2.1\webdrivermanager-5.2.1.jar;C:\Users\Dennis\.m2\repository\com\github\docker-java\docker-java\3.2.13\docker-java-3.2.13.jar;C:\Users\Dennis\.m2\repository\com\github\docker-java\docker-java-core\3.2.13\docker-java-core-3.2.13.jar;C:\Users\Dennis\.m2\repository\com\github\docker-java\docker-java-api\3.2.13\docker-java-api-3.2.13.jar;C:\Users\Dennis\.m2\repository\org\bouncycastle\bcpkix-jdk15on\1.64\bcpkix-jdk15on-1.64.jar;C:\Users\Dennis\.m2\repository\org\bouncycastle\bcprov-jdk15on\1.64\bcprov-jdk15on-1.64.jar;C:\Users\Dennis\.m2\repository\org\slf4j\jcl-over-slf4j\1.7.30\jcl-over-slf4j-1.7.30.jar;C:\Users\Dennis\.m2\repository\com\github\docker-java\docker-java-transport-httpclient5\3.2.13\docker-java-transport-httpclient5-3.2.13.jar;C:\Users\Dennis\.m2\repository\com\github\docker-java\docker-java-transport\3.2.13\docker-java-transport-3.2.13.jar;C:\Users\Dennis\.m2\repository\net\java\dev\jna\jna\5.8.0\jna-5.8.0.jar;C:\Users\Dennis\.m2\repository\org\brotli\dec\0.1.2\dec-0.1.2.jar;C:\Users\Dennis\.m2\repository\org\apache\httpcomponents\client5\httpclient5\5.1.3\httpclient5-5.1.3.jar;C:\Users\Dennis\.m2\repository\org\apache\httpcomponents\core5\httpcore5\5.1.3\httpcore5-5.1.3.jar;C:\Users\Dennis\.m2\repository\org\apache\httpcomponents\core5\httpcore5-h2\5.1.3\httpcore5-h2-5.1.3.jar;C:\Users\Dennis\.m2\repository\io\cucumber\cucumber-core\6.10.4\cucumber-core-6.10.4.jar;C:\Users\Dennis\.m2\repository\io\cucumber\cucumber-gherkin\6.10.4\cucumber-gherkin-6.10.4.jar;C:\Users\Dennis\.m2\repository\io\cucumber\cucumber-gherkin-messages\6.10.4\cucumber-gherkin-messages-6.10.4.jar;C:\Users\Dennis\.m2\repository\io\cucumber\messages\15.0.0\messages-15.0.0.jar;C:\Users\Dennis\.m2\repository\io\cucumber\tag-expressions\3.0.1\tag-expressions-3.0.1.jar;C:\Users\Dennis\.m2\repository\io\cucumber\cucumber-expressions\10.3.0\cucumber-expressions-10.3.0.jar;C:\Users\Dennis\.m2\repository\io\cucumber\datatable\3.5.0\datatable-3.5.0.jar;C:\Users\Dennis\.m2\repository\io\cucumber\cucumber-plugin\6.10.4\cucumber-plugin-6.10.4.jar;C:\Users\Dennis\.m2\repository\io\cucumber\docstring\6.10.4\docstring-6.10.4.jar;C:\Users\Dennis\.m2\repository\io\cucumber\html-formatter\13.0.0\html-formatter-13.0.0.jar;C:\Users\Dennis\.m2\repository\io\cucumber\create-meta\4.0.0\create-meta-4.0.0.jar;C:\Users\Dennis\.m2\repository\org\apiguardian\apiguardian-api\1.1.1\apiguardian-api-1.1.1.jar;C:\Users\Dennis\.m2\repository\io\cucumber\cucumber-java\6.10.4\cucumber-java-6.10.4.jar;C:\Users\Dennis\.m2\repository\io\cucumber\cucumber-junit\6.10.4\cucumber-junit-6.10.4.jar;C:\Users\Dennis\.m2\repository\io\cucumber\cucumber-testng\6.10.4\cucumber-testng-6.10.4.jar;C:\Users\Dennis\.m2\repository\io\cucumber\cucumber-jvm-deps\1.0.6\cucumber-jvm-deps-1.0.6.jar;C:\Users\Dennis\.m2\repository\net\masterthought\cucumber-reporting\5.5.3\cucumber-reporting-5.5.3.jar;C:\Users\Dennis\.m2\repository\com\fasterxml\jackson\core\jackson-databind\2.12.1\jackson-databind-2.12.1.jar;C:\Users\Dennis\.m2\repository\com\fasterxml\jackson\core\jackson-annotations\2.12.1\jackson-annotations-2.12.1.jar;C:\Users\Dennis\.m2\repository\com\fasterxml\jackson\core\jackson-core\2.12.1\jackson-core-2.12.1.jar;C:\Users\Dennis\.m2\repository\com\fasterxml\jackson\datatype\jackson-datatype-jsr310\2.12.1\jackson-datatype-jsr310-2.12.1.jar;C:\Users\Dennis\.m2\repository\org\apache\velocity\velocity-engine-core\2.2\velocity-engine-core-2.2.jar;C:\Users\Dennis\.m2\repository\commons-collections\commons-collections\3.2.2\commons-collections-3.2.2.jar;C:\Users\Dennis\.m2\repository\joda-time\joda-time\2.10.9\joda-time-2.10.9.jar;C:\Users\Dennis\.m2\repository\org\codehaus\plexus\plexus-utils\3.3.0\plexus-utils-3.3.0.jar;C:\Users\Dennis\.m2\repository\org\jsoup\jsoup\1.13.1\jsoup-1.13.1.jar;C:\Users\Dennis\.m2\repository\com\googlecode\owasp-java-html-sanitizer\owasp-java-html-sanitizer\20200713.1\owasp-java-html-sanitizer-20200713.1.jar;C:\Users\Dennis\.m2\repository\commons-configuration\commons-configuration\1.10\commons-configuration-1.10.jar;C:\Users\Dennis\.m2\repository\commons-lang\commons-lang\2.6\commons-lang-2.6.jar;C:\Users\Dennis\.m2\repository\org\hamcrest\hamcrest-core\2.2\hamcrest-core-2.2.jar;C:\Users\Dennis\.m2\repository\org\hamcrest\hamcrest\2.2\hamcrest-2.2.jar;C:\Users\Dennis\.m2\repository\io\cucumber\gherkin\5.1.0\gherkin-5.1.0.jar;C:\Users\Dennis\.m2\repository\io\cucumber\gherkin-jvm-deps\1.0.4\gherkin-jvm-deps-1.0.4.jar;C:\Users\Dennis\.m2\repository\net\sourceforge\cobertura\cobertura\2.1.1\cobertura-2.1.1.jar;C:\Users\Dennis\.m2\repository\org\ow2\asm\asm\5.0.1\asm-5.0.1.jar;C:\Users\Dennis\.m2\repository\org\ow2\asm\asm-tree\5.0.1\asm-tree-5.0.1.jar;C:\Users\Dennis\.m2\repository\org\ow2\asm\asm-commons\5.0.1\asm-commons-5.0.1.jar;C:\Users\Dennis\.m2\repository\org\ow2\asm\asm-util\5.0.1\asm-util-5.0.1.jar;C:\Users\Dennis\.m2\repository\org\ow2\asm\asm-analysis\5.0.1\asm-analysis-5.0.1.jar;C:\Users\Dennis\.m2\repository\oro\oro\2.0.8\oro-2.0.8.jar;C:\Users\Dennis\.m2\repository\jaxen\jaxen\1.1.4\jaxen-1.1.4.jar;C:\Users\Dennis\.m2\repository\org\apache\ant\ant\1.8.3\ant-1.8.3.jar;C:\Users\Dennis\.m2\repository\org\apache\ant\ant-launcher\1.8.3\ant-launcher-1.8.3.jar;C:\Users\Dennis\.m2\repository\org\apache\ant\ant-junit\1.8.3\ant-junit-1.8.3.jar;C:\Users\Dennis\.m2\repository\org\mortbay\jetty\servlet-api-2.5\6.1.14\servlet-api-2.5-6.1.14.jar;C:\Users\Dennis\.m2\repository\org\mortbay\jetty\jetty\6.1.14\jetty-6.1.14.jar;C:\Users\Dennis\.m2\repository\org\mortbay\jetty\jetty-util\6.1.14\jetty-util-6.1.14.jar;C:\Users\Dennis\.m2\repository\ch\qos\logback\logback-classic\1.0.13\logback-classic-1.0.13.jar;C:\Users\Dennis\.m2\repository\ch\qos\logback\logback-core\1.0.13\logback-core-1.0.13.jar;C:\Users\Dennis\.m2\repository\junit\junit\4.11\junit-4.11.jar;C:\Users\Dennis\.m2\repository\org\apache\poi\poi-ooxml\4.1.1\poi-ooxml-4.1.1.jar;C:\Users\Dennis\.m2\repository\org\apache\commons\commons-compress\1.19\commons-compress-1.19.jar;C:\Users\Dennis\.m2\repository\com\github\virtuald\curvesapi\1.06\curvesapi-1.06.jar;C:\Users\Dennis\.m2\repository\org\apache\poi\poi\4.1.1\poi-4.1.1.jar;C:\Users\Dennis\.m2\repository\commons-codec\commons-codec\1.13\commons-codec-1.13.jar;C:\Users\Dennis\.m2\repository\org\apache\commons\commons-collections4\4.4\commons-collections4-4.4.jar;C:\Users\Dennis\.m2\repository\org\apache\commons\commons-math3\3.6.1\commons-math3-3.6.1.jar;C:\Users\Dennis\.m2\repository\org\apache\poi\poi-ooxml-schemas\4.1.1\poi-ooxml-schemas-4.1.1.jar;C:\Users\Dennis\.m2\repository\org\apache\xmlbeans\xmlbeans\3.1.0\xmlbeans-3.1.0.jar;C:\Users\Dennis\.m2\repository\commons-io\commons-io\2.6\commons-io-2.6.jar;C:\Users\Dennis\.m2\repository\org\apache\httpcomponents\fluent-hc\4.5.13\fluent-hc-4.5.13.jar;C:\Users\Dennis\.m2\repository\commons-logging\commons-logging\1.2\commons-logging-1.2.jar;C:\Users\Dennis\.m2\repository\org\apache\poi\poi-scratchpad\4.1.1\poi-scratchpad-4.1.1.jar;C:\Users\Dennis\.m2\repository\org\apache\poi\openxml4j\1.0-beta\openxml4j-1.0-beta.jar;C:\Users\Dennis\.m2\repository\dom4j\dom4j\1.6.1\dom4j-1.6.1.jar;C:\Users\Dennis\.m2\repository\xml-apis\xml-apis\1.0.b2\xml-apis-1.0.b2.jar;C:\Users\Dennis\.m2\repository\log4j\log4j\1.2.8\log4j-1.2.8.jar;C:\Users\Dennis\.m2\repository\com\googlecode\json-simple\json-simple\1.1.1\json-simple-1.1.1.jar;C:\Users\Dennis\.m2\repository\com\aventstack\extentreports\5.0.9\extentreports-5.0.9.jar;C:\Users\Dennis\.m2\repository\io\reactivex\rxjava3\rxjava\3.0.4\rxjava-3.0.4.jar;C:\Users\Dennis\.m2\repository\org\reactivestreams\reactive-streams\1.0.3\reactive-streams-1.0.3.jar;C:\Users\Dennis\.m2\repository\org\freemarker\freemarker\2.3.30\freemarker-2.3.30.jar;C:\Users\Dennis\.m2\repository\org\projectlombok\lombok\1.18.12\lombok-1.18.12.jar;C:\Users\Dennis\.m2\repository\tech\grasshopper\extentreports-cucumber6-adapter\2.6.0\extentreports-cucumber6-adapter-2.6.0.jar;C:\Users\Dennis\.m2\repository\tech\grasshopper\extent-pdf-report\1.5.0\extent-pdf-report-1.5.0.jar;C:\Users\Dennis\.m2\repository\tech\grasshopper\cucumber-pdf-report\1.7.0\cucumber-pdf-report-1.7.0.jar;C:\Users\Dennis\.m2\repository\org\knowm\xchart\xchart\3.6.5\xchart-3.6.5.jar;C:\Users\Dennis\.m2\repository\de\erichseifert\vectorgraphics2d\VectorGraphics2D\0.13\VectorGraphics2D-0.13.jar;C:\Users\Dennis\.m2\repository\de\rototor\pdfbox\graphics2d\0.27\graphics2d-0.27.jar;C:\Users\Dennis\.m2\repository\com\madgag\animated-gif-lib\1.4\animated-gif-lib-1.4.jar;C:\Users\Dennis\.m2\repository\com\github\vandeseer\easytable\0.7.1\easytable-0.7.1.jar;C:\Users\Dennis\.m2\repository\org\yaml\snakeyaml\1.27\snakeyaml-1.27.jar;C:\Users\Dennis\.m2\repository\com\aventstack\klov-reporter\5.0.5\klov-reporter-5.0.5.jar;C:\Users\Dennis\.m2\repository\org\mongodb\bson\3.6.4\bson-3.6.4.jar;C:\Users\Dennis\.m2\repository\org\apache\httpcomponents\httpmime\4.5.2\httpmime-4.5.2.jar;C:\Users\Dennis\.m2\repository\org\mongodb\mongodb-driver\3.3.0\mongodb-driver-3.3.0.jar;C:\Users\Dennis\.m2\repository\org\mongodb\mongodb-driver-core\3.3.0\mongodb-driver-core-3.3.0.jar;"/>
    <property name="sun.cpu.endian" value="little"/>
    <property name="user.home" value="C:\Users\Dennis"/>
    <property name="user.language" value="en"/>
    <property name="java.specification.vendor" value="Oracle Corporation"/>
    <property name="java.home" value="C:\Program Files\Java\jdk1.8.0_351\jre"/>
    <property name="basedir" value="C:\Users\Dennis\eclipse-workspace\ADVANCED_MAVEN_PROJECT"/>
    <property name="file.separator" value="\"/>
    <property name="line.separator" value="&#10;"/>
    <property name="java.vm.specification.vendor" value="Oracle Corporation"/>
    <property name="java.specification.name" value="Java Platform API Specification"/>
    <property name="java.awt.graphicsenv" value="sun.awt.Win32GraphicsEnvironment"/>
    <property name="surefire.real.class.path" value="C:\Users\Dennis\AppData\Local\Temp\surefire6186623519052692743\surefirebooter-20230425091202401_3.jar"/>
    <property name="sun.boot.class.path" value="C:\Program Files\Java\jdk1.8.0_351\jre\lib\resources.jar;C:\Program Files\Java\jdk1.8.0_351\jre\lib\rt.jar;C:\Program Files\Java\jdk1.8.0_351\jre\lib\jsse.jar;C:\Program Files\Java\jdk1.8.0_351\jre\lib\jce.jar;C:\Program Files\Java\jdk1.8.0_351\jre\lib\charsets.jar;C:\Program Files\Java\jdk1.8.0_351\jre\lib\jfr.jar;C:\Program Files\Java\jdk1.8.0_351\jre\classes"/>
    <property name="user.script" value=""/>
    <property name="sun.management.compiler" value="HotSpot 64-Bit Tiered Compilers"/>
    <property name="java.runtime.version" value="1.8.0_351-b10"/>
    <property name="user.name" value="Dennis"/>
    <property name="path.separator" value=";"/>
    <property name="os.version" value="10.0"/>
    <property name="java.endorsed.dirs" value="C:\Program Files\Java\jdk1.8.0_351\jre\lib\endorsed"/>
    <property name="java.runtime.name" value="Java(TM) SE Runtime Environment"/>
    <property name="file.encoding" value="Cp1252"/>
    <property name="java.vm.name" value="Java HotSpot(TM) 64-Bit Server VM"/>
    <property name="localRepository" value="C:\Users\Dennis\.m2\repository"/>
    <property name="java.vendor.url.bug" value="http://bugreport.sun.com/bugreport/"/>
    <property name="java.io.tmpdir" value="C:\Users\Dennis\AppData\Local\Temp\"/>
    <property name="java.version" value="1.8.0_351"/>
    <property name="user.dir" value="C:\Users\Dennis\eclipse-workspace\ADVANCED_MAVEN_PROJECT"/>
    <property name="os.arch" value="amd64"/>
    <property name="java.vm.specification.name" value="Java Virtual Machine Specification"/>
    <property name="java.awt.printerjob" value="sun.awt.windows.WPrinterJob"/>
    <property name="sun.os.patch.level" value=""/>
    <property name="java.library.path" value="C:\Program Files\Java\jdk1.8.0_351\jre\bin;C:\WINDOWS\Sun\Java\bin;C:\WINDOWS\system32;C:\WINDOWS;C:\Program Files (x86)\Common Files\Oracle\Java\javapath;C:\WINDOWS\system32;C:\WINDOWS;C:\WINDOWS\System32\Wbem;C:\WINDOWS\System32\WindowsPowerShell\v1.0\;C:\WINDOWS\System32\OpenSSH\;C:\Program Files\Git\cmd;C:\Program Files\Git\bin;C:\Program Files\Java\jdk1.8.0_351\bin;C:\Users\Dennis\Desktop\Automation\apache-maven-3.9.0\bin;C:\Program Files\MySQL\MySQL Shell 8.0\bin\;C:\Users\Dennis\AppData\Local\Microsoft\WindowsApps;;."/>
    <property name="java.vm.info" value="mixed mode"/>
    <property name="java.vendor" value="Oracle Corporation"/>
    <property name="java.vm.version" value="25.351-b10"/>
    <property name="java.specification.maintenance.version" value="4"/>
    <property name="java.ext.dirs" value="C:\Program Files\Java\jdk1.8.0_351\jre\lib\ext;C:\WINDOWS\Sun\Java\lib\ext"/>
    <property name="sun.io.unicode.encoding" value="UnicodeLittle"/>
    <property name="java.class.version" value="52.0"/>
  </properties>
  <testcase name="tutorialsNinjaLogin" classname="com.automationcode_8th_April_2023.TutorialsNinjaLoginTest" time="14.093">
    <system-out><![CDATA[[TestNGContentHandler] [WARN] It is strongly recommended to add "<!DOCTYPE suite SYSTEM "http://testng.org/testng-1.0.dtd" >" at the top of your file, otherwise TestNG may fail or not work as expected.
This is Before Suite
operation started
This is Before Test
tutorialsNinjaLoginstarting test
[DEBUG] Using SLF4J as the default logging framework
[DEBUG] -Dio.netty.leakDetection.level: simple
[DEBUG] -Dio.netty.leakDetection.targetRecords: 4
[DEBUG] Loaded default ResourceLeakDetector: io.netty.util.ResourceLeakDetector@1acaf3d
[DEBUG] -Dio.netty.noUnsafe: false
[DEBUG] Java version: 8
[DEBUG] sun.misc.Unsafe.theUnsafe: available
[DEBUG] sun.misc.Unsafe.copyMemory: available
[DEBUG] sun.misc.Unsafe.storeFence: available
[DEBUG] java.nio.Buffer.address: available
[DEBUG] direct buffer constructor: available
[DEBUG] java.nio.Bits.unaligned: available, true
[DEBUG] jdk.internal.misc.Unsafe.allocateUninitializedArray(int): unavailable prior to Java9
[DEBUG] java.nio.DirectByteBuffer.<init>(long, int): available
[DEBUG] sun.misc.Unsafe: available
[DEBUG] -Dio.netty.tmpdir: C:\Users\Dennis\AppData\Local\Temp (java.io.tmpdir)
[DEBUG] -Dio.netty.bitMode: 64 (sun.arch.data.model)
[DEBUG] Platform: Windows
[DEBUG] -Dio.netty.maxDirectMemory: 1827143680 bytes
[DEBUG] -Dio.netty.uninitializedArrayAllocationThreshold: -1
[DEBUG] java.nio.ByteBuffer.cleaner(): available
[DEBUG] -Dio.netty.noPreferDirect: false
[DEBUG] org.jctools-core.MpscChunkedArrayQueue: available
[DEBUG] -Dio.netty.threadLocalMap.stringBuilder.initialSize: 1024
[DEBUG] -Dio.netty.threadLocalMap.stringBuilder.maxSize: 4096
[DEBUG] Default protocols (JDK): [TLSv1.3, TLSv1.2] 
[DEBUG] Default cipher suites (JDK): [TLS_ECDHE_ECDSA_WITH_AES_256_GCM_SHA384, TLS_ECDHE_ECDSA_WITH_AES_128_GCM_SHA256, TLS_ECDHE_RSA_WITH_AES_128_GCM_SHA256, TLS_ECDHE_RSA_WITH_AES_256_GCM_SHA384, TLS_ECDHE_RSA_WITH_AES_128_CBC_SHA, TLS_ECDHE_RSA_WITH_AES_256_CBC_SHA, TLS_RSA_WITH_AES_128_GCM_SHA256, TLS_RSA_WITH_AES_128_CBC_SHA, TLS_RSA_WITH_AES_256_CBC_SHA, TLS_AES_128_GCM_SHA256, TLS_AES_256_GCM_SHA384]
[DEBUG] -Dio.netty.globalEventExecutor.quietPeriodSeconds: 1
[DEBUG] -Dio.netty.eventLoopThreads: 16
[DEBUG] -Dio.netty.noKeySetOptimization: false
[DEBUG] -Dio.netty.selectorAutoRebuildThreshold: 512
[DEBUG] -Dio.netty.allocator.numHeapArenas: 16
[DEBUG] -Dio.netty.allocator.numDirectArenas: 16
[DEBUG] -Dio.netty.allocator.pageSize: 8192
[DEBUG] -Dio.netty.allocator.maxOrder: 9
[DEBUG] -Dio.netty.allocator.chunkSize: 4194304
[DEBUG] -Dio.netty.allocator.smallCacheSize: 256
[DEBUG] -Dio.netty.allocator.normalCacheSize: 64
[DEBUG] -Dio.netty.allocator.maxCachedBufferCapacity: 32768
[DEBUG] -Dio.netty.allocator.cacheTrimInterval: 8192
[DEBUG] -Dio.netty.allocator.cacheTrimIntervalMillis: 0
[DEBUG] -Dio.netty.allocator.useCacheForAllThreads: false
[DEBUG] -Dio.netty.allocator.maxCachedByteBuffersPerChunk: 1023
[DEBUG] -Dio.netty.allocator.type: pooled
[DEBUG] -Dio.netty.threadLocalDirectBufferSize: 0
[DEBUG] -Dio.netty.maxThreadLocalCharBufferSize: 16384
[DEBUG] -Dio.netty.processId: 43592 (auto-detected)
[DEBUG] -Djava.net.preferIPv4Stack: false
[DEBUG] -Djava.net.preferIPv6Addresses: false
[DEBUG] Loopback interface: lo (Software Loopback Interface 1, 127.0.0.1)
[DEBUG] Failed to get SOMAXCONN from sysctl and file \proc\sys\net\core\somaxconn. Default: 200
[DEBUG] -Dio.netty.machineId: cc:6b:1e:ff:fe:9a:04:c1 (auto-detected)
[DEBUG] -Dio.netty.buffer.checkAccessible: true
[DEBUG] -Dio.netty.buffer.checkBounds: true
[DEBUG] Loaded default ResourceLeakDetector: io.netty.util.ResourceLeakDetector@314f995e
[DEBUG] Using new Channel '[id: 0x4eecec5d, L:/127.0.0.1:59835 - R:localhost/127.0.0.1:46934]' for 'POST' to '/session'
[DEBUG] -Dio.netty.recycler.maxCapacityPerThread: 4096
[DEBUG] -Dio.netty.recycler.ratio: 8
[DEBUG] -Dio.netty.recycler.chunkSize: 32
[DEBUG] -Dio.netty.recycler.blocking: false
[DEBUG] -Dio.netty.recycler.batchFastThreadLocalOnly: true
[DEBUG] brotli4j not in the classpath; Brotli support will be unavailable.
[DEBUG] 

Request DefaultHttpRequest(decodeResult: success, version: HTTP/1.1)
POST /session HTTP/1.1
User-Agent: selenium/4.8.3 (java windows)
Content-Length: 439
Content-Type: application/json; charset=utf-8
host: localhost:46934
accept: */*

Response DefaultHttpResponse(decodeResult: success, version: HTTP/1.1)
HTTP/1.1 200 OK
Content-Length: 859
Content-Type: application/json; charset=utf-8
cache-control: no-cache

[DEBUG] Adding key: http://localhost:46934 for channel [id: 0x4eecec5d, L:/127.0.0.1:59835 - R:localhost/127.0.0.1:46934]
[DEBUG] Entry count for : http://localhost:46934 : 1
[DEBUG] Using new Channel '[id: 0x1240c5b7, L:/127.0.0.1:59844 - R:localhost/127.0.0.1:59836]' for 'GET' to '/json/version'
[DEBUG] 

Request DefaultFullHttpRequest(decodeResult: success, version: HTTP/1.1, content: EmptyByteBufBE)
GET /json/version HTTP/1.1
User-Agent: selenium/4.8.3 (java windows)
host: localhost:59836
accept: */*

Response DefaultHttpResponse(decodeResult: success, version: HTTP/1.1)
HTTP/1.1 200 OK
Content-Security-Policy: frame-ancestors 'none'
Content-Length: 424
Content-Type: application/json; charset=UTF-8

[DEBUG] Adding key: http://localhost:59836 for channel [id: 0x1240c5b7, L:/127.0.0.1:59844 - R:localhost/127.0.0.1:59836]
[DEBUG] -Dio.netty.initialSeedUniquifier: 0x36709cf8f73477b2
[DEBUG] Using new Channel '[id: 0xdcd46cfd, L:/127.0.0.1:59845 - R:localhost/127.0.0.1:59836]' for 'GET' to '/devtools/browser/c39cde22-f0ba-432d-9e1c-0ee07fd318be'
[DEBUG] 

Request DefaultFullHttpRequest(decodeResult: success, version: HTTP/1.1, content: EmptyByteBufBE)
GET /devtools/browser/c39cde22-f0ba-432d-9e1c-0ee07fd318be HTTP/1.1
upgrade: websocket
connection: upgrade
sec-websocket-key: 6OqxSKn/f2IXBzGjSYk93g==
sec-websocket-version: 13
origin: http://localhost:59836
host: localhost:59836
accept: */*
user-agent: AHC/2.1

Response DefaultHttpResponse(decodeResult: success, version: HTTP/1.1)
HTTP/1.1 101 WebSocket Protocol Handshake
Upgrade: WebSocket
Connection: Upgrade
Sec-WebSocket-Accept: 14oOwDXiFt9+reRWx+pTn29qY4o=

[DEBUG] Using pooled Channel '[id: 0x4eecec5d, L:/127.0.0.1:59835 - R:localhost/127.0.0.1:46934]' for 'POST' to 'http://localhost:46934/session/7aad08743eba5742fc93488652720512/window/maximize'
[DEBUG] Using open Channel [id: 0x4eecec5d, L:/127.0.0.1:59835 - R:localhost/127.0.0.1:46934] for POST '/session/7aad08743eba5742fc93488652720512/window/maximize'
[DEBUG] 

Request DefaultHttpRequest(decodeResult: success, version: HTTP/1.1)
POST /session/7aad08743eba5742fc93488652720512/window/maximize HTTP/1.1
User-Agent: selenium/4.8.3 (java windows)
Content-Length: 3
Content-Type: application/json; charset=utf-8
host: localhost:46934
accept: */*

Response DefaultHttpResponse(decodeResult: success, version: HTTP/1.1)
HTTP/1.1 200 OK
Content-Length: 51
Content-Type: application/json; charset=utf-8
cache-control: no-cache

[DEBUG] Adding key: http://localhost:46934 for channel [id: 0x4eecec5d, L:/127.0.0.1:59835 - R:localhost/127.0.0.1:46934]
[DEBUG] Using pooled Channel '[id: 0x4eecec5d, L:/127.0.0.1:59835 - R:localhost/127.0.0.1:46934]' for 'POST' to 'http://localhost:46934/session/7aad08743eba5742fc93488652720512/url'
[DEBUG] Using open Channel [id: 0x4eecec5d, L:/127.0.0.1:59835 - R:localhost/127.0.0.1:46934] for POST '/session/7aad08743eba5742fc93488652720512/url'
[DEBUG] Entry count for : http://localhost:59836 : 1
[DEBUG] Entry count for : http://localhost:59836 : 1
[DEBUG] Entry count for : http://localhost:59836 : 1
[DEBUG] Entry count for : http://localhost:59836 : 1
[DEBUG] Entry count for : http://localhost:59836 : 1
[DEBUG] 

Request DefaultHttpRequest(decodeResult: success, version: HTTP/1.1)
POST /session/7aad08743eba5742fc93488652720512/url HTTP/1.1
User-Agent: selenium/4.8.3 (java windows)
Content-Length: 60
Content-Type: application/json; charset=utf-8
host: localhost:46934
accept: */*

Response DefaultHttpResponse(decodeResult: success, version: HTTP/1.1)
HTTP/1.1 200 OK
Content-Length: 14
Content-Type: application/json; charset=utf-8
cache-control: no-cache

[DEBUG] Adding key: http://localhost:46934 for channel [id: 0x4eecec5d, L:/127.0.0.1:59835 - R:localhost/127.0.0.1:46934]
[DEBUG] Using pooled Channel '[id: 0x4eecec5d, L:/127.0.0.1:59835 - R:localhost/127.0.0.1:46934]' for 'POST' to 'http://localhost:46934/session/7aad08743eba5742fc93488652720512/element'
[DEBUG] Using open Channel [id: 0x4eecec5d, L:/127.0.0.1:59835 - R:localhost/127.0.0.1:46934] for POST '/session/7aad08743eba5742fc93488652720512/element'
[DEBUG] 

Request DefaultHttpRequest(decodeResult: success, version: HTTP/1.1)
POST /session/7aad08743eba5742fc93488652720512/element HTTP/1.1
User-Agent: selenium/4.8.3 (java windows)
Content-Length: 51
Content-Type: application/json; charset=utf-8
host: localhost:46934
accept: */*

Response DefaultHttpResponse(decodeResult: success, version: HTTP/1.1)
HTTP/1.1 200 OK
Content-Length: 88
Content-Type: application/json; charset=utf-8
cache-control: no-cache

[DEBUG] Adding key: http://localhost:46934 for channel [id: 0x4eecec5d, L:/127.0.0.1:59835 - R:localhost/127.0.0.1:46934]
[DEBUG] Using pooled Channel '[id: 0x4eecec5d, L:/127.0.0.1:59835 - R:localhost/127.0.0.1:46934]' for 'POST' to 'http://localhost:46934/session/7aad08743eba5742fc93488652720512/element/d6a4a72f-7587-4524-8c21-3f8d978ecbd6/click'
[DEBUG] Using open Channel [id: 0x4eecec5d, L:/127.0.0.1:59835 - R:localhost/127.0.0.1:46934] for POST '/session/7aad08743eba5742fc93488652720512/element/d6a4a72f-7587-4524-8c21-3f8d978ecbd6/click'
[DEBUG] 

Request DefaultHttpRequest(decodeResult: success, version: HTTP/1.1)
POST /session/7aad08743eba5742fc93488652720512/element/d6a4a72f-7587-4524-8c21-3f8d978ecbd6/click HTTP/1.1
User-Agent: selenium/4.8.3 (java windows)
Content-Length: 50
Content-Type: application/json; charset=utf-8
host: localhost:46934
accept: */*

Response DefaultHttpResponse(decodeResult: success, version: HTTP/1.1)
HTTP/1.1 200 OK
Content-Length: 14
Content-Type: application/json; charset=utf-8
cache-control: no-cache

[DEBUG] Adding key: http://localhost:46934 for channel [id: 0x4eecec5d, L:/127.0.0.1:59835 - R:localhost/127.0.0.1:46934]
[DEBUG] Using pooled Channel '[id: 0x4eecec5d, L:/127.0.0.1:59835 - R:localhost/127.0.0.1:46934]' for 'POST' to 'http://localhost:46934/session/7aad08743eba5742fc93488652720512/element'
[DEBUG] Using open Channel [id: 0x4eecec5d, L:/127.0.0.1:59835 - R:localhost/127.0.0.1:46934] for POST '/session/7aad08743eba5742fc93488652720512/element'
[DEBUG] 

Request DefaultHttpRequest(decodeResult: success, version: HTTP/1.1)
POST /session/7aad08743eba5742fc93488652720512/element HTTP/1.1
User-Agent: selenium/4.8.3 (java windows)
Content-Length: 46
Content-Type: application/json; charset=utf-8
host: localhost:46934
accept: */*

Response DefaultHttpResponse(decodeResult: success, version: HTTP/1.1)
HTTP/1.1 200 OK
Content-Length: 88
Content-Type: application/json; charset=utf-8
cache-control: no-cache

[DEBUG] Adding key: http://localhost:46934 for channel [id: 0x4eecec5d, L:/127.0.0.1:59835 - R:localhost/127.0.0.1:46934]
[DEBUG] Using pooled Channel '[id: 0x4eecec5d, L:/127.0.0.1:59835 - R:localhost/127.0.0.1:46934]' for 'POST' to 'http://localhost:46934/session/7aad08743eba5742fc93488652720512/element/70889e06-ea71-4314-b15f-4c13f3249c26/click'
[DEBUG] Using open Channel [id: 0x4eecec5d, L:/127.0.0.1:59835 - R:localhost/127.0.0.1:46934] for POST '/session/7aad08743eba5742fc93488652720512/element/70889e06-ea71-4314-b15f-4c13f3249c26/click'
[DEBUG] 

Request DefaultHttpRequest(decodeResult: success, version: HTTP/1.1)
POST /session/7aad08743eba5742fc93488652720512/element/70889e06-ea71-4314-b15f-4c13f3249c26/click HTTP/1.1
User-Agent: selenium/4.8.3 (java windows)
Content-Length: 50
Content-Type: application/json; charset=utf-8
host: localhost:46934
accept: */*

Response DefaultHttpResponse(decodeResult: success, version: HTTP/1.1)
HTTP/1.1 200 OK
Content-Length: 14
Content-Type: application/json; charset=utf-8
cache-control: no-cache

[DEBUG] Adding key: http://localhost:46934 for channel [id: 0x4eecec5d, L:/127.0.0.1:59835 - R:localhost/127.0.0.1:46934]
[DEBUG] Using pooled Channel '[id: 0x4eecec5d, L:/127.0.0.1:59835 - R:localhost/127.0.0.1:46934]' for 'POST' to 'http://localhost:46934/session/7aad08743eba5742fc93488652720512/element'
[DEBUG] Using open Channel [id: 0x4eecec5d, L:/127.0.0.1:59835 - R:localhost/127.0.0.1:46934] for POST '/session/7aad08743eba5742fc93488652720512/element'
[DEBUG] 

Request DefaultHttpRequest(decodeResult: success, version: HTTP/1.1)
POST /session/7aad08743eba5742fc93488652720512/element HTTP/1.1
User-Agent: selenium/4.8.3 (java windows)
Content-Length: 58
Content-Type: application/json; charset=utf-8
host: localhost:46934
accept: */*

Response DefaultHttpResponse(decodeResult: success, version: HTTP/1.1)
HTTP/1.1 200 OK
Content-Length: 88
Content-Type: application/json; charset=utf-8
cache-control: no-cache

[DEBUG] Adding key: http://localhost:46934 for channel [id: 0x4eecec5d, L:/127.0.0.1:59835 - R:localhost/127.0.0.1:46934]
[DEBUG] Using pooled Channel '[id: 0x4eecec5d, L:/127.0.0.1:59835 - R:localhost/127.0.0.1:46934]' for 'POST' to 'http://localhost:46934/session/7aad08743eba5742fc93488652720512/element/7bd65cde-c115-4da4-ade2-f667c1720d86/value'
[DEBUG] Using open Channel [id: 0x4eecec5d, L:/127.0.0.1:59835 - R:localhost/127.0.0.1:46934] for POST '/session/7aad08743eba5742fc93488652720512/element/7bd65cde-c115-4da4-ade2-f667c1720d86/value'
[DEBUG] Entry count for : http://localhost:59836 : 1
[DEBUG] 

Request DefaultHttpRequest(decodeResult: success, version: HTTP/1.1)
POST /session/7aad08743eba5742fc93488652720512/element/7bd65cde-c115-4da4-ade2-f667c1720d86/value HTTP/1.1
User-Agent: selenium/4.8.3 (java windows)
Content-Length: 311
Content-Type: application/json; charset=utf-8
host: localhost:46934
accept: */*

Response DefaultHttpResponse(decodeResult: success, version: HTTP/1.1)
HTTP/1.1 200 OK
Content-Length: 14
Content-Type: application/json; charset=utf-8
cache-control: no-cache

[DEBUG] Adding key: http://localhost:46934 for channel [id: 0x4eecec5d, L:/127.0.0.1:59835 - R:localhost/127.0.0.1:46934]
[DEBUG] Using pooled Channel '[id: 0x4eecec5d, L:/127.0.0.1:59835 - R:localhost/127.0.0.1:46934]' for 'POST' to 'http://localhost:46934/session/7aad08743eba5742fc93488652720512/element'
[DEBUG] Using open Channel [id: 0x4eecec5d, L:/127.0.0.1:59835 - R:localhost/127.0.0.1:46934] for POST '/session/7aad08743eba5742fc93488652720512/element'
[DEBUG] 

Request DefaultHttpRequest(decodeResult: success, version: HTTP/1.1)
POST /session/7aad08743eba5742fc93488652720512/element HTTP/1.1
User-Agent: selenium/4.8.3 (java windows)
Content-Length: 61
Content-Type: application/json; charset=utf-8
host: localhost:46934
accept: */*

Response DefaultHttpResponse(decodeResult: success, version: HTTP/1.1)
HTTP/1.1 200 OK
Content-Length: 88
Content-Type: application/json; charset=utf-8
cache-control: no-cache

[DEBUG] Adding key: http://localhost:46934 for channel [id: 0x4eecec5d, L:/127.0.0.1:59835 - R:localhost/127.0.0.1:46934]
[DEBUG] Using pooled Channel '[id: 0x4eecec5d, L:/127.0.0.1:59835 - R:localhost/127.0.0.1:46934]' for 'POST' to 'http://localhost:46934/session/7aad08743eba5742fc93488652720512/element/0bdd4922-9238-447d-8ecd-f0efb71b0d15/value'
[DEBUG] Using open Channel [id: 0x4eecec5d, L:/127.0.0.1:59835 - R:localhost/127.0.0.1:46934] for POST '/session/7aad08743eba5742fc93488652720512/element/0bdd4922-9238-447d-8ecd-f0efb71b0d15/value'
[DEBUG] 

Request DefaultHttpRequest(decodeResult: success, version: HTTP/1.1)
POST /session/7aad08743eba5742fc93488652720512/element/0bdd4922-9238-447d-8ecd-f0efb71b0d15/value HTTP/1.1
User-Agent: selenium/4.8.3 (java windows)
Content-Length: 201
Content-Type: application/json; charset=utf-8
host: localhost:46934
accept: */*

Response DefaultHttpResponse(decodeResult: success, version: HTTP/1.1)
HTTP/1.1 200 OK
Content-Length: 14
Content-Type: application/json; charset=utf-8
cache-control: no-cache

[DEBUG] Adding key: http://localhost:46934 for channel [id: 0x4eecec5d, L:/127.0.0.1:59835 - R:localhost/127.0.0.1:46934]
[DEBUG] Using pooled Channel '[id: 0x4eecec5d, L:/127.0.0.1:59835 - R:localhost/127.0.0.1:46934]' for 'POST' to 'http://localhost:46934/session/7aad08743eba5742fc93488652720512/element'
[DEBUG] Using open Channel [id: 0x4eecec5d, L:/127.0.0.1:59835 - R:localhost/127.0.0.1:46934] for POST '/session/7aad08743eba5742fc93488652720512/element'
[DEBUG] 

Request DefaultHttpRequest(decodeResult: success, version: HTTP/1.1)
POST /session/7aad08743eba5742fc93488652720512/element HTTP/1.1
User-Agent: selenium/4.8.3 (java windows)
Content-Length: 65
Content-Type: application/json; charset=utf-8
host: localhost:46934
accept: */*

Response DefaultHttpResponse(decodeResult: success, version: HTTP/1.1)
HTTP/1.1 200 OK
Content-Length: 88
Content-Type: application/json; charset=utf-8
cache-control: no-cache

[DEBUG] Adding key: http://localhost:46934 for channel [id: 0x4eecec5d, L:/127.0.0.1:59835 - R:localhost/127.0.0.1:46934]
[DEBUG] Using pooled Channel '[id: 0x4eecec5d, L:/127.0.0.1:59835 - R:localhost/127.0.0.1:46934]' for 'POST' to 'http://localhost:46934/session/7aad08743eba5742fc93488652720512/element/23b16047-f752-49e1-aa66-051f0b6e3885/click'
[DEBUG] Using open Channel [id: 0x4eecec5d, L:/127.0.0.1:59835 - R:localhost/127.0.0.1:46934] for POST '/session/7aad08743eba5742fc93488652720512/element/23b16047-f752-49e1-aa66-051f0b6e3885/click'
[DEBUG] Entry count for : http://localhost:59836 : 1
[DEBUG] 

Request DefaultHttpRequest(decodeResult: success, version: HTTP/1.1)
POST /session/7aad08743eba5742fc93488652720512/element/23b16047-f752-49e1-aa66-051f0b6e3885/click HTTP/1.1
User-Agent: selenium/4.8.3 (java windows)
Content-Length: 50
Content-Type: application/json; charset=utf-8
host: localhost:46934
accept: */*

Response DefaultHttpResponse(decodeResult: success, version: HTTP/1.1)
HTTP/1.1 200 OK
Content-Length: 14
Content-Type: application/json; charset=utf-8
cache-control: no-cache

[DEBUG] Adding key: http://localhost:46934 for channel [id: 0x4eecec5d, L:/127.0.0.1:59835 - R:localhost/127.0.0.1:46934]
tutorialsNinjaLoginpassed
]]></system-out>
    <system-err><![CDATA[Starting ChromeDriver 112.0.5615.49 (bd2a7bcb881c11e8cfe3078709382934e3916914-refs/branch-heads/5615@{#936}) on port 46934
Only local connections are allowed.
Please see https://chromedriver.chromium.org/security-considerations for suggestions on keeping ChromeDriver safe.
ChromeDriver was started successfully.
Apr 25, 2023 9:12:12 AM org.openqa.selenium.devtools.CdpVersionFinder findNearestMatch
WARNING: Unable to find an exact match for CDP version 112, so returning the closest version found: 111
]]></system-err>
  </testcase>
  <testcase name="registerPage" classname="com.automationcode_16th_April_ExtentReports.TNRegisterTest" time="2.101">
    <system-out><![CDATA[[DEBUG] Using pooled Channel '[id: 0x4eecec5d, L:/127.0.0.1:59835 - R:localhost/127.0.0.1:46934]' for 'DELETE' to 'http://localhost:46934/session/7aad08743eba5742fc93488652720512'
[DEBUG] Using open Channel [id: 0x4eecec5d, L:/127.0.0.1:59835 - R:localhost/127.0.0.1:46934] for DELETE '/session/7aad08743eba5742fc93488652720512'
[DEBUG] Channel Closed: [id: 0xdcd46cfd, L:/127.0.0.1:59845 ! R:localhost/127.0.0.1:59836] with attribute NettyResponseFuture{currentRetry=0,
	isDone=1,
	isCancelled=0,
	asyncHandler=org.asynchttpclient.ws.WebSocketUpgradeHandler@21d990d,
	nettyRequest=org.asynchttpclient.netty.request.NettyRequest@41a63c1e,
	future=java.util.concurrent.CompletableFuture@2567fd27[Completed normally],
	uri=ws://localhost:59836/devtools/browser/c39cde22-f0ba-432d-9e1c-0ee07fd318be,
	keepAlive=true,
	redirectCount=0,
	timeoutsHolder=null,
	inAuth=0,
	touch=1682428332320}
[DEBUG] Closing Channel [id: 0xdcd46cfd, L:/127.0.0.1:59845 ! R:localhost/127.0.0.1:59836] 
[DEBUG] Unexpected I/O exception on channel [id: 0x1240c5b7, L:/127.0.0.1:59844 - R:localhost/127.0.0.1:59836]
java.io.IOException: An existing connection was forcibly closed by the remote host
	at sun.nio.ch.SocketDispatcher.read0(Native Method) ~[na:1.8.0_351]
	at sun.nio.ch.SocketDispatcher.read(SocketDispatcher.java:43) ~[na:1.8.0_351]
	at sun.nio.ch.IOUtil.readIntoNativeBuffer(IOUtil.java:223) ~[na:1.8.0_351]
	at sun.nio.ch.IOUtil.read(IOUtil.java:192) ~[na:1.8.0_351]
	at sun.nio.ch.SocketChannelImpl.read(SocketChannelImpl.java:378) ~[na:1.8.0_351]
	at io.netty.buffer.PooledByteBuf.setBytes(PooledByteBuf.java:256) ~[netty-buffer-4.1.90.Final.jar:4.1.90.Final]
	at io.netty.buffer.AbstractByteBuf.writeBytes(AbstractByteBuf.java:1132) ~[netty-buffer-4.1.90.Final.jar:4.1.90.Final]
	at io.netty.channel.socket.nio.NioSocketChannel.doReadBytes(NioSocketChannel.java:357) ~[netty-transport-4.1.90.Final.jar:4.1.90.Final]
	at io.netty.channel.nio.AbstractNioByteChannel$NioByteUnsafe.read(AbstractNioByteChannel.java:151) ~[netty-transport-4.1.90.Final.jar:4.1.90.Final]
	at io.netty.channel.nio.NioEventLoop.processSelectedKey(NioEventLoop.java:788) [netty-transport-4.1.90.Final.jar:4.1.90.Final]
	at io.netty.channel.nio.NioEventLoop.processSelectedKeysOptimized(NioEventLoop.java:724) [netty-transport-4.1.90.Final.jar:4.1.90.Final]
	at io.netty.channel.nio.NioEventLoop.processSelectedKeys(NioEventLoop.java:650) [netty-transport-4.1.90.Final.jar:4.1.90.Final]
	at io.netty.channel.nio.NioEventLoop.run(NioEventLoop.java:562) [netty-transport-4.1.90.Final.jar:4.1.90.Final]
	at io.netty.util.concurrent.SingleThreadEventExecutor$4.run(SingleThreadEventExecutor.java:997) [netty-common-4.1.90.Final.jar:4.1.90.Final]
	at io.netty.util.internal.ThreadExecutorMap$2.run(ThreadExecutorMap.java:74) [netty-common-4.1.90.Final.jar:4.1.90.Final]
	at io.netty.util.concurrent.FastThreadLocalRunnable.run(FastThreadLocalRunnable.java:30) [netty-common-4.1.90.Final.jar:4.1.90.Final]
	at java.lang.Thread.run(Thread.java:750) [na:1.8.0_351]
[DEBUG] Closing Channel [id: 0x1240c5b7, L:/127.0.0.1:59844 - R:localhost/127.0.0.1:59836] 
[DEBUG] Channel Closed: [id: 0x1240c5b7, L:/127.0.0.1:59844 ! R:localhost/127.0.0.1:59836] with attribute DISCARD
[DEBUG] 

Request DefaultFullHttpRequest(decodeResult: success, version: HTTP/1.1, content: EmptyByteBufBE)
DELETE /session/7aad08743eba5742fc93488652720512 HTTP/1.1
User-Agent: selenium/4.8.3 (java windows)
Content-Type: application/json; charset=utf-8
host: localhost:46934
accept: */*

Response DefaultHttpResponse(decodeResult: success, version: HTTP/1.1)
HTTP/1.1 200 OK
Content-Length: 14
Content-Type: application/json; charset=utf-8
cache-control: no-cache

[DEBUG] Adding key: http://localhost:46934 for channel [id: 0x4eecec5d, L:/127.0.0.1:59835 - R:localhost/127.0.0.1:46934]
[DEBUG] Channel Closed: [id: 0x4eecec5d, L:/127.0.0.1:59835 ! R:localhost/127.0.0.1:46934] with attribute DISCARD
[DEBUG] Entry count for : http://localhost:59836 : 1
[DEBUG] Entry count for : http://localhost:46934 : 1
[DEBUG] Adding Candidate expired Channel [id: 0x1240c5b7, L:/127.0.0.1:59844 ! R:localhost/127.0.0.1:59836] isIdleTimeoutExpired=false isRemotelyClosed=true isTtlExpired=false
[DEBUG] Closing Idle Channel [id: 0x1240c5b7, L:/127.0.0.1:59844 ! R:localhost/127.0.0.1:59836]
[DEBUG] Adding Candidate expired Channel [id: 0x4eecec5d, L:/127.0.0.1:59835 ! R:localhost/127.0.0.1:46934] isIdleTimeoutExpired=false isRemotelyClosed=true isTtlExpired=false
[DEBUG] Closing Idle Channel [id: 0x4eecec5d, L:/127.0.0.1:59835 ! R:localhost/127.0.0.1:46934]
[DEBUG] Closed 2 connections out of 2 in 0 ms
[DEBUG] Using new Channel '[id: 0xcbeb19b7, L:/127.0.0.1:59858 - R:localhost/127.0.0.1:36979]' for 'POST' to '/session'
[DEBUG] 

Request DefaultHttpRequest(decodeResult: success, version: HTTP/1.1)
POST /session HTTP/1.1
User-Agent: selenium/4.8.3 (java windows)
Content-Length: 439
Content-Type: application/json; charset=utf-8
host: localhost:36979
accept: */*

Response DefaultHttpResponse(decodeResult: success, version: HTTP/1.1)
HTTP/1.1 200 OK
Content-Length: 861
Content-Type: application/json; charset=utf-8
cache-control: no-cache

[DEBUG] Adding key: http://localhost:36979 for channel [id: 0xcbeb19b7, L:/127.0.0.1:59858 - R:localhost/127.0.0.1:36979]
[DEBUG] Using new Channel '[id: 0xe9636e60, L:/127.0.0.1:59866 - R:localhost/127.0.0.1:59859]' for 'GET' to '/json/version'
[DEBUG] 

Request DefaultFullHttpRequest(decodeResult: success, version: HTTP/1.1, content: EmptyByteBufBE)
GET /json/version HTTP/1.1
User-Agent: selenium/4.8.3 (java windows)
host: localhost:59859
accept: */*

Response DefaultHttpResponse(decodeResult: success, version: HTTP/1.1)
HTTP/1.1 200 OK
Content-Security-Policy: frame-ancestors 'none'
Content-Length: 424
Content-Type: application/json; charset=UTF-8

[DEBUG] Adding key: http://localhost:59859 for channel [id: 0xe9636e60, L:/127.0.0.1:59866 - R:localhost/127.0.0.1:59859]
[DEBUG] Using new Channel '[id: 0xba43a4ba, L:/127.0.0.1:59867 - R:localhost/127.0.0.1:59859]' for 'GET' to '/devtools/browser/46882740-65dc-4d5e-9d8c-96cf9a246d5a'
[DEBUG] 

Request DefaultFullHttpRequest(decodeResult: success, version: HTTP/1.1, content: EmptyByteBufBE)
GET /devtools/browser/46882740-65dc-4d5e-9d8c-96cf9a246d5a HTTP/1.1
upgrade: websocket
connection: upgrade
sec-websocket-key: AiBZELcqf3g7fwrzwxqB7A==
sec-websocket-version: 13
origin: http://localhost:59859
host: localhost:59859
accept: */*
user-agent: AHC/2.1

Response DefaultHttpResponse(decodeResult: success, version: HTTP/1.1)
HTTP/1.1 101 WebSocket Protocol Handshake
Upgrade: WebSocket
Connection: Upgrade
Sec-WebSocket-Accept: qzo0yBSbXDN7WbPH2zGH3lRAT90=

[DEBUG] Using pooled Channel '[id: 0xcbeb19b7, L:/127.0.0.1:59858 - R:localhost/127.0.0.1:36979]' for 'POST' to 'http://localhost:36979/session/030323251cd30f3ff49ff39c9e8862e1/window/maximize'
[DEBUG] Using open Channel [id: 0xcbeb19b7, L:/127.0.0.1:59858 - R:localhost/127.0.0.1:36979] for POST '/session/030323251cd30f3ff49ff39c9e8862e1/window/maximize'
[DEBUG] 

Request DefaultHttpRequest(decodeResult: success, version: HTTP/1.1)
POST /session/030323251cd30f3ff49ff39c9e8862e1/window/maximize HTTP/1.1
User-Agent: selenium/4.8.3 (java windows)
Content-Length: 3
Content-Type: application/json; charset=utf-8
host: localhost:36979
accept: */*

Response DefaultHttpResponse(decodeResult: success, version: HTTP/1.1)
HTTP/1.1 200 OK
Content-Length: 51
Content-Type: application/json; charset=utf-8
cache-control: no-cache

[DEBUG] Adding key: http://localhost:36979 for channel [id: 0xcbeb19b7, L:/127.0.0.1:59858 - R:localhost/127.0.0.1:36979]
[DEBUG] Using pooled Channel '[id: 0xcbeb19b7, L:/127.0.0.1:59858 - R:localhost/127.0.0.1:36979]' for 'POST' to 'http://localhost:36979/session/030323251cd30f3ff49ff39c9e8862e1/url'
[DEBUG] Using open Channel [id: 0xcbeb19b7, L:/127.0.0.1:59858 - R:localhost/127.0.0.1:36979] for POST '/session/030323251cd30f3ff49ff39c9e8862e1/url'
[DEBUG] Entry count for : http://localhost:59859 : 1
[DEBUG] Entry count for : http://localhost:59859 : 1
[DEBUG] Entry count for : http://localhost:59859 : 1
[DEBUG] Entry count for : http://localhost:59859 : 1
[DEBUG] Entry count for : http://localhost:59859 : 1
[DEBUG] 

Request DefaultHttpRequest(decodeResult: success, version: HTTP/1.1)
POST /session/030323251cd30f3ff49ff39c9e8862e1/url HTTP/1.1
User-Agent: selenium/4.8.3 (java windows)
Content-Length: 60
Content-Type: application/json; charset=utf-8
host: localhost:36979
accept: */*

Response DefaultHttpResponse(decodeResult: success, version: HTTP/1.1)
HTTP/1.1 200 OK
Content-Length: 14
Content-Type: application/json; charset=utf-8
cache-control: no-cache

[DEBUG] Adding key: http://localhost:36979 for channel [id: 0xcbeb19b7, L:/127.0.0.1:59858 - R:localhost/127.0.0.1:36979]
registerPagestarting test
[DEBUG] Using pooled Channel '[id: 0xcbeb19b7, L:/127.0.0.1:59858 - R:localhost/127.0.0.1:36979]' for 'POST' to 'http://localhost:36979/session/030323251cd30f3ff49ff39c9e8862e1/element'
[DEBUG] Using open Channel [id: 0xcbeb19b7, L:/127.0.0.1:59858 - R:localhost/127.0.0.1:36979] for POST '/session/030323251cd30f3ff49ff39c9e8862e1/element'
[DEBUG] 

Request DefaultHttpRequest(decodeResult: success, version: HTTP/1.1)
POST /session/030323251cd30f3ff49ff39c9e8862e1/element HTTP/1.1
User-Agent: selenium/4.8.3 (java windows)
Content-Length: 51
Content-Type: application/json; charset=utf-8
host: localhost:36979
accept: */*

Response DefaultHttpResponse(decodeResult: success, version: HTTP/1.1)
HTTP/1.1 200 OK
Content-Length: 88
Content-Type: application/json; charset=utf-8
cache-control: no-cache

[DEBUG] Adding key: http://localhost:36979 for channel [id: 0xcbeb19b7, L:/127.0.0.1:59858 - R:localhost/127.0.0.1:36979]
[DEBUG] Using pooled Channel '[id: 0xcbeb19b7, L:/127.0.0.1:59858 - R:localhost/127.0.0.1:36979]' for 'POST' to 'http://localhost:36979/session/030323251cd30f3ff49ff39c9e8862e1/element/b309cabf-c770-4cee-a4dc-29a0f110c95f/click'
[DEBUG] Using open Channel [id: 0xcbeb19b7, L:/127.0.0.1:59858 - R:localhost/127.0.0.1:36979] for POST '/session/030323251cd30f3ff49ff39c9e8862e1/element/b309cabf-c770-4cee-a4dc-29a0f110c95f/click'
[DEBUG] 

Request DefaultHttpRequest(decodeResult: success, version: HTTP/1.1)
POST /session/030323251cd30f3ff49ff39c9e8862e1/element/b309cabf-c770-4cee-a4dc-29a0f110c95f/click HTTP/1.1
User-Agent: selenium/4.8.3 (java windows)
Content-Length: 50
Content-Type: application/json; charset=utf-8
host: localhost:36979
accept: */*

Response DefaultHttpResponse(decodeResult: success, version: HTTP/1.1)
HTTP/1.1 200 OK
Content-Length: 14
Content-Type: application/json; charset=utf-8
cache-control: no-cache

[DEBUG] Adding key: http://localhost:36979 for channel [id: 0xcbeb19b7, L:/127.0.0.1:59858 - R:localhost/127.0.0.1:36979]
[DEBUG] Using pooled Channel '[id: 0xcbeb19b7, L:/127.0.0.1:59858 - R:localhost/127.0.0.1:36979]' for 'POST' to 'http://localhost:36979/session/030323251cd30f3ff49ff39c9e8862e1/element'
[DEBUG] Using open Channel [id: 0xcbeb19b7, L:/127.0.0.1:59858 - R:localhost/127.0.0.1:36979] for POST '/session/030323251cd30f3ff49ff39c9e8862e1/element'
[DEBUG] 

Request DefaultHttpRequest(decodeResult: success, version: HTTP/1.1)
POST /session/030323251cd30f3ff49ff39c9e8862e1/element HTTP/1.1
User-Agent: selenium/4.8.3 (java windows)
Content-Length: 49
Content-Type: application/json; charset=utf-8
host: localhost:36979
accept: */*

Response DefaultHttpResponse(decodeResult: success, version: HTTP/1.1)
HTTP/1.1 200 OK
Content-Length: 88
Content-Type: application/json; charset=utf-8
cache-control: no-cache

[DEBUG] Adding key: http://localhost:36979 for channel [id: 0xcbeb19b7, L:/127.0.0.1:59858 - R:localhost/127.0.0.1:36979]
[DEBUG] Using pooled Channel '[id: 0xcbeb19b7, L:/127.0.0.1:59858 - R:localhost/127.0.0.1:36979]' for 'POST' to 'http://localhost:36979/session/030323251cd30f3ff49ff39c9e8862e1/element/5e8b15bf-9e1d-40e8-89b3-03639375d778/click'
[DEBUG] Using open Channel [id: 0xcbeb19b7, L:/127.0.0.1:59858 - R:localhost/127.0.0.1:36979] for POST '/session/030323251cd30f3ff49ff39c9e8862e1/element/5e8b15bf-9e1d-40e8-89b3-03639375d778/click'
[DEBUG] 

Request DefaultHttpRequest(decodeResult: success, version: HTTP/1.1)
POST /session/030323251cd30f3ff49ff39c9e8862e1/element/5e8b15bf-9e1d-40e8-89b3-03639375d778/click HTTP/1.1
User-Agent: selenium/4.8.3 (java windows)
Content-Length: 50
Content-Type: application/json; charset=utf-8
host: localhost:36979
accept: */*

Response DefaultHttpResponse(decodeResult: success, version: HTTP/1.1)
HTTP/1.1 200 OK
Content-Length: 14
Content-Type: application/json; charset=utf-8
cache-control: no-cache

[DEBUG] Adding key: http://localhost:36979 for channel [id: 0xcbeb19b7, L:/127.0.0.1:59858 - R:localhost/127.0.0.1:36979]
[DEBUG] Using pooled Channel '[id: 0xcbeb19b7, L:/127.0.0.1:59858 - R:localhost/127.0.0.1:36979]' for 'POST' to 'http://localhost:36979/session/030323251cd30f3ff49ff39c9e8862e1/element'
[DEBUG] Using open Channel [id: 0xcbeb19b7, L:/127.0.0.1:59858 - R:localhost/127.0.0.1:36979] for POST '/session/030323251cd30f3ff49ff39c9e8862e1/element'
[DEBUG] Entry count for : http://localhost:59859 : 1
[DEBUG] 

Request DefaultHttpRequest(decodeResult: success, version: HTTP/1.1)
POST /session/030323251cd30f3ff49ff39c9e8862e1/element HTTP/1.1
User-Agent: selenium/4.8.3 (java windows)
Content-Length: 62
Content-Type: application/json; charset=utf-8
host: localhost:36979
accept: */*

Response DefaultHttpResponse(decodeResult: success, version: HTTP/1.1)
HTTP/1.1 200 OK
Content-Length: 88
Content-Type: application/json; charset=utf-8
cache-control: no-cache

[DEBUG] Adding key: http://localhost:36979 for channel [id: 0xcbeb19b7, L:/127.0.0.1:59858 - R:localhost/127.0.0.1:36979]
[DEBUG] Using pooled Channel '[id: 0xcbeb19b7, L:/127.0.0.1:59858 - R:localhost/127.0.0.1:36979]' for 'POST' to 'http://localhost:36979/session/030323251cd30f3ff49ff39c9e8862e1/element/733808ec-3b64-4d9f-95ff-089d19b62b8e/value'
[DEBUG] Using open Channel [id: 0xcbeb19b7, L:/127.0.0.1:59858 - R:localhost/127.0.0.1:36979] for POST '/session/030323251cd30f3ff49ff39c9e8862e1/element/733808ec-3b64-4d9f-95ff-089d19b62b8e/value'
[DEBUG] 

Request DefaultHttpRequest(decodeResult: success, version: HTTP/1.1)
POST /session/030323251cd30f3ff49ff39c9e8862e1/element/733808ec-3b64-4d9f-95ff-089d19b62b8e/value HTTP/1.1
User-Agent: selenium/4.8.3 (java windows)
Content-Length: 161
Content-Type: application/json; charset=utf-8
host: localhost:36979
accept: */*

Response DefaultHttpResponse(decodeResult: success, version: HTTP/1.1)
HTTP/1.1 200 OK
Content-Length: 14
Content-Type: application/json; charset=utf-8
cache-control: no-cache

[DEBUG] Adding key: http://localhost:36979 for channel [id: 0xcbeb19b7, L:/127.0.0.1:59858 - R:localhost/127.0.0.1:36979]
[DEBUG] Using pooled Channel '[id: 0xcbeb19b7, L:/127.0.0.1:59858 - R:localhost/127.0.0.1:36979]' for 'POST' to 'http://localhost:36979/session/030323251cd30f3ff49ff39c9e8862e1/element'
[DEBUG] Using open Channel [id: 0xcbeb19b7, L:/127.0.0.1:59858 - R:localhost/127.0.0.1:36979] for POST '/session/030323251cd30f3ff49ff39c9e8862e1/element'
[DEBUG] 

Request DefaultHttpRequest(decodeResult: success, version: HTTP/1.1)
POST /session/030323251cd30f3ff49ff39c9e8862e1/element HTTP/1.1
User-Agent: selenium/4.8.3 (java windows)
Content-Length: 61
Content-Type: application/json; charset=utf-8
host: localhost:36979
accept: */*

Response DefaultHttpResponse(decodeResult: success, version: HTTP/1.1)
HTTP/1.1 200 OK
Content-Length: 88
Content-Type: application/json; charset=utf-8
cache-control: no-cache

[DEBUG] Adding key: http://localhost:36979 for channel [id: 0xcbeb19b7, L:/127.0.0.1:59858 - R:localhost/127.0.0.1:36979]
[DEBUG] Using pooled Channel '[id: 0xcbeb19b7, L:/127.0.0.1:59858 - R:localhost/127.0.0.1:36979]' for 'POST' to 'http://localhost:36979/session/030323251cd30f3ff49ff39c9e8862e1/element/cafcccf3-0a45-4e47-b2c2-28b5fefbab29/value'
[DEBUG] Using open Channel [id: 0xcbeb19b7, L:/127.0.0.1:59858 - R:localhost/127.0.0.1:36979] for POST '/session/030323251cd30f3ff49ff39c9e8862e1/element/cafcccf3-0a45-4e47-b2c2-28b5fefbab29/value'
[DEBUG] 

Request DefaultHttpRequest(decodeResult: success, version: HTTP/1.1)
POST /session/030323251cd30f3ff49ff39c9e8862e1/element/cafcccf3-0a45-4e47-b2c2-28b5fefbab29/value HTTP/1.1
User-Agent: selenium/4.8.3 (java windows)
Content-Length: 131
Content-Type: application/json; charset=utf-8
host: localhost:36979
accept: */*

Response DefaultHttpResponse(decodeResult: success, version: HTTP/1.1)
HTTP/1.1 200 OK
Content-Length: 14
Content-Type: application/json; charset=utf-8
cache-control: no-cache

[DEBUG] Adding key: http://localhost:36979 for channel [id: 0xcbeb19b7, L:/127.0.0.1:59858 - R:localhost/127.0.0.1:36979]
[DEBUG] Using pooled Channel '[id: 0xcbeb19b7, L:/127.0.0.1:59858 - R:localhost/127.0.0.1:36979]' for 'POST' to 'http://localhost:36979/session/030323251cd30f3ff49ff39c9e8862e1/element'
[DEBUG] Using open Channel [id: 0xcbeb19b7, L:/127.0.0.1:59858 - R:localhost/127.0.0.1:36979] for POST '/session/030323251cd30f3ff49ff39c9e8862e1/element'
[DEBUG] 

Request DefaultHttpRequest(decodeResult: success, version: HTTP/1.1)
POST /session/030323251cd30f3ff49ff39c9e8862e1/element HTTP/1.1
User-Agent: selenium/4.8.3 (java windows)
Content-Length: 58
Content-Type: application/json; charset=utf-8
host: localhost:36979
accept: */*

Response DefaultHttpResponse(decodeResult: success, version: HTTP/1.1)
HTTP/1.1 200 OK
Content-Length: 88
Content-Type: application/json; charset=utf-8
cache-control: no-cache

[DEBUG] Adding key: http://localhost:36979 for channel [id: 0xcbeb19b7, L:/127.0.0.1:59858 - R:localhost/127.0.0.1:36979]
[DEBUG] Using pooled Channel '[id: 0xcbeb19b7, L:/127.0.0.1:59858 - R:localhost/127.0.0.1:36979]' for 'POST' to 'http://localhost:36979/session/030323251cd30f3ff49ff39c9e8862e1/element/8227ce98-dbec-447b-8fd6-3e3dfdfc8251/value'
[DEBUG] Using open Channel [id: 0xcbeb19b7, L:/127.0.0.1:59858 - R:localhost/127.0.0.1:36979] for POST '/session/030323251cd30f3ff49ff39c9e8862e1/element/8227ce98-dbec-447b-8fd6-3e3dfdfc8251/value'
[DEBUG] 

Request DefaultHttpRequest(decodeResult: success, version: HTTP/1.1)
POST /session/030323251cd30f3ff49ff39c9e8862e1/element/8227ce98-dbec-447b-8fd6-3e3dfdfc8251/value HTTP/1.1
User-Agent: selenium/4.8.3 (java windows)
Content-Length: 351
Content-Type: application/json; charset=utf-8
host: localhost:36979
accept: */*

Response DefaultHttpResponse(decodeResult: success, version: HTTP/1.1)
HTTP/1.1 200 OK
Content-Length: 14
Content-Type: application/json; charset=utf-8
cache-control: no-cache

[DEBUG] Adding key: http://localhost:36979 for channel [id: 0xcbeb19b7, L:/127.0.0.1:59858 - R:localhost/127.0.0.1:36979]
[DEBUG] Using pooled Channel '[id: 0xcbeb19b7, L:/127.0.0.1:59858 - R:localhost/127.0.0.1:36979]' for 'POST' to 'http://localhost:36979/session/030323251cd30f3ff49ff39c9e8862e1/element'
[DEBUG] Using open Channel [id: 0xcbeb19b7, L:/127.0.0.1:59858 - R:localhost/127.0.0.1:36979] for POST '/session/030323251cd30f3ff49ff39c9e8862e1/element'
[DEBUG] 

Request DefaultHttpRequest(decodeResult: success, version: HTTP/1.1)
POST /session/030323251cd30f3ff49ff39c9e8862e1/element HTTP/1.1
User-Agent: selenium/4.8.3 (java windows)
Content-Length: 62
Content-Type: application/json; charset=utf-8
host: localhost:36979
accept: */*

Response DefaultHttpResponse(decodeResult: success, version: HTTP/1.1)
HTTP/1.1 200 OK
Content-Length: 88
Content-Type: application/json; charset=utf-8
cache-control: no-cache

[DEBUG] Adding key: http://localhost:36979 for channel [id: 0xcbeb19b7, L:/127.0.0.1:59858 - R:localhost/127.0.0.1:36979]
[DEBUG] Using pooled Channel '[id: 0xcbeb19b7, L:/127.0.0.1:59858 - R:localhost/127.0.0.1:36979]' for 'POST' to 'http://localhost:36979/session/030323251cd30f3ff49ff39c9e8862e1/element/e66dc648-4209-4f85-983e-a6b91d804145/value'
[DEBUG] Using open Channel [id: 0xcbeb19b7, L:/127.0.0.1:59858 - R:localhost/127.0.0.1:36979] for POST '/session/030323251cd30f3ff49ff39c9e8862e1/element/e66dc648-4209-4f85-983e-a6b91d804145/value'
[DEBUG] 

Request DefaultHttpRequest(decodeResult: success, version: HTTP/1.1)
POST /session/030323251cd30f3ff49ff39c9e8862e1/element/e66dc648-4209-4f85-983e-a6b91d804145/value HTTP/1.1
User-Agent: selenium/4.8.3 (java windows)
Content-Length: 181
Content-Type: application/json; charset=utf-8
host: localhost:36979
accept: */*

Response DefaultHttpResponse(decodeResult: success, version: HTTP/1.1)
HTTP/1.1 200 OK
Content-Length: 14
Content-Type: application/json; charset=utf-8
cache-control: no-cache

[DEBUG] Adding key: http://localhost:36979 for channel [id: 0xcbeb19b7, L:/127.0.0.1:59858 - R:localhost/127.0.0.1:36979]
[DEBUG] Using pooled Channel '[id: 0xcbeb19b7, L:/127.0.0.1:59858 - R:localhost/127.0.0.1:36979]' for 'POST' to 'http://localhost:36979/session/030323251cd30f3ff49ff39c9e8862e1/element'
[DEBUG] Using open Channel [id: 0xcbeb19b7, L:/127.0.0.1:59858 - R:localhost/127.0.0.1:36979] for POST '/session/030323251cd30f3ff49ff39c9e8862e1/element'
[DEBUG] 

Request DefaultHttpRequest(decodeResult: success, version: HTTP/1.1)
POST /session/030323251cd30f3ff49ff39c9e8862e1/element HTTP/1.1
User-Agent: selenium/4.8.3 (java windows)
Content-Length: 61
Content-Type: application/json; charset=utf-8
host: localhost:36979
accept: */*

Response DefaultHttpResponse(decodeResult: success, version: HTTP/1.1)
HTTP/1.1 200 OK
Content-Length: 88
Content-Type: application/json; charset=utf-8
cache-control: no-cache

[DEBUG] Adding key: http://localhost:36979 for channel [id: 0xcbeb19b7, L:/127.0.0.1:59858 - R:localhost/127.0.0.1:36979]
[DEBUG] Using pooled Channel '[id: 0xcbeb19b7, L:/127.0.0.1:59858 - R:localhost/127.0.0.1:36979]' for 'POST' to 'http://localhost:36979/session/030323251cd30f3ff49ff39c9e8862e1/element/0d0e8522-a896-41e3-9098-efffd4774f20/value'
[DEBUG] Using open Channel [id: 0xcbeb19b7, L:/127.0.0.1:59858 - R:localhost/127.0.0.1:36979] for POST '/session/030323251cd30f3ff49ff39c9e8862e1/element/0d0e8522-a896-41e3-9098-efffd4774f20/value'
[DEBUG] 

Request DefaultHttpRequest(decodeResult: success, version: HTTP/1.1)
POST /session/030323251cd30f3ff49ff39c9e8862e1/element/0d0e8522-a896-41e3-9098-efffd4774f20/value HTTP/1.1
User-Agent: selenium/4.8.3 (java windows)
Content-Length: 201
Content-Type: application/json; charset=utf-8
host: localhost:36979
accept: */*

Response DefaultHttpResponse(decodeResult: success, version: HTTP/1.1)
HTTP/1.1 200 OK
Content-Length: 14
Content-Type: application/json; charset=utf-8
cache-control: no-cache

[DEBUG] Adding key: http://localhost:36979 for channel [id: 0xcbeb19b7, L:/127.0.0.1:59858 - R:localhost/127.0.0.1:36979]
[DEBUG] Using pooled Channel '[id: 0xcbeb19b7, L:/127.0.0.1:59858 - R:localhost/127.0.0.1:36979]' for 'POST' to 'http://localhost:36979/session/030323251cd30f3ff49ff39c9e8862e1/element'
[DEBUG] Using open Channel [id: 0xcbeb19b7, L:/127.0.0.1:59858 - R:localhost/127.0.0.1:36979] for POST '/session/030323251cd30f3ff49ff39c9e8862e1/element'
[DEBUG] 

Request DefaultHttpRequest(decodeResult: success, version: HTTP/1.1)
POST /session/030323251cd30f3ff49ff39c9e8862e1/element HTTP/1.1
User-Agent: selenium/4.8.3 (java windows)
Content-Length: 60
Content-Type: application/json; charset=utf-8
host: localhost:36979
accept: */*

Response DefaultHttpResponse(decodeResult: success, version: HTTP/1.1)
HTTP/1.1 200 OK
Content-Length: 88
Content-Type: application/json; charset=utf-8
cache-control: no-cache

[DEBUG] Adding key: http://localhost:36979 for channel [id: 0xcbeb19b7, L:/127.0.0.1:59858 - R:localhost/127.0.0.1:36979]
[DEBUG] Using pooled Channel '[id: 0xcbeb19b7, L:/127.0.0.1:59858 - R:localhost/127.0.0.1:36979]' for 'POST' to 'http://localhost:36979/session/030323251cd30f3ff49ff39c9e8862e1/element/1651aed0-c1b0-4d68-a848-6e910b3fda2d/value'
[DEBUG] Using open Channel [id: 0xcbeb19b7, L:/127.0.0.1:59858 - R:localhost/127.0.0.1:36979] for POST '/session/030323251cd30f3ff49ff39c9e8862e1/element/1651aed0-c1b0-4d68-a848-6e910b3fda2d/value'
[DEBUG] 

Request DefaultHttpRequest(decodeResult: success, version: HTTP/1.1)
POST /session/030323251cd30f3ff49ff39c9e8862e1/element/1651aed0-c1b0-4d68-a848-6e910b3fda2d/value HTTP/1.1
User-Agent: selenium/4.8.3 (java windows)
Content-Length: 201
Content-Type: application/json; charset=utf-8
host: localhost:36979
accept: */*

Response DefaultHttpResponse(decodeResult: success, version: HTTP/1.1)
HTTP/1.1 200 OK
Content-Length: 14
Content-Type: application/json; charset=utf-8
cache-control: no-cache

[DEBUG] Adding key: http://localhost:36979 for channel [id: 0xcbeb19b7, L:/127.0.0.1:59858 - R:localhost/127.0.0.1:36979]
[DEBUG] Using pooled Channel '[id: 0xcbeb19b7, L:/127.0.0.1:59858 - R:localhost/127.0.0.1:36979]' for 'POST' to 'http://localhost:36979/session/030323251cd30f3ff49ff39c9e8862e1/element'
[DEBUG] Using open Channel [id: 0xcbeb19b7, L:/127.0.0.1:59858 - R:localhost/127.0.0.1:36979] for POST '/session/030323251cd30f3ff49ff39c9e8862e1/element'
[DEBUG] 

Request DefaultHttpRequest(decodeResult: success, version: HTTP/1.1)
POST /session/030323251cd30f3ff49ff39c9e8862e1/element HTTP/1.1
User-Agent: selenium/4.8.3 (java windows)
Content-Length: 59
Content-Type: application/json; charset=utf-8
host: localhost:36979
accept: */*

Response DefaultHttpResponse(decodeResult: success, version: HTTP/1.1)
HTTP/1.1 200 OK
Content-Length: 88
Content-Type: application/json; charset=utf-8
cache-control: no-cache

[DEBUG] Adding key: http://localhost:36979 for channel [id: 0xcbeb19b7, L:/127.0.0.1:59858 - R:localhost/127.0.0.1:36979]
[DEBUG] Using pooled Channel '[id: 0xcbeb19b7, L:/127.0.0.1:59858 - R:localhost/127.0.0.1:36979]' for 'POST' to 'http://localhost:36979/session/030323251cd30f3ff49ff39c9e8862e1/element/48495c1f-cb5a-4ec3-abcd-b7d094b53331/click'
[DEBUG] Using open Channel [id: 0xcbeb19b7, L:/127.0.0.1:59858 - R:localhost/127.0.0.1:36979] for POST '/session/030323251cd30f3ff49ff39c9e8862e1/element/48495c1f-cb5a-4ec3-abcd-b7d094b53331/click'
[DEBUG] 

Request DefaultHttpRequest(decodeResult: success, version: HTTP/1.1)
POST /session/030323251cd30f3ff49ff39c9e8862e1/element/48495c1f-cb5a-4ec3-abcd-b7d094b53331/click HTTP/1.1
User-Agent: selenium/4.8.3 (java windows)
Content-Length: 50
Content-Type: application/json; charset=utf-8
host: localhost:36979
accept: */*

Response DefaultHttpResponse(decodeResult: success, version: HTTP/1.1)
HTTP/1.1 200 OK
Content-Length: 14
Content-Type: application/json; charset=utf-8
cache-control: no-cache

[DEBUG] Adding key: http://localhost:36979 for channel [id: 0xcbeb19b7, L:/127.0.0.1:59858 - R:localhost/127.0.0.1:36979]
[DEBUG] Using pooled Channel '[id: 0xcbeb19b7, L:/127.0.0.1:59858 - R:localhost/127.0.0.1:36979]' for 'POST' to 'http://localhost:36979/session/030323251cd30f3ff49ff39c9e8862e1/element'
[DEBUG] Using open Channel [id: 0xcbeb19b7, L:/127.0.0.1:59858 - R:localhost/127.0.0.1:36979] for POST '/session/030323251cd30f3ff49ff39c9e8862e1/element'
[DEBUG] 

Request DefaultHttpRequest(decodeResult: success, version: HTTP/1.1)
POST /session/030323251cd30f3ff49ff39c9e8862e1/element HTTP/1.1
User-Agent: selenium/4.8.3 (java windows)
Content-Length: 65
Content-Type: application/json; charset=utf-8
host: localhost:36979
accept: */*

Response DefaultHttpResponse(decodeResult: success, version: HTTP/1.1)
HTTP/1.1 200 OK
Content-Length: 88
Content-Type: application/json; charset=utf-8
cache-control: no-cache

[DEBUG] Adding key: http://localhost:36979 for channel [id: 0xcbeb19b7, L:/127.0.0.1:59858 - R:localhost/127.0.0.1:36979]
[DEBUG] Using pooled Channel '[id: 0xcbeb19b7, L:/127.0.0.1:59858 - R:localhost/127.0.0.1:36979]' for 'POST' to 'http://localhost:36979/session/030323251cd30f3ff49ff39c9e8862e1/element/4c889e0d-6f29-499f-a1c5-5af8c53120db/click'
[DEBUG] Using open Channel [id: 0xcbeb19b7, L:/127.0.0.1:59858 - R:localhost/127.0.0.1:36979] for POST '/session/030323251cd30f3ff49ff39c9e8862e1/element/4c889e0d-6f29-499f-a1c5-5af8c53120db/click'
[DEBUG] Entry count for : http://localhost:59859 : 1
[DEBUG] 

Request DefaultHttpRequest(decodeResult: success, version: HTTP/1.1)
POST /session/030323251cd30f3ff49ff39c9e8862e1/element/4c889e0d-6f29-499f-a1c5-5af8c53120db/click HTTP/1.1
User-Agent: selenium/4.8.3 (java windows)
Content-Length: 50
Content-Type: application/json; charset=utf-8
host: localhost:36979
accept: */*

Response DefaultHttpResponse(decodeResult: success, version: HTTP/1.1)
HTTP/1.1 200 OK
Content-Length: 14
Content-Type: application/json; charset=utf-8
cache-control: no-cache

[DEBUG] Adding key: http://localhost:36979 for channel [id: 0xcbeb19b7, L:/127.0.0.1:59858 - R:localhost/127.0.0.1:36979]
registerPagepassed
]]></system-out>
    <system-err><![CDATA[Starting ChromeDriver 112.0.5615.49 (bd2a7bcb881c11e8cfe3078709382934e3916914-refs/branch-heads/5615@{#936}) on port 36979
Only local connections are allowed.
Please see https://chromedriver.chromium.org/security-considerations for suggestions on keeping ChromeDriver safe.
ChromeDriver was started successfully.
Apr 25, 2023 9:12:22 AM org.openqa.selenium.devtools.CdpVersionFinder findNearestMatch
WARNING: Unable to find an exact match for CDP version 112, so returning the closest version found: 111
]]></system-err>
  </testcase>
  <testcase name="method2" classname="com.automationcode_9th_April_2023.Demo2" time="0">
    <system-out><![CDATA[[DEBUG] Channel Closed: [id: 0xba43a4ba, L:/127.0.0.1:59867 ! R:localhost/127.0.0.1:59859] with attribute NettyResponseFuture{currentRetry=0,
	isDone=1,
	isCancelled=0,
	asyncHandler=org.asynchttpclient.ws.WebSocketUpgradeHandler@6ccd8233,
	nettyRequest=org.asynchttpclient.netty.request.NettyRequest@29cf01ce,
	future=java.util.concurrent.CompletableFuture@60f98a45[Completed normally],
	uri=ws://localhost:59859/devtools/browser/46882740-65dc-4d5e-9d8c-96cf9a246d5a,
	keepAlive=true,
	redirectCount=0,
	timeoutsHolder=null,
	inAuth=0,
	touch=1682428342690}
[DEBUG] Closing Channel [id: 0xba43a4ba, L:/127.0.0.1:59867 ! R:localhost/127.0.0.1:59859] 
[DEBUG] Using pooled Channel '[id: 0xcbeb19b7, L:/127.0.0.1:59858 - R:localhost/127.0.0.1:36979]' for 'DELETE' to 'http://localhost:36979/session/030323251cd30f3ff49ff39c9e8862e1'
[DEBUG] Using open Channel [id: 0xcbeb19b7, L:/127.0.0.1:59858 - R:localhost/127.0.0.1:36979] for DELETE '/session/030323251cd30f3ff49ff39c9e8862e1'
[DEBUG] Unexpected I/O exception on channel [id: 0xe9636e60, L:/127.0.0.1:59866 - R:localhost/127.0.0.1:59859]
java.io.IOException: An existing connection was forcibly closed by the remote host
	at sun.nio.ch.SocketDispatcher.read0(Native Method) ~[na:1.8.0_351]
	at sun.nio.ch.SocketDispatcher.read(SocketDispatcher.java:43) ~[na:1.8.0_351]
	at sun.nio.ch.IOUtil.readIntoNativeBuffer(IOUtil.java:223) ~[na:1.8.0_351]
	at sun.nio.ch.IOUtil.read(IOUtil.java:192) ~[na:1.8.0_351]
	at sun.nio.ch.SocketChannelImpl.read(SocketChannelImpl.java:378) ~[na:1.8.0_351]
	at io.netty.buffer.PooledByteBuf.setBytes(PooledByteBuf.java:256) ~[netty-buffer-4.1.90.Final.jar:4.1.90.Final]
	at io.netty.buffer.AbstractByteBuf.writeBytes(AbstractByteBuf.java:1132) ~[netty-buffer-4.1.90.Final.jar:4.1.90.Final]
	at io.netty.channel.socket.nio.NioSocketChannel.doReadBytes(NioSocketChannel.java:357) ~[netty-transport-4.1.90.Final.jar:4.1.90.Final]
	at io.netty.channel.nio.AbstractNioByteChannel$NioByteUnsafe.read(AbstractNioByteChannel.java:151) ~[netty-transport-4.1.90.Final.jar:4.1.90.Final]
	at io.netty.channel.nio.NioEventLoop.processSelectedKey(NioEventLoop.java:788) [netty-transport-4.1.90.Final.jar:4.1.90.Final]
	at io.netty.channel.nio.NioEventLoop.processSelectedKeysOptimized(NioEventLoop.java:724) [netty-transport-4.1.90.Final.jar:4.1.90.Final]
	at io.netty.channel.nio.NioEventLoop.processSelectedKeys(NioEventLoop.java:650) [netty-transport-4.1.90.Final.jar:4.1.90.Final]
	at io.netty.channel.nio.NioEventLoop.run(NioEventLoop.java:562) [netty-transport-4.1.90.Final.jar:4.1.90.Final]
	at io.netty.util.concurrent.SingleThreadEventExecutor$4.run(SingleThreadEventExecutor.java:997) [netty-common-4.1.90.Final.jar:4.1.90.Final]
	at io.netty.util.internal.ThreadExecutorMap$2.run(ThreadExecutorMap.java:74) [netty-common-4.1.90.Final.jar:4.1.90.Final]
	at io.netty.util.concurrent.FastThreadLocalRunnable.run(FastThreadLocalRunnable.java:30) [netty-common-4.1.90.Final.jar:4.1.90.Final]
	at java.lang.Thread.run(Thread.java:750) [na:1.8.0_351]
[DEBUG] Closing Channel [id: 0xe9636e60, L:/127.0.0.1:59866 - R:localhost/127.0.0.1:59859] 
[DEBUG] Channel Closed: [id: 0xe9636e60, L:/127.0.0.1:59866 ! R:localhost/127.0.0.1:59859] with attribute DISCARD
[DEBUG] 

Request DefaultFullHttpRequest(decodeResult: success, version: HTTP/1.1, content: EmptyByteBufBE)
DELETE /session/030323251cd30f3ff49ff39c9e8862e1 HTTP/1.1
User-Agent: selenium/4.8.3 (java windows)
Content-Type: application/json; charset=utf-8
host: localhost:36979
accept: */*

Response DefaultHttpResponse(decodeResult: success, version: HTTP/1.1)
HTTP/1.1 200 OK
Content-Length: 14
Content-Type: application/json; charset=utf-8
cache-control: no-cache

[DEBUG] Adding key: http://localhost:36979 for channel [id: 0xcbeb19b7, L:/127.0.0.1:59858 - R:localhost/127.0.0.1:36979]
[DEBUG] Channel Closed: [id: 0xcbeb19b7, L:/127.0.0.1:59858 ! R:localhost/127.0.0.1:36979] with attribute DISCARD
method2starting test
M2
method2passed
]]></system-out>
  </testcase>
  <testcase name="method22" classname="com.automationcode_9th_April_2023.Demo2" time="0.001">
    <system-out><![CDATA[method22starting test
M22
method22passed
]]></system-out>
  </testcase>
  <testcase name="method222" classname="com.automationcode_9th_April_2023.Demo2" time="0.001">
    <system-out><![CDATA[method222starting test
M222
method222passed
]]></system-out>
  </testcase>
  <testcase name="TutorialsNinjaRegister" classname="com.automationcode_15th_April_2023.TNListenerRegisterTest" time="2.51">
    <system-out><![CDATA[[DEBUG] Entry count for : http://localhost:36979 : 1
[DEBUG] Entry count for : http://localhost:59859 : 1
[DEBUG] Adding Candidate expired Channel [id: 0xcbeb19b7, L:/127.0.0.1:59858 ! R:localhost/127.0.0.1:36979] isIdleTimeoutExpired=false isRemotelyClosed=true isTtlExpired=false
[DEBUG] Closing Idle Channel [id: 0xcbeb19b7, L:/127.0.0.1:59858 ! R:localhost/127.0.0.1:36979]
[DEBUG] Adding Candidate expired Channel [id: 0xe9636e60, L:/127.0.0.1:59866 ! R:localhost/127.0.0.1:59859] isIdleTimeoutExpired=false isRemotelyClosed=true isTtlExpired=false
[DEBUG] Closing Idle Channel [id: 0xe9636e60, L:/127.0.0.1:59866 ! R:localhost/127.0.0.1:59859]
[DEBUG] Closed 2 connections out of 2 in 0 ms
[DEBUG] Using new Channel '[id: 0x12fee490, L:/127.0.0.1:59880 - R:localhost/127.0.0.1:39929]' for 'POST' to '/session'
[DEBUG] 

Request DefaultHttpRequest(decodeResult: success, version: HTTP/1.1)
POST /session HTTP/1.1
User-Agent: selenium/4.8.3 (java windows)
Content-Length: 439
Content-Type: application/json; charset=utf-8
host: localhost:39929
accept: */*

Response DefaultHttpResponse(decodeResult: success, version: HTTP/1.1)
HTTP/1.1 200 OK
Content-Length: 857
Content-Type: application/json; charset=utf-8
cache-control: no-cache

[DEBUG] Adding key: http://localhost:39929 for channel [id: 0x12fee490, L:/127.0.0.1:59880 - R:localhost/127.0.0.1:39929]
[DEBUG] Using new Channel '[id: 0x542862d0, L:/127.0.0.1:59887 - R:localhost/127.0.0.1:59881]' for 'GET' to '/json/version'
[DEBUG] 

Request DefaultFullHttpRequest(decodeResult: success, version: HTTP/1.1, content: EmptyByteBufBE)
GET /json/version HTTP/1.1
User-Agent: selenium/4.8.3 (java windows)
host: localhost:59881
accept: */*

Response DefaultHttpResponse(decodeResult: success, version: HTTP/1.1)
HTTP/1.1 200 OK
Content-Security-Policy: frame-ancestors 'none'
Content-Length: 424
Content-Type: application/json; charset=UTF-8

[DEBUG] Adding key: http://localhost:59881 for channel [id: 0x542862d0, L:/127.0.0.1:59887 - R:localhost/127.0.0.1:59881]
[DEBUG] Using new Channel '[id: 0xd6c88d82, L:/127.0.0.1:59888 - R:localhost/127.0.0.1:59881]' for 'GET' to '/devtools/browser/a83625db-7aef-497c-ad8c-c4180b19c291'
[DEBUG] 

Request DefaultFullHttpRequest(decodeResult: success, version: HTTP/1.1, content: EmptyByteBufBE)
GET /devtools/browser/a83625db-7aef-497c-ad8c-c4180b19c291 HTTP/1.1
upgrade: websocket
connection: upgrade
sec-websocket-key: 6xLpQ0vp/pI7oyXg7p/LqA==
sec-websocket-version: 13
origin: http://localhost:59881
host: localhost:59881
accept: */*
user-agent: AHC/2.1

Response DefaultHttpResponse(decodeResult: success, version: HTTP/1.1)
HTTP/1.1 101 WebSocket Protocol Handshake
Upgrade: WebSocket
Connection: Upgrade
Sec-WebSocket-Accept: gzzoJTJNaGwoH1kZ3YQ05t/FAks=

[DEBUG] Using pooled Channel '[id: 0x12fee490, L:/127.0.0.1:59880 - R:localhost/127.0.0.1:39929]' for 'POST' to 'http://localhost:39929/session/bd8e730f89de8b5114f84cf54bc7ce1f/window/maximize'
[DEBUG] Using open Channel [id: 0x12fee490, L:/127.0.0.1:59880 - R:localhost/127.0.0.1:39929] for POST '/session/bd8e730f89de8b5114f84cf54bc7ce1f/window/maximize'
[DEBUG] 

Request DefaultHttpRequest(decodeResult: success, version: HTTP/1.1)
POST /session/bd8e730f89de8b5114f84cf54bc7ce1f/window/maximize HTTP/1.1
User-Agent: selenium/4.8.3 (java windows)
Content-Length: 3
Content-Type: application/json; charset=utf-8
host: localhost:39929
accept: */*

Response DefaultHttpResponse(decodeResult: success, version: HTTP/1.1)
HTTP/1.1 200 OK
Content-Length: 51
Content-Type: application/json; charset=utf-8
cache-control: no-cache

[DEBUG] Adding key: http://localhost:39929 for channel [id: 0x12fee490, L:/127.0.0.1:59880 - R:localhost/127.0.0.1:39929]
[DEBUG] Using pooled Channel '[id: 0x12fee490, L:/127.0.0.1:59880 - R:localhost/127.0.0.1:39929]' for 'POST' to 'http://localhost:39929/session/bd8e730f89de8b5114f84cf54bc7ce1f/url'
[DEBUG] Using open Channel [id: 0x12fee490, L:/127.0.0.1:59880 - R:localhost/127.0.0.1:39929] for POST '/session/bd8e730f89de8b5114f84cf54bc7ce1f/url'
[DEBUG] Entry count for : http://localhost:59881 : 1
[DEBUG] Entry count for : http://localhost:59881 : 1
[DEBUG] Entry count for : http://localhost:59881 : 1
[DEBUG] Entry count for : http://localhost:59881 : 1
[DEBUG] 

Request DefaultHttpRequest(decodeResult: success, version: HTTP/1.1)
POST /session/bd8e730f89de8b5114f84cf54bc7ce1f/url HTTP/1.1
User-Agent: selenium/4.8.3 (java windows)
Content-Length: 60
Content-Type: application/json; charset=utf-8
host: localhost:39929
accept: */*

Response DefaultHttpResponse(decodeResult: success, version: HTTP/1.1)
HTTP/1.1 200 OK
Content-Length: 14
Content-Type: application/json; charset=utf-8
cache-control: no-cache

[DEBUG] Adding key: http://localhost:39929 for channel [id: 0x12fee490, L:/127.0.0.1:59880 - R:localhost/127.0.0.1:39929]
TutorialsNinjaRegisterstarting test
[DEBUG] Using pooled Channel '[id: 0x12fee490, L:/127.0.0.1:59880 - R:localhost/127.0.0.1:39929]' for 'POST' to 'http://localhost:39929/session/bd8e730f89de8b5114f84cf54bc7ce1f/element'
[DEBUG] Using open Channel [id: 0x12fee490, L:/127.0.0.1:59880 - R:localhost/127.0.0.1:39929] for POST '/session/bd8e730f89de8b5114f84cf54bc7ce1f/element'
[DEBUG] 

Request DefaultHttpRequest(decodeResult: success, version: HTTP/1.1)
POST /session/bd8e730f89de8b5114f84cf54bc7ce1f/element HTTP/1.1
User-Agent: selenium/4.8.3 (java windows)
Content-Length: 51
Content-Type: application/json; charset=utf-8
host: localhost:39929
accept: */*

Response DefaultHttpResponse(decodeResult: success, version: HTTP/1.1)
HTTP/1.1 200 OK
Content-Length: 88
Content-Type: application/json; charset=utf-8
cache-control: no-cache

[DEBUG] Adding key: http://localhost:39929 for channel [id: 0x12fee490, L:/127.0.0.1:59880 - R:localhost/127.0.0.1:39929]
[DEBUG] Using pooled Channel '[id: 0x12fee490, L:/127.0.0.1:59880 - R:localhost/127.0.0.1:39929]' for 'POST' to 'http://localhost:39929/session/bd8e730f89de8b5114f84cf54bc7ce1f/element/d7de7ef0-4a0a-4cec-8a53-bd03b1d12383/click'
[DEBUG] Using open Channel [id: 0x12fee490, L:/127.0.0.1:59880 - R:localhost/127.0.0.1:39929] for POST '/session/bd8e730f89de8b5114f84cf54bc7ce1f/element/d7de7ef0-4a0a-4cec-8a53-bd03b1d12383/click'
[DEBUG] 

Request DefaultHttpRequest(decodeResult: success, version: HTTP/1.1)
POST /session/bd8e730f89de8b5114f84cf54bc7ce1f/element/d7de7ef0-4a0a-4cec-8a53-bd03b1d12383/click HTTP/1.1
User-Agent: selenium/4.8.3 (java windows)
Content-Length: 50
Content-Type: application/json; charset=utf-8
host: localhost:39929
accept: */*

Response DefaultHttpResponse(decodeResult: success, version: HTTP/1.1)
HTTP/1.1 200 OK
Content-Length: 14
Content-Type: application/json; charset=utf-8
cache-control: no-cache

[DEBUG] Adding key: http://localhost:39929 for channel [id: 0x12fee490, L:/127.0.0.1:59880 - R:localhost/127.0.0.1:39929]
[DEBUG] Using pooled Channel '[id: 0x12fee490, L:/127.0.0.1:59880 - R:localhost/127.0.0.1:39929]' for 'POST' to 'http://localhost:39929/session/bd8e730f89de8b5114f84cf54bc7ce1f/element'
[DEBUG] Using open Channel [id: 0x12fee490, L:/127.0.0.1:59880 - R:localhost/127.0.0.1:39929] for POST '/session/bd8e730f89de8b5114f84cf54bc7ce1f/element'
[DEBUG] 

Request DefaultHttpRequest(decodeResult: success, version: HTTP/1.1)
POST /session/bd8e730f89de8b5114f84cf54bc7ce1f/element HTTP/1.1
User-Agent: selenium/4.8.3 (java windows)
Content-Length: 49
Content-Type: application/json; charset=utf-8
host: localhost:39929
accept: */*

Response DefaultHttpResponse(decodeResult: success, version: HTTP/1.1)
HTTP/1.1 200 OK
Content-Length: 88
Content-Type: application/json; charset=utf-8
cache-control: no-cache

[DEBUG] Adding key: http://localhost:39929 for channel [id: 0x12fee490, L:/127.0.0.1:59880 - R:localhost/127.0.0.1:39929]
[DEBUG] Using pooled Channel '[id: 0x12fee490, L:/127.0.0.1:59880 - R:localhost/127.0.0.1:39929]' for 'POST' to 'http://localhost:39929/session/bd8e730f89de8b5114f84cf54bc7ce1f/element/3bdbe05b-48a1-4edc-ab79-534171fb8b5b/click'
[DEBUG] Using open Channel [id: 0x12fee490, L:/127.0.0.1:59880 - R:localhost/127.0.0.1:39929] for POST '/session/bd8e730f89de8b5114f84cf54bc7ce1f/element/3bdbe05b-48a1-4edc-ab79-534171fb8b5b/click'
[DEBUG] Entry count for : http://localhost:59881 : 1
[DEBUG] 

Request DefaultHttpRequest(decodeResult: success, version: HTTP/1.1)
POST /session/bd8e730f89de8b5114f84cf54bc7ce1f/element/3bdbe05b-48a1-4edc-ab79-534171fb8b5b/click HTTP/1.1
User-Agent: selenium/4.8.3 (java windows)
Content-Length: 50
Content-Type: application/json; charset=utf-8
host: localhost:39929
accept: */*

Response DefaultHttpResponse(decodeResult: success, version: HTTP/1.1)
HTTP/1.1 200 OK
Content-Length: 14
Content-Type: application/json; charset=utf-8
cache-control: no-cache

[DEBUG] Adding key: http://localhost:39929 for channel [id: 0x12fee490, L:/127.0.0.1:59880 - R:localhost/127.0.0.1:39929]
[DEBUG] Using pooled Channel '[id: 0x12fee490, L:/127.0.0.1:59880 - R:localhost/127.0.0.1:39929]' for 'POST' to 'http://localhost:39929/session/bd8e730f89de8b5114f84cf54bc7ce1f/element'
[DEBUG] Using open Channel [id: 0x12fee490, L:/127.0.0.1:59880 - R:localhost/127.0.0.1:39929] for POST '/session/bd8e730f89de8b5114f84cf54bc7ce1f/element'
[DEBUG] 

Request DefaultHttpRequest(decodeResult: success, version: HTTP/1.1)
POST /session/bd8e730f89de8b5114f84cf54bc7ce1f/element HTTP/1.1
User-Agent: selenium/4.8.3 (java windows)
Content-Length: 62
Content-Type: application/json; charset=utf-8
host: localhost:39929
accept: */*

Response DefaultHttpResponse(decodeResult: success, version: HTTP/1.1)
HTTP/1.1 200 OK
Content-Length: 88
Content-Type: application/json; charset=utf-8
cache-control: no-cache

[DEBUG] Adding key: http://localhost:39929 for channel [id: 0x12fee490, L:/127.0.0.1:59880 - R:localhost/127.0.0.1:39929]
[DEBUG] Using pooled Channel '[id: 0x12fee490, L:/127.0.0.1:59880 - R:localhost/127.0.0.1:39929]' for 'POST' to 'http://localhost:39929/session/bd8e730f89de8b5114f84cf54bc7ce1f/element/8d86ca81-f960-472d-b186-aae3db7a424a/value'
[DEBUG] Using open Channel [id: 0x12fee490, L:/127.0.0.1:59880 - R:localhost/127.0.0.1:39929] for POST '/session/bd8e730f89de8b5114f84cf54bc7ce1f/element/8d86ca81-f960-472d-b186-aae3db7a424a/value'
[DEBUG] 

Request DefaultHttpRequest(decodeResult: success, version: HTTP/1.1)
POST /session/bd8e730f89de8b5114f84cf54bc7ce1f/element/8d86ca81-f960-472d-b186-aae3db7a424a/value HTTP/1.1
User-Agent: selenium/4.8.3 (java windows)
Content-Length: 161
Content-Type: application/json; charset=utf-8
host: localhost:39929
accept: */*

Response DefaultHttpResponse(decodeResult: success, version: HTTP/1.1)
HTTP/1.1 200 OK
Content-Length: 14
Content-Type: application/json; charset=utf-8
cache-control: no-cache

[DEBUG] Adding key: http://localhost:39929 for channel [id: 0x12fee490, L:/127.0.0.1:59880 - R:localhost/127.0.0.1:39929]
[DEBUG] Using pooled Channel '[id: 0x12fee490, L:/127.0.0.1:59880 - R:localhost/127.0.0.1:39929]' for 'POST' to 'http://localhost:39929/session/bd8e730f89de8b5114f84cf54bc7ce1f/element'
[DEBUG] Using open Channel [id: 0x12fee490, L:/127.0.0.1:59880 - R:localhost/127.0.0.1:39929] for POST '/session/bd8e730f89de8b5114f84cf54bc7ce1f/element'
[DEBUG] 

Request DefaultHttpRequest(decodeResult: success, version: HTTP/1.1)
POST /session/bd8e730f89de8b5114f84cf54bc7ce1f/element HTTP/1.1
User-Agent: selenium/4.8.3 (java windows)
Content-Length: 61
Content-Type: application/json; charset=utf-8
host: localhost:39929
accept: */*

Response DefaultHttpResponse(decodeResult: success, version: HTTP/1.1)
HTTP/1.1 200 OK
Content-Length: 88
Content-Type: application/json; charset=utf-8
cache-control: no-cache

[DEBUG] Adding key: http://localhost:39929 for channel [id: 0x12fee490, L:/127.0.0.1:59880 - R:localhost/127.0.0.1:39929]
[DEBUG] Using pooled Channel '[id: 0x12fee490, L:/127.0.0.1:59880 - R:localhost/127.0.0.1:39929]' for 'POST' to 'http://localhost:39929/session/bd8e730f89de8b5114f84cf54bc7ce1f/element/9f46bd3f-87f4-4c45-9b11-d07150636fce/value'
[DEBUG] Using open Channel [id: 0x12fee490, L:/127.0.0.1:59880 - R:localhost/127.0.0.1:39929] for POST '/session/bd8e730f89de8b5114f84cf54bc7ce1f/element/9f46bd3f-87f4-4c45-9b11-d07150636fce/value'
[DEBUG] 

Request DefaultHttpRequest(decodeResult: success, version: HTTP/1.1)
POST /session/bd8e730f89de8b5114f84cf54bc7ce1f/element/9f46bd3f-87f4-4c45-9b11-d07150636fce/value HTTP/1.1
User-Agent: selenium/4.8.3 (java windows)
Content-Length: 131
Content-Type: application/json; charset=utf-8
host: localhost:39929
accept: */*

Response DefaultHttpResponse(decodeResult: success, version: HTTP/1.1)
HTTP/1.1 200 OK
Content-Length: 14
Content-Type: application/json; charset=utf-8
cache-control: no-cache

[DEBUG] Adding key: http://localhost:39929 for channel [id: 0x12fee490, L:/127.0.0.1:59880 - R:localhost/127.0.0.1:39929]
[DEBUG] Using pooled Channel '[id: 0x12fee490, L:/127.0.0.1:59880 - R:localhost/127.0.0.1:39929]' for 'POST' to 'http://localhost:39929/session/bd8e730f89de8b5114f84cf54bc7ce1f/element'
[DEBUG] Using open Channel [id: 0x12fee490, L:/127.0.0.1:59880 - R:localhost/127.0.0.1:39929] for POST '/session/bd8e730f89de8b5114f84cf54bc7ce1f/element'
[DEBUG] 

Request DefaultHttpRequest(decodeResult: success, version: HTTP/1.1)
POST /session/bd8e730f89de8b5114f84cf54bc7ce1f/element HTTP/1.1
User-Agent: selenium/4.8.3 (java windows)
Content-Length: 58
Content-Type: application/json; charset=utf-8
host: localhost:39929
accept: */*

Response DefaultHttpResponse(decodeResult: success, version: HTTP/1.1)
HTTP/1.1 200 OK
Content-Length: 88
Content-Type: application/json; charset=utf-8
cache-control: no-cache

[DEBUG] Adding key: http://localhost:39929 for channel [id: 0x12fee490, L:/127.0.0.1:59880 - R:localhost/127.0.0.1:39929]
[DEBUG] Using pooled Channel '[id: 0x12fee490, L:/127.0.0.1:59880 - R:localhost/127.0.0.1:39929]' for 'POST' to 'http://localhost:39929/session/bd8e730f89de8b5114f84cf54bc7ce1f/element/08148fe3-ec15-401e-b4e7-380d5b8d9f4f/value'
[DEBUG] Using open Channel [id: 0x12fee490, L:/127.0.0.1:59880 - R:localhost/127.0.0.1:39929] for POST '/session/bd8e730f89de8b5114f84cf54bc7ce1f/element/08148fe3-ec15-401e-b4e7-380d5b8d9f4f/value'
[DEBUG] 

Request DefaultHttpRequest(decodeResult: success, version: HTTP/1.1)
POST /session/bd8e730f89de8b5114f84cf54bc7ce1f/element/08148fe3-ec15-401e-b4e7-380d5b8d9f4f/value HTTP/1.1
User-Agent: selenium/4.8.3 (java windows)
Content-Length: 331
Content-Type: application/json; charset=utf-8
host: localhost:39929
accept: */*

Response DefaultHttpResponse(decodeResult: success, version: HTTP/1.1)
HTTP/1.1 200 OK
Content-Length: 14
Content-Type: application/json; charset=utf-8
cache-control: no-cache

[DEBUG] Adding key: http://localhost:39929 for channel [id: 0x12fee490, L:/127.0.0.1:59880 - R:localhost/127.0.0.1:39929]
[DEBUG] Using pooled Channel '[id: 0x12fee490, L:/127.0.0.1:59880 - R:localhost/127.0.0.1:39929]' for 'POST' to 'http://localhost:39929/session/bd8e730f89de8b5114f84cf54bc7ce1f/element'
[DEBUG] Using open Channel [id: 0x12fee490, L:/127.0.0.1:59880 - R:localhost/127.0.0.1:39929] for POST '/session/bd8e730f89de8b5114f84cf54bc7ce1f/element'
[DEBUG] 

Request DefaultHttpRequest(decodeResult: success, version: HTTP/1.1)
POST /session/bd8e730f89de8b5114f84cf54bc7ce1f/element HTTP/1.1
User-Agent: selenium/4.8.3 (java windows)
Content-Length: 62
Content-Type: application/json; charset=utf-8
host: localhost:39929
accept: */*

Response DefaultHttpResponse(decodeResult: success, version: HTTP/1.1)
HTTP/1.1 200 OK
Content-Length: 88
Content-Type: application/json; charset=utf-8
cache-control: no-cache

[DEBUG] Adding key: http://localhost:39929 for channel [id: 0x12fee490, L:/127.0.0.1:59880 - R:localhost/127.0.0.1:39929]
[DEBUG] Using pooled Channel '[id: 0x12fee490, L:/127.0.0.1:59880 - R:localhost/127.0.0.1:39929]' for 'POST' to 'http://localhost:39929/session/bd8e730f89de8b5114f84cf54bc7ce1f/element/608df4cf-ded5-4fc9-8267-5ef6201163ca/value'
[DEBUG] Using open Channel [id: 0x12fee490, L:/127.0.0.1:59880 - R:localhost/127.0.0.1:39929] for POST '/session/bd8e730f89de8b5114f84cf54bc7ce1f/element/608df4cf-ded5-4fc9-8267-5ef6201163ca/value'
[DEBUG] 

Request DefaultHttpRequest(decodeResult: success, version: HTTP/1.1)
POST /session/bd8e730f89de8b5114f84cf54bc7ce1f/element/608df4cf-ded5-4fc9-8267-5ef6201163ca/value HTTP/1.1
User-Agent: selenium/4.8.3 (java windows)
Content-Length: 181
Content-Type: application/json; charset=utf-8
host: localhost:39929
accept: */*

Response DefaultHttpResponse(decodeResult: success, version: HTTP/1.1)
HTTP/1.1 200 OK
Content-Length: 14
Content-Type: application/json; charset=utf-8
cache-control: no-cache

[DEBUG] Adding key: http://localhost:39929 for channel [id: 0x12fee490, L:/127.0.0.1:59880 - R:localhost/127.0.0.1:39929]
[DEBUG] Using pooled Channel '[id: 0x12fee490, L:/127.0.0.1:59880 - R:localhost/127.0.0.1:39929]' for 'POST' to 'http://localhost:39929/session/bd8e730f89de8b5114f84cf54bc7ce1f/element'
[DEBUG] Using open Channel [id: 0x12fee490, L:/127.0.0.1:59880 - R:localhost/127.0.0.1:39929] for POST '/session/bd8e730f89de8b5114f84cf54bc7ce1f/element'
[DEBUG] 

Request DefaultHttpRequest(decodeResult: success, version: HTTP/1.1)
POST /session/bd8e730f89de8b5114f84cf54bc7ce1f/element HTTP/1.1
User-Agent: selenium/4.8.3 (java windows)
Content-Length: 61
Content-Type: application/json; charset=utf-8
host: localhost:39929
accept: */*

Response DefaultHttpResponse(decodeResult: success, version: HTTP/1.1)
HTTP/1.1 200 OK
Content-Length: 88
Content-Type: application/json; charset=utf-8
cache-control: no-cache

[DEBUG] Adding key: http://localhost:39929 for channel [id: 0x12fee490, L:/127.0.0.1:59880 - R:localhost/127.0.0.1:39929]
[DEBUG] Using pooled Channel '[id: 0x12fee490, L:/127.0.0.1:59880 - R:localhost/127.0.0.1:39929]' for 'POST' to 'http://localhost:39929/session/bd8e730f89de8b5114f84cf54bc7ce1f/element/9f46bd3f-87f4-4c45-9b11-d07150636fce/value'
[DEBUG] Using open Channel [id: 0x12fee490, L:/127.0.0.1:59880 - R:localhost/127.0.0.1:39929] for POST '/session/bd8e730f89de8b5114f84cf54bc7ce1f/element/9f46bd3f-87f4-4c45-9b11-d07150636fce/value'
[DEBUG] 

Request DefaultHttpRequest(decodeResult: success, version: HTTP/1.1)
POST /session/bd8e730f89de8b5114f84cf54bc7ce1f/element/9f46bd3f-87f4-4c45-9b11-d07150636fce/value HTTP/1.1
User-Agent: selenium/4.8.3 (java windows)
Content-Length: 201
Content-Type: application/json; charset=utf-8
host: localhost:39929
accept: */*

Response DefaultHttpResponse(decodeResult: success, version: HTTP/1.1)
HTTP/1.1 200 OK
Content-Length: 14
Content-Type: application/json; charset=utf-8
cache-control: no-cache

[DEBUG] Adding key: http://localhost:39929 for channel [id: 0x12fee490, L:/127.0.0.1:59880 - R:localhost/127.0.0.1:39929]
[DEBUG] Using pooled Channel '[id: 0x12fee490, L:/127.0.0.1:59880 - R:localhost/127.0.0.1:39929]' for 'POST' to 'http://localhost:39929/session/bd8e730f89de8b5114f84cf54bc7ce1f/element'
[DEBUG] Using open Channel [id: 0x12fee490, L:/127.0.0.1:59880 - R:localhost/127.0.0.1:39929] for POST '/session/bd8e730f89de8b5114f84cf54bc7ce1f/element'
[DEBUG] 

Request DefaultHttpRequest(decodeResult: success, version: HTTP/1.1)
POST /session/bd8e730f89de8b5114f84cf54bc7ce1f/element HTTP/1.1
User-Agent: selenium/4.8.3 (java windows)
Content-Length: 60
Content-Type: application/json; charset=utf-8
host: localhost:39929
accept: */*

Response DefaultHttpResponse(decodeResult: success, version: HTTP/1.1)
HTTP/1.1 200 OK
Content-Length: 88
Content-Type: application/json; charset=utf-8
cache-control: no-cache

[DEBUG] Adding key: http://localhost:39929 for channel [id: 0x12fee490, L:/127.0.0.1:59880 - R:localhost/127.0.0.1:39929]
[DEBUG] Using pooled Channel '[id: 0x12fee490, L:/127.0.0.1:59880 - R:localhost/127.0.0.1:39929]' for 'POST' to 'http://localhost:39929/session/bd8e730f89de8b5114f84cf54bc7ce1f/element/430f7088-3450-4b8c-8f3d-1628f1c9221a/value'
[DEBUG] Using open Channel [id: 0x12fee490, L:/127.0.0.1:59880 - R:localhost/127.0.0.1:39929] for POST '/session/bd8e730f89de8b5114f84cf54bc7ce1f/element/430f7088-3450-4b8c-8f3d-1628f1c9221a/value'
[DEBUG] 

Request DefaultHttpRequest(decodeResult: success, version: HTTP/1.1)
POST /session/bd8e730f89de8b5114f84cf54bc7ce1f/element/430f7088-3450-4b8c-8f3d-1628f1c9221a/value HTTP/1.1
User-Agent: selenium/4.8.3 (java windows)
Content-Length: 201
Content-Type: application/json; charset=utf-8
host: localhost:39929
accept: */*

Response DefaultHttpResponse(decodeResult: success, version: HTTP/1.1)
HTTP/1.1 200 OK
Content-Length: 14
Content-Type: application/json; charset=utf-8
cache-control: no-cache

[DEBUG] Adding key: http://localhost:39929 for channel [id: 0x12fee490, L:/127.0.0.1:59880 - R:localhost/127.0.0.1:39929]
[DEBUG] Using pooled Channel '[id: 0x12fee490, L:/127.0.0.1:59880 - R:localhost/127.0.0.1:39929]' for 'POST' to 'http://localhost:39929/session/bd8e730f89de8b5114f84cf54bc7ce1f/element'
[DEBUG] Using open Channel [id: 0x12fee490, L:/127.0.0.1:59880 - R:localhost/127.0.0.1:39929] for POST '/session/bd8e730f89de8b5114f84cf54bc7ce1f/element'
[DEBUG] 

Request DefaultHttpRequest(decodeResult: success, version: HTTP/1.1)
POST /session/bd8e730f89de8b5114f84cf54bc7ce1f/element HTTP/1.1
User-Agent: selenium/4.8.3 (java windows)
Content-Length: 59
Content-Type: application/json; charset=utf-8
host: localhost:39929
accept: */*

Response DefaultHttpResponse(decodeResult: success, version: HTTP/1.1)
HTTP/1.1 200 OK
Content-Length: 88
Content-Type: application/json; charset=utf-8
cache-control: no-cache

[DEBUG] Adding key: http://localhost:39929 for channel [id: 0x12fee490, L:/127.0.0.1:59880 - R:localhost/127.0.0.1:39929]
[DEBUG] Using pooled Channel '[id: 0x12fee490, L:/127.0.0.1:59880 - R:localhost/127.0.0.1:39929]' for 'POST' to 'http://localhost:39929/session/bd8e730f89de8b5114f84cf54bc7ce1f/element/1f5fa35b-72a0-457c-b07c-ee487e9757e2/click'
[DEBUG] Using open Channel [id: 0x12fee490, L:/127.0.0.1:59880 - R:localhost/127.0.0.1:39929] for POST '/session/bd8e730f89de8b5114f84cf54bc7ce1f/element/1f5fa35b-72a0-457c-b07c-ee487e9757e2/click'
[DEBUG] 

Request DefaultHttpRequest(decodeResult: success, version: HTTP/1.1)
POST /session/bd8e730f89de8b5114f84cf54bc7ce1f/element/1f5fa35b-72a0-457c-b07c-ee487e9757e2/click HTTP/1.1
User-Agent: selenium/4.8.3 (java windows)
Content-Length: 50
Content-Type: application/json; charset=utf-8
host: localhost:39929
accept: */*

Response DefaultHttpResponse(decodeResult: success, version: HTTP/1.1)
HTTP/1.1 200 OK
Content-Length: 14
Content-Type: application/json; charset=utf-8
cache-control: no-cache

[DEBUG] Adding key: http://localhost:39929 for channel [id: 0x12fee490, L:/127.0.0.1:59880 - R:localhost/127.0.0.1:39929]
[DEBUG] Using pooled Channel '[id: 0x12fee490, L:/127.0.0.1:59880 - R:localhost/127.0.0.1:39929]' for 'POST' to 'http://localhost:39929/session/bd8e730f89de8b5114f84cf54bc7ce1f/element'
[DEBUG] Using open Channel [id: 0x12fee490, L:/127.0.0.1:59880 - R:localhost/127.0.0.1:39929] for POST '/session/bd8e730f89de8b5114f84cf54bc7ce1f/element'
[DEBUG] 

Request DefaultHttpRequest(decodeResult: success, version: HTTP/1.1)
POST /session/bd8e730f89de8b5114f84cf54bc7ce1f/element HTTP/1.1
User-Agent: selenium/4.8.3 (java windows)
Content-Length: 65
Content-Type: application/json; charset=utf-8
host: localhost:39929
accept: */*

Response DefaultHttpResponse(decodeResult: success, version: HTTP/1.1)
HTTP/1.1 200 OK
Content-Length: 88
Content-Type: application/json; charset=utf-8
cache-control: no-cache

[DEBUG] Adding key: http://localhost:39929 for channel [id: 0x12fee490, L:/127.0.0.1:59880 - R:localhost/127.0.0.1:39929]
[DEBUG] Using pooled Channel '[id: 0x12fee490, L:/127.0.0.1:59880 - R:localhost/127.0.0.1:39929]' for 'POST' to 'http://localhost:39929/session/bd8e730f89de8b5114f84cf54bc7ce1f/element/08dd4cc1-d6da-4479-96e4-7881187e4fe7/click'
[DEBUG] Using open Channel [id: 0x12fee490, L:/127.0.0.1:59880 - R:localhost/127.0.0.1:39929] for POST '/session/bd8e730f89de8b5114f84cf54bc7ce1f/element/08dd4cc1-d6da-4479-96e4-7881187e4fe7/click'
[DEBUG] Entry count for : http://localhost:59881 : 1
[DEBUG] 

Request DefaultHttpRequest(decodeResult: success, version: HTTP/1.1)
POST /session/bd8e730f89de8b5114f84cf54bc7ce1f/element/08dd4cc1-d6da-4479-96e4-7881187e4fe7/click HTTP/1.1
User-Agent: selenium/4.8.3 (java windows)
Content-Length: 50
Content-Type: application/json; charset=utf-8
host: localhost:39929
accept: */*

Response DefaultHttpResponse(decodeResult: success, version: HTTP/1.1)
HTTP/1.1 200 OK
Content-Length: 14
Content-Type: application/json; charset=utf-8
cache-control: no-cache

[DEBUG] Adding key: http://localhost:39929 for channel [id: 0x12fee490, L:/127.0.0.1:59880 - R:localhost/127.0.0.1:39929]
TutorialsNinjaRegisterpassed
]]></system-out>
    <system-err><![CDATA[Starting ChromeDriver 112.0.5615.49 (bd2a7bcb881c11e8cfe3078709382934e3916914-refs/branch-heads/5615@{#936}) on port 39929
Only local connections are allowed.
Please see https://chromedriver.chromium.org/security-considerations for suggestions on keeping ChromeDriver safe.
ChromeDriver was started successfully.
Apr 25, 2023 9:12:32 AM org.openqa.selenium.devtools.CdpVersionFinder findNearestMatch
WARNING: Unable to find an exact match for CDP version 112, so returning the closest version found: 111
]]></system-err>
  </testcase>
  <testcase name="registerAccount" classname="com.automationcode_18th_March_2023.TN_Registration" time="3.084">
    <system-out><![CDATA[[DEBUG] Channel Closed: [id: 0xd6c88d82, L:/127.0.0.1:59888 ! R:localhost/127.0.0.1:59881] with attribute NettyResponseFuture{currentRetry=0,
	isDone=1,
	isCancelled=0,
	asyncHandler=org.asynchttpclient.ws.WebSocketUpgradeHandler@6f7295a1,
	nettyRequest=org.asynchttpclient.netty.request.NettyRequest@2a70162b,
	future=java.util.concurrent.CompletableFuture@18be19c2[Completed normally],
	uri=ws://localhost:59881/devtools/browser/a83625db-7aef-497c-ad8c-c4180b19c291,
	keepAlive=true,
	redirectCount=0,
	timeoutsHolder=null,
	inAuth=0,
	touch=1682428352077}
[DEBUG] Closing Channel [id: 0xd6c88d82, L:/127.0.0.1:59888 ! R:localhost/127.0.0.1:59881] 
[DEBUG] Using pooled Channel '[id: 0x12fee490, L:/127.0.0.1:59880 - R:localhost/127.0.0.1:39929]' for 'DELETE' to 'http://localhost:39929/session/bd8e730f89de8b5114f84cf54bc7ce1f'
[DEBUG] Using open Channel [id: 0x12fee490, L:/127.0.0.1:59880 - R:localhost/127.0.0.1:39929] for DELETE '/session/bd8e730f89de8b5114f84cf54bc7ce1f'
[DEBUG] Unexpected I/O exception on channel [id: 0x542862d0, L:/127.0.0.1:59887 - R:localhost/127.0.0.1:59881]
java.io.IOException: An existing connection was forcibly closed by the remote host
	at sun.nio.ch.SocketDispatcher.read0(Native Method) ~[na:1.8.0_351]
	at sun.nio.ch.SocketDispatcher.read(SocketDispatcher.java:43) ~[na:1.8.0_351]
	at sun.nio.ch.IOUtil.readIntoNativeBuffer(IOUtil.java:223) ~[na:1.8.0_351]
	at sun.nio.ch.IOUtil.read(IOUtil.java:192) ~[na:1.8.0_351]
	at sun.nio.ch.SocketChannelImpl.read(SocketChannelImpl.java:378) ~[na:1.8.0_351]
	at io.netty.buffer.PooledByteBuf.setBytes(PooledByteBuf.java:256) ~[netty-buffer-4.1.90.Final.jar:4.1.90.Final]
	at io.netty.buffer.AbstractByteBuf.writeBytes(AbstractByteBuf.java:1132) ~[netty-buffer-4.1.90.Final.jar:4.1.90.Final]
	at io.netty.channel.socket.nio.NioSocketChannel.doReadBytes(NioSocketChannel.java:357) ~[netty-transport-4.1.90.Final.jar:4.1.90.Final]
	at io.netty.channel.nio.AbstractNioByteChannel$NioByteUnsafe.read(AbstractNioByteChannel.java:151) ~[netty-transport-4.1.90.Final.jar:4.1.90.Final]
	at io.netty.channel.nio.NioEventLoop.processSelectedKey(NioEventLoop.java:788) [netty-transport-4.1.90.Final.jar:4.1.90.Final]
	at io.netty.channel.nio.NioEventLoop.processSelectedKeysOptimized(NioEventLoop.java:724) [netty-transport-4.1.90.Final.jar:4.1.90.Final]
	at io.netty.channel.nio.NioEventLoop.processSelectedKeys(NioEventLoop.java:650) [netty-transport-4.1.90.Final.jar:4.1.90.Final]
	at io.netty.channel.nio.NioEventLoop.run(NioEventLoop.java:562) [netty-transport-4.1.90.Final.jar:4.1.90.Final]
	at io.netty.util.concurrent.SingleThreadEventExecutor$4.run(SingleThreadEventExecutor.java:997) [netty-common-4.1.90.Final.jar:4.1.90.Final]
	at io.netty.util.internal.ThreadExecutorMap$2.run(ThreadExecutorMap.java:74) [netty-common-4.1.90.Final.jar:4.1.90.Final]
	at io.netty.util.concurrent.FastThreadLocalRunnable.run(FastThreadLocalRunnable.java:30) [netty-common-4.1.90.Final.jar:4.1.90.Final]
	at java.lang.Thread.run(Thread.java:750) [na:1.8.0_351]
[DEBUG] Closing Channel [id: 0x542862d0, L:/127.0.0.1:59887 - R:localhost/127.0.0.1:59881] 
[DEBUG] Channel Closed: [id: 0x542862d0, L:/127.0.0.1:59887 ! R:localhost/127.0.0.1:59881] with attribute DISCARD
[DEBUG] 

Request DefaultFullHttpRequest(decodeResult: success, version: HTTP/1.1, content: EmptyByteBufBE)
DELETE /session/bd8e730f89de8b5114f84cf54bc7ce1f HTTP/1.1
User-Agent: selenium/4.8.3 (java windows)
Content-Type: application/json; charset=utf-8
host: localhost:39929
accept: */*

Response DefaultHttpResponse(decodeResult: success, version: HTTP/1.1)
HTTP/1.1 200 OK
Content-Length: 14
Content-Type: application/json; charset=utf-8
cache-control: no-cache

[DEBUG] Adding key: http://localhost:39929 for channel [id: 0x12fee490, L:/127.0.0.1:59880 - R:localhost/127.0.0.1:39929]
[DEBUG] Channel Closed: [id: 0x12fee490, L:/127.0.0.1:59880 ! R:localhost/127.0.0.1:39929] with attribute DISCARD
[DEBUG] Entry count for : http://localhost:59881 : 1
[DEBUG] Entry count for : http://localhost:39929 : 1
[DEBUG] Adding Candidate expired Channel [id: 0x542862d0, L:/127.0.0.1:59887 ! R:localhost/127.0.0.1:59881] isIdleTimeoutExpired=false isRemotelyClosed=true isTtlExpired=false
[DEBUG] Closing Idle Channel [id: 0x542862d0, L:/127.0.0.1:59887 ! R:localhost/127.0.0.1:59881]
[DEBUG] Adding Candidate expired Channel [id: 0x12fee490, L:/127.0.0.1:59880 ! R:localhost/127.0.0.1:39929] isIdleTimeoutExpired=false isRemotelyClosed=true isTtlExpired=false
[DEBUG] Closing Idle Channel [id: 0x12fee490, L:/127.0.0.1:59880 ! R:localhost/127.0.0.1:39929]
[DEBUG] Closed 2 connections out of 2 in 0 ms
[DEBUG] Using new Channel '[id: 0x65714464, L:/127.0.0.1:59902 - R:localhost/127.0.0.1:30046]' for 'POST' to '/session'
[DEBUG] 

Request DefaultHttpRequest(decodeResult: success, version: HTTP/1.1)
POST /session HTTP/1.1
User-Agent: selenium/4.8.3 (java windows)
Content-Length: 571
Content-Type: application/json; charset=utf-8
host: localhost:30046
accept: */*

Response DefaultHttpResponse(decodeResult: success, version: HTTP/1.1)
HTTP/1.1 200 OK
Content-Length: 860
Content-Type: application/json; charset=utf-8
cache-control: no-cache

[DEBUG] Adding key: http://localhost:30046 for channel [id: 0x65714464, L:/127.0.0.1:59902 - R:localhost/127.0.0.1:30046]
[DEBUG] Using new Channel '[id: 0x08ebc4cc, L:/127.0.0.1:59910 - R:localhost/127.0.0.1:59903]' for 'GET' to '/json/version'
[DEBUG] 

Request DefaultFullHttpRequest(decodeResult: success, version: HTTP/1.1, content: EmptyByteBufBE)
GET /json/version HTTP/1.1
User-Agent: selenium/4.8.3 (java windows)
host: localhost:59903
accept: */*

Response DefaultHttpResponse(decodeResult: success, version: HTTP/1.1)
HTTP/1.1 200 OK
Content-Security-Policy: frame-ancestors 'none'
Content-Length: 424
Content-Type: application/json; charset=UTF-8

[DEBUG] Adding key: http://localhost:59903 for channel [id: 0x08ebc4cc, L:/127.0.0.1:59910 - R:localhost/127.0.0.1:59903]
[DEBUG] Using new Channel '[id: 0x3b32034b, L:/127.0.0.1:59911 - R:localhost/127.0.0.1:59903]' for 'GET' to '/devtools/browser/6f0437f6-1a65-4f25-bda9-e811bb201d36'
[DEBUG] 

Request DefaultFullHttpRequest(decodeResult: success, version: HTTP/1.1, content: EmptyByteBufBE)
GET /devtools/browser/6f0437f6-1a65-4f25-bda9-e811bb201d36 HTTP/1.1
upgrade: websocket
connection: upgrade
sec-websocket-key: UX5RSlMQRzo765OSgu2L5g==
sec-websocket-version: 13
origin: http://localhost:59903
host: localhost:59903
accept: */*
user-agent: AHC/2.1

Response DefaultHttpResponse(decodeResult: success, version: HTTP/1.1)
HTTP/1.1 101 WebSocket Protocol Handshake
Upgrade: WebSocket
Connection: Upgrade
Sec-WebSocket-Accept: iaMDo+09Bwq5IUbr43qtGFFDr4s=

[DEBUG] Using pooled Channel '[id: 0x65714464, L:/127.0.0.1:59902 - R:localhost/127.0.0.1:30046]' for 'POST' to 'http://localhost:30046/session/9f6864eae5eb3c46d93d8789a4d570da/url'
[DEBUG] Using open Channel [id: 0x65714464, L:/127.0.0.1:59902 - R:localhost/127.0.0.1:30046] for POST '/session/9f6864eae5eb3c46d93d8789a4d570da/url'
[DEBUG] Entry count for : http://localhost:59903 : 1
[DEBUG] Entry count for : http://localhost:59903 : 1
[DEBUG] Entry count for : http://localhost:59903 : 1
[DEBUG] Entry count for : http://localhost:59903 : 1
[DEBUG] Entry count for : http://localhost:59903 : 1
[DEBUG] Entry count for : http://localhost:59903 : 1
[DEBUG] 

Request DefaultHttpRequest(decodeResult: success, version: HTTP/1.1)
POST /session/9f6864eae5eb3c46d93d8789a4d570da/url HTTP/1.1
User-Agent: selenium/4.8.3 (java windows)
Content-Length: 60
Content-Type: application/json; charset=utf-8
host: localhost:30046
accept: */*

Response DefaultHttpResponse(decodeResult: success, version: HTTP/1.1)
HTTP/1.1 200 OK
Content-Length: 14
Content-Type: application/json; charset=utf-8
cache-control: no-cache

[DEBUG] Adding key: http://localhost:30046 for channel [id: 0x65714464, L:/127.0.0.1:59902 - R:localhost/127.0.0.1:30046]
registerAccountstarting test
[DEBUG] Using pooled Channel '[id: 0x65714464, L:/127.0.0.1:59902 - R:localhost/127.0.0.1:30046]' for 'POST' to 'http://localhost:30046/session/9f6864eae5eb3c46d93d8789a4d570da/element'
[DEBUG] Using open Channel [id: 0x65714464, L:/127.0.0.1:59902 - R:localhost/127.0.0.1:30046] for POST '/session/9f6864eae5eb3c46d93d8789a4d570da/element'
[DEBUG] 

Request DefaultHttpRequest(decodeResult: success, version: HTTP/1.1)
POST /session/9f6864eae5eb3c46d93d8789a4d570da/element HTTP/1.1
User-Agent: selenium/4.8.3 (java windows)
Content-Length: 51
Content-Type: application/json; charset=utf-8
host: localhost:30046
accept: */*

Response DefaultHttpResponse(decodeResult: success, version: HTTP/1.1)
HTTP/1.1 200 OK
Content-Length: 88
Content-Type: application/json; charset=utf-8
cache-control: no-cache

[DEBUG] Adding key: http://localhost:30046 for channel [id: 0x65714464, L:/127.0.0.1:59902 - R:localhost/127.0.0.1:30046]
[DEBUG] Using pooled Channel '[id: 0x65714464, L:/127.0.0.1:59902 - R:localhost/127.0.0.1:30046]' for 'POST' to 'http://localhost:30046/session/9f6864eae5eb3c46d93d8789a4d570da/element/36670b44-2a15-462c-913b-3a16b344703c/click'
[DEBUG] Using open Channel [id: 0x65714464, L:/127.0.0.1:59902 - R:localhost/127.0.0.1:30046] for POST '/session/9f6864eae5eb3c46d93d8789a4d570da/element/36670b44-2a15-462c-913b-3a16b344703c/click'
[DEBUG] Entry count for : http://localhost:59903 : 1
[DEBUG] 

Request DefaultHttpRequest(decodeResult: success, version: HTTP/1.1)
POST /session/9f6864eae5eb3c46d93d8789a4d570da/element/36670b44-2a15-462c-913b-3a16b344703c/click HTTP/1.1
User-Agent: selenium/4.8.3 (java windows)
Content-Length: 50
Content-Type: application/json; charset=utf-8
host: localhost:30046
accept: */*

Response DefaultHttpResponse(decodeResult: success, version: HTTP/1.1)
HTTP/1.1 200 OK
Content-Length: 14
Content-Type: application/json; charset=utf-8
cache-control: no-cache

[DEBUG] Adding key: http://localhost:30046 for channel [id: 0x65714464, L:/127.0.0.1:59902 - R:localhost/127.0.0.1:30046]
[DEBUG] Using pooled Channel '[id: 0x65714464, L:/127.0.0.1:59902 - R:localhost/127.0.0.1:30046]' for 'POST' to 'http://localhost:30046/session/9f6864eae5eb3c46d93d8789a4d570da/element'
[DEBUG] Using open Channel [id: 0x65714464, L:/127.0.0.1:59902 - R:localhost/127.0.0.1:30046] for POST '/session/9f6864eae5eb3c46d93d8789a4d570da/element'
[DEBUG] 

Request DefaultHttpRequest(decodeResult: success, version: HTTP/1.1)
POST /session/9f6864eae5eb3c46d93d8789a4d570da/element HTTP/1.1
User-Agent: selenium/4.8.3 (java windows)
Content-Length: 49
Content-Type: application/json; charset=utf-8
host: localhost:30046
accept: */*

Response DefaultHttpResponse(decodeResult: success, version: HTTP/1.1)
HTTP/1.1 200 OK
Content-Length: 88
Content-Type: application/json; charset=utf-8
cache-control: no-cache

[DEBUG] Adding key: http://localhost:30046 for channel [id: 0x65714464, L:/127.0.0.1:59902 - R:localhost/127.0.0.1:30046]
[DEBUG] Using pooled Channel '[id: 0x65714464, L:/127.0.0.1:59902 - R:localhost/127.0.0.1:30046]' for 'POST' to 'http://localhost:30046/session/9f6864eae5eb3c46d93d8789a4d570da/element/c2d846c7-35b6-49f6-a0aa-b3d56d8ec9dd/click'
[DEBUG] Using open Channel [id: 0x65714464, L:/127.0.0.1:59902 - R:localhost/127.0.0.1:30046] for POST '/session/9f6864eae5eb3c46d93d8789a4d570da/element/c2d846c7-35b6-49f6-a0aa-b3d56d8ec9dd/click'
[DEBUG] Entry count for : http://localhost:59903 : 1
[DEBUG] 

Request DefaultHttpRequest(decodeResult: success, version: HTTP/1.1)
POST /session/9f6864eae5eb3c46d93d8789a4d570da/element/c2d846c7-35b6-49f6-a0aa-b3d56d8ec9dd/click HTTP/1.1
User-Agent: selenium/4.8.3 (java windows)
Content-Length: 50
Content-Type: application/json; charset=utf-8
host: localhost:30046
accept: */*

Response DefaultHttpResponse(decodeResult: success, version: HTTP/1.1)
HTTP/1.1 200 OK
Content-Length: 14
Content-Type: application/json; charset=utf-8
cache-control: no-cache

[DEBUG] Adding key: http://localhost:30046 for channel [id: 0x65714464, L:/127.0.0.1:59902 - R:localhost/127.0.0.1:30046]
[DEBUG] Using pooled Channel '[id: 0x65714464, L:/127.0.0.1:59902 - R:localhost/127.0.0.1:30046]' for 'POST' to 'http://localhost:30046/session/9f6864eae5eb3c46d93d8789a4d570da/element'
[DEBUG] Using open Channel [id: 0x65714464, L:/127.0.0.1:59902 - R:localhost/127.0.0.1:30046] for POST '/session/9f6864eae5eb3c46d93d8789a4d570da/element'
[DEBUG] 

Request DefaultHttpRequest(decodeResult: success, version: HTTP/1.1)
POST /session/9f6864eae5eb3c46d93d8789a4d570da/element HTTP/1.1
User-Agent: selenium/4.8.3 (java windows)
Content-Length: 62
Content-Type: application/json; charset=utf-8
host: localhost:30046
accept: */*

Response DefaultHttpResponse(decodeResult: success, version: HTTP/1.1)
HTTP/1.1 200 OK
Content-Length: 88
Content-Type: application/json; charset=utf-8
cache-control: no-cache

[DEBUG] Adding key: http://localhost:30046 for channel [id: 0x65714464, L:/127.0.0.1:59902 - R:localhost/127.0.0.1:30046]
[DEBUG] Using pooled Channel '[id: 0x65714464, L:/127.0.0.1:59902 - R:localhost/127.0.0.1:30046]' for 'POST' to 'http://localhost:30046/session/9f6864eae5eb3c46d93d8789a4d570da/element/7c1edc46-b8ea-41b8-a2f0-fa8a49ae3a5d/value'
[DEBUG] Using open Channel [id: 0x65714464, L:/127.0.0.1:59902 - R:localhost/127.0.0.1:30046] for POST '/session/9f6864eae5eb3c46d93d8789a4d570da/element/7c1edc46-b8ea-41b8-a2f0-fa8a49ae3a5d/value'
[DEBUG] 

Request DefaultHttpRequest(decodeResult: success, version: HTTP/1.1)
POST /session/9f6864eae5eb3c46d93d8789a4d570da/element/7c1edc46-b8ea-41b8-a2f0-fa8a49ae3a5d/value HTTP/1.1
User-Agent: selenium/4.8.3 (java windows)
Content-Length: 141
Content-Type: application/json; charset=utf-8
host: localhost:30046
accept: */*

Response DefaultHttpResponse(decodeResult: success, version: HTTP/1.1)
HTTP/1.1 200 OK
Content-Length: 14
Content-Type: application/json; charset=utf-8
cache-control: no-cache

[DEBUG] Adding key: http://localhost:30046 for channel [id: 0x65714464, L:/127.0.0.1:59902 - R:localhost/127.0.0.1:30046]
[DEBUG] Using pooled Channel '[id: 0x65714464, L:/127.0.0.1:59902 - R:localhost/127.0.0.1:30046]' for 'POST' to 'http://localhost:30046/session/9f6864eae5eb3c46d93d8789a4d570da/element'
[DEBUG] Using open Channel [id: 0x65714464, L:/127.0.0.1:59902 - R:localhost/127.0.0.1:30046] for POST '/session/9f6864eae5eb3c46d93d8789a4d570da/element'
[DEBUG] 

Request DefaultHttpRequest(decodeResult: success, version: HTTP/1.1)
POST /session/9f6864eae5eb3c46d93d8789a4d570da/element HTTP/1.1
User-Agent: selenium/4.8.3 (java windows)
Content-Length: 61
Content-Type: application/json; charset=utf-8
host: localhost:30046
accept: */*

Response DefaultHttpResponse(decodeResult: success, version: HTTP/1.1)
HTTP/1.1 200 OK
Content-Length: 88
Content-Type: application/json; charset=utf-8
cache-control: no-cache

[DEBUG] Adding key: http://localhost:30046 for channel [id: 0x65714464, L:/127.0.0.1:59902 - R:localhost/127.0.0.1:30046]
[DEBUG] Using pooled Channel '[id: 0x65714464, L:/127.0.0.1:59902 - R:localhost/127.0.0.1:30046]' for 'POST' to 'http://localhost:30046/session/9f6864eae5eb3c46d93d8789a4d570da/element/3b02fcdb-11dc-4fa0-8699-d069cb78a813/value'
[DEBUG] Using open Channel [id: 0x65714464, L:/127.0.0.1:59902 - R:localhost/127.0.0.1:30046] for POST '/session/9f6864eae5eb3c46d93d8789a4d570da/element/3b02fcdb-11dc-4fa0-8699-d069cb78a813/value'
[DEBUG] 

Request DefaultHttpRequest(decodeResult: success, version: HTTP/1.1)
POST /session/9f6864eae5eb3c46d93d8789a4d570da/element/3b02fcdb-11dc-4fa0-8699-d069cb78a813/value HTTP/1.1
User-Agent: selenium/4.8.3 (java windows)
Content-Length: 161
Content-Type: application/json; charset=utf-8
host: localhost:30046
accept: */*

Response DefaultHttpResponse(decodeResult: success, version: HTTP/1.1)
HTTP/1.1 200 OK
Content-Length: 14
Content-Type: application/json; charset=utf-8
cache-control: no-cache

[DEBUG] Adding key: http://localhost:30046 for channel [id: 0x65714464, L:/127.0.0.1:59902 - R:localhost/127.0.0.1:30046]
[DEBUG] Using pooled Channel '[id: 0x65714464, L:/127.0.0.1:59902 - R:localhost/127.0.0.1:30046]' for 'POST' to 'http://localhost:30046/session/9f6864eae5eb3c46d93d8789a4d570da/element'
[DEBUG] Using open Channel [id: 0x65714464, L:/127.0.0.1:59902 - R:localhost/127.0.0.1:30046] for POST '/session/9f6864eae5eb3c46d93d8789a4d570da/element'
[DEBUG] 

Request DefaultHttpRequest(decodeResult: success, version: HTTP/1.1)
POST /session/9f6864eae5eb3c46d93d8789a4d570da/element HTTP/1.1
User-Agent: selenium/4.8.3 (java windows)
Content-Length: 58
Content-Type: application/json; charset=utf-8
host: localhost:30046
accept: */*

Response DefaultHttpResponse(decodeResult: success, version: HTTP/1.1)
HTTP/1.1 200 OK
Content-Length: 88
Content-Type: application/json; charset=utf-8
cache-control: no-cache

[DEBUG] Adding key: http://localhost:30046 for channel [id: 0x65714464, L:/127.0.0.1:59902 - R:localhost/127.0.0.1:30046]
[DEBUG] Using pooled Channel '[id: 0x65714464, L:/127.0.0.1:59902 - R:localhost/127.0.0.1:30046]' for 'POST' to 'http://localhost:30046/session/9f6864eae5eb3c46d93d8789a4d570da/element/7dc6551c-5fd0-4c9d-b9e6-3049adf71ceb/value'
[DEBUG] Using open Channel [id: 0x65714464, L:/127.0.0.1:59902 - R:localhost/127.0.0.1:30046] for POST '/session/9f6864eae5eb3c46d93d8789a4d570da/element/7dc6551c-5fd0-4c9d-b9e6-3049adf71ceb/value'
[DEBUG] 

Request DefaultHttpRequest(decodeResult: success, version: HTTP/1.1)
POST /session/9f6864eae5eb3c46d93d8789a4d570da/element/7dc6551c-5fd0-4c9d-b9e6-3049adf71ceb/value HTTP/1.1
User-Agent: selenium/4.8.3 (java windows)
Content-Length: 321
Content-Type: application/json; charset=utf-8
host: localhost:30046
accept: */*

Response DefaultHttpResponse(decodeResult: success, version: HTTP/1.1)
HTTP/1.1 200 OK
Content-Length: 14
Content-Type: application/json; charset=utf-8
cache-control: no-cache

[DEBUG] Adding key: http://localhost:30046 for channel [id: 0x65714464, L:/127.0.0.1:59902 - R:localhost/127.0.0.1:30046]
[DEBUG] Using pooled Channel '[id: 0x65714464, L:/127.0.0.1:59902 - R:localhost/127.0.0.1:30046]' for 'POST' to 'http://localhost:30046/session/9f6864eae5eb3c46d93d8789a4d570da/element'
[DEBUG] Using open Channel [id: 0x65714464, L:/127.0.0.1:59902 - R:localhost/127.0.0.1:30046] for POST '/session/9f6864eae5eb3c46d93d8789a4d570da/element'
[DEBUG] 

Request DefaultHttpRequest(decodeResult: success, version: HTTP/1.1)
POST /session/9f6864eae5eb3c46d93d8789a4d570da/element HTTP/1.1
User-Agent: selenium/4.8.3 (java windows)
Content-Length: 62
Content-Type: application/json; charset=utf-8
host: localhost:30046
accept: */*

Response DefaultHttpResponse(decodeResult: success, version: HTTP/1.1)
HTTP/1.1 200 OK
Content-Length: 88
Content-Type: application/json; charset=utf-8
cache-control: no-cache

[DEBUG] Adding key: http://localhost:30046 for channel [id: 0x65714464, L:/127.0.0.1:59902 - R:localhost/127.0.0.1:30046]
[DEBUG] Using pooled Channel '[id: 0x65714464, L:/127.0.0.1:59902 - R:localhost/127.0.0.1:30046]' for 'POST' to 'http://localhost:30046/session/9f6864eae5eb3c46d93d8789a4d570da/element/e84da2c9-a5ff-4ba3-8db7-dd9fd6ff86d9/value'
[DEBUG] Using open Channel [id: 0x65714464, L:/127.0.0.1:59902 - R:localhost/127.0.0.1:30046] for POST '/session/9f6864eae5eb3c46d93d8789a4d570da/element/e84da2c9-a5ff-4ba3-8db7-dd9fd6ff86d9/value'
[DEBUG] 

Request DefaultHttpRequest(decodeResult: success, version: HTTP/1.1)
POST /session/9f6864eae5eb3c46d93d8789a4d570da/element/e84da2c9-a5ff-4ba3-8db7-dd9fd6ff86d9/value HTTP/1.1
User-Agent: selenium/4.8.3 (java windows)
Content-Length: 181
Content-Type: application/json; charset=utf-8
host: localhost:30046
accept: */*

Response DefaultHttpResponse(decodeResult: success, version: HTTP/1.1)
HTTP/1.1 200 OK
Content-Length: 14
Content-Type: application/json; charset=utf-8
cache-control: no-cache

[DEBUG] Adding key: http://localhost:30046 for channel [id: 0x65714464, L:/127.0.0.1:59902 - R:localhost/127.0.0.1:30046]
[DEBUG] Using pooled Channel '[id: 0x65714464, L:/127.0.0.1:59902 - R:localhost/127.0.0.1:30046]' for 'POST' to 'http://localhost:30046/session/9f6864eae5eb3c46d93d8789a4d570da/element'
[DEBUG] Using open Channel [id: 0x65714464, L:/127.0.0.1:59902 - R:localhost/127.0.0.1:30046] for POST '/session/9f6864eae5eb3c46d93d8789a4d570da/element'
[DEBUG] 

Request DefaultHttpRequest(decodeResult: success, version: HTTP/1.1)
POST /session/9f6864eae5eb3c46d93d8789a4d570da/element HTTP/1.1
User-Agent: selenium/4.8.3 (java windows)
Content-Length: 61
Content-Type: application/json; charset=utf-8
host: localhost:30046
accept: */*

Response DefaultHttpResponse(decodeResult: success, version: HTTP/1.1)
HTTP/1.1 200 OK
Content-Length: 88
Content-Type: application/json; charset=utf-8
cache-control: no-cache

[DEBUG] Adding key: http://localhost:30046 for channel [id: 0x65714464, L:/127.0.0.1:59902 - R:localhost/127.0.0.1:30046]
[DEBUG] Using pooled Channel '[id: 0x65714464, L:/127.0.0.1:59902 - R:localhost/127.0.0.1:30046]' for 'POST' to 'http://localhost:30046/session/9f6864eae5eb3c46d93d8789a4d570da/element/fbab37d4-b650-4316-81ef-c16a3475b267/value'
[DEBUG] Using open Channel [id: 0x65714464, L:/127.0.0.1:59902 - R:localhost/127.0.0.1:30046] for POST '/session/9f6864eae5eb3c46d93d8789a4d570da/element/fbab37d4-b650-4316-81ef-c16a3475b267/value'
[DEBUG] 

Request DefaultHttpRequest(decodeResult: success, version: HTTP/1.1)
POST /session/9f6864eae5eb3c46d93d8789a4d570da/element/fbab37d4-b650-4316-81ef-c16a3475b267/value HTTP/1.1
User-Agent: selenium/4.8.3 (java windows)
Content-Length: 161
Content-Type: application/json; charset=utf-8
host: localhost:30046
accept: */*

Response DefaultHttpResponse(decodeResult: success, version: HTTP/1.1)
HTTP/1.1 200 OK
Content-Length: 14
Content-Type: application/json; charset=utf-8
cache-control: no-cache

[DEBUG] Adding key: http://localhost:30046 for channel [id: 0x65714464, L:/127.0.0.1:59902 - R:localhost/127.0.0.1:30046]
[DEBUG] Using pooled Channel '[id: 0x65714464, L:/127.0.0.1:59902 - R:localhost/127.0.0.1:30046]' for 'POST' to 'http://localhost:30046/session/9f6864eae5eb3c46d93d8789a4d570da/element'
[DEBUG] Using open Channel [id: 0x65714464, L:/127.0.0.1:59902 - R:localhost/127.0.0.1:30046] for POST '/session/9f6864eae5eb3c46d93d8789a4d570da/element'
[DEBUG] 

Request DefaultHttpRequest(decodeResult: success, version: HTTP/1.1)
POST /session/9f6864eae5eb3c46d93d8789a4d570da/element HTTP/1.1
User-Agent: selenium/4.8.3 (java windows)
Content-Length: 60
Content-Type: application/json; charset=utf-8
host: localhost:30046
accept: */*

Response DefaultHttpResponse(decodeResult: success, version: HTTP/1.1)
HTTP/1.1 200 OK
Content-Length: 88
Content-Type: application/json; charset=utf-8
cache-control: no-cache

[DEBUG] Adding key: http://localhost:30046 for channel [id: 0x65714464, L:/127.0.0.1:59902 - R:localhost/127.0.0.1:30046]
[DEBUG] Using pooled Channel '[id: 0x65714464, L:/127.0.0.1:59902 - R:localhost/127.0.0.1:30046]' for 'POST' to 'http://localhost:30046/session/9f6864eae5eb3c46d93d8789a4d570da/element/9cc1851d-a9ad-4bd5-854e-41a5d69f7f9b/value'
[DEBUG] Using open Channel [id: 0x65714464, L:/127.0.0.1:59902 - R:localhost/127.0.0.1:30046] for POST '/session/9f6864eae5eb3c46d93d8789a4d570da/element/9cc1851d-a9ad-4bd5-854e-41a5d69f7f9b/value'
[DEBUG] 

Request DefaultHttpRequest(decodeResult: success, version: HTTP/1.1)
POST /session/9f6864eae5eb3c46d93d8789a4d570da/element/9cc1851d-a9ad-4bd5-854e-41a5d69f7f9b/value HTTP/1.1
User-Agent: selenium/4.8.3 (java windows)
Content-Length: 161
Content-Type: application/json; charset=utf-8
host: localhost:30046
accept: */*

Response DefaultHttpResponse(decodeResult: success, version: HTTP/1.1)
HTTP/1.1 200 OK
Content-Length: 14
Content-Type: application/json; charset=utf-8
cache-control: no-cache

[DEBUG] Adding key: http://localhost:30046 for channel [id: 0x65714464, L:/127.0.0.1:59902 - R:localhost/127.0.0.1:30046]
[DEBUG] Using pooled Channel '[id: 0x65714464, L:/127.0.0.1:59902 - R:localhost/127.0.0.1:30046]' for 'POST' to 'http://localhost:30046/session/9f6864eae5eb3c46d93d8789a4d570da/element'
[DEBUG] Using open Channel [id: 0x65714464, L:/127.0.0.1:59902 - R:localhost/127.0.0.1:30046] for POST '/session/9f6864eae5eb3c46d93d8789a4d570da/element'
[DEBUG] 

Request DefaultHttpRequest(decodeResult: success, version: HTTP/1.1)
POST /session/9f6864eae5eb3c46d93d8789a4d570da/element HTTP/1.1
User-Agent: selenium/4.8.3 (java windows)
Content-Length: 59
Content-Type: application/json; charset=utf-8
host: localhost:30046
accept: */*

Response DefaultHttpResponse(decodeResult: success, version: HTTP/1.1)
HTTP/1.1 200 OK
Content-Length: 88
Content-Type: application/json; charset=utf-8
cache-control: no-cache

[DEBUG] Adding key: http://localhost:30046 for channel [id: 0x65714464, L:/127.0.0.1:59902 - R:localhost/127.0.0.1:30046]
[DEBUG] Using pooled Channel '[id: 0x65714464, L:/127.0.0.1:59902 - R:localhost/127.0.0.1:30046]' for 'POST' to 'http://localhost:30046/session/9f6864eae5eb3c46d93d8789a4d570da/element/3fd7921d-98c6-4c3a-9498-d794c1338435/click'
[DEBUG] Using open Channel [id: 0x65714464, L:/127.0.0.1:59902 - R:localhost/127.0.0.1:30046] for POST '/session/9f6864eae5eb3c46d93d8789a4d570da/element/3fd7921d-98c6-4c3a-9498-d794c1338435/click'
[DEBUG] 

Request DefaultHttpRequest(decodeResult: success, version: HTTP/1.1)
POST /session/9f6864eae5eb3c46d93d8789a4d570da/element/3fd7921d-98c6-4c3a-9498-d794c1338435/click HTTP/1.1
User-Agent: selenium/4.8.3 (java windows)
Content-Length: 50
Content-Type: application/json; charset=utf-8
host: localhost:30046
accept: */*

Response DefaultHttpResponse(decodeResult: success, version: HTTP/1.1)
HTTP/1.1 200 OK
Content-Length: 14
Content-Type: application/json; charset=utf-8
cache-control: no-cache

[DEBUG] Adding key: http://localhost:30046 for channel [id: 0x65714464, L:/127.0.0.1:59902 - R:localhost/127.0.0.1:30046]
[DEBUG] Using pooled Channel '[id: 0x65714464, L:/127.0.0.1:59902 - R:localhost/127.0.0.1:30046]' for 'POST' to 'http://localhost:30046/session/9f6864eae5eb3c46d93d8789a4d570da/element'
[DEBUG] Using open Channel [id: 0x65714464, L:/127.0.0.1:59902 - R:localhost/127.0.0.1:30046] for POST '/session/9f6864eae5eb3c46d93d8789a4d570da/element'
[DEBUG] 

Request DefaultHttpRequest(decodeResult: success, version: HTTP/1.1)
POST /session/9f6864eae5eb3c46d93d8789a4d570da/element HTTP/1.1
User-Agent: selenium/4.8.3 (java windows)
Content-Length: 65
Content-Type: application/json; charset=utf-8
host: localhost:30046
accept: */*

Response DefaultHttpResponse(decodeResult: success, version: HTTP/1.1)
HTTP/1.1 200 OK
Content-Length: 88
Content-Type: application/json; charset=utf-8
cache-control: no-cache

[DEBUG] Adding key: http://localhost:30046 for channel [id: 0x65714464, L:/127.0.0.1:59902 - R:localhost/127.0.0.1:30046]
[DEBUG] Using pooled Channel '[id: 0x65714464, L:/127.0.0.1:59902 - R:localhost/127.0.0.1:30046]' for 'POST' to 'http://localhost:30046/session/9f6864eae5eb3c46d93d8789a4d570da/element/610cb6de-6425-4a9f-aab0-e83799e5d13f/click'
[DEBUG] Using open Channel [id: 0x65714464, L:/127.0.0.1:59902 - R:localhost/127.0.0.1:30046] for POST '/session/9f6864eae5eb3c46d93d8789a4d570da/element/610cb6de-6425-4a9f-aab0-e83799e5d13f/click'
[DEBUG] Entry count for : http://localhost:59903 : 1
[DEBUG] 

Request DefaultHttpRequest(decodeResult: success, version: HTTP/1.1)
POST /session/9f6864eae5eb3c46d93d8789a4d570da/element/610cb6de-6425-4a9f-aab0-e83799e5d13f/click HTTP/1.1
User-Agent: selenium/4.8.3 (java windows)
Content-Length: 50
Content-Type: application/json; charset=utf-8
host: localhost:30046
accept: */*

Response DefaultHttpResponse(decodeResult: success, version: HTTP/1.1)
HTTP/1.1 200 OK
Content-Length: 14
Content-Type: application/json; charset=utf-8
cache-control: no-cache

[DEBUG] Adding key: http://localhost:30046 for channel [id: 0x65714464, L:/127.0.0.1:59902 - R:localhost/127.0.0.1:30046]
registerAccountpassed
]]></system-out>
    <system-err><![CDATA[Starting ChromeDriver 112.0.5615.49 (bd2a7bcb881c11e8cfe3078709382934e3916914-refs/branch-heads/5615@{#936}) on port 30046
Only local connections are allowed.
Please see https://chromedriver.chromium.org/security-considerations for suggestions on keeping ChromeDriver safe.
ChromeDriver was started successfully.
Apr 25, 2023 9:12:41 AM org.openqa.selenium.devtools.CdpVersionFinder findNearestMatch
WARNING: Unable to find an exact match for CDP version 112, so returning the closest version found: 111
]]></system-err>
  </testcase>
  <testcase name="testCase1" classname="com.automationcode_12thMarch_2023.ImportanceOfBM_Test_AM" time="0.001">
    <system-out><![CDATA[[DEBUG] Channel Closed: [id: 0x3b32034b, L:/127.0.0.1:59911 ! R:localhost/127.0.0.1:59903] with attribute NettyResponseFuture{currentRetry=0,
	isDone=1,
	isCancelled=0,
	asyncHandler=org.asynchttpclient.ws.WebSocketUpgradeHandler@26d72cf5,
	nettyRequest=org.asynchttpclient.netty.request.NettyRequest@360aebd8,
	future=java.util.concurrent.CompletableFuture@5ef0554d[Completed normally],
	uri=ws://localhost:59903/devtools/browser/6f0437f6-1a65-4f25-bda9-e811bb201d36,
	keepAlive=true,
	redirectCount=0,
	timeoutsHolder=null,
	inAuth=0,
	touch=1682428361625}
[DEBUG] Closing Channel [id: 0x3b32034b, L:/127.0.0.1:59911 ! R:localhost/127.0.0.1:59903] 
[DEBUG] Using pooled Channel '[id: 0x65714464, L:/127.0.0.1:59902 - R:localhost/127.0.0.1:30046]' for 'DELETE' to 'http://localhost:30046/session/9f6864eae5eb3c46d93d8789a4d570da'
[DEBUG] Using open Channel [id: 0x65714464, L:/127.0.0.1:59902 - R:localhost/127.0.0.1:30046] for DELETE '/session/9f6864eae5eb3c46d93d8789a4d570da'
[DEBUG] Unexpected I/O exception on channel [id: 0x08ebc4cc, L:/127.0.0.1:59910 - R:localhost/127.0.0.1:59903]
java.io.IOException: An existing connection was forcibly closed by the remote host
	at sun.nio.ch.SocketDispatcher.read0(Native Method) ~[na:1.8.0_351]
	at sun.nio.ch.SocketDispatcher.read(SocketDispatcher.java:43) ~[na:1.8.0_351]
	at sun.nio.ch.IOUtil.readIntoNativeBuffer(IOUtil.java:223) ~[na:1.8.0_351]
	at sun.nio.ch.IOUtil.read(IOUtil.java:192) ~[na:1.8.0_351]
	at sun.nio.ch.SocketChannelImpl.read(SocketChannelImpl.java:378) ~[na:1.8.0_351]
	at io.netty.buffer.PooledByteBuf.setBytes(PooledByteBuf.java:256) ~[netty-buffer-4.1.90.Final.jar:4.1.90.Final]
	at io.netty.buffer.AbstractByteBuf.writeBytes(AbstractByteBuf.java:1132) ~[netty-buffer-4.1.90.Final.jar:4.1.90.Final]
	at io.netty.channel.socket.nio.NioSocketChannel.doReadBytes(NioSocketChannel.java:357) ~[netty-transport-4.1.90.Final.jar:4.1.90.Final]
	at io.netty.channel.nio.AbstractNioByteChannel$NioByteUnsafe.read(AbstractNioByteChannel.java:151) ~[netty-transport-4.1.90.Final.jar:4.1.90.Final]
	at io.netty.channel.nio.NioEventLoop.processSelectedKey(NioEventLoop.java:788) [netty-transport-4.1.90.Final.jar:4.1.90.Final]
	at io.netty.channel.nio.NioEventLoop.processSelectedKeysOptimized(NioEventLoop.java:724) [netty-transport-4.1.90.Final.jar:4.1.90.Final]
	at io.netty.channel.nio.NioEventLoop.processSelectedKeys(NioEventLoop.java:650) [netty-transport-4.1.90.Final.jar:4.1.90.Final]
	at io.netty.channel.nio.NioEventLoop.run(NioEventLoop.java:562) [netty-transport-4.1.90.Final.jar:4.1.90.Final]
	at io.netty.util.concurrent.SingleThreadEventExecutor$4.run(SingleThreadEventExecutor.java:997) [netty-common-4.1.90.Final.jar:4.1.90.Final]
	at io.netty.util.internal.ThreadExecutorMap$2.run(ThreadExecutorMap.java:74) [netty-common-4.1.90.Final.jar:4.1.90.Final]
	at io.netty.util.concurrent.FastThreadLocalRunnable.run(FastThreadLocalRunnable.java:30) [netty-common-4.1.90.Final.jar:4.1.90.Final]
	at java.lang.Thread.run(Thread.java:750) [na:1.8.0_351]
[DEBUG] Closing Channel [id: 0x08ebc4cc, L:/127.0.0.1:59910 - R:localhost/127.0.0.1:59903] 
[DEBUG] Channel Closed: [id: 0x08ebc4cc, L:/127.0.0.1:59910 ! R:localhost/127.0.0.1:59903] with attribute DISCARD
[DEBUG] 

Request DefaultFullHttpRequest(decodeResult: success, version: HTTP/1.1, content: EmptyByteBufBE)
DELETE /session/9f6864eae5eb3c46d93d8789a4d570da HTTP/1.1
User-Agent: selenium/4.8.3 (java windows)
Content-Type: application/json; charset=utf-8
host: localhost:30046
accept: */*

Response DefaultHttpResponse(decodeResult: success, version: HTTP/1.1)
HTTP/1.1 200 OK
Content-Length: 14
Content-Type: application/json; charset=utf-8
cache-control: no-cache

[DEBUG] Adding key: http://localhost:30046 for channel [id: 0x65714464, L:/127.0.0.1:59902 - R:localhost/127.0.0.1:30046]
[DEBUG] Channel Closed: [id: 0x65714464, L:/127.0.0.1:59902 ! R:localhost/127.0.0.1:30046] with attribute DISCARD
[DEBUG] Entry count for : http://localhost:59903 : 1
[DEBUG] Entry count for : http://localhost:30046 : 1
[DEBUG] Adding Candidate expired Channel [id: 0x08ebc4cc, L:/127.0.0.1:59910 ! R:localhost/127.0.0.1:59903] isIdleTimeoutExpired=false isRemotelyClosed=true isTtlExpired=false
[DEBUG] Closing Idle Channel [id: 0x08ebc4cc, L:/127.0.0.1:59910 ! R:localhost/127.0.0.1:59903]
[DEBUG] Adding Candidate expired Channel [id: 0x65714464, L:/127.0.0.1:59902 ! R:localhost/127.0.0.1:30046] isIdleTimeoutExpired=false isRemotelyClosed=true isTtlExpired=false
[DEBUG] Closing Idle Channel [id: 0x65714464, L:/127.0.0.1:59902 ! R:localhost/127.0.0.1:30046]
[DEBUG] Closed 2 connections out of 2 in 0 ms
This is beforeMethod
testCase1starting test
This is testCase1
testCase1passed
]]></system-out>
  </testcase>
  <testcase name="testCase2" classname="com.automationcode_12thMarch_2023.ImportanceOfBM_Test_AM" time="0">
    <system-out><![CDATA[This is afterMethod
This is beforeMethod
testCase2starting test
This is testCase2
testCase2passed
]]></system-out>
  </testcase>
  <testcase name="testCase3" classname="com.automationcode_12thMarch_2023.ImportanceOfBM_Test_AM" time="0.001">
    <system-out><![CDATA[This is afterMethod
This is beforeMethod
testCase3starting test
This is testCase3
testCase3passed
]]></system-out>
  </testcase>
  <testcase name="verifyingLoginWithValidCredentials" classname="com.automationcode_12thMarch_2023.TutorialsNinja_Class_Assignment" time="1.921">
    <system-out><![CDATA[This is afterMethod
[DEBUG] Using new Channel '[id: 0xca8c897b, L:/127.0.0.1:59926 - R:localhost/127.0.0.1:18492]' for 'POST' to '/session'
[DEBUG] 

Request DefaultHttpRequest(decodeResult: success, version: HTTP/1.1)
POST /session HTTP/1.1
User-Agent: selenium/4.8.3 (java windows)
Content-Length: 623
Content-Type: application/json; charset=utf-8
host: localhost:18492
accept: */*

Response DefaultHttpResponse(decodeResult: success, version: HTTP/1.1)
HTTP/1.1 200 OK
Content-Length: 860
Content-Type: application/json; charset=utf-8
cache-control: no-cache

[DEBUG] Adding key: http://localhost:18492 for channel [id: 0xca8c897b, L:/127.0.0.1:59926 - R:localhost/127.0.0.1:18492]
[DEBUG] Using new Channel '[id: 0x5766d962, L:/127.0.0.1:59933 - R:localhost/127.0.0.1:59927]' for 'GET' to '/json/version'
[DEBUG] 

Request DefaultFullHttpRequest(decodeResult: success, version: HTTP/1.1, content: EmptyByteBufBE)
GET /json/version HTTP/1.1
User-Agent: selenium/4.8.3 (java windows)
host: localhost:59927
accept: */*

Response DefaultHttpResponse(decodeResult: success, version: HTTP/1.1)
HTTP/1.1 200 OK
Content-Security-Policy: frame-ancestors 'none'
Content-Length: 424
Content-Type: application/json; charset=UTF-8

[DEBUG] Adding key: http://localhost:59927 for channel [id: 0x5766d962, L:/127.0.0.1:59933 - R:localhost/127.0.0.1:59927]
[DEBUG] Using new Channel '[id: 0xb47a252a, L:/127.0.0.1:59934 - R:localhost/127.0.0.1:59927]' for 'GET' to '/devtools/browser/a026ff10-942e-4f02-8316-cceda6a323ae'
[DEBUG] 

Request DefaultFullHttpRequest(decodeResult: success, version: HTTP/1.1, content: EmptyByteBufBE)
GET /devtools/browser/a026ff10-942e-4f02-8316-cceda6a323ae HTTP/1.1
upgrade: websocket
connection: upgrade
sec-websocket-key: GTnsf28MdoVRvwPMBCEOxg==
sec-websocket-version: 13
origin: http://localhost:59927
host: localhost:59927
accept: */*
user-agent: AHC/2.1

Response DefaultHttpResponse(decodeResult: success, version: HTTP/1.1)
HTTP/1.1 101 WebSocket Protocol Handshake
Upgrade: WebSocket
Connection: Upgrade
Sec-WebSocket-Accept: yuAz09NHeCQ8wvPQrH/oV6x0cXo=

[DEBUG] Using pooled Channel '[id: 0xca8c897b, L:/127.0.0.1:59926 - R:localhost/127.0.0.1:18492]' for 'POST' to 'http://localhost:18492/session/19356657946882961c1fe2cdfa749ab6/url'
[DEBUG] Using open Channel [id: 0xca8c897b, L:/127.0.0.1:59926 - R:localhost/127.0.0.1:18492] for POST '/session/19356657946882961c1fe2cdfa749ab6/url'
[DEBUG] Entry count for : http://localhost:59927 : 1
[DEBUG] Entry count for : http://localhost:59927 : 1
[DEBUG] Entry count for : http://localhost:59927 : 1
[DEBUG] Entry count for : http://localhost:59927 : 1
[DEBUG] Entry count for : http://localhost:59927 : 1
[DEBUG] 

Request DefaultHttpRequest(decodeResult: success, version: HTTP/1.1)
POST /session/19356657946882961c1fe2cdfa749ab6/url HTTP/1.1
User-Agent: selenium/4.8.3 (java windows)
Content-Length: 60
Content-Type: application/json; charset=utf-8
host: localhost:18492
accept: */*

Response DefaultHttpResponse(decodeResult: success, version: HTTP/1.1)
HTTP/1.1 200 OK
Content-Length: 14
Content-Type: application/json; charset=utf-8
cache-control: no-cache

[DEBUG] Adding key: http://localhost:18492 for channel [id: 0xca8c897b, L:/127.0.0.1:59926 - R:localhost/127.0.0.1:18492]
verifyingLoginWithValidCredentialsstarting test
[DEBUG] Using pooled Channel '[id: 0xca8c897b, L:/127.0.0.1:59926 - R:localhost/127.0.0.1:18492]' for 'POST' to 'http://localhost:18492/session/19356657946882961c1fe2cdfa749ab6/element'
[DEBUG] Using open Channel [id: 0xca8c897b, L:/127.0.0.1:59926 - R:localhost/127.0.0.1:18492] for POST '/session/19356657946882961c1fe2cdfa749ab6/element'
[DEBUG] 

Request DefaultHttpRequest(decodeResult: success, version: HTTP/1.1)
POST /session/19356657946882961c1fe2cdfa749ab6/element HTTP/1.1
User-Agent: selenium/4.8.3 (java windows)
Content-Length: 51
Content-Type: application/json; charset=utf-8
host: localhost:18492
accept: */*

Response DefaultHttpResponse(decodeResult: success, version: HTTP/1.1)
HTTP/1.1 200 OK
Content-Length: 88
Content-Type: application/json; charset=utf-8
cache-control: no-cache

[DEBUG] Adding key: http://localhost:18492 for channel [id: 0xca8c897b, L:/127.0.0.1:59926 - R:localhost/127.0.0.1:18492]
[DEBUG] Using pooled Channel '[id: 0xca8c897b, L:/127.0.0.1:59926 - R:localhost/127.0.0.1:18492]' for 'POST' to 'http://localhost:18492/session/19356657946882961c1fe2cdfa749ab6/element/81d10ecd-039b-441e-8f34-5dd642eca2bf/click'
[DEBUG] Using open Channel [id: 0xca8c897b, L:/127.0.0.1:59926 - R:localhost/127.0.0.1:18492] for POST '/session/19356657946882961c1fe2cdfa749ab6/element/81d10ecd-039b-441e-8f34-5dd642eca2bf/click'
[DEBUG] 

Request DefaultHttpRequest(decodeResult: success, version: HTTP/1.1)
POST /session/19356657946882961c1fe2cdfa749ab6/element/81d10ecd-039b-441e-8f34-5dd642eca2bf/click HTTP/1.1
User-Agent: selenium/4.8.3 (java windows)
Content-Length: 50
Content-Type: application/json; charset=utf-8
host: localhost:18492
accept: */*

Response DefaultHttpResponse(decodeResult: success, version: HTTP/1.1)
HTTP/1.1 200 OK
Content-Length: 14
Content-Type: application/json; charset=utf-8
cache-control: no-cache

[DEBUG] Adding key: http://localhost:18492 for channel [id: 0xca8c897b, L:/127.0.0.1:59926 - R:localhost/127.0.0.1:18492]
[DEBUG] Using pooled Channel '[id: 0xca8c897b, L:/127.0.0.1:59926 - R:localhost/127.0.0.1:18492]' for 'POST' to 'http://localhost:18492/session/19356657946882961c1fe2cdfa749ab6/element'
[DEBUG] Using open Channel [id: 0xca8c897b, L:/127.0.0.1:59926 - R:localhost/127.0.0.1:18492] for POST '/session/19356657946882961c1fe2cdfa749ab6/element'
[DEBUG] 

Request DefaultHttpRequest(decodeResult: success, version: HTTP/1.1)
POST /session/19356657946882961c1fe2cdfa749ab6/element HTTP/1.1
User-Agent: selenium/4.8.3 (java windows)
Content-Length: 46
Content-Type: application/json; charset=utf-8
host: localhost:18492
accept: */*

Response DefaultHttpResponse(decodeResult: success, version: HTTP/1.1)
HTTP/1.1 200 OK
Content-Length: 88
Content-Type: application/json; charset=utf-8
cache-control: no-cache

[DEBUG] Adding key: http://localhost:18492 for channel [id: 0xca8c897b, L:/127.0.0.1:59926 - R:localhost/127.0.0.1:18492]
[DEBUG] Using pooled Channel '[id: 0xca8c897b, L:/127.0.0.1:59926 - R:localhost/127.0.0.1:18492]' for 'POST' to 'http://localhost:18492/session/19356657946882961c1fe2cdfa749ab6/element/cbdfe9b2-14b8-42e2-9966-195ac763aac9/click'
[DEBUG] Using open Channel [id: 0xca8c897b, L:/127.0.0.1:59926 - R:localhost/127.0.0.1:18492] for POST '/session/19356657946882961c1fe2cdfa749ab6/element/cbdfe9b2-14b8-42e2-9966-195ac763aac9/click'
[DEBUG] 

Request DefaultHttpRequest(decodeResult: success, version: HTTP/1.1)
POST /session/19356657946882961c1fe2cdfa749ab6/element/cbdfe9b2-14b8-42e2-9966-195ac763aac9/click HTTP/1.1
User-Agent: selenium/4.8.3 (java windows)
Content-Length: 50
Content-Type: application/json; charset=utf-8
host: localhost:18492
accept: */*

Response DefaultHttpResponse(decodeResult: success, version: HTTP/1.1)
HTTP/1.1 200 OK
Content-Length: 14
Content-Type: application/json; charset=utf-8
cache-control: no-cache

[DEBUG] Adding key: http://localhost:18492 for channel [id: 0xca8c897b, L:/127.0.0.1:59926 - R:localhost/127.0.0.1:18492]
[DEBUG] Using pooled Channel '[id: 0xca8c897b, L:/127.0.0.1:59926 - R:localhost/127.0.0.1:18492]' for 'POST' to 'http://localhost:18492/session/19356657946882961c1fe2cdfa749ab6/element'
[DEBUG] Using open Channel [id: 0xca8c897b, L:/127.0.0.1:59926 - R:localhost/127.0.0.1:18492] for POST '/session/19356657946882961c1fe2cdfa749ab6/element'
[DEBUG] 

Request DefaultHttpRequest(decodeResult: success, version: HTTP/1.1)
POST /session/19356657946882961c1fe2cdfa749ab6/element HTTP/1.1
User-Agent: selenium/4.8.3 (java windows)
Content-Length: 58
Content-Type: application/json; charset=utf-8
host: localhost:18492
accept: */*

Response DefaultHttpResponse(decodeResult: success, version: HTTP/1.1)
HTTP/1.1 200 OK
Content-Length: 88
Content-Type: application/json; charset=utf-8
cache-control: no-cache

[DEBUG] Adding key: http://localhost:18492 for channel [id: 0xca8c897b, L:/127.0.0.1:59926 - R:localhost/127.0.0.1:18492]
[DEBUG] Using pooled Channel '[id: 0xca8c897b, L:/127.0.0.1:59926 - R:localhost/127.0.0.1:18492]' for 'POST' to 'http://localhost:18492/session/19356657946882961c1fe2cdfa749ab6/element/ef58811a-d4ee-44b6-a6ed-243e55da47cd/value'
[DEBUG] Using open Channel [id: 0xca8c897b, L:/127.0.0.1:59926 - R:localhost/127.0.0.1:18492] for POST '/session/19356657946882961c1fe2cdfa749ab6/element/ef58811a-d4ee-44b6-a6ed-243e55da47cd/value'
[DEBUG] 

Request DefaultHttpRequest(decodeResult: success, version: HTTP/1.1)
POST /session/19356657946882961c1fe2cdfa749ab6/element/ef58811a-d4ee-44b6-a6ed-243e55da47cd/value HTTP/1.1
User-Agent: selenium/4.8.3 (java windows)
Content-Length: 311
Content-Type: application/json; charset=utf-8
host: localhost:18492
accept: */*

Response DefaultHttpResponse(decodeResult: success, version: HTTP/1.1)
HTTP/1.1 200 OK
Content-Length: 14
Content-Type: application/json; charset=utf-8
cache-control: no-cache

[DEBUG] Adding key: http://localhost:18492 for channel [id: 0xca8c897b, L:/127.0.0.1:59926 - R:localhost/127.0.0.1:18492]
[DEBUG] Using pooled Channel '[id: 0xca8c897b, L:/127.0.0.1:59926 - R:localhost/127.0.0.1:18492]' for 'POST' to 'http://localhost:18492/session/19356657946882961c1fe2cdfa749ab6/element'
[DEBUG] Using open Channel [id: 0xca8c897b, L:/127.0.0.1:59926 - R:localhost/127.0.0.1:18492] for POST '/session/19356657946882961c1fe2cdfa749ab6/element'
[DEBUG] 

Request DefaultHttpRequest(decodeResult: success, version: HTTP/1.1)
POST /session/19356657946882961c1fe2cdfa749ab6/element HTTP/1.1
User-Agent: selenium/4.8.3 (java windows)
Content-Length: 61
Content-Type: application/json; charset=utf-8
host: localhost:18492
accept: */*

Response DefaultHttpResponse(decodeResult: success, version: HTTP/1.1)
HTTP/1.1 200 OK
Content-Length: 88
Content-Type: application/json; charset=utf-8
cache-control: no-cache

[DEBUG] Adding key: http://localhost:18492 for channel [id: 0xca8c897b, L:/127.0.0.1:59926 - R:localhost/127.0.0.1:18492]
[DEBUG] Using pooled Channel '[id: 0xca8c897b, L:/127.0.0.1:59926 - R:localhost/127.0.0.1:18492]' for 'POST' to 'http://localhost:18492/session/19356657946882961c1fe2cdfa749ab6/element/fc114b0b-9227-43fe-8265-b9f79f9db249/value'
[DEBUG] Using open Channel [id: 0xca8c897b, L:/127.0.0.1:59926 - R:localhost/127.0.0.1:18492] for POST '/session/19356657946882961c1fe2cdfa749ab6/element/fc114b0b-9227-43fe-8265-b9f79f9db249/value'
[DEBUG] 

Request DefaultHttpRequest(decodeResult: success, version: HTTP/1.1)
POST /session/19356657946882961c1fe2cdfa749ab6/element/fc114b0b-9227-43fe-8265-b9f79f9db249/value HTTP/1.1
User-Agent: selenium/4.8.3 (java windows)
Content-Length: 201
Content-Type: application/json; charset=utf-8
host: localhost:18492
accept: */*

Response DefaultHttpResponse(decodeResult: success, version: HTTP/1.1)
HTTP/1.1 200 OK
Content-Length: 14
Content-Type: application/json; charset=utf-8
cache-control: no-cache

[DEBUG] Adding key: http://localhost:18492 for channel [id: 0xca8c897b, L:/127.0.0.1:59926 - R:localhost/127.0.0.1:18492]
[DEBUG] Using pooled Channel '[id: 0xca8c897b, L:/127.0.0.1:59926 - R:localhost/127.0.0.1:18492]' for 'POST' to 'http://localhost:18492/session/19356657946882961c1fe2cdfa749ab6/element'
[DEBUG] Using open Channel [id: 0xca8c897b, L:/127.0.0.1:59926 - R:localhost/127.0.0.1:18492] for POST '/session/19356657946882961c1fe2cdfa749ab6/element'
[DEBUG] 

Request DefaultHttpRequest(decodeResult: success, version: HTTP/1.1)
POST /session/19356657946882961c1fe2cdfa749ab6/element HTTP/1.1
User-Agent: selenium/4.8.3 (java windows)
Content-Length: 65
Content-Type: application/json; charset=utf-8
host: localhost:18492
accept: */*

Response DefaultHttpResponse(decodeResult: success, version: HTTP/1.1)
HTTP/1.1 200 OK
Content-Length: 88
Content-Type: application/json; charset=utf-8
cache-control: no-cache

[DEBUG] Adding key: http://localhost:18492 for channel [id: 0xca8c897b, L:/127.0.0.1:59926 - R:localhost/127.0.0.1:18492]
[DEBUG] Using pooled Channel '[id: 0xca8c897b, L:/127.0.0.1:59926 - R:localhost/127.0.0.1:18492]' for 'POST' to 'http://localhost:18492/session/19356657946882961c1fe2cdfa749ab6/element/de9f8cc6-15b5-41db-8634-119de8e3eda2/click'
[DEBUG] Using open Channel [id: 0xca8c897b, L:/127.0.0.1:59926 - R:localhost/127.0.0.1:18492] for POST '/session/19356657946882961c1fe2cdfa749ab6/element/de9f8cc6-15b5-41db-8634-119de8e3eda2/click'
[DEBUG] Entry count for : http://localhost:59927 : 1
[DEBUG] 

Request DefaultHttpRequest(decodeResult: success, version: HTTP/1.1)
POST /session/19356657946882961c1fe2cdfa749ab6/element/de9f8cc6-15b5-41db-8634-119de8e3eda2/click HTTP/1.1
User-Agent: selenium/4.8.3 (java windows)
Content-Length: 50
Content-Type: application/json; charset=utf-8
host: localhost:18492
accept: */*

Response DefaultHttpResponse(decodeResult: success, version: HTTP/1.1)
HTTP/1.1 200 OK
Content-Length: 14
Content-Type: application/json; charset=utf-8
cache-control: no-cache

[DEBUG] Adding key: http://localhost:18492 for channel [id: 0xca8c897b, L:/127.0.0.1:59926 - R:localhost/127.0.0.1:18492]
verifyingLoginWithValidCredentialspassed
]]></system-out>
    <system-err><![CDATA[Starting ChromeDriver 112.0.5615.49 (bd2a7bcb881c11e8cfe3078709382934e3916914-refs/branch-heads/5615@{#936}) on port 18492
Only local connections are allowed.
Please see https://chromedriver.chromium.org/security-considerations for suggestions on keeping ChromeDriver safe.
ChromeDriver was started successfully.
Apr 25, 2023 9:12:53 AM org.openqa.selenium.devtools.CdpVersionFinder findNearestMatch
WARNING: Unable to find an exact match for CDP version 112, so returning the closest version found: 111
]]></system-err>
  </testcase>
  <testcase name="testCase1Annotation" classname="com.automationcode_12thMarch_2023.TestNG_Annotations" time="0.005">
    <system-out><![CDATA[This is Before Class
This is Before Method
testCase1Annotationstarting test
This is TestCase1
testCase1Annotationpassed
]]></system-out>
  </testcase>
  <testcase name="testCase2Annotation" classname="com.automationcode_12thMarch_2023.TestNG_Annotations" time="0">
    <system-out><![CDATA[This is After Method
This is Before Method
testCase2Annotationstarting test
This is TestCase2
testCase2Annotationpassed
]]></system-out>
  </testcase>
  <testcase name="testCase3Annotation" classname="com.automationcode_12thMarch_2023.TestNG_Annotations" time="0.009">
    <failure message="Deliberately failing" type="java.lang.AssertionError"><![CDATA[java.lang.AssertionError: Deliberately failing
	at org.testng.Assert.fail(Assert.java:96)
	at com.automationcode_12thMarch_2023.TestNG_Annotations.testCase3Annotation(TestNG_Annotations.java:44)
	at sun.reflect.NativeMethodAccessorImpl.invoke0(Native Method)
	at sun.reflect.NativeMethodAccessorImpl.invoke(NativeMethodAccessorImpl.java:62)
	at sun.reflect.DelegatingMethodAccessorImpl.invoke(DelegatingMethodAccessorImpl.java:43)
	at java.lang.reflect.Method.invoke(Method.java:498)
	at org.testng.internal.MethodInvocationHelper.invokeMethod(MethodInvocationHelper.java:124)
	at org.testng.internal.Invoker.invokeMethod(Invoker.java:583)
	at org.testng.internal.Invoker.invokeTestMethod(Invoker.java:719)
	at org.testng.internal.Invoker.invokeTestMethods(Invoker.java:989)
	at org.testng.internal.TestMethodWorker.invokeTestMethods(TestMethodWorker.java:125)
	at org.testng.internal.TestMethodWorker.run(TestMethodWorker.java:109)
	at org.testng.TestRunner.privateRun(TestRunner.java:648)
	at org.testng.TestRunner.run(TestRunner.java:505)
	at org.testng.SuiteRunner.runTest(SuiteRunner.java:455)
	at org.testng.SuiteRunner.runSequentially(SuiteRunner.java:450)
	at org.testng.SuiteRunner.privateRun(SuiteRunner.java:415)
	at org.testng.SuiteRunner.run(SuiteRunner.java:364)
	at org.testng.SuiteRunnerWorker.runSuite(SuiteRunnerWorker.java:52)
	at org.testng.SuiteRunnerWorker.run(SuiteRunnerWorker.java:84)
	at org.testng.TestNG.runSuitesSequentially(TestNG.java:1208)
	at org.testng.TestNG.runSuitesLocally(TestNG.java:1137)
	at org.testng.TestNG.runSuites(TestNG.java:1049)
	at org.testng.TestNG.run(TestNG.java:1017)
	at org.apache.maven.surefire.testng.TestNGExecutor.run(TestNGExecutor.java:324)
	at org.apache.maven.surefire.testng.TestNGXmlTestSuite.execute(TestNGXmlTestSuite.java:74)
	at org.apache.maven.surefire.testng.TestNGProvider.invoke(TestNGProvider.java:123)
	at org.apache.maven.surefire.booter.ForkedBooter.runSuitesInProcess(ForkedBooter.java:456)
	at org.apache.maven.surefire.booter.ForkedBooter.execute(ForkedBooter.java:169)
	at org.apache.maven.surefire.booter.ForkedBooter.run(ForkedBooter.java:595)
	at org.apache.maven.surefire.booter.ForkedBooter.main(ForkedBooter.java:581)
]]></failure>
    <system-out><![CDATA[This is After Method
This is Before Method
testCase3Annotationstarting test
This is TestCase3
testCase3Annotationfailed
]]></system-out>
  </testcase>
  <testcase name="rediffLogin" classname="com.automationcode_8th_April_2023.Parameterize_Rediff" time="0.02">
    <failure message="&#10;Parameter &apos;Browser&apos; is required by @Test on method rediffLogin but has not been marked @Optional or defined&#10;in C:\Users\Dennis\eclipse-workspace\ADVANCED_MAVEN_PROJECT\testng.xml" type="org.testng.TestNGException"><![CDATA[org.testng.TestNGException: 

Parameter 'Browser' is required by @Test on method rediffLogin but has not been marked @Optional or defined
in C:\Users\Dennis\eclipse-workspace\ADVANCED_MAVEN_PROJECT\testng.xml
	at org.testng.internal.Parameters.createParams(Parameters.java:290)
	at org.testng.internal.Parameters.createParametersForMethod(Parameters.java:359)
	at org.testng.internal.Parameters.createParameters(Parameters.java:620)
	at org.testng.internal.Parameters.handleParameters(Parameters.java:769)
	at org.testng.internal.ParameterHandler.handleParameters(ParameterHandler.java:49)
	at org.testng.internal.ParameterHandler.createParameters(ParameterHandler.java:37)
	at org.testng.internal.Invoker.invokeTestMethods(Invoker.java:924)
	at org.testng.internal.TestMethodWorker.invokeTestMethods(TestMethodWorker.java:125)
	at org.testng.internal.TestMethodWorker.run(TestMethodWorker.java:109)
	at org.testng.TestRunner.privateRun(TestRunner.java:648)
	at org.testng.TestRunner.run(TestRunner.java:505)
	at org.testng.SuiteRunner.runTest(SuiteRunner.java:455)
	at org.testng.SuiteRunner.runSequentially(SuiteRunner.java:450)
	at org.testng.SuiteRunner.privateRun(SuiteRunner.java:415)
	at org.testng.SuiteRunner.run(SuiteRunner.java:364)
	at org.testng.SuiteRunnerWorker.runSuite(SuiteRunnerWorker.java:52)
	at org.testng.SuiteRunnerWorker.run(SuiteRunnerWorker.java:84)
	at org.testng.TestNG.runSuitesSequentially(TestNG.java:1208)
	at org.testng.TestNG.runSuitesLocally(TestNG.java:1137)
	at org.testng.TestNG.runSuites(TestNG.java:1049)
	at org.testng.TestNG.run(TestNG.java:1017)
	at org.apache.maven.surefire.testng.TestNGExecutor.run(TestNGExecutor.java:324)
	at org.apache.maven.surefire.testng.TestNGXmlTestSuite.execute(TestNGXmlTestSuite.java:74)
	at org.apache.maven.surefire.testng.TestNGProvider.invoke(TestNGProvider.java:123)
	at org.apache.maven.surefire.booter.ForkedBooter.runSuitesInProcess(ForkedBooter.java:456)
	at org.apache.maven.surefire.booter.ForkedBooter.execute(ForkedBooter.java:169)
	at org.apache.maven.surefire.booter.ForkedBooter.run(ForkedBooter.java:595)
	at org.apache.maven.surefire.booter.ForkedBooter.main(ForkedBooter.java:581)
]]></failure>
    <system-out><![CDATA[This is After Method
This is After Class
rediffLoginfailed
]]></system-out>
    <system-err><![CDATA[[Utils] [ERROR] [Error] org.testng.TestNGException: 
Parameter &apos;Browser&apos; is required by @Test on method rediffLogin but has not been marked @Optional or defined
in C:\Users\Dennis\eclipse-workspace\ADVANCED_MAVEN_PROJECT\testng.xml
	at org.testng.internal.Parameters.createParams(Parameters.java:290)
	at org.testng.internal.Parameters.createParametersForMethod(Parameters.java:359)
	at org.testng.internal.Parameters.createParameters(Parameters.java:620)
	at org.testng.internal.Parameters.handleParameters(Parameters.java:769)
	at org.testng.internal.ParameterHandler.handleParameters(ParameterHandler.java:49)
	at org.testng.internal.ParameterHandler.createParameters(ParameterHandler.java:37)
	at org.testng.internal.Invoker.invokeTestMethods(Invoker.java:924)
	at org.testng.internal.TestMethodWorker.invokeTestMethods(TestMethodWorker.java:125)
	at org.testng.internal.TestMethodWorker.run(TestMethodWorker.java:109)
	at org.testng.TestRunner.privateRun(TestRunner.java:648)
	at org.testng.TestRunner.run(TestRunner.java:505)
	at org.testng.SuiteRunner.runTest(SuiteRunner.java:455)
	at org.testng.SuiteRunner.runSequentially(SuiteRunner.java:450)
	at org.testng.SuiteRunner.privateRun(SuiteRunner.java:415)
	at org.testng.SuiteRunner.run(SuiteRunner.java:364)
	at org.testng.SuiteRunnerWorker.runSuite(SuiteRunnerWorker.java:52)
	at org.testng.SuiteRunnerWorker.run(SuiteRunnerWorker.java:84)
	at org.testng.TestNG.runSuitesSequentially(TestNG.java:1208)
	at org.testng.TestNG.runSuitesLocally(TestNG.java:1137)
	at org.testng.TestNG.runSuites(TestNG.java:1049)
	at org.testng.TestNG.run(TestNG.java:1017)
	at org.apache.maven.surefire.testng.TestNGExecutor.run(TestNGExecutor.java:324)
	at org.apache.maven.surefire.testng.TestNGXmlTestSuite.execute(TestNGXmlTestSuite.java:74)
	at org.apache.maven.surefire.testng.TestNGProvider.invoke(TestNGProvider.java:123)
	at org.apache.maven.surefire.booter.ForkedBooter.runSuitesInProcess(ForkedBooter.java:456)
	at org.apache.maven.surefire.booter.ForkedBooter.execute(ForkedBooter.java:169)
	at org.apache.maven.surefire.booter.ForkedBooter.run(ForkedBooter.java:595)
	at org.apache.maven.surefire.booter.ForkedBooter.main(ForkedBooter.java:581)

]]></system-err>
  </testcase>
  <testcase name="TNLoginChromeTest[seleniumpanda@gmail.com, Selenium@123](1)" classname="com.automationcode_9th_April_2023.TNLogin" time="12.075">
    <system-out><![CDATA[TNLoginChromeTeststarting test
the thread for this is : 74
[DEBUG] Entry count for : http://localhost:59927 : 1
[DEBUG] Entry count for : http://localhost:18492 : 1
[DEBUG] Using new Channel '[id: 0x646a57f0, L:/127.0.0.1:59946 - R:localhost/127.0.0.1:49008]' for 'POST' to '/session'
[DEBUG] Entry count for : http://localhost:59927 : 1
[DEBUG] Entry count for : http://localhost:18492 : 1
[DEBUG] 

Request DefaultHttpRequest(decodeResult: success, version: HTTP/1.1)
POST /session HTTP/1.1
User-Agent: selenium/4.8.3 (java windows)
Content-Length: 439
Content-Type: application/json; charset=utf-8
host: localhost:49008
accept: */*

Response DefaultHttpResponse(decodeResult: success, version: HTTP/1.1)
HTTP/1.1 200 OK
Content-Length: 861
Content-Type: application/json; charset=utf-8
cache-control: no-cache

[DEBUG] Adding key: http://localhost:49008 for channel [id: 0x646a57f0, L:/127.0.0.1:59946 - R:localhost/127.0.0.1:49008]
[DEBUG] Using new Channel '[id: 0xa20b5705, L:/127.0.0.1:59954 - R:localhost/127.0.0.1:59947]' for 'GET' to '/json/version'
[DEBUG] 

Request DefaultFullHttpRequest(decodeResult: success, version: HTTP/1.1, content: EmptyByteBufBE)
GET /json/version HTTP/1.1
User-Agent: selenium/4.8.3 (java windows)
host: localhost:59947
accept: */*

Response DefaultHttpResponse(decodeResult: success, version: HTTP/1.1)
HTTP/1.1 200 OK
Content-Security-Policy: frame-ancestors 'none'
Content-Length: 424
Content-Type: application/json; charset=UTF-8

[DEBUG] Adding key: http://localhost:59947 for channel [id: 0xa20b5705, L:/127.0.0.1:59954 - R:localhost/127.0.0.1:59947]
[DEBUG] Using new Channel '[id: 0x8d2d49ca, L:/127.0.0.1:59955 - R:localhost/127.0.0.1:59947]' for 'GET' to '/devtools/browser/482a26b0-0a29-479a-a45c-a9da9a66241a'
[DEBUG] 

Request DefaultFullHttpRequest(decodeResult: success, version: HTTP/1.1, content: EmptyByteBufBE)
GET /devtools/browser/482a26b0-0a29-479a-a45c-a9da9a66241a HTTP/1.1
upgrade: websocket
connection: upgrade
sec-websocket-key: Fb4Zo+izj4sMwDdudlUA4A==
sec-websocket-version: 13
origin: http://localhost:59947
host: localhost:59947
accept: */*
user-agent: AHC/2.1

Response DefaultHttpResponse(decodeResult: success, version: HTTP/1.1)
HTTP/1.1 101 WebSocket Protocol Handshake
Upgrade: WebSocket
Connection: Upgrade
Sec-WebSocket-Accept: NZvKifK1yQ0viNmsMwfRjYR619U=

[DEBUG] Using pooled Channel '[id: 0x646a57f0, L:/127.0.0.1:59946 - R:localhost/127.0.0.1:49008]' for 'POST' to 'http://localhost:49008/session/cd8164821900f615f52588280c82091c/window/maximize'
[DEBUG] Using open Channel [id: 0x646a57f0, L:/127.0.0.1:59946 - R:localhost/127.0.0.1:49008] for POST '/session/cd8164821900f615f52588280c82091c/window/maximize'
[DEBUG] 

Request DefaultHttpRequest(decodeResult: success, version: HTTP/1.1)
POST /session/cd8164821900f615f52588280c82091c/window/maximize HTTP/1.1
User-Agent: selenium/4.8.3 (java windows)
Content-Length: 3
Content-Type: application/json; charset=utf-8
host: localhost:49008
accept: */*

Response DefaultHttpResponse(decodeResult: success, version: HTTP/1.1)
HTTP/1.1 200 OK
Content-Length: 51
Content-Type: application/json; charset=utf-8
cache-control: no-cache

[DEBUG] Adding key: http://localhost:49008 for channel [id: 0x646a57f0, L:/127.0.0.1:59946 - R:localhost/127.0.0.1:49008]
[DEBUG] Using pooled Channel '[id: 0x646a57f0, L:/127.0.0.1:59946 - R:localhost/127.0.0.1:49008]' for 'POST' to 'http://localhost:49008/session/cd8164821900f615f52588280c82091c/url'
[DEBUG] Using open Channel [id: 0x646a57f0, L:/127.0.0.1:59946 - R:localhost/127.0.0.1:49008] for POST '/session/cd8164821900f615f52588280c82091c/url'
[DEBUG] Entry count for : http://localhost:59947 : 1
[DEBUG] Entry count for : http://localhost:59927 : 1
[DEBUG] Entry count for : http://localhost:18492 : 1
[DEBUG] Entry count for : http://localhost:59947 : 1
[DEBUG] Entry count for : http://localhost:59927 : 1
[DEBUG] Entry count for : http://localhost:18492 : 1
[DEBUG] Entry count for : http://localhost:59947 : 1
[DEBUG] Entry count for : http://localhost:59927 : 1
[DEBUG] Entry count for : http://localhost:18492 : 1
[DEBUG] Entry count for : http://localhost:59947 : 1
[DEBUG] Entry count for : http://localhost:59927 : 1
[DEBUG] Entry count for : http://localhost:18492 : 1
[DEBUG] Entry count for : http://localhost:59947 : 1
[DEBUG] Entry count for : http://localhost:59927 : 1
[DEBUG] Entry count for : http://localhost:18492 : 1
[DEBUG] 

Request DefaultHttpRequest(decodeResult: success, version: HTTP/1.1)
POST /session/cd8164821900f615f52588280c82091c/url HTTP/1.1
User-Agent: selenium/4.8.3 (java windows)
Content-Length: 60
Content-Type: application/json; charset=utf-8
host: localhost:49008
accept: */*

Response DefaultHttpResponse(decodeResult: success, version: HTTP/1.1)
HTTP/1.1 200 OK
Content-Length: 14
Content-Type: application/json; charset=utf-8
cache-control: no-cache

[DEBUG] Adding key: http://localhost:49008 for channel [id: 0x646a57f0, L:/127.0.0.1:59946 - R:localhost/127.0.0.1:49008]
[DEBUG] Using pooled Channel '[id: 0x646a57f0, L:/127.0.0.1:59946 - R:localhost/127.0.0.1:49008]' for 'POST' to 'http://localhost:49008/session/cd8164821900f615f52588280c82091c/element'
[DEBUG] Using open Channel [id: 0x646a57f0, L:/127.0.0.1:59946 - R:localhost/127.0.0.1:49008] for POST '/session/cd8164821900f615f52588280c82091c/element'
[DEBUG] 

Request DefaultHttpRequest(decodeResult: success, version: HTTP/1.1)
POST /session/cd8164821900f615f52588280c82091c/element HTTP/1.1
User-Agent: selenium/4.8.3 (java windows)
Content-Length: 51
Content-Type: application/json; charset=utf-8
host: localhost:49008
accept: */*

Response DefaultHttpResponse(decodeResult: success, version: HTTP/1.1)
HTTP/1.1 200 OK
Content-Length: 88
Content-Type: application/json; charset=utf-8
cache-control: no-cache

[DEBUG] Adding key: http://localhost:49008 for channel [id: 0x646a57f0, L:/127.0.0.1:59946 - R:localhost/127.0.0.1:49008]
[DEBUG] Using pooled Channel '[id: 0x646a57f0, L:/127.0.0.1:59946 - R:localhost/127.0.0.1:49008]' for 'POST' to 'http://localhost:49008/session/cd8164821900f615f52588280c82091c/element/28b92ff2-d3cf-41c8-ab71-d72d22766c47/click'
[DEBUG] Using open Channel [id: 0x646a57f0, L:/127.0.0.1:59946 - R:localhost/127.0.0.1:49008] for POST '/session/cd8164821900f615f52588280c82091c/element/28b92ff2-d3cf-41c8-ab71-d72d22766c47/click'
[DEBUG] 

Request DefaultHttpRequest(decodeResult: success, version: HTTP/1.1)
POST /session/cd8164821900f615f52588280c82091c/element/28b92ff2-d3cf-41c8-ab71-d72d22766c47/click HTTP/1.1
User-Agent: selenium/4.8.3 (java windows)
Content-Length: 50
Content-Type: application/json; charset=utf-8
host: localhost:49008
accept: */*

Response DefaultHttpResponse(decodeResult: success, version: HTTP/1.1)
HTTP/1.1 200 OK
Content-Length: 14
Content-Type: application/json; charset=utf-8
cache-control: no-cache

[DEBUG] Adding key: http://localhost:49008 for channel [id: 0x646a57f0, L:/127.0.0.1:59946 - R:localhost/127.0.0.1:49008]
[DEBUG] Using pooled Channel '[id: 0x646a57f0, L:/127.0.0.1:59946 - R:localhost/127.0.0.1:49008]' for 'POST' to 'http://localhost:49008/session/cd8164821900f615f52588280c82091c/element'
[DEBUG] Using open Channel [id: 0x646a57f0, L:/127.0.0.1:59946 - R:localhost/127.0.0.1:49008] for POST '/session/cd8164821900f615f52588280c82091c/element'
[DEBUG] 

Request DefaultHttpRequest(decodeResult: success, version: HTTP/1.1)
POST /session/cd8164821900f615f52588280c82091c/element HTTP/1.1
User-Agent: selenium/4.8.3 (java windows)
Content-Length: 46
Content-Type: application/json; charset=utf-8
host: localhost:49008
accept: */*

Response DefaultHttpResponse(decodeResult: success, version: HTTP/1.1)
HTTP/1.1 200 OK
Content-Length: 88
Content-Type: application/json; charset=utf-8
cache-control: no-cache

[DEBUG] Adding key: http://localhost:49008 for channel [id: 0x646a57f0, L:/127.0.0.1:59946 - R:localhost/127.0.0.1:49008]
[DEBUG] Using pooled Channel '[id: 0x646a57f0, L:/127.0.0.1:59946 - R:localhost/127.0.0.1:49008]' for 'POST' to 'http://localhost:49008/session/cd8164821900f615f52588280c82091c/element/08291549-f486-47a1-ada2-9feea3d48c4c/click'
[DEBUG] Using open Channel [id: 0x646a57f0, L:/127.0.0.1:59946 - R:localhost/127.0.0.1:49008] for POST '/session/cd8164821900f615f52588280c82091c/element/08291549-f486-47a1-ada2-9feea3d48c4c/click'
[DEBUG] Entry count for : http://localhost:59947 : 1
[DEBUG] Entry count for : http://localhost:59927 : 1
[DEBUG] Entry count for : http://localhost:18492 : 1
[DEBUG] Entry count for : http://localhost:59947 : 1
[DEBUG] Entry count for : http://localhost:59927 : 1
[DEBUG] Entry count for : http://localhost:18492 : 1
[DEBUG] 

Request DefaultHttpRequest(decodeResult: success, version: HTTP/1.1)
POST /session/cd8164821900f615f52588280c82091c/element/08291549-f486-47a1-ada2-9feea3d48c4c/click HTTP/1.1
User-Agent: selenium/4.8.3 (java windows)
Content-Length: 50
Content-Type: application/json; charset=utf-8
host: localhost:49008
accept: */*

Response DefaultHttpResponse(decodeResult: success, version: HTTP/1.1)
HTTP/1.1 200 OK
Content-Length: 14
Content-Type: application/json; charset=utf-8
cache-control: no-cache

[DEBUG] Adding key: http://localhost:49008 for channel [id: 0x646a57f0, L:/127.0.0.1:59946 - R:localhost/127.0.0.1:49008]
[DEBUG] Using pooled Channel '[id: 0x646a57f0, L:/127.0.0.1:59946 - R:localhost/127.0.0.1:49008]' for 'POST' to 'http://localhost:49008/session/cd8164821900f615f52588280c82091c/element'
[DEBUG] Using open Channel [id: 0x646a57f0, L:/127.0.0.1:59946 - R:localhost/127.0.0.1:49008] for POST '/session/cd8164821900f615f52588280c82091c/element'
[DEBUG] 

Request DefaultHttpRequest(decodeResult: success, version: HTTP/1.1)
POST /session/cd8164821900f615f52588280c82091c/element HTTP/1.1
User-Agent: selenium/4.8.3 (java windows)
Content-Length: 58
Content-Type: application/json; charset=utf-8
host: localhost:49008
accept: */*

Response DefaultHttpResponse(decodeResult: success, version: HTTP/1.1)
HTTP/1.1 200 OK
Content-Length: 88
Content-Type: application/json; charset=utf-8
cache-control: no-cache

[DEBUG] Adding key: http://localhost:49008 for channel [id: 0x646a57f0, L:/127.0.0.1:59946 - R:localhost/127.0.0.1:49008]
[DEBUG] Using pooled Channel '[id: 0x646a57f0, L:/127.0.0.1:59946 - R:localhost/127.0.0.1:49008]' for 'POST' to 'http://localhost:49008/session/cd8164821900f615f52588280c82091c/element/d50c2ccc-76ce-4c0d-830b-ec865c0e2786/value'
[DEBUG] Using open Channel [id: 0x646a57f0, L:/127.0.0.1:59946 - R:localhost/127.0.0.1:49008] for POST '/session/cd8164821900f615f52588280c82091c/element/d50c2ccc-76ce-4c0d-830b-ec865c0e2786/value'
[DEBUG] 

Request DefaultHttpRequest(decodeResult: success, version: HTTP/1.1)
POST /session/cd8164821900f615f52588280c82091c/element/d50c2ccc-76ce-4c0d-830b-ec865c0e2786/value HTTP/1.1
User-Agent: selenium/4.8.3 (java windows)
Content-Length: 311
Content-Type: application/json; charset=utf-8
host: localhost:49008
accept: */*

Response DefaultHttpResponse(decodeResult: success, version: HTTP/1.1)
HTTP/1.1 200 OK
Content-Length: 14
Content-Type: application/json; charset=utf-8
cache-control: no-cache

[DEBUG] Adding key: http://localhost:49008 for channel [id: 0x646a57f0, L:/127.0.0.1:59946 - R:localhost/127.0.0.1:49008]
[DEBUG] Using pooled Channel '[id: 0x646a57f0, L:/127.0.0.1:59946 - R:localhost/127.0.0.1:49008]' for 'POST' to 'http://localhost:49008/session/cd8164821900f615f52588280c82091c/element'
[DEBUG] Using open Channel [id: 0x646a57f0, L:/127.0.0.1:59946 - R:localhost/127.0.0.1:49008] for POST '/session/cd8164821900f615f52588280c82091c/element'
[DEBUG] 

Request DefaultHttpRequest(decodeResult: success, version: HTTP/1.1)
POST /session/cd8164821900f615f52588280c82091c/element HTTP/1.1
User-Agent: selenium/4.8.3 (java windows)
Content-Length: 61
Content-Type: application/json; charset=utf-8
host: localhost:49008
accept: */*

Response DefaultHttpResponse(decodeResult: success, version: HTTP/1.1)
HTTP/1.1 200 OK
Content-Length: 88
Content-Type: application/json; charset=utf-8
cache-control: no-cache

[DEBUG] Adding key: http://localhost:49008 for channel [id: 0x646a57f0, L:/127.0.0.1:59946 - R:localhost/127.0.0.1:49008]
[DEBUG] Using pooled Channel '[id: 0x646a57f0, L:/127.0.0.1:59946 - R:localhost/127.0.0.1:49008]' for 'POST' to 'http://localhost:49008/session/cd8164821900f615f52588280c82091c/element/5d80b8c3-c735-46cc-b76f-e08da448f0ff/value'
[DEBUG] Using open Channel [id: 0x646a57f0, L:/127.0.0.1:59946 - R:localhost/127.0.0.1:49008] for POST '/session/cd8164821900f615f52588280c82091c/element/5d80b8c3-c735-46cc-b76f-e08da448f0ff/value'
[DEBUG] Entry count for : http://localhost:59947 : 1
[DEBUG] Entry count for : http://localhost:59927 : 1
[DEBUG] Entry count for : http://localhost:18492 : 1
[DEBUG] 

Request DefaultHttpRequest(decodeResult: success, version: HTTP/1.1)
POST /session/cd8164821900f615f52588280c82091c/element/5d80b8c3-c735-46cc-b76f-e08da448f0ff/value HTTP/1.1
User-Agent: selenium/4.8.3 (java windows)
Content-Length: 201
Content-Type: application/json; charset=utf-8
host: localhost:49008
accept: */*

Response DefaultHttpResponse(decodeResult: success, version: HTTP/1.1)
HTTP/1.1 200 OK
Content-Length: 14
Content-Type: application/json; charset=utf-8
cache-control: no-cache

[DEBUG] Adding key: http://localhost:49008 for channel [id: 0x646a57f0, L:/127.0.0.1:59946 - R:localhost/127.0.0.1:49008]
[DEBUG] Using pooled Channel '[id: 0x646a57f0, L:/127.0.0.1:59946 - R:localhost/127.0.0.1:49008]' for 'POST' to 'http://localhost:49008/session/cd8164821900f615f52588280c82091c/element'
[DEBUG] Using open Channel [id: 0x646a57f0, L:/127.0.0.1:59946 - R:localhost/127.0.0.1:49008] for POST '/session/cd8164821900f615f52588280c82091c/element'
[DEBUG] 

Request DefaultHttpRequest(decodeResult: success, version: HTTP/1.1)
POST /session/cd8164821900f615f52588280c82091c/element HTTP/1.1
User-Agent: selenium/4.8.3 (java windows)
Content-Length: 65
Content-Type: application/json; charset=utf-8
host: localhost:49008
accept: */*

Response DefaultHttpResponse(decodeResult: success, version: HTTP/1.1)
HTTP/1.1 200 OK
Content-Length: 88
Content-Type: application/json; charset=utf-8
cache-control: no-cache

[DEBUG] Adding key: http://localhost:49008 for channel [id: 0x646a57f0, L:/127.0.0.1:59946 - R:localhost/127.0.0.1:49008]
[DEBUG] Using pooled Channel '[id: 0x646a57f0, L:/127.0.0.1:59946 - R:localhost/127.0.0.1:49008]' for 'POST' to 'http://localhost:49008/session/cd8164821900f615f52588280c82091c/element/827c4acc-e3cd-4208-b377-076be2f90c3b/click'
[DEBUG] Using open Channel [id: 0x646a57f0, L:/127.0.0.1:59946 - R:localhost/127.0.0.1:49008] for POST '/session/cd8164821900f615f52588280c82091c/element/827c4acc-e3cd-4208-b377-076be2f90c3b/click'
[DEBUG] Entry count for : http://localhost:59947 : 1
[DEBUG] Entry count for : http://localhost:59927 : 1
[DEBUG] Entry count for : http://localhost:18492 : 1
[DEBUG] 

Request DefaultHttpRequest(decodeResult: success, version: HTTP/1.1)
POST /session/cd8164821900f615f52588280c82091c/element/827c4acc-e3cd-4208-b377-076be2f90c3b/click HTTP/1.1
User-Agent: selenium/4.8.3 (java windows)
Content-Length: 50
Content-Type: application/json; charset=utf-8
host: localhost:49008
accept: */*

Response DefaultHttpResponse(decodeResult: success, version: HTTP/1.1)
HTTP/1.1 200 OK
Content-Length: 14
Content-Type: application/json; charset=utf-8
cache-control: no-cache

[DEBUG] Adding key: http://localhost:49008 for channel [id: 0x646a57f0, L:/127.0.0.1:59946 - R:localhost/127.0.0.1:49008]
[DEBUG] Channel Closed: [id: 0x8d2d49ca, L:/127.0.0.1:59955 ! R:localhost/127.0.0.1:59947] with attribute NettyResponseFuture{currentRetry=0,
	isDone=1,
	isCancelled=0,
	asyncHandler=org.asynchttpclient.ws.WebSocketUpgradeHandler@446ac934,
	nettyRequest=org.asynchttpclient.netty.request.NettyRequest@2343c9dc,
	future=java.util.concurrent.CompletableFuture@12d9fc89[Completed normally],
	uri=ws://localhost:59947/devtools/browser/482a26b0-0a29-479a-a45c-a9da9a66241a,
	keepAlive=true,
	redirectCount=0,
	timeoutsHolder=null,
	inAuth=0,
	touch=1682428382207}
[DEBUG] Closing Channel [id: 0x8d2d49ca, L:/127.0.0.1:59955 ! R:localhost/127.0.0.1:59947] 
[DEBUG] Using pooled Channel '[id: 0x646a57f0, L:/127.0.0.1:59946 - R:localhost/127.0.0.1:49008]' for 'DELETE' to 'http://localhost:49008/session/cd8164821900f615f52588280c82091c'
[DEBUG] Using open Channel [id: 0x646a57f0, L:/127.0.0.1:59946 - R:localhost/127.0.0.1:49008] for DELETE '/session/cd8164821900f615f52588280c82091c'
[DEBUG] Unexpected I/O exception on channel [id: 0xa20b5705, L:/127.0.0.1:59954 - R:localhost/127.0.0.1:59947]
java.io.IOException: An existing connection was forcibly closed by the remote host
	at sun.nio.ch.SocketDispatcher.read0(Native Method) ~[na:1.8.0_351]
	at sun.nio.ch.SocketDispatcher.read(SocketDispatcher.java:43) ~[na:1.8.0_351]
	at sun.nio.ch.IOUtil.readIntoNativeBuffer(IOUtil.java:223) ~[na:1.8.0_351]
	at sun.nio.ch.IOUtil.read(IOUtil.java:192) ~[na:1.8.0_351]
	at sun.nio.ch.SocketChannelImpl.read(SocketChannelImpl.java:378) ~[na:1.8.0_351]
	at io.netty.buffer.PooledByteBuf.setBytes(PooledByteBuf.java:256) ~[netty-buffer-4.1.90.Final.jar:4.1.90.Final]
	at io.netty.buffer.AbstractByteBuf.writeBytes(AbstractByteBuf.java:1132) ~[netty-buffer-4.1.90.Final.jar:4.1.90.Final]
	at io.netty.channel.socket.nio.NioSocketChannel.doReadBytes(NioSocketChannel.java:357) ~[netty-transport-4.1.90.Final.jar:4.1.90.Final]
	at io.netty.channel.nio.AbstractNioByteChannel$NioByteUnsafe.read(AbstractNioByteChannel.java:151) ~[netty-transport-4.1.90.Final.jar:4.1.90.Final]
	at io.netty.channel.nio.NioEventLoop.processSelectedKey(NioEventLoop.java:788) [netty-transport-4.1.90.Final.jar:4.1.90.Final]
	at io.netty.channel.nio.NioEventLoop.processSelectedKeysOptimized(NioEventLoop.java:724) [netty-transport-4.1.90.Final.jar:4.1.90.Final]
	at io.netty.channel.nio.NioEventLoop.processSelectedKeys(NioEventLoop.java:650) [netty-transport-4.1.90.Final.jar:4.1.90.Final]
	at io.netty.channel.nio.NioEventLoop.run(NioEventLoop.java:562) [netty-transport-4.1.90.Final.jar:4.1.90.Final]
	at io.netty.util.concurrent.SingleThreadEventExecutor$4.run(SingleThreadEventExecutor.java:997) [netty-common-4.1.90.Final.jar:4.1.90.Final]
	at io.netty.util.internal.ThreadExecutorMap$2.run(ThreadExecutorMap.java:74) [netty-common-4.1.90.Final.jar:4.1.90.Final]
	at io.netty.util.concurrent.FastThreadLocalRunnable.run(FastThreadLocalRunnable.java:30) [netty-common-4.1.90.Final.jar:4.1.90.Final]
	at java.lang.Thread.run(Thread.java:750) [na:1.8.0_351]
[DEBUG] Closing Channel [id: 0xa20b5705, L:/127.0.0.1:59954 - R:localhost/127.0.0.1:59947] 
[DEBUG] Channel Closed: [id: 0xa20b5705, L:/127.0.0.1:59954 ! R:localhost/127.0.0.1:59947] with attribute DISCARD
[DEBUG] 

Request DefaultFullHttpRequest(decodeResult: success, version: HTTP/1.1, content: EmptyByteBufBE)
DELETE /session/cd8164821900f615f52588280c82091c HTTP/1.1
User-Agent: selenium/4.8.3 (java windows)
Content-Type: application/json; charset=utf-8
host: localhost:49008
accept: */*

Response DefaultHttpResponse(decodeResult: success, version: HTTP/1.1)
HTTP/1.1 200 OK
Content-Length: 14
Content-Type: application/json; charset=utf-8
cache-control: no-cache

[DEBUG] Adding key: http://localhost:49008 for channel [id: 0x646a57f0, L:/127.0.0.1:59946 - R:localhost/127.0.0.1:49008]
[DEBUG] Channel Closed: [id: 0x646a57f0, L:/127.0.0.1:59946 ! R:localhost/127.0.0.1:49008] with attribute DISCARD
TNLoginChromeTestpassed
]]></system-out>
    <system-err><![CDATA[Starting ChromeDriver 112.0.5615.49 (bd2a7bcb881c11e8cfe3078709382934e3916914-refs/branch-heads/5615@{#936}) on port 49008
Only local connections are allowed.
Please see https://chromedriver.chromium.org/security-considerations for suggestions on keeping ChromeDriver safe.
ChromeDriver was started successfully.
Apr 25, 2023 9:13:02 AM org.openqa.selenium.devtools.CdpVersionFinder findNearestMatch
WARNING: Unable to find an exact match for CDP version 112, so returning the closest version found: 111
]]></system-err>
  </testcase>
  <testcase name="TNLoginEdgeTest[seleniumpanda@gmail.com, Selenium@123](1)" classname="com.automationcode_9th_April_2023.TNLogin" time="16.058">
    <system-out><![CDATA[TNLoginEdgeTeststarting test
the thread for this is : 85
[DEBUG] Entry count for : http://localhost:59947 : 1
[DEBUG] Entry count for : http://localhost:59927 : 1
[DEBUG] Entry count for : http://localhost:18492 : 1
[DEBUG] Entry count for : http://localhost:49008 : 1
[DEBUG] Adding Candidate expired Channel [id: 0xa20b5705, L:/127.0.0.1:59954 ! R:localhost/127.0.0.1:59947] isIdleTimeoutExpired=false isRemotelyClosed=true isTtlExpired=false
[DEBUG] Closing Idle Channel [id: 0xa20b5705, L:/127.0.0.1:59954 ! R:localhost/127.0.0.1:59947]
[DEBUG] Adding Candidate expired Channel [id: 0x646a57f0, L:/127.0.0.1:59946 ! R:localhost/127.0.0.1:49008] isIdleTimeoutExpired=false isRemotelyClosed=true isTtlExpired=false
[DEBUG] Closing Idle Channel [id: 0x646a57f0, L:/127.0.0.1:59946 ! R:localhost/127.0.0.1:49008]
[DEBUG] Closed 2 connections out of 4 in 0 ms
[DEBUG] Entry count for : http://localhost:59927 : 1
[DEBUG] Entry count for : http://localhost:18492 : 1
[DEBUG] Entry count for : http://localhost:59927 : 1
[DEBUG] Entry count for : http://localhost:18492 : 1
[DEBUG] Entry count for : http://localhost:59927 : 1
[DEBUG] Entry count for : http://localhost:18492 : 1
[DEBUG] Using new Channel '[id: 0x73c8fb53, L:/127.0.0.1:59975 - R:localhost/127.0.0.1:19421]' for 'POST' to '/session'
[DEBUG] Entry count for : http://localhost:59927 : 1
[DEBUG] Entry count for : http://localhost:18492 : 1
[DEBUG] Entry count for : http://localhost:59927 : 1
[DEBUG] Entry count for : http://localhost:18492 : 1
[DEBUG] Entry count for : http://localhost:59927 : 1
[DEBUG] Entry count for : http://localhost:18492 : 1
[DEBUG] 

Request DefaultHttpRequest(decodeResult: success, version: HTTP/1.1)
POST /session HTTP/1.1
User-Agent: selenium/4.8.3 (java windows)
Content-Length: 445
Content-Type: application/json; charset=utf-8
host: localhost:19421
accept: */*

Response DefaultHttpResponse(decodeResult: success, version: HTTP/1.1)
HTTP/1.1 200 OK
Content-Length: 825
Content-Type: application/json; charset=utf-8
cache-control: no-cache

[DEBUG] Adding key: http://localhost:19421 for channel [id: 0x73c8fb53, L:/127.0.0.1:59975 - R:localhost/127.0.0.1:19421]
[DEBUG] Using new Channel '[id: 0x3baa6612, L:/127.0.0.1:59986 - R:localhost/127.0.0.1:59976]' for 'GET' to '/json/version'
[DEBUG] 

Request DefaultFullHttpRequest(decodeResult: success, version: HTTP/1.1, content: EmptyByteBufBE)
GET /json/version HTTP/1.1
User-Agent: selenium/4.8.3 (java windows)
host: localhost:59976
accept: */*

Response DefaultHttpResponse(decodeResult: success, version: HTTP/1.1)
HTTP/1.1 200 OK
Content-Security-Policy: frame-ancestors 'none'
Content-Length: 437
Content-Type: application/json; charset=UTF-8

[DEBUG] Adding key: http://localhost:59976 for channel [id: 0x3baa6612, L:/127.0.0.1:59986 - R:localhost/127.0.0.1:59976]
[DEBUG] Using new Channel '[id: 0xe3b3651c, L:/127.0.0.1:59987 - R:localhost/127.0.0.1:59976]' for 'GET' to '/devtools/browser/9ebc7357-af76-495e-b9ea-390e69c83cbc'
[DEBUG] 

Request DefaultFullHttpRequest(decodeResult: success, version: HTTP/1.1, content: EmptyByteBufBE)
GET /devtools/browser/9ebc7357-af76-495e-b9ea-390e69c83cbc HTTP/1.1
upgrade: websocket
connection: upgrade
sec-websocket-key: 0fBpCQuhU6+y8Ry313syPQ==
sec-websocket-version: 13
origin: http://localhost:59976
host: localhost:59976
accept: */*
user-agent: AHC/2.1

Response DefaultHttpResponse(decodeResult: success, version: HTTP/1.1)
HTTP/1.1 101 WebSocket Protocol Handshake
Upgrade: WebSocket
Connection: Upgrade
Sec-WebSocket-Accept: DWDkbKXhKfjVynFdXFXKd8yqXp4=

[DEBUG] Using pooled Channel '[id: 0x73c8fb53, L:/127.0.0.1:59975 - R:localhost/127.0.0.1:19421]' for 'POST' to 'http://localhost:19421/session/1840d975eaf5bff825cb8695cefdbee8/window/maximize'
[DEBUG] Using open Channel [id: 0x73c8fb53, L:/127.0.0.1:59975 - R:localhost/127.0.0.1:19421] for POST '/session/1840d975eaf5bff825cb8695cefdbee8/window/maximize'
[DEBUG] Entry count for : http://localhost:59976 : 1
[DEBUG] Entry count for : http://localhost:59927 : 1
[DEBUG] Entry count for : http://localhost:18492 : 1
[DEBUG] 

Request DefaultHttpRequest(decodeResult: success, version: HTTP/1.1)
POST /session/1840d975eaf5bff825cb8695cefdbee8/window/maximize HTTP/1.1
User-Agent: selenium/4.8.3 (java windows)
Content-Length: 3
Content-Type: application/json; charset=utf-8
host: localhost:19421
accept: */*

Response DefaultHttpResponse(decodeResult: success, version: HTTP/1.1)
HTTP/1.1 200 OK
Content-Length: 51
Content-Type: application/json; charset=utf-8
cache-control: no-cache

[DEBUG] Adding key: http://localhost:19421 for channel [id: 0x73c8fb53, L:/127.0.0.1:59975 - R:localhost/127.0.0.1:19421]
[DEBUG] Using pooled Channel '[id: 0x73c8fb53, L:/127.0.0.1:59975 - R:localhost/127.0.0.1:19421]' for 'POST' to 'http://localhost:19421/session/1840d975eaf5bff825cb8695cefdbee8/url'
[DEBUG] Using open Channel [id: 0x73c8fb53, L:/127.0.0.1:59975 - R:localhost/127.0.0.1:19421] for POST '/session/1840d975eaf5bff825cb8695cefdbee8/url'
[DEBUG] Entry count for : http://localhost:59976 : 1
[DEBUG] Entry count for : http://localhost:59927 : 1
[DEBUG] Entry count for : http://localhost:18492 : 1
[DEBUG] Entry count for : http://localhost:59976 : 1
[DEBUG] Entry count for : http://localhost:59927 : 1
[DEBUG] Entry count for : http://localhost:18492 : 1
[DEBUG] Entry count for : http://localhost:59976 : 1
[DEBUG] Entry count for : http://localhost:59927 : 1
[DEBUG] Entry count for : http://localhost:18492 : 1
[DEBUG] Entry count for : http://localhost:59976 : 1
[DEBUG] Entry count for : http://localhost:59927 : 1
[DEBUG] Entry count for : http://localhost:18492 : 1
[DEBUG] 

Request DefaultHttpRequest(decodeResult: success, version: HTTP/1.1)
POST /session/1840d975eaf5bff825cb8695cefdbee8/url HTTP/1.1
User-Agent: selenium/4.8.3 (java windows)
Content-Length: 60
Content-Type: application/json; charset=utf-8
host: localhost:19421
accept: */*

Response DefaultHttpResponse(decodeResult: success, version: HTTP/1.1)
HTTP/1.1 200 OK
Content-Length: 14
Content-Type: application/json; charset=utf-8
cache-control: no-cache

[DEBUG] Adding key: http://localhost:19421 for channel [id: 0x73c8fb53, L:/127.0.0.1:59975 - R:localhost/127.0.0.1:19421]
[DEBUG] Using pooled Channel '[id: 0x73c8fb53, L:/127.0.0.1:59975 - R:localhost/127.0.0.1:19421]' for 'POST' to 'http://localhost:19421/session/1840d975eaf5bff825cb8695cefdbee8/element'
[DEBUG] Using open Channel [id: 0x73c8fb53, L:/127.0.0.1:59975 - R:localhost/127.0.0.1:19421] for POST '/session/1840d975eaf5bff825cb8695cefdbee8/element'
[DEBUG] 

Request DefaultHttpRequest(decodeResult: success, version: HTTP/1.1)
POST /session/1840d975eaf5bff825cb8695cefdbee8/element HTTP/1.1
User-Agent: selenium/4.8.3 (java windows)
Content-Length: 51
Content-Type: application/json; charset=utf-8
host: localhost:19421
accept: */*

Response DefaultHttpResponse(decodeResult: success, version: HTTP/1.1)
HTTP/1.1 200 OK
Content-Length: 88
Content-Type: application/json; charset=utf-8
cache-control: no-cache

[DEBUG] Adding key: http://localhost:19421 for channel [id: 0x73c8fb53, L:/127.0.0.1:59975 - R:localhost/127.0.0.1:19421]
[DEBUG] Using pooled Channel '[id: 0x73c8fb53, L:/127.0.0.1:59975 - R:localhost/127.0.0.1:19421]' for 'POST' to 'http://localhost:19421/session/1840d975eaf5bff825cb8695cefdbee8/element/80ab2f89-e6b1-44a2-b058-e6b8904a4b01/click'
[DEBUG] Using open Channel [id: 0x73c8fb53, L:/127.0.0.1:59975 - R:localhost/127.0.0.1:19421] for POST '/session/1840d975eaf5bff825cb8695cefdbee8/element/80ab2f89-e6b1-44a2-b058-e6b8904a4b01/click'
[DEBUG] 

Request DefaultHttpRequest(decodeResult: success, version: HTTP/1.1)
POST /session/1840d975eaf5bff825cb8695cefdbee8/element/80ab2f89-e6b1-44a2-b058-e6b8904a4b01/click HTTP/1.1
User-Agent: selenium/4.8.3 (java windows)
Content-Length: 50
Content-Type: application/json; charset=utf-8
host: localhost:19421
accept: */*

Response DefaultHttpResponse(decodeResult: success, version: HTTP/1.1)
HTTP/1.1 200 OK
Content-Length: 14
Content-Type: application/json; charset=utf-8
cache-control: no-cache

[DEBUG] Adding key: http://localhost:19421 for channel [id: 0x73c8fb53, L:/127.0.0.1:59975 - R:localhost/127.0.0.1:19421]
[DEBUG] Using pooled Channel '[id: 0x73c8fb53, L:/127.0.0.1:59975 - R:localhost/127.0.0.1:19421]' for 'POST' to 'http://localhost:19421/session/1840d975eaf5bff825cb8695cefdbee8/element'
[DEBUG] Using open Channel [id: 0x73c8fb53, L:/127.0.0.1:59975 - R:localhost/127.0.0.1:19421] for POST '/session/1840d975eaf5bff825cb8695cefdbee8/element'
[DEBUG] 

Request DefaultHttpRequest(decodeResult: success, version: HTTP/1.1)
POST /session/1840d975eaf5bff825cb8695cefdbee8/element HTTP/1.1
User-Agent: selenium/4.8.3 (java windows)
Content-Length: 46
Content-Type: application/json; charset=utf-8
host: localhost:19421
accept: */*

Response DefaultHttpResponse(decodeResult: success, version: HTTP/1.1)
HTTP/1.1 200 OK
Content-Length: 88
Content-Type: application/json; charset=utf-8
cache-control: no-cache

[DEBUG] Adding key: http://localhost:19421 for channel [id: 0x73c8fb53, L:/127.0.0.1:59975 - R:localhost/127.0.0.1:19421]
[DEBUG] Using pooled Channel '[id: 0x73c8fb53, L:/127.0.0.1:59975 - R:localhost/127.0.0.1:19421]' for 'POST' to 'http://localhost:19421/session/1840d975eaf5bff825cb8695cefdbee8/element/54642490-c50f-4029-860f-059fe6e84e98/click'
[DEBUG] Using open Channel [id: 0x73c8fb53, L:/127.0.0.1:59975 - R:localhost/127.0.0.1:19421] for POST '/session/1840d975eaf5bff825cb8695cefdbee8/element/54642490-c50f-4029-860f-059fe6e84e98/click'
[DEBUG] Entry count for : http://localhost:59976 : 1
[DEBUG] Entry count for : http://localhost:59927 : 1
[DEBUG] Entry count for : http://localhost:18492 : 1
[DEBUG] 

Request DefaultHttpRequest(decodeResult: success, version: HTTP/1.1)
POST /session/1840d975eaf5bff825cb8695cefdbee8/element/54642490-c50f-4029-860f-059fe6e84e98/click HTTP/1.1
User-Agent: selenium/4.8.3 (java windows)
Content-Length: 50
Content-Type: application/json; charset=utf-8
host: localhost:19421
accept: */*

Response DefaultHttpResponse(decodeResult: success, version: HTTP/1.1)
HTTP/1.1 200 OK
Content-Length: 14
Content-Type: application/json; charset=utf-8
cache-control: no-cache

[DEBUG] Adding key: http://localhost:19421 for channel [id: 0x73c8fb53, L:/127.0.0.1:59975 - R:localhost/127.0.0.1:19421]
[DEBUG] Using pooled Channel '[id: 0x73c8fb53, L:/127.0.0.1:59975 - R:localhost/127.0.0.1:19421]' for 'POST' to 'http://localhost:19421/session/1840d975eaf5bff825cb8695cefdbee8/element'
[DEBUG] Using open Channel [id: 0x73c8fb53, L:/127.0.0.1:59975 - R:localhost/127.0.0.1:19421] for POST '/session/1840d975eaf5bff825cb8695cefdbee8/element'
[DEBUG] 

Request DefaultHttpRequest(decodeResult: success, version: HTTP/1.1)
POST /session/1840d975eaf5bff825cb8695cefdbee8/element HTTP/1.1
User-Agent: selenium/4.8.3 (java windows)
Content-Length: 58
Content-Type: application/json; charset=utf-8
host: localhost:19421
accept: */*

Response DefaultHttpResponse(decodeResult: success, version: HTTP/1.1)
HTTP/1.1 200 OK
Content-Length: 88
Content-Type: application/json; charset=utf-8
cache-control: no-cache

[DEBUG] Adding key: http://localhost:19421 for channel [id: 0x73c8fb53, L:/127.0.0.1:59975 - R:localhost/127.0.0.1:19421]
[DEBUG] Using pooled Channel '[id: 0x73c8fb53, L:/127.0.0.1:59975 - R:localhost/127.0.0.1:19421]' for 'POST' to 'http://localhost:19421/session/1840d975eaf5bff825cb8695cefdbee8/element/8b2e1183-ed88-4015-aad0-f039afdfd180/value'
[DEBUG] Using open Channel [id: 0x73c8fb53, L:/127.0.0.1:59975 - R:localhost/127.0.0.1:19421] for POST '/session/1840d975eaf5bff825cb8695cefdbee8/element/8b2e1183-ed88-4015-aad0-f039afdfd180/value'
[DEBUG] 

Request DefaultHttpRequest(decodeResult: success, version: HTTP/1.1)
POST /session/1840d975eaf5bff825cb8695cefdbee8/element/8b2e1183-ed88-4015-aad0-f039afdfd180/value HTTP/1.1
User-Agent: selenium/4.8.3 (java windows)
Content-Length: 311
Content-Type: application/json; charset=utf-8
host: localhost:19421
accept: */*

Response DefaultHttpResponse(decodeResult: success, version: HTTP/1.1)
HTTP/1.1 200 OK
Content-Length: 14
Content-Type: application/json; charset=utf-8
cache-control: no-cache

[DEBUG] Adding key: http://localhost:19421 for channel [id: 0x73c8fb53, L:/127.0.0.1:59975 - R:localhost/127.0.0.1:19421]
[DEBUG] Using pooled Channel '[id: 0x73c8fb53, L:/127.0.0.1:59975 - R:localhost/127.0.0.1:19421]' for 'POST' to 'http://localhost:19421/session/1840d975eaf5bff825cb8695cefdbee8/element'
[DEBUG] Using open Channel [id: 0x73c8fb53, L:/127.0.0.1:59975 - R:localhost/127.0.0.1:19421] for POST '/session/1840d975eaf5bff825cb8695cefdbee8/element'
[DEBUG] 

Request DefaultHttpRequest(decodeResult: success, version: HTTP/1.1)
POST /session/1840d975eaf5bff825cb8695cefdbee8/element HTTP/1.1
User-Agent: selenium/4.8.3 (java windows)
Content-Length: 61
Content-Type: application/json; charset=utf-8
host: localhost:19421
accept: */*

Response DefaultHttpResponse(decodeResult: success, version: HTTP/1.1)
HTTP/1.1 200 OK
Content-Length: 88
Content-Type: application/json; charset=utf-8
cache-control: no-cache

[DEBUG] Adding key: http://localhost:19421 for channel [id: 0x73c8fb53, L:/127.0.0.1:59975 - R:localhost/127.0.0.1:19421]
[DEBUG] Using pooled Channel '[id: 0x73c8fb53, L:/127.0.0.1:59975 - R:localhost/127.0.0.1:19421]' for 'POST' to 'http://localhost:19421/session/1840d975eaf5bff825cb8695cefdbee8/element/c0edcf74-4dd1-42d5-a259-f4acc0b94e27/value'
[DEBUG] Using open Channel [id: 0x73c8fb53, L:/127.0.0.1:59975 - R:localhost/127.0.0.1:19421] for POST '/session/1840d975eaf5bff825cb8695cefdbee8/element/c0edcf74-4dd1-42d5-a259-f4acc0b94e27/value'
[DEBUG] 

Request DefaultHttpRequest(decodeResult: success, version: HTTP/1.1)
POST /session/1840d975eaf5bff825cb8695cefdbee8/element/c0edcf74-4dd1-42d5-a259-f4acc0b94e27/value HTTP/1.1
User-Agent: selenium/4.8.3 (java windows)
Content-Length: 201
Content-Type: application/json; charset=utf-8
host: localhost:19421
accept: */*

Response DefaultHttpResponse(decodeResult: success, version: HTTP/1.1)
HTTP/1.1 200 OK
Content-Length: 14
Content-Type: application/json; charset=utf-8
cache-control: no-cache

[DEBUG] Adding key: http://localhost:19421 for channel [id: 0x73c8fb53, L:/127.0.0.1:59975 - R:localhost/127.0.0.1:19421]
[DEBUG] Using pooled Channel '[id: 0x73c8fb53, L:/127.0.0.1:59975 - R:localhost/127.0.0.1:19421]' for 'POST' to 'http://localhost:19421/session/1840d975eaf5bff825cb8695cefdbee8/element'
[DEBUG] Using open Channel [id: 0x73c8fb53, L:/127.0.0.1:59975 - R:localhost/127.0.0.1:19421] for POST '/session/1840d975eaf5bff825cb8695cefdbee8/element'
[DEBUG] 

Request DefaultHttpRequest(decodeResult: success, version: HTTP/1.1)
POST /session/1840d975eaf5bff825cb8695cefdbee8/element HTTP/1.1
User-Agent: selenium/4.8.3 (java windows)
Content-Length: 65
Content-Type: application/json; charset=utf-8
host: localhost:19421
accept: */*

Response DefaultHttpResponse(decodeResult: success, version: HTTP/1.1)
HTTP/1.1 200 OK
Content-Length: 88
Content-Type: application/json; charset=utf-8
cache-control: no-cache

[DEBUG] Adding key: http://localhost:19421 for channel [id: 0x73c8fb53, L:/127.0.0.1:59975 - R:localhost/127.0.0.1:19421]
[DEBUG] Using pooled Channel '[id: 0x73c8fb53, L:/127.0.0.1:59975 - R:localhost/127.0.0.1:19421]' for 'POST' to 'http://localhost:19421/session/1840d975eaf5bff825cb8695cefdbee8/element/95ce444c-a67c-4393-88b1-1d446c83ba8f/click'
[DEBUG] Using open Channel [id: 0x73c8fb53, L:/127.0.0.1:59975 - R:localhost/127.0.0.1:19421] for POST '/session/1840d975eaf5bff825cb8695cefdbee8/element/95ce444c-a67c-4393-88b1-1d446c83ba8f/click'
[DEBUG] Entry count for : http://localhost:59976 : 1
[DEBUG] Entry count for : http://localhost:59927 : 1
[DEBUG] Entry count for : http://localhost:18492 : 1
[DEBUG] 

Request DefaultHttpRequest(decodeResult: success, version: HTTP/1.1)
POST /session/1840d975eaf5bff825cb8695cefdbee8/element/95ce444c-a67c-4393-88b1-1d446c83ba8f/click HTTP/1.1
User-Agent: selenium/4.8.3 (java windows)
Content-Length: 50
Content-Type: application/json; charset=utf-8
host: localhost:19421
accept: */*

Response DefaultHttpResponse(decodeResult: success, version: HTTP/1.1)
HTTP/1.1 200 OK
Content-Length: 14
Content-Type: application/json; charset=utf-8
cache-control: no-cache

[DEBUG] Adding key: http://localhost:19421 for channel [id: 0x73c8fb53, L:/127.0.0.1:59975 - R:localhost/127.0.0.1:19421]
[DEBUG] Channel Closed: [id: 0xe3b3651c, L:/127.0.0.1:59987 ! R:localhost/127.0.0.1:59976] with attribute NettyResponseFuture{currentRetry=0,
	isDone=1,
	isCancelled=0,
	asyncHandler=org.asynchttpclient.ws.WebSocketUpgradeHandler@2abf5434,
	nettyRequest=org.asynchttpclient.netty.request.NettyRequest@5bd6bbf6,
	future=java.util.concurrent.CompletableFuture@5275e131[Completed normally],
	uri=ws://localhost:59976/devtools/browser/9ebc7357-af76-495e-b9ea-390e69c83cbc,
	keepAlive=true,
	redirectCount=0,
	timeoutsHolder=null,
	inAuth=0,
	touch=1682428399951}
[DEBUG] Closing Channel [id: 0xe3b3651c, L:/127.0.0.1:59987 ! R:localhost/127.0.0.1:59976] 
[DEBUG] Using pooled Channel '[id: 0x73c8fb53, L:/127.0.0.1:59975 - R:localhost/127.0.0.1:19421]' for 'DELETE' to 'http://localhost:19421/session/1840d975eaf5bff825cb8695cefdbee8'
[DEBUG] Using open Channel [id: 0x73c8fb53, L:/127.0.0.1:59975 - R:localhost/127.0.0.1:19421] for DELETE '/session/1840d975eaf5bff825cb8695cefdbee8'
[DEBUG] Unexpected I/O exception on channel [id: 0x3baa6612, L:/127.0.0.1:59986 - R:localhost/127.0.0.1:59976]
java.io.IOException: An existing connection was forcibly closed by the remote host
	at sun.nio.ch.SocketDispatcher.read0(Native Method) ~[na:1.8.0_351]
	at sun.nio.ch.SocketDispatcher.read(SocketDispatcher.java:43) ~[na:1.8.0_351]
	at sun.nio.ch.IOUtil.readIntoNativeBuffer(IOUtil.java:223) ~[na:1.8.0_351]
	at sun.nio.ch.IOUtil.read(IOUtil.java:192) ~[na:1.8.0_351]
	at sun.nio.ch.SocketChannelImpl.read(SocketChannelImpl.java:378) ~[na:1.8.0_351]
	at io.netty.buffer.PooledByteBuf.setBytes(PooledByteBuf.java:256) ~[netty-buffer-4.1.90.Final.jar:4.1.90.Final]
	at io.netty.buffer.AbstractByteBuf.writeBytes(AbstractByteBuf.java:1132) ~[netty-buffer-4.1.90.Final.jar:4.1.90.Final]
	at io.netty.channel.socket.nio.NioSocketChannel.doReadBytes(NioSocketChannel.java:357) ~[netty-transport-4.1.90.Final.jar:4.1.90.Final]
	at io.netty.channel.nio.AbstractNioByteChannel$NioByteUnsafe.read(AbstractNioByteChannel.java:151) ~[netty-transport-4.1.90.Final.jar:4.1.90.Final]
	at io.netty.channel.nio.NioEventLoop.processSelectedKey(NioEventLoop.java:788) [netty-transport-4.1.90.Final.jar:4.1.90.Final]
	at io.netty.channel.nio.NioEventLoop.processSelectedKeysOptimized(NioEventLoop.java:724) [netty-transport-4.1.90.Final.jar:4.1.90.Final]
	at io.netty.channel.nio.NioEventLoop.processSelectedKeys(NioEventLoop.java:650) [netty-transport-4.1.90.Final.jar:4.1.90.Final]
	at io.netty.channel.nio.NioEventLoop.run(NioEventLoop.java:562) [netty-transport-4.1.90.Final.jar:4.1.90.Final]
	at io.netty.util.concurrent.SingleThreadEventExecutor$4.run(SingleThreadEventExecutor.java:997) [netty-common-4.1.90.Final.jar:4.1.90.Final]
	at io.netty.util.internal.ThreadExecutorMap$2.run(ThreadExecutorMap.java:74) [netty-common-4.1.90.Final.jar:4.1.90.Final]
	at io.netty.util.concurrent.FastThreadLocalRunnable.run(FastThreadLocalRunnable.java:30) [netty-common-4.1.90.Final.jar:4.1.90.Final]
	at java.lang.Thread.run(Thread.java:750) [na:1.8.0_351]
[DEBUG] Closing Channel [id: 0x3baa6612, L:/127.0.0.1:59986 - R:localhost/127.0.0.1:59976] 
[DEBUG] Channel Closed: [id: 0x3baa6612, L:/127.0.0.1:59986 ! R:localhost/127.0.0.1:59976] with attribute DISCARD
[DEBUG] 

Request DefaultFullHttpRequest(decodeResult: success, version: HTTP/1.1, content: EmptyByteBufBE)
DELETE /session/1840d975eaf5bff825cb8695cefdbee8 HTTP/1.1
User-Agent: selenium/4.8.3 (java windows)
Content-Type: application/json; charset=utf-8
host: localhost:19421
accept: */*

Response DefaultHttpResponse(decodeResult: success, version: HTTP/1.1)
HTTP/1.1 200 OK
Content-Length: 14
Content-Type: application/json; charset=utf-8
cache-control: no-cache

[DEBUG] Adding key: http://localhost:19421 for channel [id: 0x73c8fb53, L:/127.0.0.1:59975 - R:localhost/127.0.0.1:19421]
[DEBUG] Channel Closed: [id: 0x73c8fb53, L:/127.0.0.1:59975 ! R:localhost/127.0.0.1:19421] with attribute DISCARD
[DEBUG] Entry count for : http://localhost:19421 : 1
[DEBUG] Entry count for : http://localhost:59976 : 1
[DEBUG] Entry count for : http://localhost:59927 : 1
[DEBUG] Entry count for : http://localhost:18492 : 1
[DEBUG] Adding Candidate expired Channel [id: 0x73c8fb53, L:/127.0.0.1:59975 ! R:localhost/127.0.0.1:19421] isIdleTimeoutExpired=false isRemotelyClosed=true isTtlExpired=false
[DEBUG] Closing Idle Channel [id: 0x73c8fb53, L:/127.0.0.1:59975 ! R:localhost/127.0.0.1:19421]
[DEBUG] Adding Candidate expired Channel [id: 0x3baa6612, L:/127.0.0.1:59986 ! R:localhost/127.0.0.1:59976] isIdleTimeoutExpired=false isRemotelyClosed=true isTtlExpired=false
[DEBUG] Closing Idle Channel [id: 0x3baa6612, L:/127.0.0.1:59986 ! R:localhost/127.0.0.1:59976]
[DEBUG] Closed 2 connections out of 4 in 0 ms
TNLoginEdgeTestpassed
]]></system-out>
    <system-err><![CDATA[Starting Microsoft Edge WebDriver 112.0.1722.58 (4dc3f55bfaec25ee4e6acc8bd6b20d64b3b0b7bb) on port 19421
To submit feedback, report a bug, or suggest new features, please visit https://github.com/MicrosoftEdge/EdgeWebDriver

Only local connections are allowed.
Please see https://aka.ms/WebDriverSecurity for suggestions on keeping Microsoft Edge WebDriver safe.

Microsoft Edge WebDriver was started successfully.
Apr 25, 2023 9:13:19 AM org.openqa.selenium.devtools.CdpVersionFinder findNearestMatch
WARNING: Unable to find an exact match for CDP version 112, so returning the closest version found: 111
]]></system-err>
  </testcase>
  <testcase name="TNLoginFirefoxTest[seleniumpanda@gmail.com, Selenium@123](1)" classname="com.automationcode_9th_April_2023.TNLogin" time="14.414">
    <system-out><![CDATA[TNLoginFirefoxTeststarting test
the thread for this is : 95
[DEBUG] Entry count for : http://localhost:59927 : 1
[DEBUG] Entry count for : http://localhost:18492 : 1
[DEBUG] Using new Channel '[id: 0xf863c9d2, L:/127.0.0.1:60017 - R:localhost/127.0.0.1:34511]' for 'POST' to '/session'
[DEBUG] Entry count for : http://localhost:59927 : 1
[DEBUG] Entry count for : http://localhost:18492 : 1
[DEBUG] Entry count for : http://localhost:59927 : 1
[DEBUG] Entry count for : http://localhost:18492 : 1
[DEBUG] Entry count for : http://localhost:59927 : 1
[DEBUG] Entry count for : http://localhost:18492 : 1
[DEBUG] Entry count for : http://localhost:59927 : 1
[DEBUG] Entry count for : http://localhost:18492 : 1
[DEBUG] 

Request DefaultHttpRequest(decodeResult: success, version: HTTP/1.1)
POST /session HTTP/1.1
User-Agent: selenium/4.8.3 (java windows)
Content-Length: 381
Content-Type: application/json; charset=utf-8
host: localhost:34511
accept: */*

Response DefaultHttpResponse(decodeResult: success, version: HTTP/1.1)
HTTP/1.1 200 OK
content-type: application/json; charset=utf-8
cache-control: no-cache
content-length: 792
date: Tue, 25 Apr 2023 13:13:29 GMT

[DEBUG] Adding key: http://localhost:34511 for channel [id: 0xf863c9d2, L:/127.0.0.1:60017 - R:localhost/127.0.0.1:34511]
[DEBUG] Using new Channel '[id: 0x2473df81, L:/127.0.0.1:60032 - R:/127.0.0.1:20084]' for 'GET' to '/json/version'
[DEBUG] 

Request DefaultFullHttpRequest(decodeResult: success, version: HTTP/1.1, content: EmptyByteBufBE)
GET /json/version HTTP/1.1
User-Agent: selenium/4.8.3 (java windows)
host: 127.0.0.1:20084
accept: */*

Response DefaultHttpResponse(decodeResult: success, version: HTTP/1.1)
HTTP/1.1 200 OK
content-type: application/json
connection: close
server: httpd.js
date: Tue, 25 Apr 2023 13:13:34 GMT
content-length: 311

[DEBUG] Closing Channel [id: 0x2473df81, L:/127.0.0.1:60032 - R:/127.0.0.1:20084] 
[DEBUG] Channel Closed: [id: 0x2473df81, L:/127.0.0.1:60032 ! R:/127.0.0.1:20084] with attribute DISCARD
[DEBUG] Using pooled Channel '[id: 0xf863c9d2, L:/127.0.0.1:60017 - R:localhost/127.0.0.1:34511]' for 'POST' to 'http://localhost:34511/session/43663120-f764-4b4f-ba9a-7b82f297bdac/window/maximize'
[DEBUG] Using open Channel [id: 0xf863c9d2, L:/127.0.0.1:60017 - R:localhost/127.0.0.1:34511] for POST '/session/43663120-f764-4b4f-ba9a-7b82f297bdac/window/maximize'
[DEBUG] Entry count for : http://localhost:59927 : 1
[DEBUG] Entry count for : http://localhost:18492 : 1
[DEBUG] 

Request DefaultHttpRequest(decodeResult: success, version: HTTP/1.1)
POST /session/43663120-f764-4b4f-ba9a-7b82f297bdac/window/maximize HTTP/1.1
User-Agent: selenium/4.8.3 (java windows)
Content-Length: 3
Content-Type: application/json; charset=utf-8
host: localhost:34511
accept: */*

Response DefaultHttpResponse(decodeResult: success, version: HTTP/1.1)
HTTP/1.1 200 OK
content-type: application/json; charset=utf-8
cache-control: no-cache
content-length: 51
date: Tue, 25 Apr 2023 13:13:34 GMT

[DEBUG] Adding key: http://localhost:34511 for channel [id: 0xf863c9d2, L:/127.0.0.1:60017 - R:localhost/127.0.0.1:34511]
[DEBUG] Using pooled Channel '[id: 0xf863c9d2, L:/127.0.0.1:60017 - R:localhost/127.0.0.1:34511]' for 'POST' to 'http://localhost:34511/session/43663120-f764-4b4f-ba9a-7b82f297bdac/url'
[DEBUG] Using open Channel [id: 0xf863c9d2, L:/127.0.0.1:60017 - R:localhost/127.0.0.1:34511] for POST '/session/43663120-f764-4b4f-ba9a-7b82f297bdac/url'
[DEBUG] Entry count for : http://localhost:59927 : 1
[DEBUG] Entry count for : http://localhost:18492 : 1
[DEBUG] Entry count for : http://localhost:59927 : 1
[DEBUG] Entry count for : http://localhost:18492 : 1
[DEBUG] Entry count for : http://localhost:59927 : 1
[DEBUG] Entry count for : http://localhost:18492 : 1
[DEBUG] 

Request DefaultHttpRequest(decodeResult: success, version: HTTP/1.1)
POST /session/43663120-f764-4b4f-ba9a-7b82f297bdac/url HTTP/1.1
User-Agent: selenium/4.8.3 (java windows)
Content-Length: 60
Content-Type: application/json; charset=utf-8
host: localhost:34511
accept: */*

Response DefaultHttpResponse(decodeResult: success, version: HTTP/1.1)
HTTP/1.1 200 OK
content-type: application/json; charset=utf-8
cache-control: no-cache
content-length: 14
date: Tue, 25 Apr 2023 13:13:34 GMT

[DEBUG] Adding key: http://localhost:34511 for channel [id: 0xf863c9d2, L:/127.0.0.1:60017 - R:localhost/127.0.0.1:34511]
[DEBUG] Using pooled Channel '[id: 0xf863c9d2, L:/127.0.0.1:60017 - R:localhost/127.0.0.1:34511]' for 'POST' to 'http://localhost:34511/session/43663120-f764-4b4f-ba9a-7b82f297bdac/element'
[DEBUG] Using open Channel [id: 0xf863c9d2, L:/127.0.0.1:60017 - R:localhost/127.0.0.1:34511] for POST '/session/43663120-f764-4b4f-ba9a-7b82f297bdac/element'
[DEBUG] 

Request DefaultHttpRequest(decodeResult: success, version: HTTP/1.1)
POST /session/43663120-f764-4b4f-ba9a-7b82f297bdac/element HTTP/1.1
User-Agent: selenium/4.8.3 (java windows)
Content-Length: 51
Content-Type: application/json; charset=utf-8
host: localhost:34511
accept: */*

Response DefaultHttpResponse(decodeResult: success, version: HTTP/1.1)
HTTP/1.1 200 OK
content-type: application/json; charset=utf-8
cache-control: no-cache
content-length: 88
date: Tue, 25 Apr 2023 13:13:38 GMT

[DEBUG] Adding key: http://localhost:34511 for channel [id: 0xf863c9d2, L:/127.0.0.1:60017 - R:localhost/127.0.0.1:34511]
[DEBUG] Using pooled Channel '[id: 0xf863c9d2, L:/127.0.0.1:60017 - R:localhost/127.0.0.1:34511]' for 'POST' to 'http://localhost:34511/session/43663120-f764-4b4f-ba9a-7b82f297bdac/element/00d57bd8-868a-42ad-bd0b-7ec018fb2131/click'
[DEBUG] Using open Channel [id: 0xf863c9d2, L:/127.0.0.1:60017 - R:localhost/127.0.0.1:34511] for POST '/session/43663120-f764-4b4f-ba9a-7b82f297bdac/element/00d57bd8-868a-42ad-bd0b-7ec018fb2131/click'
[DEBUG] Entry count for : http://localhost:59927 : 1
[DEBUG] Entry count for : http://localhost:18492 : 1
[DEBUG] 

Request DefaultHttpRequest(decodeResult: success, version: HTTP/1.1)
POST /session/43663120-f764-4b4f-ba9a-7b82f297bdac/element/00d57bd8-868a-42ad-bd0b-7ec018fb2131/click HTTP/1.1
User-Agent: selenium/4.8.3 (java windows)
Content-Length: 50
Content-Type: application/json; charset=utf-8
host: localhost:34511
accept: */*

Response DefaultHttpResponse(decodeResult: success, version: HTTP/1.1)
HTTP/1.1 200 OK
content-type: application/json; charset=utf-8
cache-control: no-cache
content-length: 14
date: Tue, 25 Apr 2023 13:13:38 GMT

[DEBUG] Adding key: http://localhost:34511 for channel [id: 0xf863c9d2, L:/127.0.0.1:60017 - R:localhost/127.0.0.1:34511]
[DEBUG] Using pooled Channel '[id: 0xf863c9d2, L:/127.0.0.1:60017 - R:localhost/127.0.0.1:34511]' for 'POST' to 'http://localhost:34511/session/43663120-f764-4b4f-ba9a-7b82f297bdac/element'
[DEBUG] Using open Channel [id: 0xf863c9d2, L:/127.0.0.1:60017 - R:localhost/127.0.0.1:34511] for POST '/session/43663120-f764-4b4f-ba9a-7b82f297bdac/element'
[DEBUG] 

Request DefaultHttpRequest(decodeResult: success, version: HTTP/1.1)
POST /session/43663120-f764-4b4f-ba9a-7b82f297bdac/element HTTP/1.1
User-Agent: selenium/4.8.3 (java windows)
Content-Length: 46
Content-Type: application/json; charset=utf-8
host: localhost:34511
accept: */*

Response DefaultHttpResponse(decodeResult: success, version: HTTP/1.1)
HTTP/1.1 200 OK
content-type: application/json; charset=utf-8
cache-control: no-cache
content-length: 88
date: Tue, 25 Apr 2023 13:13:38 GMT

[DEBUG] Adding key: http://localhost:34511 for channel [id: 0xf863c9d2, L:/127.0.0.1:60017 - R:localhost/127.0.0.1:34511]
[DEBUG] Using pooled Channel '[id: 0xf863c9d2, L:/127.0.0.1:60017 - R:localhost/127.0.0.1:34511]' for 'POST' to 'http://localhost:34511/session/43663120-f764-4b4f-ba9a-7b82f297bdac/element/4f62b397-7e47-4197-93ef-d99bef9eb91d/click'
[DEBUG] Using open Channel [id: 0xf863c9d2, L:/127.0.0.1:60017 - R:localhost/127.0.0.1:34511] for POST '/session/43663120-f764-4b4f-ba9a-7b82f297bdac/element/4f62b397-7e47-4197-93ef-d99bef9eb91d/click'
[DEBUG] 

Request DefaultHttpRequest(decodeResult: success, version: HTTP/1.1)
POST /session/43663120-f764-4b4f-ba9a-7b82f297bdac/element/4f62b397-7e47-4197-93ef-d99bef9eb91d/click HTTP/1.1
User-Agent: selenium/4.8.3 (java windows)
Content-Length: 50
Content-Type: application/json; charset=utf-8
host: localhost:34511
accept: */*

Response DefaultHttpResponse(decodeResult: success, version: HTTP/1.1)
HTTP/1.1 200 OK
content-type: application/json; charset=utf-8
cache-control: no-cache
content-length: 14
date: Tue, 25 Apr 2023 13:13:38 GMT

[DEBUG] Adding key: http://localhost:34511 for channel [id: 0xf863c9d2, L:/127.0.0.1:60017 - R:localhost/127.0.0.1:34511]
[DEBUG] Using pooled Channel '[id: 0xf863c9d2, L:/127.0.0.1:60017 - R:localhost/127.0.0.1:34511]' for 'POST' to 'http://localhost:34511/session/43663120-f764-4b4f-ba9a-7b82f297bdac/element'
[DEBUG] Using open Channel [id: 0xf863c9d2, L:/127.0.0.1:60017 - R:localhost/127.0.0.1:34511] for POST '/session/43663120-f764-4b4f-ba9a-7b82f297bdac/element'
[DEBUG] 

Request DefaultHttpRequest(decodeResult: success, version: HTTP/1.1)
POST /session/43663120-f764-4b4f-ba9a-7b82f297bdac/element HTTP/1.1
User-Agent: selenium/4.8.3 (java windows)
Content-Length: 58
Content-Type: application/json; charset=utf-8
host: localhost:34511
accept: */*

Response DefaultHttpResponse(decodeResult: success, version: HTTP/1.1)
HTTP/1.1 200 OK
content-type: application/json; charset=utf-8
cache-control: no-cache
content-length: 88
date: Tue, 25 Apr 2023 13:13:38 GMT

[DEBUG] Adding key: http://localhost:34511 for channel [id: 0xf863c9d2, L:/127.0.0.1:60017 - R:localhost/127.0.0.1:34511]
[DEBUG] Using pooled Channel '[id: 0xf863c9d2, L:/127.0.0.1:60017 - R:localhost/127.0.0.1:34511]' for 'POST' to 'http://localhost:34511/session/43663120-f764-4b4f-ba9a-7b82f297bdac/element/0658c1e3-ef98-46a9-8630-5675bb9223f6/value'
[DEBUG] Using open Channel [id: 0xf863c9d2, L:/127.0.0.1:60017 - R:localhost/127.0.0.1:34511] for POST '/session/43663120-f764-4b4f-ba9a-7b82f297bdac/element/0658c1e3-ef98-46a9-8630-5675bb9223f6/value'
[DEBUG] 

Request DefaultHttpRequest(decodeResult: success, version: HTTP/1.1)
POST /session/43663120-f764-4b4f-ba9a-7b82f297bdac/element/0658c1e3-ef98-46a9-8630-5675bb9223f6/value HTTP/1.1
User-Agent: selenium/4.8.3 (java windows)
Content-Length: 311
Content-Type: application/json; charset=utf-8
host: localhost:34511
accept: */*

Response DefaultHttpResponse(decodeResult: success, version: HTTP/1.1)
HTTP/1.1 200 OK
content-type: application/json; charset=utf-8
cache-control: no-cache
content-length: 14
date: Tue, 25 Apr 2023 13:13:39 GMT

[DEBUG] Adding key: http://localhost:34511 for channel [id: 0xf863c9d2, L:/127.0.0.1:60017 - R:localhost/127.0.0.1:34511]
[DEBUG] Using pooled Channel '[id: 0xf863c9d2, L:/127.0.0.1:60017 - R:localhost/127.0.0.1:34511]' for 'POST' to 'http://localhost:34511/session/43663120-f764-4b4f-ba9a-7b82f297bdac/element'
[DEBUG] Using open Channel [id: 0xf863c9d2, L:/127.0.0.1:60017 - R:localhost/127.0.0.1:34511] for POST '/session/43663120-f764-4b4f-ba9a-7b82f297bdac/element'
[DEBUG] 

Request DefaultHttpRequest(decodeResult: success, version: HTTP/1.1)
POST /session/43663120-f764-4b4f-ba9a-7b82f297bdac/element HTTP/1.1
User-Agent: selenium/4.8.3 (java windows)
Content-Length: 61
Content-Type: application/json; charset=utf-8
host: localhost:34511
accept: */*

Response DefaultHttpResponse(decodeResult: success, version: HTTP/1.1)
HTTP/1.1 200 OK
content-type: application/json; charset=utf-8
cache-control: no-cache
content-length: 88
date: Tue, 25 Apr 2023 13:13:39 GMT

[DEBUG] Adding key: http://localhost:34511 for channel [id: 0xf863c9d2, L:/127.0.0.1:60017 - R:localhost/127.0.0.1:34511]
[DEBUG] Using pooled Channel '[id: 0xf863c9d2, L:/127.0.0.1:60017 - R:localhost/127.0.0.1:34511]' for 'POST' to 'http://localhost:34511/session/43663120-f764-4b4f-ba9a-7b82f297bdac/element/645003c3-52ed-4fb7-9049-da3c130504cd/value'
[DEBUG] Using open Channel [id: 0xf863c9d2, L:/127.0.0.1:60017 - R:localhost/127.0.0.1:34511] for POST '/session/43663120-f764-4b4f-ba9a-7b82f297bdac/element/645003c3-52ed-4fb7-9049-da3c130504cd/value'
[DEBUG] 

Request DefaultHttpRequest(decodeResult: success, version: HTTP/1.1)
POST /session/43663120-f764-4b4f-ba9a-7b82f297bdac/element/645003c3-52ed-4fb7-9049-da3c130504cd/value HTTP/1.1
User-Agent: selenium/4.8.3 (java windows)
Content-Length: 201
Content-Type: application/json; charset=utf-8
host: localhost:34511
accept: */*

Response DefaultHttpResponse(decodeResult: success, version: HTTP/1.1)
HTTP/1.1 200 OK
content-type: application/json; charset=utf-8
cache-control: no-cache
content-length: 14
date: Tue, 25 Apr 2023 13:13:39 GMT

[DEBUG] Adding key: http://localhost:34511 for channel [id: 0xf863c9d2, L:/127.0.0.1:60017 - R:localhost/127.0.0.1:34511]
[DEBUG] Using pooled Channel '[id: 0xf863c9d2, L:/127.0.0.1:60017 - R:localhost/127.0.0.1:34511]' for 'POST' to 'http://localhost:34511/session/43663120-f764-4b4f-ba9a-7b82f297bdac/element'
[DEBUG] Using open Channel [id: 0xf863c9d2, L:/127.0.0.1:60017 - R:localhost/127.0.0.1:34511] for POST '/session/43663120-f764-4b4f-ba9a-7b82f297bdac/element'
[DEBUG] 

Request DefaultHttpRequest(decodeResult: success, version: HTTP/1.1)
POST /session/43663120-f764-4b4f-ba9a-7b82f297bdac/element HTTP/1.1
User-Agent: selenium/4.8.3 (java windows)
Content-Length: 65
Content-Type: application/json; charset=utf-8
host: localhost:34511
accept: */*

Response DefaultHttpResponse(decodeResult: success, version: HTTP/1.1)
HTTP/1.1 200 OK
content-type: application/json; charset=utf-8
cache-control: no-cache
content-length: 88
date: Tue, 25 Apr 2023 13:13:39 GMT

[DEBUG] Adding key: http://localhost:34511 for channel [id: 0xf863c9d2, L:/127.0.0.1:60017 - R:localhost/127.0.0.1:34511]
[DEBUG] Using pooled Channel '[id: 0xf863c9d2, L:/127.0.0.1:60017 - R:localhost/127.0.0.1:34511]' for 'POST' to 'http://localhost:34511/session/43663120-f764-4b4f-ba9a-7b82f297bdac/element/9725ebcb-1a76-4f98-8a90-f54429032a30/click'
[DEBUG] Using open Channel [id: 0xf863c9d2, L:/127.0.0.1:60017 - R:localhost/127.0.0.1:34511] for POST '/session/43663120-f764-4b4f-ba9a-7b82f297bdac/element/9725ebcb-1a76-4f98-8a90-f54429032a30/click'
[DEBUG] Entry count for : http://localhost:59927 : 1
[DEBUG] Entry count for : http://localhost:18492 : 1
[DEBUG] 

Request DefaultHttpRequest(decodeResult: success, version: HTTP/1.1)
POST /session/43663120-f764-4b4f-ba9a-7b82f297bdac/element/9725ebcb-1a76-4f98-8a90-f54429032a30/click HTTP/1.1
User-Agent: selenium/4.8.3 (java windows)
Content-Length: 50
Content-Type: application/json; charset=utf-8
host: localhost:34511
accept: */*

Response DefaultHttpResponse(decodeResult: success, version: HTTP/1.1)
HTTP/1.1 200 OK
content-type: application/json; charset=utf-8
cache-control: no-cache
content-length: 14
date: Tue, 25 Apr 2023 13:13:39 GMT

[DEBUG] Adding key: http://localhost:34511 for channel [id: 0xf863c9d2, L:/127.0.0.1:60017 - R:localhost/127.0.0.1:34511]
[DEBUG] Using new Channel '[id: 0xbb166192, L:/127.0.0.1:60066 - R:/127.0.0.1:20084]' for 'GET' to '/devtools/browser/6ceee5ee-fd32-4c34-bccc-9a6a7da6dafc'
[DEBUG] 

Request DefaultFullHttpRequest(decodeResult: success, version: HTTP/1.1, content: EmptyByteBufBE)
GET /devtools/browser/6ceee5ee-fd32-4c34-bccc-9a6a7da6dafc HTTP/1.1
upgrade: websocket
connection: upgrade
sec-websocket-key: 9I53oViEizzNlY6lz/2xRg==
sec-websocket-version: 13
origin: http://127.0.0.1:20084
host: 127.0.0.1:20084
accept: */*
user-agent: AHC/2.1

Response DefaultHttpResponse(decodeResult: success, version: HTTP/1.1)
HTTP/1.1 101 Switching Protocols
Server: httpd.js
Upgrade: websocket
Connection: Upgrade
Sec-WebSocket-Accept: vmLgaq5zDYE0MGA8zuQrSYK5Y3c=
Content-Length: 0

[DEBUG] Using pooled Channel '[id: 0xf863c9d2, L:/127.0.0.1:60017 - R:localhost/127.0.0.1:34511]' for 'DELETE' to 'http://localhost:34511/session/43663120-f764-4b4f-ba9a-7b82f297bdac'
[DEBUG] Using open Channel [id: 0xf863c9d2, L:/127.0.0.1:60017 - R:localhost/127.0.0.1:34511] for DELETE '/session/43663120-f764-4b4f-ba9a-7b82f297bdac'
[DEBUG] Channel Closed: [id: 0xbb166192, L:/127.0.0.1:60066 ! R:/127.0.0.1:20084] with attribute DISCARD
[DEBUG] Entry count for : http://localhost:59927 : 1
[DEBUG] Entry count for : http://localhost:18492 : 1
[DEBUG] Entry count for : http://localhost:59927 : 1
[DEBUG] Entry count for : http://localhost:18492 : 1
[DEBUG] 

Request DefaultFullHttpRequest(decodeResult: success, version: HTTP/1.1, content: EmptyByteBufBE)
DELETE /session/43663120-f764-4b4f-ba9a-7b82f297bdac HTTP/1.1
User-Agent: selenium/4.8.3 (java windows)
Content-Type: application/json; charset=utf-8
host: localhost:34511
accept: */*

Response DefaultHttpResponse(decodeResult: success, version: HTTP/1.1)
HTTP/1.1 200 OK
content-type: application/json; charset=utf-8
cache-control: no-cache
content-length: 14
date: Tue, 25 Apr 2023 13:13:40 GMT

[DEBUG] Adding key: http://localhost:34511 for channel [id: 0xf863c9d2, L:/127.0.0.1:60017 - R:localhost/127.0.0.1:34511]
[DEBUG] Unexpected I/O exception on channel [id: 0xf863c9d2, L:/127.0.0.1:60017 - R:localhost/127.0.0.1:34511]
java.io.IOException: An existing connection was forcibly closed by the remote host
	at sun.nio.ch.SocketDispatcher.read0(Native Method) ~[na:1.8.0_351]
	at sun.nio.ch.SocketDispatcher.read(SocketDispatcher.java:43) ~[na:1.8.0_351]
	at sun.nio.ch.IOUtil.readIntoNativeBuffer(IOUtil.java:223) ~[na:1.8.0_351]
	at sun.nio.ch.IOUtil.read(IOUtil.java:192) ~[na:1.8.0_351]
	at sun.nio.ch.SocketChannelImpl.read(SocketChannelImpl.java:378) ~[na:1.8.0_351]
	at io.netty.buffer.PooledByteBuf.setBytes(PooledByteBuf.java:256) ~[netty-buffer-4.1.90.Final.jar:4.1.90.Final]
	at io.netty.buffer.AbstractByteBuf.writeBytes(AbstractByteBuf.java:1132) ~[netty-buffer-4.1.90.Final.jar:4.1.90.Final]
	at io.netty.buffer.WrappedByteBuf.writeBytes(WrappedByteBuf.java:821) ~[netty-buffer-4.1.90.Final.jar:4.1.90.Final]
	at io.netty.channel.socket.nio.NioSocketChannel.doReadBytes(NioSocketChannel.java:357) ~[netty-transport-4.1.90.Final.jar:4.1.90.Final]
	at io.netty.channel.nio.AbstractNioByteChannel$NioByteUnsafe.read(AbstractNioByteChannel.java:151) ~[netty-transport-4.1.90.Final.jar:4.1.90.Final]
	at io.netty.channel.nio.NioEventLoop.processSelectedKey(NioEventLoop.java:788) [netty-transport-4.1.90.Final.jar:4.1.90.Final]
	at io.netty.channel.nio.NioEventLoop.processSelectedKeysOptimized(NioEventLoop.java:724) [netty-transport-4.1.90.Final.jar:4.1.90.Final]
	at io.netty.channel.nio.NioEventLoop.processSelectedKeys(NioEventLoop.java:650) [netty-transport-4.1.90.Final.jar:4.1.90.Final]
	at io.netty.channel.nio.NioEventLoop.run(NioEventLoop.java:562) [netty-transport-4.1.90.Final.jar:4.1.90.Final]
	at io.netty.util.concurrent.SingleThreadEventExecutor$4.run(SingleThreadEventExecutor.java:997) [netty-common-4.1.90.Final.jar:4.1.90.Final]
	at io.netty.util.internal.ThreadExecutorMap$2.run(ThreadExecutorMap.java:74) [netty-common-4.1.90.Final.jar:4.1.90.Final]
	at io.netty.util.concurrent.FastThreadLocalRunnable.run(FastThreadLocalRunnable.java:30) [netty-common-4.1.90.Final.jar:4.1.90.Final]
	at java.lang.Thread.run(Thread.java:750) [na:1.8.0_351]
[DEBUG] Closing Channel [id: 0xf863c9d2, L:/127.0.0.1:60017 - R:localhost/127.0.0.1:34511] 
[DEBUG] Channel Closed: [id: 0xf863c9d2, L:/127.0.0.1:60017 ! R:localhost/127.0.0.1:34511] with attribute DISCARD
TNLoginFirefoxTestpassed
]]></system-out>
    <system-err><![CDATA[1682428409434	geckodriver	INFO	Listening on 127.0.0.1:34511
1682428409959	mozrunner::runner	INFO	Running command: "C:\\Program Files\\Mozilla Firefox\\firefox.exe" "--marionette" "--remote-debugging-port" "20084" "--remote ... ocalhost:20084/,http://[::1]:20084/" "-no-remote" "-profile" "C:\\Users\\Dennis\\AppData\\Local\\Temp\\rust_mozprofile8y1SBM"
console.warn: services.settings: Ignoring preference override of remote settings server
console.warn: services.settings: Allow by setting MOZ_REMOTE_SETTINGS_DEVTOOLS=1 in the environment
1682428410604	Marionette	INFO	Marionette enabled
Dynamically enable window occlusion 0
1682428410613	Marionette	INFO	Listening on port 60020
Read port: 60020
WebDriver BiDi listening on ws://127.0.0.1:20084
1682428410832	RemoteAgent	WARN	TLS certificate errors will be ignored for this session
console.warn: SearchSettings: "get: No settings file exists, new profile?" (new NotFoundError("Could not open the file at C:\\Users\\Dennis\\AppData\\Local\\Temp\\rust_mozprofile8y1SBM\\search.json.mozlz4", (void 0)))
[ERROR glean_core] Error setting metrics feature config: Json(Error("EOF while parsing a value", line: 1, column: 0))
DevTools listening on ws://127.0.0.1:20084/devtools/browser/6ceee5ee-fd32-4c34-bccc-9a6a7da6dafc
console.warn: LoginRecipes: "Falling back to a synchronous message for: https://tutorialsninja.com."
console.warn: LoginRecipes: "Falling back to a synchronous message for: https://tutorialsninja.com."
1682428420937	RemoteAgent	INFO	Perform WebSocket upgrade for incoming connection from 127.0.0.1:60066
1682428420941	CDP	WARN	Invalid browser preferences for CDP. Set "fission.webContentIsolationStrategy"to 0 and "fission.bfcacheInParent" to false before Firefox starts.
1682428420952	Marionette	INFO	Stopped listening on port 60020
Dynamically enable window occlusion 1
[Parent 42620, IPC I/O Parent] WARNING: DuplicateHandle failed for handle 0 in TransferHandles: file /builds/worker/checkouts/gecko/ipc/chromium/src/chrome/common/ipc_channel_win.cc:777
WARNING: A blocker encountered an error while we were waiting.
          Blocker:  Waiting for ping task
          Phase: TelemetryController: Waiting for pending ping activity
          State: (none)
WARNING: Error: Phase "profile-before-change" is finished, it is too late to register completion condition "OS.File: flush I/O queued before profileBeforeChange"
WARNING: addBlocker@resource://gre/modules/AsyncShutdown.sys.mjs:727:15
addBlocker@resource://gre/modules/AsyncShutdown.sys.mjs:523:26
addBlocker@resource://gre/modules/AsyncShutdown.sys.mjs:458:15
setupShutdown@resource://gre/modules/osfile/osfile_async_front.jsm:1548:28
@resource://gre/modules/osfile/osfile_async_front.jsm:1568:16
@resource://gre/modules/osfile.jsm:12:30
@resource://gre/modules/TelemetryStorage.sys.mjs:10:28
_checkPendingPings@resource://gre/modules/TelemetrySend.sys.mjs:863:17
setup@resource://gre/modules/TelemetrySend.sys.mjs:803:18
setup@resource://gre/modules/TelemetrySend.sys.mjs:241:30
setupTelemetry/this._delayedInitTask<@resource://gre/modules/TelemetryControllerParent.sys.mjs:824:36
observe@resource://gre/modules/AsyncShutdown.sys.mjs:576:16

console.error: "TelemetryScheduler.shutdown - Already shut down"
WARNING: A blocker encountered an error while we were waiting.
          Blocker:  Waiting for ping task
          Phase: TelemetryController: Waiting for pending ping activity
          State: (none)
WARNING: Error: Phase "profile-before-change" is finished, it is too late to register completion condition "OS.File: flush I/O queued before profileBeforeChange"
WARNING: addBlocker@resource://gre/modules/AsyncShutdown.sys.mjs:727:15
addBlocker@resource://gre/modules/AsyncShutdown.sys.mjs:523:26
addBlocker@resource://gre/modules/AsyncShutdown.sys.mjs:458:15
setupShutdown@resource://gre/modules/osfile/osfile_async_front.jsm:1548:28
@resource://gre/modules/osfile/osfile_async_front.jsm:1568:16
@resource://gre/modules/osfile.jsm:12:30
@resource://gre/modules/TelemetryStorage.sys.mjs:10:28
_checkPendingPings@resource://gre/modules/TelemetrySend.sys.mjs:863:17
setup@resource://gre/modules/TelemetrySend.sys.mjs:803:18
setup@resource://gre/modules/TelemetrySend.sys.mjs:241:30
setupTelemetry/this._delayedInitTask<@resource://gre/modules/TelemetryControllerParent.sys.mjs:824:36
observe@resource://gre/modules/AsyncShutdown.sys.mjs:576:16

WARNING: A blocker encountered an error while we were waiting.
          Blocker:  Waiting for ping task
          Phase: TelemetryController: Waiting for pending ping activity
          State: (none)
WARNING: Error: Phase "profile-before-change" is finished, it is too late to register completion condition "OS.File: flush I/O queued before profileBeforeChange"
WARNING: addBlocker@resource://gre/modules/AsyncShutdown.sys.mjs:727:15
addBlocker@resource://gre/modules/AsyncShutdown.sys.mjs:523:26
addBlocker@resource://gre/modules/AsyncShutdown.sys.mjs:458:15
setupShutdown@resource://gre/modules/osfile/osfile_async_front.jsm:1548:28
@resource://gre/modules/osfile/osfile_async_front.jsm:1568:16
@resource://gre/modules/osfile.jsm:12:30
@resource://gre/modules/TelemetryStorage.sys.mjs:10:28
_checkPendingPings@resource://gre/modules/TelemetrySend.sys.mjs:863:17
setup@resource://gre/modules/TelemetrySend.sys.mjs:803:18
setup@resource://gre/modules/TelemetrySend.sys.mjs:241:30
setupTelemetry/this._delayedInitTask<@resource://gre/modules/TelemetryControllerParent.sys.mjs:824:36
observe@resource://gre/modules/AsyncShutdown.sys.mjs:576:16

WARNING: A blocker encountered an error while we were waiting.
          Blocker:  TelemetryController: shutting down
          Phase: profile-before-change-telemetry
          State: Error getting state: Error: Phase "profile-before-change" is finished, it is too late to register completion condition "OS.File: flush I/O queued before profileBeforeChange" at addBlocker@resource://gre/modules/AsyncShutdown.sys.mjs:727:15
addBlocker@resource://gre/modules/AsyncShutdown.sys.mjs:523:26
addBlocker@resource://gre/modules/AsyncShutdown.sys.mjs:458:15
setupShutdown@resource://gre/modules/osfile/osfile_async_front.jsm:1548:28
@resource://gre/modules/osfile/osfile_async_front.jsm:1568:16
@resource://gre/modules/osfile.jsm:12:30
@resource://gre/modules/TelemetryStorage.sys.mjs:10:28
_checkPendingPings@resource://gre/modules/TelemetrySend.sys.mjs:863:17
setup@resource://gre/modules/TelemetrySend.sys.mjs:803:18
setup@resource://gre/modules/TelemetrySend.sys.mjs:241:30
setupTelemetry/this._delayedInitTask<@resource://gre/modules/TelemetryControllerParent.sys.mjs:824:36
observe@resource://gre/modules/AsyncShutdown.sys.mjs:576:16

WARNING: Error: Phase "profile-before-change" is finished, it is too late to register completion condition "OS.File: flush I/O queued before profileBeforeChange"
WARNING: addBlocker@resource://gre/modules/AsyncShutdown.sys.mjs:727:15
addBlocker@resource://gre/modules/AsyncShutdown.sys.mjs:523:26
addBlocker@resource://gre/modules/AsyncShutdown.sys.mjs:458:15
setupShutdown@resource://gre/modules/osfile/osfile_async_front.jsm:1548:28
@resource://gre/modules/osfile/osfile_async_front.jsm:1568:16
@resource://gre/modules/osfile.jsm:12:30
@resource://gre/modules/TelemetryStorage.sys.mjs:10:28
_checkPendingPings@resource://gre/modules/TelemetrySend.sys.mjs:863:17
setup@resource://gre/modules/TelemetrySend.sys.mjs:803:18
setup@resource://gre/modules/TelemetrySend.sys.mjs:241:30
setupTelemetry/this._delayedInitTask<@resource://gre/modules/TelemetryControllerParent.sys.mjs:824:36
observe@resource://gre/modules/AsyncShutdown.sys.mjs:576:16

JavaScript error: resource://gre/modules/AsyncShutdown.sys.mjs, line 727: Error: Phase "profile-before-change" is finished, it is too late to register completion condition "OS.File: flush I/O queued before profileBeforeChange"
JavaScript error: resource://gre/modules/AsyncShutdown.sys.mjs, line 727: Error: Phase "profile-before-change" is finished, it is too late to register completion condition "OS.File: flush I/O queued before profileBeforeChange"
JavaScript error: resource://gre/modules/AsyncShutdown.sys.mjs, line 727: Error: Phase "profile-before-change" is finished, it is too late to register completion condition "OS.File: flush I/O queued before profileBeforeChange"
JavaScript error: resource://gre/modules/AsyncShutdown.sys.mjs, line 727: Error: Phase "profile-before-change" is finished, it is too late to register completion condition "OS.File: flush I/O queued before profileBeforeChange"
JavaScript error: resource://gre/modules/AsyncShutdown.sys.mjs, line 727: Error: Phase "profile-before-change" is finished, it is too late to register completion condition "OS.File: flush I/O queued before profileBeforeChange"
JavaScript error: resource://gre/modules/AsyncShutdown.sys.mjs, line 727: Error: Phase "profile-before-change" is finished, it is too late to register completion condition "OS.File: flush I/O queued before profileBeforeChange"
]]></system-err>
  </testcase>
  <testcase name="loginNinjaTest[seleniumpanda@gmail.com, Selenium@123](1)" classname="com.automationcode_2nd_April_2023.DataDriven" time="8.604">
    <system-out><![CDATA[loginNinjaTeststarting test
[DEBUG] Entry count for : http://localhost:34511 : 1
[DEBUG] Entry count for : http://localhost:59927 : 1
[DEBUG] Entry count for : http://localhost:18492 : 1
[DEBUG] Adding Candidate expired Channel [id: 0xf863c9d2, L:/127.0.0.1:60017 ! R:localhost/127.0.0.1:34511] isIdleTimeoutExpired=false isRemotelyClosed=true isTtlExpired=false
[DEBUG] Closing Idle Channel [id: 0xf863c9d2, L:/127.0.0.1:60017 ! R:localhost/127.0.0.1:34511]
[DEBUG] Closed 1 connections out of 3 in 0 ms
[DEBUG] Using new Channel '[id: 0x37079598, L:/127.0.0.1:60069 - R:localhost/127.0.0.1:48681]' for 'POST' to '/session'
[DEBUG] Entry count for : http://localhost:59927 : 1
[DEBUG] Entry count for : http://localhost:18492 : 1
[DEBUG] 

Request DefaultHttpRequest(decodeResult: success, version: HTTP/1.1)
POST /session HTTP/1.1
User-Agent: selenium/4.8.3 (java windows)
Content-Length: 439
Content-Type: application/json; charset=utf-8
host: localhost:48681
accept: */*

Response DefaultHttpResponse(decodeResult: success, version: HTTP/1.1)
HTTP/1.1 200 OK
Content-Length: 859
Content-Type: application/json; charset=utf-8
cache-control: no-cache

[DEBUG] Adding key: http://localhost:48681 for channel [id: 0x37079598, L:/127.0.0.1:60069 - R:localhost/127.0.0.1:48681]
[DEBUG] Using new Channel '[id: 0xfa9b0013, L:/127.0.0.1:60077 - R:localhost/127.0.0.1:60070]' for 'GET' to '/json/version'
[DEBUG] 

Request DefaultFullHttpRequest(decodeResult: success, version: HTTP/1.1, content: EmptyByteBufBE)
GET /json/version HTTP/1.1
User-Agent: selenium/4.8.3 (java windows)
host: localhost:60070
accept: */*

Response DefaultHttpResponse(decodeResult: success, version: HTTP/1.1)
HTTP/1.1 200 OK
Content-Security-Policy: frame-ancestors 'none'
Content-Length: 424
Content-Type: application/json; charset=UTF-8

[DEBUG] Adding key: http://localhost:60070 for channel [id: 0xfa9b0013, L:/127.0.0.1:60077 - R:localhost/127.0.0.1:60070]
[DEBUG] Using new Channel '[id: 0x9c58150d, L:/127.0.0.1:60078 - R:localhost/127.0.0.1:60070]' for 'GET' to '/devtools/browser/3e2839f6-271c-4186-b9a1-2d4c293f2e5d'
[DEBUG] 

Request DefaultFullHttpRequest(decodeResult: success, version: HTTP/1.1, content: EmptyByteBufBE)
GET /devtools/browser/3e2839f6-271c-4186-b9a1-2d4c293f2e5d HTTP/1.1
upgrade: websocket
connection: upgrade
sec-websocket-key: wWrK45nbjhQ32Y9+EPFLWQ==
sec-websocket-version: 13
origin: http://localhost:60070
host: localhost:60070
accept: */*
user-agent: AHC/2.1

Response DefaultHttpResponse(decodeResult: success, version: HTTP/1.1)
HTTP/1.1 101 WebSocket Protocol Handshake
Upgrade: WebSocket
Connection: Upgrade
Sec-WebSocket-Accept: hATCJiqm+B46kCU4IAieKph/v3w=

[DEBUG] Using pooled Channel '[id: 0x37079598, L:/127.0.0.1:60069 - R:localhost/127.0.0.1:48681]' for 'POST' to 'http://localhost:48681/session/1af4bf376f0416c2e1b46b0037dde502/window/maximize'
[DEBUG] Using open Channel [id: 0x37079598, L:/127.0.0.1:60069 - R:localhost/127.0.0.1:48681] for POST '/session/1af4bf376f0416c2e1b46b0037dde502/window/maximize'
[DEBUG] 

Request DefaultHttpRequest(decodeResult: success, version: HTTP/1.1)
POST /session/1af4bf376f0416c2e1b46b0037dde502/window/maximize HTTP/1.1
User-Agent: selenium/4.8.3 (java windows)
Content-Length: 3
Content-Type: application/json; charset=utf-8
host: localhost:48681
accept: */*

Response DefaultHttpResponse(decodeResult: success, version: HTTP/1.1)
HTTP/1.1 200 OK
Content-Length: 51
Content-Type: application/json; charset=utf-8
cache-control: no-cache

[DEBUG] Adding key: http://localhost:48681 for channel [id: 0x37079598, L:/127.0.0.1:60069 - R:localhost/127.0.0.1:48681]
[DEBUG] Using pooled Channel '[id: 0x37079598, L:/127.0.0.1:60069 - R:localhost/127.0.0.1:48681]' for 'POST' to 'http://localhost:48681/session/1af4bf376f0416c2e1b46b0037dde502/url'
[DEBUG] Using open Channel [id: 0x37079598, L:/127.0.0.1:60069 - R:localhost/127.0.0.1:48681] for POST '/session/1af4bf376f0416c2e1b46b0037dde502/url'
[DEBUG] Entry count for : http://localhost:60070 : 1
[DEBUG] Entry count for : http://localhost:59927 : 1
[DEBUG] Entry count for : http://localhost:18492 : 1
[DEBUG] Entry count for : http://localhost:60070 : 1
[DEBUG] Entry count for : http://localhost:59927 : 1
[DEBUG] Entry count for : http://localhost:18492 : 1
[DEBUG] Entry count for : http://localhost:60070 : 1
[DEBUG] Entry count for : http://localhost:59927 : 1
[DEBUG] Entry count for : http://localhost:18492 : 1
[DEBUG] Entry count for : http://localhost:60070 : 1
[DEBUG] Entry count for : http://localhost:59927 : 1
[DEBUG] Entry count for : http://localhost:18492 : 1
[DEBUG] 

Request DefaultHttpRequest(decodeResult: success, version: HTTP/1.1)
POST /session/1af4bf376f0416c2e1b46b0037dde502/url HTTP/1.1
User-Agent: selenium/4.8.3 (java windows)
Content-Length: 61
Content-Type: application/json; charset=utf-8
host: localhost:48681
accept: */*

Response DefaultHttpResponse(decodeResult: success, version: HTTP/1.1)
HTTP/1.1 200 OK
Content-Length: 14
Content-Type: application/json; charset=utf-8
cache-control: no-cache

[DEBUG] Adding key: http://localhost:48681 for channel [id: 0x37079598, L:/127.0.0.1:60069 - R:localhost/127.0.0.1:48681]
[DEBUG] Using pooled Channel '[id: 0x37079598, L:/127.0.0.1:60069 - R:localhost/127.0.0.1:48681]' for 'POST' to 'http://localhost:48681/session/1af4bf376f0416c2e1b46b0037dde502/element'
[DEBUG] Using open Channel [id: 0x37079598, L:/127.0.0.1:60069 - R:localhost/127.0.0.1:48681] for POST '/session/1af4bf376f0416c2e1b46b0037dde502/element'
[DEBUG] 

Request DefaultHttpRequest(decodeResult: success, version: HTTP/1.1)
POST /session/1af4bf376f0416c2e1b46b0037dde502/element HTTP/1.1
User-Agent: selenium/4.8.3 (java windows)
Content-Length: 51
Content-Type: application/json; charset=utf-8
host: localhost:48681
accept: */*

Response DefaultHttpResponse(decodeResult: success, version: HTTP/1.1)
HTTP/1.1 200 OK
Content-Length: 88
Content-Type: application/json; charset=utf-8
cache-control: no-cache

[DEBUG] Adding key: http://localhost:48681 for channel [id: 0x37079598, L:/127.0.0.1:60069 - R:localhost/127.0.0.1:48681]
[DEBUG] Using pooled Channel '[id: 0x37079598, L:/127.0.0.1:60069 - R:localhost/127.0.0.1:48681]' for 'POST' to 'http://localhost:48681/session/1af4bf376f0416c2e1b46b0037dde502/element/ae4dad83-8ce6-4195-94d4-3970f26b95cd/click'
[DEBUG] Using open Channel [id: 0x37079598, L:/127.0.0.1:60069 - R:localhost/127.0.0.1:48681] for POST '/session/1af4bf376f0416c2e1b46b0037dde502/element/ae4dad83-8ce6-4195-94d4-3970f26b95cd/click'
[DEBUG] 

Request DefaultHttpRequest(decodeResult: success, version: HTTP/1.1)
POST /session/1af4bf376f0416c2e1b46b0037dde502/element/ae4dad83-8ce6-4195-94d4-3970f26b95cd/click HTTP/1.1
User-Agent: selenium/4.8.3 (java windows)
Content-Length: 50
Content-Type: application/json; charset=utf-8
host: localhost:48681
accept: */*

Response DefaultHttpResponse(decodeResult: success, version: HTTP/1.1)
HTTP/1.1 200 OK
Content-Length: 14
Content-Type: application/json; charset=utf-8
cache-control: no-cache

[DEBUG] Adding key: http://localhost:48681 for channel [id: 0x37079598, L:/127.0.0.1:60069 - R:localhost/127.0.0.1:48681]
[DEBUG] Using pooled Channel '[id: 0x37079598, L:/127.0.0.1:60069 - R:localhost/127.0.0.1:48681]' for 'POST' to 'http://localhost:48681/session/1af4bf376f0416c2e1b46b0037dde502/element'
[DEBUG] Using open Channel [id: 0x37079598, L:/127.0.0.1:60069 - R:localhost/127.0.0.1:48681] for POST '/session/1af4bf376f0416c2e1b46b0037dde502/element'
[DEBUG] 

Request DefaultHttpRequest(decodeResult: success, version: HTTP/1.1)
POST /session/1af4bf376f0416c2e1b46b0037dde502/element HTTP/1.1
User-Agent: selenium/4.8.3 (java windows)
Content-Length: 46
Content-Type: application/json; charset=utf-8
host: localhost:48681
accept: */*

Response DefaultHttpResponse(decodeResult: success, version: HTTP/1.1)
HTTP/1.1 200 OK
Content-Length: 88
Content-Type: application/json; charset=utf-8
cache-control: no-cache

[DEBUG] Adding key: http://localhost:48681 for channel [id: 0x37079598, L:/127.0.0.1:60069 - R:localhost/127.0.0.1:48681]
[DEBUG] Using pooled Channel '[id: 0x37079598, L:/127.0.0.1:60069 - R:localhost/127.0.0.1:48681]' for 'POST' to 'http://localhost:48681/session/1af4bf376f0416c2e1b46b0037dde502/element/b01ffc7f-b101-469f-b0c4-e5a8f3e81fb0/click'
[DEBUG] Using open Channel [id: 0x37079598, L:/127.0.0.1:60069 - R:localhost/127.0.0.1:48681] for POST '/session/1af4bf376f0416c2e1b46b0037dde502/element/b01ffc7f-b101-469f-b0c4-e5a8f3e81fb0/click'
[DEBUG] Entry count for : http://localhost:60070 : 1
[DEBUG] Entry count for : http://localhost:59927 : 1
[DEBUG] Entry count for : http://localhost:18492 : 1
[DEBUG] 

Request DefaultHttpRequest(decodeResult: success, version: HTTP/1.1)
POST /session/1af4bf376f0416c2e1b46b0037dde502/element/b01ffc7f-b101-469f-b0c4-e5a8f3e81fb0/click HTTP/1.1
User-Agent: selenium/4.8.3 (java windows)
Content-Length: 50
Content-Type: application/json; charset=utf-8
host: localhost:48681
accept: */*

Response DefaultHttpResponse(decodeResult: success, version: HTTP/1.1)
HTTP/1.1 200 OK
Content-Length: 14
Content-Type: application/json; charset=utf-8
cache-control: no-cache

[DEBUG] Adding key: http://localhost:48681 for channel [id: 0x37079598, L:/127.0.0.1:60069 - R:localhost/127.0.0.1:48681]
[DEBUG] Using pooled Channel '[id: 0x37079598, L:/127.0.0.1:60069 - R:localhost/127.0.0.1:48681]' for 'POST' to 'http://localhost:48681/session/1af4bf376f0416c2e1b46b0037dde502/element'
[DEBUG] Using open Channel [id: 0x37079598, L:/127.0.0.1:60069 - R:localhost/127.0.0.1:48681] for POST '/session/1af4bf376f0416c2e1b46b0037dde502/element'
[DEBUG] 

Request DefaultHttpRequest(decodeResult: success, version: HTTP/1.1)
POST /session/1af4bf376f0416c2e1b46b0037dde502/element HTTP/1.1
User-Agent: selenium/4.8.3 (java windows)
Content-Length: 58
Content-Type: application/json; charset=utf-8
host: localhost:48681
accept: */*

Response DefaultHttpResponse(decodeResult: success, version: HTTP/1.1)
HTTP/1.1 200 OK
Content-Length: 88
Content-Type: application/json; charset=utf-8
cache-control: no-cache

[DEBUG] Adding key: http://localhost:48681 for channel [id: 0x37079598, L:/127.0.0.1:60069 - R:localhost/127.0.0.1:48681]
[DEBUG] Using pooled Channel '[id: 0x37079598, L:/127.0.0.1:60069 - R:localhost/127.0.0.1:48681]' for 'POST' to 'http://localhost:48681/session/1af4bf376f0416c2e1b46b0037dde502/element/14fd4cd7-2b39-4c85-b661-1be974f80500/value'
[DEBUG] Using open Channel [id: 0x37079598, L:/127.0.0.1:60069 - R:localhost/127.0.0.1:48681] for POST '/session/1af4bf376f0416c2e1b46b0037dde502/element/14fd4cd7-2b39-4c85-b661-1be974f80500/value'
[DEBUG] 

Request DefaultHttpRequest(decodeResult: success, version: HTTP/1.1)
POST /session/1af4bf376f0416c2e1b46b0037dde502/element/14fd4cd7-2b39-4c85-b661-1be974f80500/value HTTP/1.1
User-Agent: selenium/4.8.3 (java windows)
Content-Length: 311
Content-Type: application/json; charset=utf-8
host: localhost:48681
accept: */*

Response DefaultHttpResponse(decodeResult: success, version: HTTP/1.1)
HTTP/1.1 200 OK
Content-Length: 14
Content-Type: application/json; charset=utf-8
cache-control: no-cache

[DEBUG] Adding key: http://localhost:48681 for channel [id: 0x37079598, L:/127.0.0.1:60069 - R:localhost/127.0.0.1:48681]
[DEBUG] Using pooled Channel '[id: 0x37079598, L:/127.0.0.1:60069 - R:localhost/127.0.0.1:48681]' for 'POST' to 'http://localhost:48681/session/1af4bf376f0416c2e1b46b0037dde502/element'
[DEBUG] Using open Channel [id: 0x37079598, L:/127.0.0.1:60069 - R:localhost/127.0.0.1:48681] for POST '/session/1af4bf376f0416c2e1b46b0037dde502/element'
[DEBUG] 

Request DefaultHttpRequest(decodeResult: success, version: HTTP/1.1)
POST /session/1af4bf376f0416c2e1b46b0037dde502/element HTTP/1.1
User-Agent: selenium/4.8.3 (java windows)
Content-Length: 61
Content-Type: application/json; charset=utf-8
host: localhost:48681
accept: */*

Response DefaultHttpResponse(decodeResult: success, version: HTTP/1.1)
HTTP/1.1 200 OK
Content-Length: 88
Content-Type: application/json; charset=utf-8
cache-control: no-cache

[DEBUG] Adding key: http://localhost:48681 for channel [id: 0x37079598, L:/127.0.0.1:60069 - R:localhost/127.0.0.1:48681]
[DEBUG] Using pooled Channel '[id: 0x37079598, L:/127.0.0.1:60069 - R:localhost/127.0.0.1:48681]' for 'POST' to 'http://localhost:48681/session/1af4bf376f0416c2e1b46b0037dde502/element/b3af128d-58f8-4bc8-a168-d0b61f5c0f21/value'
[DEBUG] Using open Channel [id: 0x37079598, L:/127.0.0.1:60069 - R:localhost/127.0.0.1:48681] for POST '/session/1af4bf376f0416c2e1b46b0037dde502/element/b3af128d-58f8-4bc8-a168-d0b61f5c0f21/value'
[DEBUG] 

Request DefaultHttpRequest(decodeResult: success, version: HTTP/1.1)
POST /session/1af4bf376f0416c2e1b46b0037dde502/element/b3af128d-58f8-4bc8-a168-d0b61f5c0f21/value HTTP/1.1
User-Agent: selenium/4.8.3 (java windows)
Content-Length: 201
Content-Type: application/json; charset=utf-8
host: localhost:48681
accept: */*

Response DefaultHttpResponse(decodeResult: success, version: HTTP/1.1)
HTTP/1.1 200 OK
Content-Length: 14
Content-Type: application/json; charset=utf-8
cache-control: no-cache

[DEBUG] Adding key: http://localhost:48681 for channel [id: 0x37079598, L:/127.0.0.1:60069 - R:localhost/127.0.0.1:48681]
[DEBUG] Using pooled Channel '[id: 0x37079598, L:/127.0.0.1:60069 - R:localhost/127.0.0.1:48681]' for 'POST' to 'http://localhost:48681/session/1af4bf376f0416c2e1b46b0037dde502/element'
[DEBUG] Using open Channel [id: 0x37079598, L:/127.0.0.1:60069 - R:localhost/127.0.0.1:48681] for POST '/session/1af4bf376f0416c2e1b46b0037dde502/element'
[DEBUG] 

Request DefaultHttpRequest(decodeResult: success, version: HTTP/1.1)
POST /session/1af4bf376f0416c2e1b46b0037dde502/element HTTP/1.1
User-Agent: selenium/4.8.3 (java windows)
Content-Length: 65
Content-Type: application/json; charset=utf-8
host: localhost:48681
accept: */*

Response DefaultHttpResponse(decodeResult: success, version: HTTP/1.1)
HTTP/1.1 200 OK
Content-Length: 88
Content-Type: application/json; charset=utf-8
cache-control: no-cache

[DEBUG] Adding key: http://localhost:48681 for channel [id: 0x37079598, L:/127.0.0.1:60069 - R:localhost/127.0.0.1:48681]
[DEBUG] Using pooled Channel '[id: 0x37079598, L:/127.0.0.1:60069 - R:localhost/127.0.0.1:48681]' for 'POST' to 'http://localhost:48681/session/1af4bf376f0416c2e1b46b0037dde502/element/fe00a688-9f6f-43cc-9e5d-c346f96b4f5f/click'
[DEBUG] Using open Channel [id: 0x37079598, L:/127.0.0.1:60069 - R:localhost/127.0.0.1:48681] for POST '/session/1af4bf376f0416c2e1b46b0037dde502/element/fe00a688-9f6f-43cc-9e5d-c346f96b4f5f/click'
[DEBUG] Entry count for : http://localhost:60070 : 1
[DEBUG] Entry count for : http://localhost:59927 : 1
[DEBUG] Entry count for : http://localhost:18492 : 1
[DEBUG] 

Request DefaultHttpRequest(decodeResult: success, version: HTTP/1.1)
POST /session/1af4bf376f0416c2e1b46b0037dde502/element/fe00a688-9f6f-43cc-9e5d-c346f96b4f5f/click HTTP/1.1
User-Agent: selenium/4.8.3 (java windows)
Content-Length: 50
Content-Type: application/json; charset=utf-8
host: localhost:48681
accept: */*

Response DefaultHttpResponse(decodeResult: success, version: HTTP/1.1)
HTTP/1.1 200 OK
Content-Length: 14
Content-Type: application/json; charset=utf-8
cache-control: no-cache

[DEBUG] Adding key: http://localhost:48681 for channel [id: 0x37079598, L:/127.0.0.1:60069 - R:localhost/127.0.0.1:48681]
loginNinjaTestpassed
]]></system-out>
    <system-err><![CDATA[Starting ChromeDriver 112.0.5615.49 (bd2a7bcb881c11e8cfe3078709382934e3916914-refs/branch-heads/5615@{#936}) on port 48681
Only local connections are allowed.
Please see https://chromedriver.chromium.org/security-considerations for suggestions on keeping ChromeDriver safe.
ChromeDriver was started successfully.
Apr 25, 2023 9:13:44 AM org.openqa.selenium.devtools.CdpVersionFinder findNearestMatch
WARNING: Unable to find an exact match for CDP version 112, so returning the closest version found: 111
]]></system-err>
  </testcase>
  <testcase name="loginNinjaTest[seleniumpanda1@gmail.com, Selenium@123](2)" classname="com.automationcode_2nd_April_2023.DataDriven" time="8.468">
    <system-out><![CDATA[loginNinjaTeststarting test
[DEBUG] Entry count for : http://localhost:60070 : 1
[DEBUG] Entry count for : http://localhost:59927 : 1
[DEBUG] Entry count for : http://localhost:18492 : 1
[DEBUG] Entry count for : http://localhost:48681 : 1
[DEBUG] Using new Channel '[id: 0x41678ce6, L:/127.0.0.1:60101 - R:localhost/127.0.0.1:14412]' for 'POST' to '/session'
[DEBUG] 

Request DefaultHttpRequest(decodeResult: success, version: HTTP/1.1)
POST /session HTTP/1.1
User-Agent: selenium/4.8.3 (java windows)
Content-Length: 439
Content-Type: application/json; charset=utf-8
host: localhost:14412
accept: */*

Response DefaultHttpResponse(decodeResult: success, version: HTTP/1.1)
HTTP/1.1 200 OK
Content-Length: 860
Content-Type: application/json; charset=utf-8
cache-control: no-cache

[DEBUG] Adding key: http://localhost:14412 for channel [id: 0x41678ce6, L:/127.0.0.1:60101 - R:localhost/127.0.0.1:14412]
[DEBUG] Using new Channel '[id: 0xf309dd7f, L:/127.0.0.1:60107 - R:localhost/127.0.0.1:60102]' for 'GET' to '/json/version'
[DEBUG] 

Request DefaultFullHttpRequest(decodeResult: success, version: HTTP/1.1, content: EmptyByteBufBE)
GET /json/version HTTP/1.1
User-Agent: selenium/4.8.3 (java windows)
host: localhost:60102
accept: */*

Response DefaultHttpResponse(decodeResult: success, version: HTTP/1.1)
HTTP/1.1 200 OK
Content-Security-Policy: frame-ancestors 'none'
Content-Length: 424
Content-Type: application/json; charset=UTF-8

[DEBUG] Adding key: http://localhost:60102 for channel [id: 0xf309dd7f, L:/127.0.0.1:60107 - R:localhost/127.0.0.1:60102]
[DEBUG] Using new Channel '[id: 0x4d0b22f0, L:/127.0.0.1:60108 - R:localhost/127.0.0.1:60102]' for 'GET' to '/devtools/browser/26c1a56e-09b4-4544-b6fc-768f49baf006'
[DEBUG] 

Request DefaultFullHttpRequest(decodeResult: success, version: HTTP/1.1, content: EmptyByteBufBE)
GET /devtools/browser/26c1a56e-09b4-4544-b6fc-768f49baf006 HTTP/1.1
upgrade: websocket
connection: upgrade
sec-websocket-key: 7ginmHQjEd0E4YZzT5/wBw==
sec-websocket-version: 13
origin: http://localhost:60102
host: localhost:60102
accept: */*
user-agent: AHC/2.1

Response DefaultHttpResponse(decodeResult: success, version: HTTP/1.1)
HTTP/1.1 101 WebSocket Protocol Handshake
Upgrade: WebSocket
Connection: Upgrade
Sec-WebSocket-Accept: zNqjsUfdM7bE2PHhN5rid1rL2/8=

[DEBUG] Using pooled Channel '[id: 0x41678ce6, L:/127.0.0.1:60101 - R:localhost/127.0.0.1:14412]' for 'POST' to 'http://localhost:14412/session/e5fedaa91dc85263ea69d20e5d638c88/window/maximize'
[DEBUG] Using open Channel [id: 0x41678ce6, L:/127.0.0.1:60101 - R:localhost/127.0.0.1:14412] for POST '/session/e5fedaa91dc85263ea69d20e5d638c88/window/maximize'
[DEBUG] Entry count for : http://localhost:60070 : 1
[DEBUG] Entry count for : http://localhost:59927 : 1
[DEBUG] Entry count for : http://localhost:18492 : 1
[DEBUG] Entry count for : http://localhost:48681 : 1
[DEBUG] Entry count for : http://localhost:60102 : 1
[DEBUG] 

Request DefaultHttpRequest(decodeResult: success, version: HTTP/1.1)
POST /session/e5fedaa91dc85263ea69d20e5d638c88/window/maximize HTTP/1.1
User-Agent: selenium/4.8.3 (java windows)
Content-Length: 3
Content-Type: application/json; charset=utf-8
host: localhost:14412
accept: */*

Response DefaultHttpResponse(decodeResult: success, version: HTTP/1.1)
HTTP/1.1 200 OK
Content-Length: 51
Content-Type: application/json; charset=utf-8
cache-control: no-cache

[DEBUG] Adding key: http://localhost:14412 for channel [id: 0x41678ce6, L:/127.0.0.1:60101 - R:localhost/127.0.0.1:14412]
[DEBUG] Using pooled Channel '[id: 0x41678ce6, L:/127.0.0.1:60101 - R:localhost/127.0.0.1:14412]' for 'POST' to 'http://localhost:14412/session/e5fedaa91dc85263ea69d20e5d638c88/url'
[DEBUG] Using open Channel [id: 0x41678ce6, L:/127.0.0.1:60101 - R:localhost/127.0.0.1:14412] for POST '/session/e5fedaa91dc85263ea69d20e5d638c88/url'
[DEBUG] Entry count for : http://localhost:60070 : 1
[DEBUG] Entry count for : http://localhost:59927 : 1
[DEBUG] Entry count for : http://localhost:18492 : 1
[DEBUG] Entry count for : http://localhost:48681 : 1
[DEBUG] Entry count for : http://localhost:60102 : 1
[DEBUG] Adding Candidate expired Channel [id: 0x5766d962, L:/127.0.0.1:59933 - R:localhost/127.0.0.1:59927] isIdleTimeoutExpired=true isRemotelyClosed=false isTtlExpired=false
[DEBUG] Closing Idle Channel [id: 0x5766d962, L:/127.0.0.1:59933 - R:localhost/127.0.0.1:59927]
[DEBUG] Closed 1 connections out of 5 in 0 ms
[DEBUG] Channel Closed: [id: 0x5766d962, L:/127.0.0.1:59933 ! R:localhost/127.0.0.1:59927] with attribute DISCARD
[DEBUG] Entry count for : http://localhost:60070 : 1
[DEBUG] Entry count for : http://localhost:18492 : 1
[DEBUG] Entry count for : http://localhost:48681 : 1
[DEBUG] Entry count for : http://localhost:60102 : 1
[DEBUG] Entry count for : http://localhost:60070 : 1
[DEBUG] Entry count for : http://localhost:18492 : 1
[DEBUG] Entry count for : http://localhost:48681 : 1
[DEBUG] Entry count for : http://localhost:60102 : 1
[DEBUG] 

Request DefaultHttpRequest(decodeResult: success, version: HTTP/1.1)
POST /session/e5fedaa91dc85263ea69d20e5d638c88/url HTTP/1.1
User-Agent: selenium/4.8.3 (java windows)
Content-Length: 61
Content-Type: application/json; charset=utf-8
host: localhost:14412
accept: */*

Response DefaultHttpResponse(decodeResult: success, version: HTTP/1.1)
HTTP/1.1 200 OK
Content-Length: 14
Content-Type: application/json; charset=utf-8
cache-control: no-cache

[DEBUG] Adding key: http://localhost:14412 for channel [id: 0x41678ce6, L:/127.0.0.1:60101 - R:localhost/127.0.0.1:14412]
[DEBUG] Using pooled Channel '[id: 0x41678ce6, L:/127.0.0.1:60101 - R:localhost/127.0.0.1:14412]' for 'POST' to 'http://localhost:14412/session/e5fedaa91dc85263ea69d20e5d638c88/element'
[DEBUG] Using open Channel [id: 0x41678ce6, L:/127.0.0.1:60101 - R:localhost/127.0.0.1:14412] for POST '/session/e5fedaa91dc85263ea69d20e5d638c88/element'
[DEBUG] 

Request DefaultHttpRequest(decodeResult: success, version: HTTP/1.1)
POST /session/e5fedaa91dc85263ea69d20e5d638c88/element HTTP/1.1
User-Agent: selenium/4.8.3 (java windows)
Content-Length: 51
Content-Type: application/json; charset=utf-8
host: localhost:14412
accept: */*

Response DefaultHttpResponse(decodeResult: success, version: HTTP/1.1)
HTTP/1.1 200 OK
Content-Length: 88
Content-Type: application/json; charset=utf-8
cache-control: no-cache

[DEBUG] Adding key: http://localhost:14412 for channel [id: 0x41678ce6, L:/127.0.0.1:60101 - R:localhost/127.0.0.1:14412]
[DEBUG] Using pooled Channel '[id: 0x41678ce6, L:/127.0.0.1:60101 - R:localhost/127.0.0.1:14412]' for 'POST' to 'http://localhost:14412/session/e5fedaa91dc85263ea69d20e5d638c88/element/550b5160-e41c-45da-bd28-b6da14864a61/click'
[DEBUG] Using open Channel [id: 0x41678ce6, L:/127.0.0.1:60101 - R:localhost/127.0.0.1:14412] for POST '/session/e5fedaa91dc85263ea69d20e5d638c88/element/550b5160-e41c-45da-bd28-b6da14864a61/click'
[DEBUG] Entry count for : http://localhost:60070 : 1
[DEBUG] Entry count for : http://localhost:18492 : 1
[DEBUG] Entry count for : http://localhost:48681 : 1
[DEBUG] Entry count for : http://localhost:60102 : 1
[DEBUG] 

Request DefaultHttpRequest(decodeResult: success, version: HTTP/1.1)
POST /session/e5fedaa91dc85263ea69d20e5d638c88/element/550b5160-e41c-45da-bd28-b6da14864a61/click HTTP/1.1
User-Agent: selenium/4.8.3 (java windows)
Content-Length: 50
Content-Type: application/json; charset=utf-8
host: localhost:14412
accept: */*

Response DefaultHttpResponse(decodeResult: success, version: HTTP/1.1)
HTTP/1.1 200 OK
Content-Length: 14
Content-Type: application/json; charset=utf-8
cache-control: no-cache

[DEBUG] Adding key: http://localhost:14412 for channel [id: 0x41678ce6, L:/127.0.0.1:60101 - R:localhost/127.0.0.1:14412]
[DEBUG] Using pooled Channel '[id: 0x41678ce6, L:/127.0.0.1:60101 - R:localhost/127.0.0.1:14412]' for 'POST' to 'http://localhost:14412/session/e5fedaa91dc85263ea69d20e5d638c88/element'
[DEBUG] Using open Channel [id: 0x41678ce6, L:/127.0.0.1:60101 - R:localhost/127.0.0.1:14412] for POST '/session/e5fedaa91dc85263ea69d20e5d638c88/element'
[DEBUG] 

Request DefaultHttpRequest(decodeResult: success, version: HTTP/1.1)
POST /session/e5fedaa91dc85263ea69d20e5d638c88/element HTTP/1.1
User-Agent: selenium/4.8.3 (java windows)
Content-Length: 46
Content-Type: application/json; charset=utf-8
host: localhost:14412
accept: */*

Response DefaultHttpResponse(decodeResult: success, version: HTTP/1.1)
HTTP/1.1 200 OK
Content-Length: 88
Content-Type: application/json; charset=utf-8
cache-control: no-cache

[DEBUG] Adding key: http://localhost:14412 for channel [id: 0x41678ce6, L:/127.0.0.1:60101 - R:localhost/127.0.0.1:14412]
[DEBUG] Using pooled Channel '[id: 0x41678ce6, L:/127.0.0.1:60101 - R:localhost/127.0.0.1:14412]' for 'POST' to 'http://localhost:14412/session/e5fedaa91dc85263ea69d20e5d638c88/element/53c99208-d968-42b1-9a35-789cf8d5d43d/click'
[DEBUG] Using open Channel [id: 0x41678ce6, L:/127.0.0.1:60101 - R:localhost/127.0.0.1:14412] for POST '/session/e5fedaa91dc85263ea69d20e5d638c88/element/53c99208-d968-42b1-9a35-789cf8d5d43d/click'
[DEBUG] 

Request DefaultHttpRequest(decodeResult: success, version: HTTP/1.1)
POST /session/e5fedaa91dc85263ea69d20e5d638c88/element/53c99208-d968-42b1-9a35-789cf8d5d43d/click HTTP/1.1
User-Agent: selenium/4.8.3 (java windows)
Content-Length: 50
Content-Type: application/json; charset=utf-8
host: localhost:14412
accept: */*

Response DefaultHttpResponse(decodeResult: success, version: HTTP/1.1)
HTTP/1.1 200 OK
Content-Length: 14
Content-Type: application/json; charset=utf-8
cache-control: no-cache

[DEBUG] Adding key: http://localhost:14412 for channel [id: 0x41678ce6, L:/127.0.0.1:60101 - R:localhost/127.0.0.1:14412]
[DEBUG] Using pooled Channel '[id: 0x41678ce6, L:/127.0.0.1:60101 - R:localhost/127.0.0.1:14412]' for 'POST' to 'http://localhost:14412/session/e5fedaa91dc85263ea69d20e5d638c88/element'
[DEBUG] Using open Channel [id: 0x41678ce6, L:/127.0.0.1:60101 - R:localhost/127.0.0.1:14412] for POST '/session/e5fedaa91dc85263ea69d20e5d638c88/element'
[DEBUG] 

Request DefaultHttpRequest(decodeResult: success, version: HTTP/1.1)
POST /session/e5fedaa91dc85263ea69d20e5d638c88/element HTTP/1.1
User-Agent: selenium/4.8.3 (java windows)
Content-Length: 58
Content-Type: application/json; charset=utf-8
host: localhost:14412
accept: */*

Response DefaultHttpResponse(decodeResult: success, version: HTTP/1.1)
HTTP/1.1 200 OK
Content-Length: 88
Content-Type: application/json; charset=utf-8
cache-control: no-cache

[DEBUG] Adding key: http://localhost:14412 for channel [id: 0x41678ce6, L:/127.0.0.1:60101 - R:localhost/127.0.0.1:14412]
[DEBUG] Using pooled Channel '[id: 0x41678ce6, L:/127.0.0.1:60101 - R:localhost/127.0.0.1:14412]' for 'POST' to 'http://localhost:14412/session/e5fedaa91dc85263ea69d20e5d638c88/element/67135a97-5180-4720-aa8e-eb67ff95fa70/value'
[DEBUG] Using open Channel [id: 0x41678ce6, L:/127.0.0.1:60101 - R:localhost/127.0.0.1:14412] for POST '/session/e5fedaa91dc85263ea69d20e5d638c88/element/67135a97-5180-4720-aa8e-eb67ff95fa70/value'
[DEBUG] Entry count for : http://localhost:60070 : 1
[DEBUG] Entry count for : http://localhost:18492 : 1
[DEBUG] Entry count for : http://localhost:48681 : 1
[DEBUG] Entry count for : http://localhost:60102 : 1
[DEBUG] 

Request DefaultHttpRequest(decodeResult: success, version: HTTP/1.1)
POST /session/e5fedaa91dc85263ea69d20e5d638c88/element/67135a97-5180-4720-aa8e-eb67ff95fa70/value HTTP/1.1
User-Agent: selenium/4.8.3 (java windows)
Content-Length: 321
Content-Type: application/json; charset=utf-8
host: localhost:14412
accept: */*

Response DefaultHttpResponse(decodeResult: success, version: HTTP/1.1)
HTTP/1.1 200 OK
Content-Length: 14
Content-Type: application/json; charset=utf-8
cache-control: no-cache

[DEBUG] Adding key: http://localhost:14412 for channel [id: 0x41678ce6, L:/127.0.0.1:60101 - R:localhost/127.0.0.1:14412]
[DEBUG] Using pooled Channel '[id: 0x41678ce6, L:/127.0.0.1:60101 - R:localhost/127.0.0.1:14412]' for 'POST' to 'http://localhost:14412/session/e5fedaa91dc85263ea69d20e5d638c88/element'
[DEBUG] Using open Channel [id: 0x41678ce6, L:/127.0.0.1:60101 - R:localhost/127.0.0.1:14412] for POST '/session/e5fedaa91dc85263ea69d20e5d638c88/element'
[DEBUG] 

Request DefaultHttpRequest(decodeResult: success, version: HTTP/1.1)
POST /session/e5fedaa91dc85263ea69d20e5d638c88/element HTTP/1.1
User-Agent: selenium/4.8.3 (java windows)
Content-Length: 61
Content-Type: application/json; charset=utf-8
host: localhost:14412
accept: */*

Response DefaultHttpResponse(decodeResult: success, version: HTTP/1.1)
HTTP/1.1 200 OK
Content-Length: 88
Content-Type: application/json; charset=utf-8
cache-control: no-cache

[DEBUG] Adding key: http://localhost:14412 for channel [id: 0x41678ce6, L:/127.0.0.1:60101 - R:localhost/127.0.0.1:14412]
[DEBUG] Using pooled Channel '[id: 0x41678ce6, L:/127.0.0.1:60101 - R:localhost/127.0.0.1:14412]' for 'POST' to 'http://localhost:14412/session/e5fedaa91dc85263ea69d20e5d638c88/element/bcd716ee-ee84-4aca-bc0c-ea998a083e7a/value'
[DEBUG] Using open Channel [id: 0x41678ce6, L:/127.0.0.1:60101 - R:localhost/127.0.0.1:14412] for POST '/session/e5fedaa91dc85263ea69d20e5d638c88/element/bcd716ee-ee84-4aca-bc0c-ea998a083e7a/value'
[DEBUG] 

Request DefaultHttpRequest(decodeResult: success, version: HTTP/1.1)
POST /session/e5fedaa91dc85263ea69d20e5d638c88/element/bcd716ee-ee84-4aca-bc0c-ea998a083e7a/value HTTP/1.1
User-Agent: selenium/4.8.3 (java windows)
Content-Length: 201
Content-Type: application/json; charset=utf-8
host: localhost:14412
accept: */*

Response DefaultHttpResponse(decodeResult: success, version: HTTP/1.1)
HTTP/1.1 200 OK
Content-Length: 14
Content-Type: application/json; charset=utf-8
cache-control: no-cache

[DEBUG] Adding key: http://localhost:14412 for channel [id: 0x41678ce6, L:/127.0.0.1:60101 - R:localhost/127.0.0.1:14412]
[DEBUG] Using pooled Channel '[id: 0x41678ce6, L:/127.0.0.1:60101 - R:localhost/127.0.0.1:14412]' for 'POST' to 'http://localhost:14412/session/e5fedaa91dc85263ea69d20e5d638c88/element'
[DEBUG] Using open Channel [id: 0x41678ce6, L:/127.0.0.1:60101 - R:localhost/127.0.0.1:14412] for POST '/session/e5fedaa91dc85263ea69d20e5d638c88/element'
[DEBUG] 

Request DefaultHttpRequest(decodeResult: success, version: HTTP/1.1)
POST /session/e5fedaa91dc85263ea69d20e5d638c88/element HTTP/1.1
User-Agent: selenium/4.8.3 (java windows)
Content-Length: 65
Content-Type: application/json; charset=utf-8
host: localhost:14412
accept: */*

Response DefaultHttpResponse(decodeResult: success, version: HTTP/1.1)
HTTP/1.1 200 OK
Content-Length: 88
Content-Type: application/json; charset=utf-8
cache-control: no-cache

[DEBUG] Adding key: http://localhost:14412 for channel [id: 0x41678ce6, L:/127.0.0.1:60101 - R:localhost/127.0.0.1:14412]
[DEBUG] Using pooled Channel '[id: 0x41678ce6, L:/127.0.0.1:60101 - R:localhost/127.0.0.1:14412]' for 'POST' to 'http://localhost:14412/session/e5fedaa91dc85263ea69d20e5d638c88/element/ff3bf8e9-10b4-4d2c-a9c2-4aa07ab9aecc/click'
[DEBUG] Using open Channel [id: 0x41678ce6, L:/127.0.0.1:60101 - R:localhost/127.0.0.1:14412] for POST '/session/e5fedaa91dc85263ea69d20e5d638c88/element/ff3bf8e9-10b4-4d2c-a9c2-4aa07ab9aecc/click'
[DEBUG] Entry count for : http://localhost:60070 : 1
[DEBUG] Entry count for : http://localhost:18492 : 1
[DEBUG] Entry count for : http://localhost:48681 : 1
[DEBUG] Entry count for : http://localhost:60102 : 1
[DEBUG] 

Request DefaultHttpRequest(decodeResult: success, version: HTTP/1.1)
POST /session/e5fedaa91dc85263ea69d20e5d638c88/element/ff3bf8e9-10b4-4d2c-a9c2-4aa07ab9aecc/click HTTP/1.1
User-Agent: selenium/4.8.3 (java windows)
Content-Length: 50
Content-Type: application/json; charset=utf-8
host: localhost:14412
accept: */*

Response DefaultHttpResponse(decodeResult: success, version: HTTP/1.1)
HTTP/1.1 200 OK
Content-Length: 14
Content-Type: application/json; charset=utf-8
cache-control: no-cache

[DEBUG] Adding key: http://localhost:14412 for channel [id: 0x41678ce6, L:/127.0.0.1:60101 - R:localhost/127.0.0.1:14412]
loginNinjaTestpassed
]]></system-out>
    <system-err><![CDATA[Starting ChromeDriver 112.0.5615.49 (bd2a7bcb881c11e8cfe3078709382934e3916914-refs/branch-heads/5615@{#936}) on port 14412
Only local connections are allowed.
Please see https://chromedriver.chromium.org/security-considerations for suggestions on keeping ChromeDriver safe.
ChromeDriver was started successfully.
Apr 25, 2023 9:13:53 AM org.openqa.selenium.devtools.CdpVersionFinder findNearestMatch
WARNING: Unable to find an exact match for CDP version 112, so returning the closest version found: 111
]]></system-err>
  </testcase>
  <testcase name="loginNinjaTest[seleniumpanda2@gmail.com, Selenium@123](3)" classname="com.automationcode_2nd_April_2023.DataDriven" time="11.49">
    <system-out><![CDATA[loginNinjaTeststarting test
[DEBUG] Entry count for : http://localhost:14412 : 1
[DEBUG] Entry count for : http://localhost:60070 : 1
[DEBUG] Entry count for : http://localhost:18492 : 1
[DEBUG] Entry count for : http://localhost:48681 : 1
[DEBUG] Entry count for : http://localhost:60102 : 1
[DEBUG] Adding Candidate expired Channel [id: 0xca8c897b, L:/127.0.0.1:59926 - R:localhost/127.0.0.1:18492] isIdleTimeoutExpired=true isRemotelyClosed=false isTtlExpired=false
[DEBUG] Closing Idle Channel [id: 0xca8c897b, L:/127.0.0.1:59926 - R:localhost/127.0.0.1:18492]
[DEBUG] Closed 1 connections out of 5 in 0 ms
[DEBUG] Channel Closed: [id: 0xca8c897b, L:/127.0.0.1:59926 ! R:localhost/127.0.0.1:18492] with attribute DISCARD
[DEBUG] Using new Channel '[id: 0xab8de65e, L:/127.0.0.1:60124 - R:localhost/127.0.0.1:6932]' for 'POST' to '/session'
[DEBUG] Entry count for : http://localhost:14412 : 1
[DEBUG] Entry count for : http://localhost:60070 : 1
[DEBUG] Entry count for : http://localhost:48681 : 1
[DEBUG] Entry count for : http://localhost:60102 : 1
[DEBUG] 

Request DefaultHttpRequest(decodeResult: success, version: HTTP/1.1)
POST /session HTTP/1.1
User-Agent: selenium/4.8.3 (java windows)
Content-Length: 439
Content-Type: application/json; charset=utf-8
host: localhost:6932
accept: */*

Response DefaultHttpResponse(decodeResult: success, version: HTTP/1.1)
HTTP/1.1 200 OK
Content-Length: 860
Content-Type: application/json; charset=utf-8
cache-control: no-cache

[DEBUG] Adding key: http://localhost:6932 for channel [id: 0xab8de65e, L:/127.0.0.1:60124 - R:localhost/127.0.0.1:6932]
[DEBUG] Using new Channel '[id: 0x2fbfcd41, L:/127.0.0.1:60132 - R:localhost/127.0.0.1:60125]' for 'GET' to '/json/version'
[DEBUG] 

Request DefaultFullHttpRequest(decodeResult: success, version: HTTP/1.1, content: EmptyByteBufBE)
GET /json/version HTTP/1.1
User-Agent: selenium/4.8.3 (java windows)
host: localhost:60125
accept: */*

Response DefaultHttpResponse(decodeResult: success, version: HTTP/1.1)
HTTP/1.1 200 OK
Content-Security-Policy: frame-ancestors 'none'
Content-Length: 424
Content-Type: application/json; charset=UTF-8

[DEBUG] Adding key: http://localhost:60125 for channel [id: 0x2fbfcd41, L:/127.0.0.1:60132 - R:localhost/127.0.0.1:60125]
[DEBUG] Using new Channel '[id: 0xb692432b, L:/127.0.0.1:60133 - R:localhost/127.0.0.1:60125]' for 'GET' to '/devtools/browser/7cee5ddf-51f0-4863-9269-c5b42cf36d61'
[DEBUG] 

Request DefaultFullHttpRequest(decodeResult: success, version: HTTP/1.1, content: EmptyByteBufBE)
GET /devtools/browser/7cee5ddf-51f0-4863-9269-c5b42cf36d61 HTTP/1.1
upgrade: websocket
connection: upgrade
sec-websocket-key: d8BOj72clKV7FipRhx4UZw==
sec-websocket-version: 13
origin: http://localhost:60125
host: localhost:60125
accept: */*
user-agent: AHC/2.1

Response DefaultHttpResponse(decodeResult: success, version: HTTP/1.1)
HTTP/1.1 101 WebSocket Protocol Handshake
Upgrade: WebSocket
Connection: Upgrade
Sec-WebSocket-Accept: KpanCMv0jF3DbNk0e6N1KrlcUds=

[DEBUG] Entry count for : http://localhost:14412 : 1
[DEBUG] Entry count for : http://localhost:6932 : 1
[DEBUG] Entry count for : http://localhost:60070 : 1
[DEBUG] Entry count for : http://localhost:48681 : 1
[DEBUG] Entry count for : http://localhost:60102 : 1
[DEBUG] Entry count for : http://localhost:60125 : 1
[DEBUG] Using pooled Channel '[id: 0xab8de65e, L:/127.0.0.1:60124 - R:localhost/127.0.0.1:6932]' for 'POST' to 'http://localhost:6932/session/96c467f50822dd9796157eb38076c704/window/maximize'
[DEBUG] Using open Channel [id: 0xab8de65e, L:/127.0.0.1:60124 - R:localhost/127.0.0.1:6932] for POST '/session/96c467f50822dd9796157eb38076c704/window/maximize'
[DEBUG] 

Request DefaultHttpRequest(decodeResult: success, version: HTTP/1.1)
POST /session/96c467f50822dd9796157eb38076c704/window/maximize HTTP/1.1
User-Agent: selenium/4.8.3 (java windows)
Content-Length: 3
Content-Type: application/json; charset=utf-8
host: localhost:6932
accept: */*

Response DefaultHttpResponse(decodeResult: success, version: HTTP/1.1)
HTTP/1.1 200 OK
Content-Length: 51
Content-Type: application/json; charset=utf-8
cache-control: no-cache

[DEBUG] Adding key: http://localhost:6932 for channel [id: 0xab8de65e, L:/127.0.0.1:60124 - R:localhost/127.0.0.1:6932]
[DEBUG] Using pooled Channel '[id: 0xab8de65e, L:/127.0.0.1:60124 - R:localhost/127.0.0.1:6932]' for 'POST' to 'http://localhost:6932/session/96c467f50822dd9796157eb38076c704/url'
[DEBUG] Using open Channel [id: 0xab8de65e, L:/127.0.0.1:60124 - R:localhost/127.0.0.1:6932] for POST '/session/96c467f50822dd9796157eb38076c704/url'
[DEBUG] Entry count for : http://localhost:14412 : 1
[DEBUG] Entry count for : http://localhost:60070 : 1
[DEBUG] Entry count for : http://localhost:48681 : 1
[DEBUG] Entry count for : http://localhost:60102 : 1
[DEBUG] Entry count for : http://localhost:60125 : 1
[DEBUG] Entry count for : http://localhost:14412 : 1
[DEBUG] Entry count for : http://localhost:60070 : 1
[DEBUG] Entry count for : http://localhost:48681 : 1
[DEBUG] Entry count for : http://localhost:60102 : 1
[DEBUG] Entry count for : http://localhost:60125 : 1
[DEBUG] Entry count for : http://localhost:14412 : 1
[DEBUG] Entry count for : http://localhost:60070 : 1
[DEBUG] Entry count for : http://localhost:48681 : 1
[DEBUG] Entry count for : http://localhost:60102 : 1
[DEBUG] Entry count for : http://localhost:60125 : 1
[DEBUG] Entry count for : http://localhost:14412 : 1
[DEBUG] Entry count for : http://localhost:60070 : 1
[DEBUG] Entry count for : http://localhost:48681 : 1
[DEBUG] Entry count for : http://localhost:60102 : 1
[DEBUG] Entry count for : http://localhost:60125 : 1
[DEBUG] 

Request DefaultHttpRequest(decodeResult: success, version: HTTP/1.1)
POST /session/96c467f50822dd9796157eb38076c704/url HTTP/1.1
User-Agent: selenium/4.8.3 (java windows)
Content-Length: 61
Content-Type: application/json; charset=utf-8
host: localhost:6932
accept: */*

Response DefaultHttpResponse(decodeResult: success, version: HTTP/1.1)
HTTP/1.1 200 OK
Content-Length: 14
Content-Type: application/json; charset=utf-8
cache-control: no-cache

[DEBUG] Adding key: http://localhost:6932 for channel [id: 0xab8de65e, L:/127.0.0.1:60124 - R:localhost/127.0.0.1:6932]
[DEBUG] Using pooled Channel '[id: 0xab8de65e, L:/127.0.0.1:60124 - R:localhost/127.0.0.1:6932]' for 'POST' to 'http://localhost:6932/session/96c467f50822dd9796157eb38076c704/element'
[DEBUG] Using open Channel [id: 0xab8de65e, L:/127.0.0.1:60124 - R:localhost/127.0.0.1:6932] for POST '/session/96c467f50822dd9796157eb38076c704/element'
[DEBUG] 

Request DefaultHttpRequest(decodeResult: success, version: HTTP/1.1)
POST /session/96c467f50822dd9796157eb38076c704/element HTTP/1.1
User-Agent: selenium/4.8.3 (java windows)
Content-Length: 51
Content-Type: application/json; charset=utf-8
host: localhost:6932
accept: */*

Response DefaultHttpResponse(decodeResult: success, version: HTTP/1.1)
HTTP/1.1 200 OK
Content-Length: 88
Content-Type: application/json; charset=utf-8
cache-control: no-cache

[DEBUG] Adding key: http://localhost:6932 for channel [id: 0xab8de65e, L:/127.0.0.1:60124 - R:localhost/127.0.0.1:6932]
[DEBUG] Using pooled Channel '[id: 0xab8de65e, L:/127.0.0.1:60124 - R:localhost/127.0.0.1:6932]' for 'POST' to 'http://localhost:6932/session/96c467f50822dd9796157eb38076c704/element/d5fca7e0-207c-4406-97b7-0b2abc2e8979/click'
[DEBUG] Using open Channel [id: 0xab8de65e, L:/127.0.0.1:60124 - R:localhost/127.0.0.1:6932] for POST '/session/96c467f50822dd9796157eb38076c704/element/d5fca7e0-207c-4406-97b7-0b2abc2e8979/click'
[DEBUG] 

Request DefaultHttpRequest(decodeResult: success, version: HTTP/1.1)
POST /session/96c467f50822dd9796157eb38076c704/element/d5fca7e0-207c-4406-97b7-0b2abc2e8979/click HTTP/1.1
User-Agent: selenium/4.8.3 (java windows)
Content-Length: 50
Content-Type: application/json; charset=utf-8
host: localhost:6932
accept: */*

Response DefaultHttpResponse(decodeResult: success, version: HTTP/1.1)
HTTP/1.1 200 OK
Content-Length: 14
Content-Type: application/json; charset=utf-8
cache-control: no-cache

[DEBUG] Adding key: http://localhost:6932 for channel [id: 0xab8de65e, L:/127.0.0.1:60124 - R:localhost/127.0.0.1:6932]
[DEBUG] Using pooled Channel '[id: 0xab8de65e, L:/127.0.0.1:60124 - R:localhost/127.0.0.1:6932]' for 'POST' to 'http://localhost:6932/session/96c467f50822dd9796157eb38076c704/element'
[DEBUG] Using open Channel [id: 0xab8de65e, L:/127.0.0.1:60124 - R:localhost/127.0.0.1:6932] for POST '/session/96c467f50822dd9796157eb38076c704/element'
[DEBUG] Entry count for : http://localhost:14412 : 1
[DEBUG] Entry count for : http://localhost:60070 : 1
[DEBUG] Entry count for : http://localhost:48681 : 1
[DEBUG] Entry count for : http://localhost:60102 : 1
[DEBUG] Entry count for : http://localhost:60125 : 1
[DEBUG] 

Request DefaultHttpRequest(decodeResult: success, version: HTTP/1.1)
POST /session/96c467f50822dd9796157eb38076c704/element HTTP/1.1
User-Agent: selenium/4.8.3 (java windows)
Content-Length: 46
Content-Type: application/json; charset=utf-8
host: localhost:6932
accept: */*

Response DefaultHttpResponse(decodeResult: success, version: HTTP/1.1)
HTTP/1.1 200 OK
Content-Length: 88
Content-Type: application/json; charset=utf-8
cache-control: no-cache

[DEBUG] Adding key: http://localhost:6932 for channel [id: 0xab8de65e, L:/127.0.0.1:60124 - R:localhost/127.0.0.1:6932]
[DEBUG] Using pooled Channel '[id: 0xab8de65e, L:/127.0.0.1:60124 - R:localhost/127.0.0.1:6932]' for 'POST' to 'http://localhost:6932/session/96c467f50822dd9796157eb38076c704/element/3af0a999-06d9-4ad2-9ac4-963f2cd67e1b/click'
[DEBUG] Using open Channel [id: 0xab8de65e, L:/127.0.0.1:60124 - R:localhost/127.0.0.1:6932] for POST '/session/96c467f50822dd9796157eb38076c704/element/3af0a999-06d9-4ad2-9ac4-963f2cd67e1b/click'
[DEBUG] 

Request DefaultHttpRequest(decodeResult: success, version: HTTP/1.1)
POST /session/96c467f50822dd9796157eb38076c704/element/3af0a999-06d9-4ad2-9ac4-963f2cd67e1b/click HTTP/1.1
User-Agent: selenium/4.8.3 (java windows)
Content-Length: 50
Content-Type: application/json; charset=utf-8
host: localhost:6932
accept: */*

Response DefaultHttpResponse(decodeResult: success, version: HTTP/1.1)
HTTP/1.1 200 OK
Content-Length: 14
Content-Type: application/json; charset=utf-8
cache-control: no-cache

[DEBUG] Adding key: http://localhost:6932 for channel [id: 0xab8de65e, L:/127.0.0.1:60124 - R:localhost/127.0.0.1:6932]
[DEBUG] Using pooled Channel '[id: 0xab8de65e, L:/127.0.0.1:60124 - R:localhost/127.0.0.1:6932]' for 'POST' to 'http://localhost:6932/session/96c467f50822dd9796157eb38076c704/element'
[DEBUG] Using open Channel [id: 0xab8de65e, L:/127.0.0.1:60124 - R:localhost/127.0.0.1:6932] for POST '/session/96c467f50822dd9796157eb38076c704/element'
[DEBUG] 

Request DefaultHttpRequest(decodeResult: success, version: HTTP/1.1)
POST /session/96c467f50822dd9796157eb38076c704/element HTTP/1.1
User-Agent: selenium/4.8.3 (java windows)
Content-Length: 58
Content-Type: application/json; charset=utf-8
host: localhost:6932
accept: */*

Response DefaultHttpResponse(decodeResult: success, version: HTTP/1.1)
HTTP/1.1 200 OK
Content-Length: 88
Content-Type: application/json; charset=utf-8
cache-control: no-cache

[DEBUG] Adding key: http://localhost:6932 for channel [id: 0xab8de65e, L:/127.0.0.1:60124 - R:localhost/127.0.0.1:6932]
[DEBUG] Using pooled Channel '[id: 0xab8de65e, L:/127.0.0.1:60124 - R:localhost/127.0.0.1:6932]' for 'POST' to 'http://localhost:6932/session/96c467f50822dd9796157eb38076c704/element/1f8a570c-3d90-49f8-a0bf-ec00d22b704d/value'
[DEBUG] Using open Channel [id: 0xab8de65e, L:/127.0.0.1:60124 - R:localhost/127.0.0.1:6932] for POST '/session/96c467f50822dd9796157eb38076c704/element/1f8a570c-3d90-49f8-a0bf-ec00d22b704d/value'
[DEBUG] Entry count for : http://localhost:14412 : 1
[DEBUG] Entry count for : http://localhost:60070 : 1
[DEBUG] Entry count for : http://localhost:48681 : 1
[DEBUG] Entry count for : http://localhost:60102 : 1
[DEBUG] Entry count for : http://localhost:60125 : 1
[DEBUG] 

Request DefaultHttpRequest(decodeResult: success, version: HTTP/1.1)
POST /session/96c467f50822dd9796157eb38076c704/element/1f8a570c-3d90-49f8-a0bf-ec00d22b704d/value HTTP/1.1
User-Agent: selenium/4.8.3 (java windows)
Content-Length: 321
Content-Type: application/json; charset=utf-8
host: localhost:6932
accept: */*

Response DefaultHttpResponse(decodeResult: success, version: HTTP/1.1)
HTTP/1.1 200 OK
Content-Length: 14
Content-Type: application/json; charset=utf-8
cache-control: no-cache

[DEBUG] Adding key: http://localhost:6932 for channel [id: 0xab8de65e, L:/127.0.0.1:60124 - R:localhost/127.0.0.1:6932]
[DEBUG] Using pooled Channel '[id: 0xab8de65e, L:/127.0.0.1:60124 - R:localhost/127.0.0.1:6932]' for 'POST' to 'http://localhost:6932/session/96c467f50822dd9796157eb38076c704/element'
[DEBUG] Using open Channel [id: 0xab8de65e, L:/127.0.0.1:60124 - R:localhost/127.0.0.1:6932] for POST '/session/96c467f50822dd9796157eb38076c704/element'
[DEBUG] 

Request DefaultHttpRequest(decodeResult: success, version: HTTP/1.1)
POST /session/96c467f50822dd9796157eb38076c704/element HTTP/1.1
User-Agent: selenium/4.8.3 (java windows)
Content-Length: 61
Content-Type: application/json; charset=utf-8
host: localhost:6932
accept: */*

Response DefaultHttpResponse(decodeResult: success, version: HTTP/1.1)
HTTP/1.1 200 OK
Content-Length: 88
Content-Type: application/json; charset=utf-8
cache-control: no-cache

[DEBUG] Adding key: http://localhost:6932 for channel [id: 0xab8de65e, L:/127.0.0.1:60124 - R:localhost/127.0.0.1:6932]
[DEBUG] Using pooled Channel '[id: 0xab8de65e, L:/127.0.0.1:60124 - R:localhost/127.0.0.1:6932]' for 'POST' to 'http://localhost:6932/session/96c467f50822dd9796157eb38076c704/element/a5737968-75ba-4442-ac7e-5fbd201266cc/value'
[DEBUG] Using open Channel [id: 0xab8de65e, L:/127.0.0.1:60124 - R:localhost/127.0.0.1:6932] for POST '/session/96c467f50822dd9796157eb38076c704/element/a5737968-75ba-4442-ac7e-5fbd201266cc/value'
[DEBUG] 

Request DefaultHttpRequest(decodeResult: success, version: HTTP/1.1)
POST /session/96c467f50822dd9796157eb38076c704/element/a5737968-75ba-4442-ac7e-5fbd201266cc/value HTTP/1.1
User-Agent: selenium/4.8.3 (java windows)
Content-Length: 201
Content-Type: application/json; charset=utf-8
host: localhost:6932
accept: */*

Response DefaultHttpResponse(decodeResult: success, version: HTTP/1.1)
HTTP/1.1 200 OK
Content-Length: 14
Content-Type: application/json; charset=utf-8
cache-control: no-cache

[DEBUG] Adding key: http://localhost:6932 for channel [id: 0xab8de65e, L:/127.0.0.1:60124 - R:localhost/127.0.0.1:6932]
[DEBUG] Using pooled Channel '[id: 0xab8de65e, L:/127.0.0.1:60124 - R:localhost/127.0.0.1:6932]' for 'POST' to 'http://localhost:6932/session/96c467f50822dd9796157eb38076c704/element'
[DEBUG] Using open Channel [id: 0xab8de65e, L:/127.0.0.1:60124 - R:localhost/127.0.0.1:6932] for POST '/session/96c467f50822dd9796157eb38076c704/element'
[DEBUG] 

Request DefaultHttpRequest(decodeResult: success, version: HTTP/1.1)
POST /session/96c467f50822dd9796157eb38076c704/element HTTP/1.1
User-Agent: selenium/4.8.3 (java windows)
Content-Length: 65
Content-Type: application/json; charset=utf-8
host: localhost:6932
accept: */*

Response DefaultHttpResponse(decodeResult: success, version: HTTP/1.1)
HTTP/1.1 200 OK
Content-Length: 88
Content-Type: application/json; charset=utf-8
cache-control: no-cache

[DEBUG] Adding key: http://localhost:6932 for channel [id: 0xab8de65e, L:/127.0.0.1:60124 - R:localhost/127.0.0.1:6932]
[DEBUG] Using pooled Channel '[id: 0xab8de65e, L:/127.0.0.1:60124 - R:localhost/127.0.0.1:6932]' for 'POST' to 'http://localhost:6932/session/96c467f50822dd9796157eb38076c704/element/c6b3e5de-4261-426b-8c93-b3085bccc99e/click'
[DEBUG] Using open Channel [id: 0xab8de65e, L:/127.0.0.1:60124 - R:localhost/127.0.0.1:6932] for POST '/session/96c467f50822dd9796157eb38076c704/element/c6b3e5de-4261-426b-8c93-b3085bccc99e/click'
[DEBUG] Entry count for : http://localhost:14412 : 1
[DEBUG] Entry count for : http://localhost:60070 : 1
[DEBUG] Entry count for : http://localhost:48681 : 1
[DEBUG] Entry count for : http://localhost:60102 : 1
[DEBUG] Entry count for : http://localhost:60125 : 1
[DEBUG] 

Request DefaultHttpRequest(decodeResult: success, version: HTTP/1.1)
POST /session/96c467f50822dd9796157eb38076c704/element/c6b3e5de-4261-426b-8c93-b3085bccc99e/click HTTP/1.1
User-Agent: selenium/4.8.3 (java windows)
Content-Length: 50
Content-Type: application/json; charset=utf-8
host: localhost:6932
accept: */*

Response DefaultHttpResponse(decodeResult: success, version: HTTP/1.1)
HTTP/1.1 200 OK
Content-Length: 14
Content-Type: application/json; charset=utf-8
cache-control: no-cache

[DEBUG] Adding key: http://localhost:6932 for channel [id: 0xab8de65e, L:/127.0.0.1:60124 - R:localhost/127.0.0.1:6932]
loginNinjaTestpassed
]]></system-out>
    <system-err><![CDATA[Starting ChromeDriver 112.0.5615.49 (bd2a7bcb881c11e8cfe3078709382934e3916914-refs/branch-heads/5615@{#936}) on port 6932
Only local connections are allowed.
Please see https://chromedriver.chromium.org/security-considerations for suggestions on keeping ChromeDriver safe.
ChromeDriver was started successfully.
Apr 25, 2023 9:14:03 AM org.openqa.selenium.devtools.CdpVersionFinder findNearestMatch
WARNING: Unable to find an exact match for CDP version 112, so returning the closest version found: 111
]]></system-err>
  </testcase>
  <testcase name="loginNinjaTest[seleniumpanda845@gmail.com, Selenium@123](4)" classname="com.automationcode_2nd_April_2023.DataDriven" time="14.852">
    <system-out><![CDATA[loginNinjaTeststarting test
[DEBUG] Entry count for : http://localhost:14412 : 1
[DEBUG] Entry count for : http://localhost:6932 : 1
[DEBUG] Entry count for : http://localhost:60070 : 1
[DEBUG] Entry count for : http://localhost:48681 : 1
[DEBUG] Entry count for : http://localhost:60102 : 1
[DEBUG] Entry count for : http://localhost:60125 : 1
[DEBUG] Using new Channel '[id: 0x62b4eaf7, L:/127.0.0.1:60150 - R:localhost/127.0.0.1:12545]' for 'POST' to '/session'
[DEBUG] Entry count for : http://localhost:14412 : 1
[DEBUG] Entry count for : http://localhost:6932 : 1
[DEBUG] Entry count for : http://localhost:60070 : 1
[DEBUG] Entry count for : http://localhost:48681 : 1
[DEBUG] Entry count for : http://localhost:60102 : 1
[DEBUG] Entry count for : http://localhost:60125 : 1
[DEBUG] Entry count for : http://localhost:14412 : 1
[DEBUG] Entry count for : http://localhost:6932 : 1
[DEBUG] Entry count for : http://localhost:60070 : 1
[DEBUG] Entry count for : http://localhost:48681 : 1
[DEBUG] Entry count for : http://localhost:60102 : 1
[DEBUG] Entry count for : http://localhost:60125 : 1
[DEBUG] Entry count for : http://localhost:14412 : 1
[DEBUG] Entry count for : http://localhost:6932 : 1
[DEBUG] Entry count for : http://localhost:60070 : 1
[DEBUG] Entry count for : http://localhost:48681 : 1
[DEBUG] Entry count for : http://localhost:60102 : 1
[DEBUG] Entry count for : http://localhost:60125 : 1
[DEBUG] 

Request DefaultHttpRequest(decodeResult: success, version: HTTP/1.1)
POST /session HTTP/1.1
User-Agent: selenium/4.8.3 (java windows)
Content-Length: 439
Content-Type: application/json; charset=utf-8
host: localhost:12545
accept: */*

Response DefaultHttpResponse(decodeResult: success, version: HTTP/1.1)
HTTP/1.1 200 OK
Content-Length: 860
Content-Type: application/json; charset=utf-8
cache-control: no-cache

[DEBUG] Adding key: http://localhost:12545 for channel [id: 0x62b4eaf7, L:/127.0.0.1:60150 - R:localhost/127.0.0.1:12545]
[DEBUG] Using new Channel '[id: 0x35db68b9, L:/127.0.0.1:60160 - R:localhost/127.0.0.1:60151]' for 'GET' to '/json/version'
[DEBUG] 

Request DefaultFullHttpRequest(decodeResult: success, version: HTTP/1.1, content: EmptyByteBufBE)
GET /json/version HTTP/1.1
User-Agent: selenium/4.8.3 (java windows)
host: localhost:60151
accept: */*

Response DefaultHttpResponse(decodeResult: success, version: HTTP/1.1)
HTTP/1.1 200 OK
Content-Security-Policy: frame-ancestors 'none'
Content-Length: 424
Content-Type: application/json; charset=UTF-8

[DEBUG] Adding key: http://localhost:60151 for channel [id: 0x35db68b9, L:/127.0.0.1:60160 - R:localhost/127.0.0.1:60151]
[DEBUG] Using new Channel '[id: 0x01426829, L:/127.0.0.1:60161 - R:localhost/127.0.0.1:60151]' for 'GET' to '/devtools/browser/259fa0f4-cdf8-4378-805c-897565dbd681'
[DEBUG] 

Request DefaultFullHttpRequest(decodeResult: success, version: HTTP/1.1, content: EmptyByteBufBE)
GET /devtools/browser/259fa0f4-cdf8-4378-805c-897565dbd681 HTTP/1.1
upgrade: websocket
connection: upgrade
sec-websocket-key: ovlza30Ey1CpTIFOrY5bJg==
sec-websocket-version: 13
origin: http://localhost:60151
host: localhost:60151
accept: */*
user-agent: AHC/2.1

Response DefaultHttpResponse(decodeResult: success, version: HTTP/1.1)
HTTP/1.1 101 WebSocket Protocol Handshake
Upgrade: WebSocket
Connection: Upgrade
Sec-WebSocket-Accept: hQ2FKzksD/Y33EcACHjsEVJVSfE=

[DEBUG] Using pooled Channel '[id: 0x62b4eaf7, L:/127.0.0.1:60150 - R:localhost/127.0.0.1:12545]' for 'POST' to 'http://localhost:12545/session/636142dee2252ea0b01611dd2fc1ab91/window/maximize'
[DEBUG] Using open Channel [id: 0x62b4eaf7, L:/127.0.0.1:60150 - R:localhost/127.0.0.1:12545] for POST '/session/636142dee2252ea0b01611dd2fc1ab91/window/maximize'
[DEBUG] Entry count for : http://localhost:14412 : 1
[DEBUG] Entry count for : http://localhost:60151 : 1
[DEBUG] Entry count for : http://localhost:6932 : 1
[DEBUG] Entry count for : http://localhost:60070 : 1
[DEBUG] Entry count for : http://localhost:48681 : 1
[DEBUG] Entry count for : http://localhost:60102 : 1
[DEBUG] Entry count for : http://localhost:60125 : 1
[DEBUG] 

Request DefaultHttpRequest(decodeResult: success, version: HTTP/1.1)
POST /session/636142dee2252ea0b01611dd2fc1ab91/window/maximize HTTP/1.1
User-Agent: selenium/4.8.3 (java windows)
Content-Length: 3
Content-Type: application/json; charset=utf-8
host: localhost:12545
accept: */*

Response DefaultHttpResponse(decodeResult: success, version: HTTP/1.1)
HTTP/1.1 200 OK
Content-Length: 51
Content-Type: application/json; charset=utf-8
cache-control: no-cache

[DEBUG] Adding key: http://localhost:12545 for channel [id: 0x62b4eaf7, L:/127.0.0.1:60150 - R:localhost/127.0.0.1:12545]
[DEBUG] Using pooled Channel '[id: 0x62b4eaf7, L:/127.0.0.1:60150 - R:localhost/127.0.0.1:12545]' for 'POST' to 'http://localhost:12545/session/636142dee2252ea0b01611dd2fc1ab91/url'
[DEBUG] Using open Channel [id: 0x62b4eaf7, L:/127.0.0.1:60150 - R:localhost/127.0.0.1:12545] for POST '/session/636142dee2252ea0b01611dd2fc1ab91/url'
[DEBUG] Entry count for : http://localhost:14412 : 1
[DEBUG] Entry count for : http://localhost:60151 : 1
[DEBUG] Entry count for : http://localhost:6932 : 1
[DEBUG] Entry count for : http://localhost:60070 : 1
[DEBUG] Entry count for : http://localhost:48681 : 1
[DEBUG] Entry count for : http://localhost:60102 : 1
[DEBUG] Entry count for : http://localhost:60125 : 1
[DEBUG] Entry count for : http://localhost:14412 : 1
[DEBUG] Entry count for : http://localhost:60151 : 1
[DEBUG] Entry count for : http://localhost:6932 : 1
[DEBUG] Entry count for : http://localhost:60070 : 1
[DEBUG] Entry count for : http://localhost:48681 : 1
[DEBUG] Entry count for : http://localhost:60102 : 1
[DEBUG] Entry count for : http://localhost:60125 : 1
[DEBUG] Entry count for : http://localhost:14412 : 1
[DEBUG] Entry count for : http://localhost:60151 : 1
[DEBUG] Entry count for : http://localhost:6932 : 1
[DEBUG] Entry count for : http://localhost:60070 : 1
[DEBUG] Entry count for : http://localhost:48681 : 1
[DEBUG] Entry count for : http://localhost:60102 : 1
[DEBUG] Entry count for : http://localhost:60125 : 1
[DEBUG] Entry count for : http://localhost:14412 : 1
[DEBUG] Entry count for : http://localhost:60151 : 1
[DEBUG] Entry count for : http://localhost:6932 : 1
[DEBUG] Entry count for : http://localhost:60070 : 1
[DEBUG] Entry count for : http://localhost:48681 : 1
[DEBUG] Entry count for : http://localhost:60102 : 1
[DEBUG] Entry count for : http://localhost:60125 : 1
[DEBUG] Entry count for : http://localhost:14412 : 1
[DEBUG] Entry count for : http://localhost:60151 : 1
[DEBUG] Entry count for : http://localhost:6932 : 1
[DEBUG] Entry count for : http://localhost:60070 : 1
[DEBUG] Entry count for : http://localhost:48681 : 1
[DEBUG] Entry count for : http://localhost:60102 : 1
[DEBUG] Entry count for : http://localhost:60125 : 1
[DEBUG] 

Request DefaultHttpRequest(decodeResult: success, version: HTTP/1.1)
POST /session/636142dee2252ea0b01611dd2fc1ab91/url HTTP/1.1
User-Agent: selenium/4.8.3 (java windows)
Content-Length: 61
Content-Type: application/json; charset=utf-8
host: localhost:12545
accept: */*

Response DefaultHttpResponse(decodeResult: success, version: HTTP/1.1)
HTTP/1.1 200 OK
Content-Length: 14
Content-Type: application/json; charset=utf-8
cache-control: no-cache

[DEBUG] Adding key: http://localhost:12545 for channel [id: 0x62b4eaf7, L:/127.0.0.1:60150 - R:localhost/127.0.0.1:12545]
[DEBUG] Using pooled Channel '[id: 0x62b4eaf7, L:/127.0.0.1:60150 - R:localhost/127.0.0.1:12545]' for 'POST' to 'http://localhost:12545/session/636142dee2252ea0b01611dd2fc1ab91/element'
[DEBUG] Using open Channel [id: 0x62b4eaf7, L:/127.0.0.1:60150 - R:localhost/127.0.0.1:12545] for POST '/session/636142dee2252ea0b01611dd2fc1ab91/element'
[DEBUG] 

Request DefaultHttpRequest(decodeResult: success, version: HTTP/1.1)
POST /session/636142dee2252ea0b01611dd2fc1ab91/element HTTP/1.1
User-Agent: selenium/4.8.3 (java windows)
Content-Length: 51
Content-Type: application/json; charset=utf-8
host: localhost:12545
accept: */*

Response DefaultHttpResponse(decodeResult: success, version: HTTP/1.1)
HTTP/1.1 200 OK
Content-Length: 88
Content-Type: application/json; charset=utf-8
cache-control: no-cache

[DEBUG] Adding key: http://localhost:12545 for channel [id: 0x62b4eaf7, L:/127.0.0.1:60150 - R:localhost/127.0.0.1:12545]
[DEBUG] Using pooled Channel '[id: 0x62b4eaf7, L:/127.0.0.1:60150 - R:localhost/127.0.0.1:12545]' for 'POST' to 'http://localhost:12545/session/636142dee2252ea0b01611dd2fc1ab91/element/9286e52f-a455-4ad4-8fbd-31b733d220ae/click'
[DEBUG] Using open Channel [id: 0x62b4eaf7, L:/127.0.0.1:60150 - R:localhost/127.0.0.1:12545] for POST '/session/636142dee2252ea0b01611dd2fc1ab91/element/9286e52f-a455-4ad4-8fbd-31b733d220ae/click'
[DEBUG] Entry count for : http://localhost:14412 : 1
[DEBUG] Entry count for : http://localhost:60151 : 1
[DEBUG] Entry count for : http://localhost:6932 : 1
[DEBUG] Entry count for : http://localhost:60070 : 1
[DEBUG] Entry count for : http://localhost:48681 : 1
[DEBUG] Entry count for : http://localhost:60102 : 1
[DEBUG] Entry count for : http://localhost:60125 : 1
[DEBUG] 

Request DefaultHttpRequest(decodeResult: success, version: HTTP/1.1)
POST /session/636142dee2252ea0b01611dd2fc1ab91/element/9286e52f-a455-4ad4-8fbd-31b733d220ae/click HTTP/1.1
User-Agent: selenium/4.8.3 (java windows)
Content-Length: 50
Content-Type: application/json; charset=utf-8
host: localhost:12545
accept: */*

Response DefaultHttpResponse(decodeResult: success, version: HTTP/1.1)
HTTP/1.1 200 OK
Content-Length: 14
Content-Type: application/json; charset=utf-8
cache-control: no-cache

[DEBUG] Adding key: http://localhost:12545 for channel [id: 0x62b4eaf7, L:/127.0.0.1:60150 - R:localhost/127.0.0.1:12545]
[DEBUG] Using pooled Channel '[id: 0x62b4eaf7, L:/127.0.0.1:60150 - R:localhost/127.0.0.1:12545]' for 'POST' to 'http://localhost:12545/session/636142dee2252ea0b01611dd2fc1ab91/element'
[DEBUG] Using open Channel [id: 0x62b4eaf7, L:/127.0.0.1:60150 - R:localhost/127.0.0.1:12545] for POST '/session/636142dee2252ea0b01611dd2fc1ab91/element'
[DEBUG] 

Request DefaultHttpRequest(decodeResult: success, version: HTTP/1.1)
POST /session/636142dee2252ea0b01611dd2fc1ab91/element HTTP/1.1
User-Agent: selenium/4.8.3 (java windows)
Content-Length: 46
Content-Type: application/json; charset=utf-8
host: localhost:12545
accept: */*

Response DefaultHttpResponse(decodeResult: success, version: HTTP/1.1)
HTTP/1.1 200 OK
Content-Length: 88
Content-Type: application/json; charset=utf-8
cache-control: no-cache

[DEBUG] Adding key: http://localhost:12545 for channel [id: 0x62b4eaf7, L:/127.0.0.1:60150 - R:localhost/127.0.0.1:12545]
[DEBUG] Using pooled Channel '[id: 0x62b4eaf7, L:/127.0.0.1:60150 - R:localhost/127.0.0.1:12545]' for 'POST' to 'http://localhost:12545/session/636142dee2252ea0b01611dd2fc1ab91/element/15f599b4-9a0d-4fb9-a8c9-270fa4a07a48/click'
[DEBUG] Using open Channel [id: 0x62b4eaf7, L:/127.0.0.1:60150 - R:localhost/127.0.0.1:12545] for POST '/session/636142dee2252ea0b01611dd2fc1ab91/element/15f599b4-9a0d-4fb9-a8c9-270fa4a07a48/click'
[DEBUG] Entry count for : http://localhost:14412 : 1
[DEBUG] Entry count for : http://localhost:60151 : 1
[DEBUG] Entry count for : http://localhost:6932 : 1
[DEBUG] Entry count for : http://localhost:60070 : 1
[DEBUG] Entry count for : http://localhost:48681 : 1
[DEBUG] Entry count for : http://localhost:60102 : 1
[DEBUG] Entry count for : http://localhost:60125 : 1
[DEBUG] 

Request DefaultHttpRequest(decodeResult: success, version: HTTP/1.1)
POST /session/636142dee2252ea0b01611dd2fc1ab91/element/15f599b4-9a0d-4fb9-a8c9-270fa4a07a48/click HTTP/1.1
User-Agent: selenium/4.8.3 (java windows)
Content-Length: 50
Content-Type: application/json; charset=utf-8
host: localhost:12545
accept: */*

Response DefaultHttpResponse(decodeResult: success, version: HTTP/1.1)
HTTP/1.1 200 OK
Content-Length: 14
Content-Type: application/json; charset=utf-8
cache-control: no-cache

[DEBUG] Adding key: http://localhost:12545 for channel [id: 0x62b4eaf7, L:/127.0.0.1:60150 - R:localhost/127.0.0.1:12545]
[DEBUG] Using pooled Channel '[id: 0x62b4eaf7, L:/127.0.0.1:60150 - R:localhost/127.0.0.1:12545]' for 'POST' to 'http://localhost:12545/session/636142dee2252ea0b01611dd2fc1ab91/element'
[DEBUG] Using open Channel [id: 0x62b4eaf7, L:/127.0.0.1:60150 - R:localhost/127.0.0.1:12545] for POST '/session/636142dee2252ea0b01611dd2fc1ab91/element'
[DEBUG] 

Request DefaultHttpRequest(decodeResult: success, version: HTTP/1.1)
POST /session/636142dee2252ea0b01611dd2fc1ab91/element HTTP/1.1
User-Agent: selenium/4.8.3 (java windows)
Content-Length: 58
Content-Type: application/json; charset=utf-8
host: localhost:12545
accept: */*

Response DefaultHttpResponse(decodeResult: success, version: HTTP/1.1)
HTTP/1.1 200 OK
Content-Length: 88
Content-Type: application/json; charset=utf-8
cache-control: no-cache

[DEBUG] Adding key: http://localhost:12545 for channel [id: 0x62b4eaf7, L:/127.0.0.1:60150 - R:localhost/127.0.0.1:12545]
[DEBUG] Using pooled Channel '[id: 0x62b4eaf7, L:/127.0.0.1:60150 - R:localhost/127.0.0.1:12545]' for 'POST' to 'http://localhost:12545/session/636142dee2252ea0b01611dd2fc1ab91/element/6e7f01f9-7b76-46e9-ba5e-e2755673045b/value'
[DEBUG] Using open Channel [id: 0x62b4eaf7, L:/127.0.0.1:60150 - R:localhost/127.0.0.1:12545] for POST '/session/636142dee2252ea0b01611dd2fc1ab91/element/6e7f01f9-7b76-46e9-ba5e-e2755673045b/value'
[DEBUG] 

Request DefaultHttpRequest(decodeResult: success, version: HTTP/1.1)
POST /session/636142dee2252ea0b01611dd2fc1ab91/element/6e7f01f9-7b76-46e9-ba5e-e2755673045b/value HTTP/1.1
User-Agent: selenium/4.8.3 (java windows)
Content-Length: 341
Content-Type: application/json; charset=utf-8
host: localhost:12545
accept: */*

Response DefaultHttpResponse(decodeResult: success, version: HTTP/1.1)
HTTP/1.1 200 OK
Content-Length: 14
Content-Type: application/json; charset=utf-8
cache-control: no-cache

[DEBUG] Adding key: http://localhost:12545 for channel [id: 0x62b4eaf7, L:/127.0.0.1:60150 - R:localhost/127.0.0.1:12545]
[DEBUG] Using pooled Channel '[id: 0x62b4eaf7, L:/127.0.0.1:60150 - R:localhost/127.0.0.1:12545]' for 'POST' to 'http://localhost:12545/session/636142dee2252ea0b01611dd2fc1ab91/element'
[DEBUG] Using open Channel [id: 0x62b4eaf7, L:/127.0.0.1:60150 - R:localhost/127.0.0.1:12545] for POST '/session/636142dee2252ea0b01611dd2fc1ab91/element'
[DEBUG] 

Request DefaultHttpRequest(decodeResult: success, version: HTTP/1.1)
POST /session/636142dee2252ea0b01611dd2fc1ab91/element HTTP/1.1
User-Agent: selenium/4.8.3 (java windows)
Content-Length: 61
Content-Type: application/json; charset=utf-8
host: localhost:12545
accept: */*

Response DefaultHttpResponse(decodeResult: success, version: HTTP/1.1)
HTTP/1.1 200 OK
Content-Length: 88
Content-Type: application/json; charset=utf-8
cache-control: no-cache

[DEBUG] Adding key: http://localhost:12545 for channel [id: 0x62b4eaf7, L:/127.0.0.1:60150 - R:localhost/127.0.0.1:12545]
[DEBUG] Using pooled Channel '[id: 0x62b4eaf7, L:/127.0.0.1:60150 - R:localhost/127.0.0.1:12545]' for 'POST' to 'http://localhost:12545/session/636142dee2252ea0b01611dd2fc1ab91/element/6cd63c51-d04d-499e-be0a-ba04ae17679f/value'
[DEBUG] Using open Channel [id: 0x62b4eaf7, L:/127.0.0.1:60150 - R:localhost/127.0.0.1:12545] for POST '/session/636142dee2252ea0b01611dd2fc1ab91/element/6cd63c51-d04d-499e-be0a-ba04ae17679f/value'
[DEBUG] Entry count for : http://localhost:14412 : 1
[DEBUG] Entry count for : http://localhost:60151 : 1
[DEBUG] Entry count for : http://localhost:6932 : 1
[DEBUG] Entry count for : http://localhost:60070 : 1
[DEBUG] Entry count for : http://localhost:48681 : 1
[DEBUG] Entry count for : http://localhost:60102 : 1
[DEBUG] Entry count for : http://localhost:60125 : 1
[DEBUG] 

Request DefaultHttpRequest(decodeResult: success, version: HTTP/1.1)
POST /session/636142dee2252ea0b01611dd2fc1ab91/element/6cd63c51-d04d-499e-be0a-ba04ae17679f/value HTTP/1.1
User-Agent: selenium/4.8.3 (java windows)
Content-Length: 201
Content-Type: application/json; charset=utf-8
host: localhost:12545
accept: */*

Response DefaultHttpResponse(decodeResult: success, version: HTTP/1.1)
HTTP/1.1 200 OK
Content-Length: 14
Content-Type: application/json; charset=utf-8
cache-control: no-cache

[DEBUG] Adding key: http://localhost:12545 for channel [id: 0x62b4eaf7, L:/127.0.0.1:60150 - R:localhost/127.0.0.1:12545]
[DEBUG] Using pooled Channel '[id: 0x62b4eaf7, L:/127.0.0.1:60150 - R:localhost/127.0.0.1:12545]' for 'POST' to 'http://localhost:12545/session/636142dee2252ea0b01611dd2fc1ab91/element'
[DEBUG] Using open Channel [id: 0x62b4eaf7, L:/127.0.0.1:60150 - R:localhost/127.0.0.1:12545] for POST '/session/636142dee2252ea0b01611dd2fc1ab91/element'
[DEBUG] 

Request DefaultHttpRequest(decodeResult: success, version: HTTP/1.1)
POST /session/636142dee2252ea0b01611dd2fc1ab91/element HTTP/1.1
User-Agent: selenium/4.8.3 (java windows)
Content-Length: 65
Content-Type: application/json; charset=utf-8
host: localhost:12545
accept: */*

Response DefaultHttpResponse(decodeResult: success, version: HTTP/1.1)
HTTP/1.1 200 OK
Content-Length: 88
Content-Type: application/json; charset=utf-8
cache-control: no-cache

[DEBUG] Adding key: http://localhost:12545 for channel [id: 0x62b4eaf7, L:/127.0.0.1:60150 - R:localhost/127.0.0.1:12545]
[DEBUG] Using pooled Channel '[id: 0x62b4eaf7, L:/127.0.0.1:60150 - R:localhost/127.0.0.1:12545]' for 'POST' to 'http://localhost:12545/session/636142dee2252ea0b01611dd2fc1ab91/element/46d7e52e-bb8f-488a-a65c-50e9ea1daf16/click'
[DEBUG] Using open Channel [id: 0x62b4eaf7, L:/127.0.0.1:60150 - R:localhost/127.0.0.1:12545] for POST '/session/636142dee2252ea0b01611dd2fc1ab91/element/46d7e52e-bb8f-488a-a65c-50e9ea1daf16/click'
[DEBUG] Entry count for : http://localhost:14412 : 1
[DEBUG] Entry count for : http://localhost:60151 : 1
[DEBUG] Entry count for : http://localhost:6932 : 1
[DEBUG] Entry count for : http://localhost:60070 : 1
[DEBUG] Entry count for : http://localhost:48681 : 1
[DEBUG] Entry count for : http://localhost:60102 : 1
[DEBUG] Entry count for : http://localhost:60125 : 1
[DEBUG] 

Request DefaultHttpRequest(decodeResult: success, version: HTTP/1.1)
POST /session/636142dee2252ea0b01611dd2fc1ab91/element/46d7e52e-bb8f-488a-a65c-50e9ea1daf16/click HTTP/1.1
User-Agent: selenium/4.8.3 (java windows)
Content-Length: 50
Content-Type: application/json; charset=utf-8
host: localhost:12545
accept: */*

Response DefaultHttpResponse(decodeResult: success, version: HTTP/1.1)
HTTP/1.1 200 OK
Content-Length: 14
Content-Type: application/json; charset=utf-8
cache-control: no-cache

[DEBUG] Adding key: http://localhost:12545 for channel [id: 0x62b4eaf7, L:/127.0.0.1:60150 - R:localhost/127.0.0.1:12545]
loginNinjaTestpassed
]]></system-out>
    <system-err><![CDATA[Starting ChromeDriver 112.0.5615.49 (bd2a7bcb881c11e8cfe3078709382934e3916914-refs/branch-heads/5615@{#936}) on port 12545
Only local connections are allowed.
Please see https://chromedriver.chromium.org/security-considerations for suggestions on keeping ChromeDriver safe.
ChromeDriver was started successfully.
Apr 25, 2023 9:14:16 AM org.openqa.selenium.devtools.CdpVersionFinder findNearestMatch
WARNING: Unable to find an exact match for CDP version 112, so returning the closest version found: 111
]]></system-err>
  </testcase>
  <testcase name="logicTest" classname="com.automationcode_2nd_April_2023.Hard_Assert" time="0">
    <failure message="null" type="java.lang.AssertionError"><![CDATA[java.lang.AssertionError: null
	at org.testng.Assert.fail(Assert.java:96)
	at org.testng.Assert.fail(Assert.java:103)
	at com.automationcode_2nd_April_2023.Hard_Assert.logicTest(Hard_Assert.java:20)
	at sun.reflect.NativeMethodAccessorImpl.invoke0(Native Method)
	at sun.reflect.NativeMethodAccessorImpl.invoke(NativeMethodAccessorImpl.java:62)
	at sun.reflect.DelegatingMethodAccessorImpl.invoke(DelegatingMethodAccessorImpl.java:43)
	at java.lang.reflect.Method.invoke(Method.java:498)
	at org.testng.internal.MethodInvocationHelper.invokeMethod(MethodInvocationHelper.java:124)
	at org.testng.internal.Invoker.invokeMethod(Invoker.java:583)
	at org.testng.internal.Invoker.invokeTestMethod(Invoker.java:719)
	at org.testng.internal.Invoker.invokeTestMethods(Invoker.java:989)
	at org.testng.internal.TestMethodWorker.invokeTestMethods(TestMethodWorker.java:125)
	at org.testng.internal.TestMethodWorker.run(TestMethodWorker.java:109)
	at org.testng.TestRunner.privateRun(TestRunner.java:648)
	at org.testng.TestRunner.run(TestRunner.java:505)
	at org.testng.SuiteRunner.runTest(SuiteRunner.java:455)
	at org.testng.SuiteRunner.runSequentially(SuiteRunner.java:450)
	at org.testng.SuiteRunner.privateRun(SuiteRunner.java:415)
	at org.testng.SuiteRunner.run(SuiteRunner.java:364)
	at org.testng.SuiteRunnerWorker.runSuite(SuiteRunnerWorker.java:52)
	at org.testng.SuiteRunnerWorker.run(SuiteRunnerWorker.java:84)
	at org.testng.TestNG.runSuitesSequentially(TestNG.java:1208)
	at org.testng.TestNG.runSuitesLocally(TestNG.java:1137)
	at org.testng.TestNG.runSuites(TestNG.java:1049)
	at org.testng.TestNG.run(TestNG.java:1017)
	at org.apache.maven.surefire.testng.TestNGExecutor.run(TestNGExecutor.java:324)
	at org.apache.maven.surefire.testng.TestNGXmlTestSuite.execute(TestNGXmlTestSuite.java:74)
	at org.apache.maven.surefire.testng.TestNGProvider.invoke(TestNGProvider.java:123)
	at org.apache.maven.surefire.booter.ForkedBooter.runSuitesInProcess(ForkedBooter.java:456)
	at org.apache.maven.surefire.booter.ForkedBooter.execute(ForkedBooter.java:169)
	at org.apache.maven.surefire.booter.ForkedBooter.run(ForkedBooter.java:595)
	at org.apache.maven.surefire.booter.ForkedBooter.main(ForkedBooter.java:581)
]]></failure>
    <system-out><![CDATA[logicTeststarting test
5
logicTestfailed
]]></system-out>
  </testcase>
  <testcase name="clickOnLoginLink" classname="com.automation.code_25th_March_2023.Advanced_Xpaths" time="4.691">
    <failure message="no such element: Unable to locate element: {&quot;method&quot;:&quot;xpath&quot;,&quot;selector&quot;:&quot;//aside[@id = &apos;column-right&apos;]/descendant::a[text() = &apos;Logout&apos;]&quot;}&#10;  (Session info: chrome=112.0.5615.138)&#10;For documentation on this error, please visit: https://selenium.dev/exceptions/#no_such_element&#10;Build info: version: &apos;4.8.3&apos;, revision: &apos;e5e76298c3&apos;&#10;System info: os.name: &apos;Windows 11&apos;, os.arch: &apos;amd64&apos;, os.version: &apos;10.0&apos;, java.version: &apos;1.8.0_351&apos;&#10;Driver info: org.openqa.selenium.chrome.ChromeDriver&#10;Command: [577b7ee605b23da3e9b3d59d94efed82, findElement {using=xpath, value=//aside[@id = &apos;column-right&apos;]/descendant::a[text() = &apos;Logout&apos;]}]&#10;Capabilities {acceptInsecureCerts: false, browserName: chrome, browserVersion: 112.0.5615.138, chrome: {chromedriverVersion: 112.0.5615.49 (bd2a7bcb881c..., userDataDir: C:\Users\Dennis\AppData\Loc...}, goog:chromeOptions: {debuggerAddress: localhost:60177}, networkConnectionEnabled: false, pageLoadStrategy: normal, platformName: WINDOWS, proxy: Proxy(), se:cdp: ws://localhost:60177/devtoo..., se:cdpVersion: 112.0.5615.138, setWindowRect: true, strictFileInteractability: false, timeouts: {implicit: 0, pageLoad: 300000, script: 30000}, unhandledPromptBehavior: dismiss and notify, webauthn:extension:credBlob: true, webauthn:extension:largeBlob: true, webauthn:extension:minPinLength: true, webauthn:extension:prf: true, webauthn:virtualAuthenticators: true}&#10;Session ID: 577b7ee605b23da3e9b3d59d94efed82" type="org.openqa.selenium.NoSuchElementException"><![CDATA[org.openqa.selenium.NoSuchElementException: 
no such element: Unable to locate element: {"method":"xpath","selector":"//aside[@id = 'column-right']/descendant::a[text() = 'Logout']"}
  (Session info: chrome=112.0.5615.138)
For documentation on this error, please visit: https://selenium.dev/exceptions/#no_such_element
Build info: version: '4.8.3', revision: 'e5e76298c3'
System info: os.name: 'Windows 11', os.arch: 'amd64', os.version: '10.0', java.version: '1.8.0_351'
Driver info: org.openqa.selenium.chrome.ChromeDriver
Command: [577b7ee605b23da3e9b3d59d94efed82, findElement {using=xpath, value=//aside[@id = 'column-right']/descendant::a[text() = 'Logout']}]
Capabilities {acceptInsecureCerts: false, browserName: chrome, browserVersion: 112.0.5615.138, chrome: {chromedriverVersion: 112.0.5615.49 (bd2a7bcb881c..., userDataDir: C:\Users\Dennis\AppData\Loc...}, goog:chromeOptions: {debuggerAddress: localhost:60177}, networkConnectionEnabled: false, pageLoadStrategy: normal, platformName: WINDOWS, proxy: Proxy(), se:cdp: ws://localhost:60177/devtoo..., se:cdpVersion: 112.0.5615.138, setWindowRect: true, strictFileInteractability: false, timeouts: {implicit: 0, pageLoad: 300000, script: 30000}, unhandledPromptBehavior: dismiss and notify, webauthn:extension:credBlob: true, webauthn:extension:largeBlob: true, webauthn:extension:minPinLength: true, webauthn:extension:prf: true, webauthn:virtualAuthenticators: true}
Session ID: 577b7ee605b23da3e9b3d59d94efed82
	at sun.reflect.NativeConstructorAccessorImpl.newInstance0(Native Method)
	at sun.reflect.NativeConstructorAccessorImpl.newInstance(NativeConstructorAccessorImpl.java:62)
	at sun.reflect.DelegatingConstructorAccessorImpl.newInstance(DelegatingConstructorAccessorImpl.java:45)
	at java.lang.reflect.Constructor.newInstance(Constructor.java:423)
	at org.openqa.selenium.remote.codec.w3c.W3CHttpResponseCodec.createException(W3CHttpResponseCodec.java:200)
	at org.openqa.selenium.remote.codec.w3c.W3CHttpResponseCodec.decode(W3CHttpResponseCodec.java:133)
	at org.openqa.selenium.remote.codec.w3c.W3CHttpResponseCodec.decode(W3CHttpResponseCodec.java:53)
	at org.openqa.selenium.remote.HttpCommandExecutor.execute(HttpCommandExecutor.java:193)
	at org.openqa.selenium.remote.service.DriverCommandExecutor.invokeExecute(DriverCommandExecutor.java:183)
	at org.openqa.selenium.remote.service.DriverCommandExecutor.execute(DriverCommandExecutor.java:158)
	at org.openqa.selenium.remote.RemoteWebDriver.execute(RemoteWebDriver.java:543)
	at org.openqa.selenium.remote.ElementLocation$ElementFinder$2.findElement(ElementLocation.java:162)
	at org.openqa.selenium.remote.ElementLocation.findElement(ElementLocation.java:60)
	at org.openqa.selenium.remote.RemoteWebDriver.findElement(RemoteWebDriver.java:352)
	at org.openqa.selenium.remote.RemoteWebDriver.findElement(RemoteWebDriver.java:344)
	at com.automation.code_25th_March_2023.Advanced_Xpaths.clickOnLoginLink(Advanced_Xpaths.java:44)
	at sun.reflect.NativeMethodAccessorImpl.invoke0(Native Method)
	at sun.reflect.NativeMethodAccessorImpl.invoke(NativeMethodAccessorImpl.java:62)
	at sun.reflect.DelegatingMethodAccessorImpl.invoke(DelegatingMethodAccessorImpl.java:43)
	at java.lang.reflect.Method.invoke(Method.java:498)
	at org.testng.internal.MethodInvocationHelper.invokeMethod(MethodInvocationHelper.java:124)
	at org.testng.internal.Invoker.invokeMethod(Invoker.java:583)
	at org.testng.internal.Invoker.invokeTestMethod(Invoker.java:719)
	at org.testng.internal.Invoker.invokeTestMethods(Invoker.java:989)
	at org.testng.internal.TestMethodWorker.invokeTestMethods(TestMethodWorker.java:125)
	at org.testng.internal.TestMethodWorker.run(TestMethodWorker.java:109)
	at org.testng.TestRunner.privateRun(TestRunner.java:648)
	at org.testng.TestRunner.run(TestRunner.java:505)
	at org.testng.SuiteRunner.runTest(SuiteRunner.java:455)
	at org.testng.SuiteRunner.runSequentially(SuiteRunner.java:450)
	at org.testng.SuiteRunner.privateRun(SuiteRunner.java:415)
	at org.testng.SuiteRunner.run(SuiteRunner.java:364)
	at org.testng.SuiteRunnerWorker.runSuite(SuiteRunnerWorker.java:52)
	at org.testng.SuiteRunnerWorker.run(SuiteRunnerWorker.java:84)
	at org.testng.TestNG.runSuitesSequentially(TestNG.java:1208)
	at org.testng.TestNG.runSuitesLocally(TestNG.java:1137)
	at org.testng.TestNG.runSuites(TestNG.java:1049)
	at org.testng.TestNG.run(TestNG.java:1017)
	at org.apache.maven.surefire.testng.TestNGExecutor.run(TestNGExecutor.java:324)
	at org.apache.maven.surefire.testng.TestNGXmlTestSuite.execute(TestNGXmlTestSuite.java:74)
	at org.apache.maven.surefire.testng.TestNGProvider.invoke(TestNGProvider.java:123)
	at org.apache.maven.surefire.booter.ForkedBooter.runSuitesInProcess(ForkedBooter.java:456)
	at org.apache.maven.surefire.booter.ForkedBooter.execute(ForkedBooter.java:169)
	at org.apache.maven.surefire.booter.ForkedBooter.run(ForkedBooter.java:595)
	at org.apache.maven.surefire.booter.ForkedBooter.main(ForkedBooter.java:581)
]]></failure>
    <system-out><![CDATA[[DEBUG] Entry count for : http://localhost:14412 : 1
[DEBUG] Entry count for : http://localhost:12545 : 1
[DEBUG] Entry count for : http://localhost:60151 : 1
[DEBUG] Entry count for : http://localhost:6932 : 1
[DEBUG] Entry count for : http://localhost:60070 : 1
[DEBUG] Entry count for : http://localhost:48681 : 1
[DEBUG] Entry count for : http://localhost:60102 : 1
[DEBUG] Entry count for : http://localhost:60125 : 1
[DEBUG] Using new Channel '[id: 0xd86bd0c2, L:/127.0.0.1:60176 - R:localhost/127.0.0.1:21131]' for 'POST' to '/session'
[DEBUG] Entry count for : http://localhost:14412 : 1
[DEBUG] Entry count for : http://localhost:12545 : 1
[DEBUG] Entry count for : http://localhost:60151 : 1
[DEBUG] Entry count for : http://localhost:6932 : 1
[DEBUG] Entry count for : http://localhost:60070 : 1
[DEBUG] Entry count for : http://localhost:48681 : 1
[DEBUG] Entry count for : http://localhost:60102 : 1
[DEBUG] Entry count for : http://localhost:60125 : 1
[DEBUG] 

Request DefaultHttpRequest(decodeResult: success, version: HTTP/1.1)
POST /session HTTP/1.1
User-Agent: selenium/4.8.3 (java windows)
Content-Length: 573
Content-Type: application/json; charset=utf-8
host: localhost:21131
accept: */*

Response DefaultHttpResponse(decodeResult: success, version: HTTP/1.1)
HTTP/1.1 200 OK
Content-Length: 860
Content-Type: application/json; charset=utf-8
cache-control: no-cache

[DEBUG] Adding key: http://localhost:21131 for channel [id: 0xd86bd0c2, L:/127.0.0.1:60176 - R:localhost/127.0.0.1:21131]
[DEBUG] Using new Channel '[id: 0x3ee7baa8, L:/127.0.0.1:60185 - R:localhost/127.0.0.1:60177]' for 'GET' to '/json/version'
[DEBUG] 

Request DefaultFullHttpRequest(decodeResult: success, version: HTTP/1.1, content: EmptyByteBufBE)
GET /json/version HTTP/1.1
User-Agent: selenium/4.8.3 (java windows)
host: localhost:60177
accept: */*

Response DefaultHttpResponse(decodeResult: success, version: HTTP/1.1)
HTTP/1.1 200 OK
Content-Security-Policy: frame-ancestors 'none'
Content-Length: 424
Content-Type: application/json; charset=UTF-8

[DEBUG] Adding key: http://localhost:60177 for channel [id: 0x3ee7baa8, L:/127.0.0.1:60185 - R:localhost/127.0.0.1:60177]
[DEBUG] Using new Channel '[id: 0x6ec0e662, L:/127.0.0.1:60186 - R:localhost/127.0.0.1:60177]' for 'GET' to '/devtools/browser/b6212608-1b2d-4f34-b9e2-da63fb092dd5'
[DEBUG] 

Request DefaultFullHttpRequest(decodeResult: success, version: HTTP/1.1, content: EmptyByteBufBE)
GET /devtools/browser/b6212608-1b2d-4f34-b9e2-da63fb092dd5 HTTP/1.1
upgrade: websocket
connection: upgrade
sec-websocket-key: Zp9Whflm/HDUl6NnCDZ9HA==
sec-websocket-version: 13
origin: http://localhost:60177
host: localhost:60177
accept: */*
user-agent: AHC/2.1

Response DefaultHttpResponse(decodeResult: success, version: HTTP/1.1)
HTTP/1.1 101 WebSocket Protocol Handshake
Upgrade: WebSocket
Connection: Upgrade
Sec-WebSocket-Accept: NLBXzuxNYJlNJYvlmy87Zo8uBM8=

[DEBUG] Using pooled Channel '[id: 0xd86bd0c2, L:/127.0.0.1:60176 - R:localhost/127.0.0.1:21131]' for 'POST' to 'http://localhost:21131/session/577b7ee605b23da3e9b3d59d94efed82/url'
[DEBUG] Using open Channel [id: 0xd86bd0c2, L:/127.0.0.1:60176 - R:localhost/127.0.0.1:21131] for POST '/session/577b7ee605b23da3e9b3d59d94efed82/url'
[DEBUG] Entry count for : http://localhost:12545 : 1
[DEBUG] Entry count for : http://localhost:48681 : 1
[DEBUG] Entry count for : http://localhost:14412 : 1
[DEBUG] Entry count for : http://localhost:60177 : 1
[DEBUG] Entry count for : http://localhost:60151 : 1
[DEBUG] Entry count for : http://localhost:6932 : 1
[DEBUG] Entry count for : http://localhost:60070 : 1
[DEBUG] Entry count for : http://localhost:60102 : 1
[DEBUG] Entry count for : http://localhost:60125 : 1
[DEBUG] Entry count for : http://localhost:12545 : 1
[DEBUG] Entry count for : http://localhost:48681 : 1
[DEBUG] Entry count for : http://localhost:14412 : 1
[DEBUG] Entry count for : http://localhost:60177 : 1
[DEBUG] Entry count for : http://localhost:60151 : 1
[DEBUG] Entry count for : http://localhost:6932 : 1
[DEBUG] Entry count for : http://localhost:60070 : 1
[DEBUG] Entry count for : http://localhost:60102 : 1
[DEBUG] Entry count for : http://localhost:60125 : 1
[DEBUG] Entry count for : http://localhost:12545 : 1
[DEBUG] Entry count for : http://localhost:48681 : 1
[DEBUG] Entry count for : http://localhost:14412 : 1
[DEBUG] Entry count for : http://localhost:60177 : 1
[DEBUG] Entry count for : http://localhost:60151 : 1
[DEBUG] Entry count for : http://localhost:6932 : 1
[DEBUG] Entry count for : http://localhost:60070 : 1
[DEBUG] Entry count for : http://localhost:60102 : 1
[DEBUG] Entry count for : http://localhost:60125 : 1
[DEBUG] Entry count for : http://localhost:12545 : 1
[DEBUG] Entry count for : http://localhost:48681 : 1
[DEBUG] Entry count for : http://localhost:14412 : 1
[DEBUG] Entry count for : http://localhost:60177 : 1
[DEBUG] Entry count for : http://localhost:60151 : 1
[DEBUG] Entry count for : http://localhost:6932 : 1
[DEBUG] Entry count for : http://localhost:60070 : 1
[DEBUG] Entry count for : http://localhost:60102 : 1
[DEBUG] Entry count for : http://localhost:60125 : 1
[DEBUG] Entry count for : http://localhost:12545 : 1
[DEBUG] Entry count for : http://localhost:48681 : 1
[DEBUG] Entry count for : http://localhost:14412 : 1
[DEBUG] Entry count for : http://localhost:60177 : 1
[DEBUG] Entry count for : http://localhost:60151 : 1
[DEBUG] Entry count for : http://localhost:6932 : 1
[DEBUG] Entry count for : http://localhost:60070 : 1
[DEBUG] Entry count for : http://localhost:60102 : 1
[DEBUG] Entry count for : http://localhost:60125 : 1
[DEBUG] Entry count for : http://localhost:12545 : 1
[DEBUG] Entry count for : http://localhost:48681 : 1
[DEBUG] Entry count for : http://localhost:14412 : 1
[DEBUG] Entry count for : http://localhost:60177 : 1
[DEBUG] Entry count for : http://localhost:60151 : 1
[DEBUG] Entry count for : http://localhost:6932 : 1
[DEBUG] Entry count for : http://localhost:60070 : 1
[DEBUG] Entry count for : http://localhost:60102 : 1
[DEBUG] Entry count for : http://localhost:60125 : 1
[DEBUG] 

Request DefaultHttpRequest(decodeResult: success, version: HTTP/1.1)
POST /session/577b7ee605b23da3e9b3d59d94efed82/url HTTP/1.1
User-Agent: selenium/4.8.3 (java windows)
Content-Length: 66
Content-Type: application/json; charset=utf-8
host: localhost:21131
accept: */*

Response DefaultHttpResponse(decodeResult: success, version: HTTP/1.1)
HTTP/1.1 200 OK
Content-Length: 14
Content-Type: application/json; charset=utf-8
cache-control: no-cache

[DEBUG] Adding key: http://localhost:21131 for channel [id: 0xd86bd0c2, L:/127.0.0.1:60176 - R:localhost/127.0.0.1:21131]
clickOnLoginLinkstarting test
[DEBUG] Using pooled Channel '[id: 0xd86bd0c2, L:/127.0.0.1:60176 - R:localhost/127.0.0.1:21131]' for 'POST' to 'http://localhost:21131/session/577b7ee605b23da3e9b3d59d94efed82/element'
[DEBUG] Using open Channel [id: 0xd86bd0c2, L:/127.0.0.1:60176 - R:localhost/127.0.0.1:21131] for POST '/session/577b7ee605b23da3e9b3d59d94efed82/element'
[DEBUG] 

Request DefaultHttpRequest(decodeResult: success, version: HTTP/1.1)
POST /session/577b7ee605b23da3e9b3d59d94efed82/element HTTP/1.1
User-Agent: selenium/4.8.3 (java windows)
Content-Length: 125
Content-Type: application/json; charset=utf-8
host: localhost:21131
accept: */*

Response DefaultHttpResponse(decodeResult: success, version: HTTP/1.1)
HTTP/1.1 200 OK
Content-Length: 88
Content-Type: application/json; charset=utf-8
cache-control: no-cache

[DEBUG] Adding key: http://localhost:21131 for channel [id: 0xd86bd0c2, L:/127.0.0.1:60176 - R:localhost/127.0.0.1:21131]
[DEBUG] Using pooled Channel '[id: 0xd86bd0c2, L:/127.0.0.1:60176 - R:localhost/127.0.0.1:21131]' for 'POST' to 'http://localhost:21131/session/577b7ee605b23da3e9b3d59d94efed82/element/7db96566-6901-4839-a6ff-7307f3c26751/click'
[DEBUG] Using open Channel [id: 0xd86bd0c2, L:/127.0.0.1:60176 - R:localhost/127.0.0.1:21131] for POST '/session/577b7ee605b23da3e9b3d59d94efed82/element/7db96566-6901-4839-a6ff-7307f3c26751/click'
[DEBUG] 

Request DefaultHttpRequest(decodeResult: success, version: HTTP/1.1)
POST /session/577b7ee605b23da3e9b3d59d94efed82/element/7db96566-6901-4839-a6ff-7307f3c26751/click HTTP/1.1
User-Agent: selenium/4.8.3 (java windows)
Content-Length: 50
Content-Type: application/json; charset=utf-8
host: localhost:21131
accept: */*

Response DefaultHttpResponse(decodeResult: success, version: HTTP/1.1)
HTTP/1.1 200 OK
Content-Length: 14
Content-Type: application/json; charset=utf-8
cache-control: no-cache

[DEBUG] Adding key: http://localhost:21131 for channel [id: 0xd86bd0c2, L:/127.0.0.1:60176 - R:localhost/127.0.0.1:21131]
[DEBUG] Using pooled Channel '[id: 0xd86bd0c2, L:/127.0.0.1:60176 - R:localhost/127.0.0.1:21131]' for 'POST' to 'http://localhost:21131/session/577b7ee605b23da3e9b3d59d94efed82/element'
[DEBUG] Using open Channel [id: 0xd86bd0c2, L:/127.0.0.1:60176 - R:localhost/127.0.0.1:21131] for POST '/session/577b7ee605b23da3e9b3d59d94efed82/element'
[DEBUG] 

Request DefaultHttpRequest(decodeResult: success, version: HTTP/1.1)
POST /session/577b7ee605b23da3e9b3d59d94efed82/element HTTP/1.1
User-Agent: selenium/4.8.3 (java windows)
Content-Length: 68
Content-Type: application/json; charset=utf-8
host: localhost:21131
accept: */*

Response DefaultHttpResponse(decodeResult: success, version: HTTP/1.1)
HTTP/1.1 200 OK
Content-Length: 88
Content-Type: application/json; charset=utf-8
cache-control: no-cache

[DEBUG] Adding key: http://localhost:21131 for channel [id: 0xd86bd0c2, L:/127.0.0.1:60176 - R:localhost/127.0.0.1:21131]
[DEBUG] Using pooled Channel '[id: 0xd86bd0c2, L:/127.0.0.1:60176 - R:localhost/127.0.0.1:21131]' for 'POST' to 'http://localhost:21131/session/577b7ee605b23da3e9b3d59d94efed82/element/a561603d-4f57-4980-be06-1b6c374d4413/click'
[DEBUG] Using open Channel [id: 0xd86bd0c2, L:/127.0.0.1:60176 - R:localhost/127.0.0.1:21131] for POST '/session/577b7ee605b23da3e9b3d59d94efed82/element/a561603d-4f57-4980-be06-1b6c374d4413/click'
[DEBUG] Entry count for : http://localhost:12545 : 1
[DEBUG] Entry count for : http://localhost:48681 : 1
[DEBUG] Entry count for : http://localhost:14412 : 1
[DEBUG] Entry count for : http://localhost:60177 : 1
[DEBUG] Entry count for : http://localhost:60151 : 1
[DEBUG] Entry count for : http://localhost:6932 : 1
[DEBUG] Entry count for : http://localhost:60070 : 1
[DEBUG] Entry count for : http://localhost:60102 : 1
[DEBUG] Entry count for : http://localhost:60125 : 1
[DEBUG] 

Request DefaultHttpRequest(decodeResult: success, version: HTTP/1.1)
POST /session/577b7ee605b23da3e9b3d59d94efed82/element/a561603d-4f57-4980-be06-1b6c374d4413/click HTTP/1.1
User-Agent: selenium/4.8.3 (java windows)
Content-Length: 50
Content-Type: application/json; charset=utf-8
host: localhost:21131
accept: */*

Response DefaultHttpResponse(decodeResult: success, version: HTTP/1.1)
HTTP/1.1 200 OK
Content-Length: 14
Content-Type: application/json; charset=utf-8
cache-control: no-cache

[DEBUG] Adding key: http://localhost:21131 for channel [id: 0xd86bd0c2, L:/127.0.0.1:60176 - R:localhost/127.0.0.1:21131]
[DEBUG] Using pooled Channel '[id: 0xd86bd0c2, L:/127.0.0.1:60176 - R:localhost/127.0.0.1:21131]' for 'POST' to 'http://localhost:21131/session/577b7ee605b23da3e9b3d59d94efed82/element'
[DEBUG] Using open Channel [id: 0xd86bd0c2, L:/127.0.0.1:60176 - R:localhost/127.0.0.1:21131] for POST '/session/577b7ee605b23da3e9b3d59d94efed82/element'
[DEBUG] 

Request DefaultHttpRequest(decodeResult: success, version: HTTP/1.1)
POST /session/577b7ee605b23da3e9b3d59d94efed82/element HTTP/1.1
User-Agent: selenium/4.8.3 (java windows)
Content-Length: 107
Content-Type: application/json; charset=utf-8
host: localhost:21131
accept: */*

Response DefaultHttpResponse(decodeResult: success, version: HTTP/1.1)
HTTP/1.1 200 OK
Content-Length: 88
Content-Type: application/json; charset=utf-8
cache-control: no-cache

[DEBUG] Adding key: http://localhost:21131 for channel [id: 0xd86bd0c2, L:/127.0.0.1:60176 - R:localhost/127.0.0.1:21131]
[DEBUG] Using pooled Channel '[id: 0xd86bd0c2, L:/127.0.0.1:60176 - R:localhost/127.0.0.1:21131]' for 'POST' to 'http://localhost:21131/session/577b7ee605b23da3e9b3d59d94efed82/element/e81ffb91-021e-4994-8781-792b3c3102d1/value'
[DEBUG] Using open Channel [id: 0xd86bd0c2, L:/127.0.0.1:60176 - R:localhost/127.0.0.1:21131] for POST '/session/577b7ee605b23da3e9b3d59d94efed82/element/e81ffb91-021e-4994-8781-792b3c3102d1/value'
[DEBUG] 

Request DefaultHttpRequest(decodeResult: success, version: HTTP/1.1)
POST /session/577b7ee605b23da3e9b3d59d94efed82/element/e81ffb91-021e-4994-8781-792b3c3102d1/value HTTP/1.1
User-Agent: selenium/4.8.3 (java windows)
Content-Length: 321
Content-Type: application/json; charset=utf-8
host: localhost:21131
accept: */*

Response DefaultHttpResponse(decodeResult: success, version: HTTP/1.1)
HTTP/1.1 200 OK
Content-Length: 14
Content-Type: application/json; charset=utf-8
cache-control: no-cache

[DEBUG] Adding key: http://localhost:21131 for channel [id: 0xd86bd0c2, L:/127.0.0.1:60176 - R:localhost/127.0.0.1:21131]
[DEBUG] Using pooled Channel '[id: 0xd86bd0c2, L:/127.0.0.1:60176 - R:localhost/127.0.0.1:21131]' for 'POST' to 'http://localhost:21131/session/577b7ee605b23da3e9b3d59d94efed82/element'
[DEBUG] Using open Channel [id: 0xd86bd0c2, L:/127.0.0.1:60176 - R:localhost/127.0.0.1:21131] for POST '/session/577b7ee605b23da3e9b3d59d94efed82/element'
[DEBUG] Entry count for : http://localhost:12545 : 1
[DEBUG] Entry count for : http://localhost:48681 : 1
[DEBUG] Entry count for : http://localhost:14412 : 1
[DEBUG] Entry count for : http://localhost:60177 : 1
[DEBUG] Entry count for : http://localhost:60151 : 1
[DEBUG] Entry count for : http://localhost:6932 : 1
[DEBUG] Entry count for : http://localhost:60070 : 1
[DEBUG] Entry count for : http://localhost:60102 : 1
[DEBUG] Entry count for : http://localhost:60125 : 1
[DEBUG] 

Request DefaultHttpRequest(decodeResult: success, version: HTTP/1.1)
POST /session/577b7ee605b23da3e9b3d59d94efed82/element HTTP/1.1
User-Agent: selenium/4.8.3 (java windows)
Content-Length: 110
Content-Type: application/json; charset=utf-8
host: localhost:21131
accept: */*

Response DefaultHttpResponse(decodeResult: success, version: HTTP/1.1)
HTTP/1.1 200 OK
Content-Length: 88
Content-Type: application/json; charset=utf-8
cache-control: no-cache

[DEBUG] Adding key: http://localhost:21131 for channel [id: 0xd86bd0c2, L:/127.0.0.1:60176 - R:localhost/127.0.0.1:21131]
[DEBUG] Using pooled Channel '[id: 0xd86bd0c2, L:/127.0.0.1:60176 - R:localhost/127.0.0.1:21131]' for 'POST' to 'http://localhost:21131/session/577b7ee605b23da3e9b3d59d94efed82/element/c6d6d7fb-6fd2-4473-9079-12f9d89d592d/value'
[DEBUG] Using open Channel [id: 0xd86bd0c2, L:/127.0.0.1:60176 - R:localhost/127.0.0.1:21131] for POST '/session/577b7ee605b23da3e9b3d59d94efed82/element/c6d6d7fb-6fd2-4473-9079-12f9d89d592d/value'
[DEBUG] 

Request DefaultHttpRequest(decodeResult: success, version: HTTP/1.1)
POST /session/577b7ee605b23da3e9b3d59d94efed82/element/c6d6d7fb-6fd2-4473-9079-12f9d89d592d/value HTTP/1.1
User-Agent: selenium/4.8.3 (java windows)
Content-Length: 191
Content-Type: application/json; charset=utf-8
host: localhost:21131
accept: */*

Response DefaultHttpResponse(decodeResult: success, version: HTTP/1.1)
HTTP/1.1 200 OK
Content-Length: 14
Content-Type: application/json; charset=utf-8
cache-control: no-cache

[DEBUG] Adding key: http://localhost:21131 for channel [id: 0xd86bd0c2, L:/127.0.0.1:60176 - R:localhost/127.0.0.1:21131]
[DEBUG] Using pooled Channel '[id: 0xd86bd0c2, L:/127.0.0.1:60176 - R:localhost/127.0.0.1:21131]' for 'POST' to 'http://localhost:21131/session/577b7ee605b23da3e9b3d59d94efed82/element'
[DEBUG] Using open Channel [id: 0xd86bd0c2, L:/127.0.0.1:60176 - R:localhost/127.0.0.1:21131] for POST '/session/577b7ee605b23da3e9b3d59d94efed82/element'
[DEBUG] 

Request DefaultHttpRequest(decodeResult: success, version: HTTP/1.1)
POST /session/577b7ee605b23da3e9b3d59d94efed82/element HTTP/1.1
User-Agent: selenium/4.8.3 (java windows)
Content-Length: 126
Content-Type: application/json; charset=utf-8
host: localhost:21131
accept: */*

Response DefaultHttpResponse(decodeResult: success, version: HTTP/1.1)
HTTP/1.1 200 OK
Content-Length: 88
Content-Type: application/json; charset=utf-8
cache-control: no-cache

[DEBUG] Adding key: http://localhost:21131 for channel [id: 0xd86bd0c2, L:/127.0.0.1:60176 - R:localhost/127.0.0.1:21131]
[DEBUG] Using pooled Channel '[id: 0xd86bd0c2, L:/127.0.0.1:60176 - R:localhost/127.0.0.1:21131]' for 'POST' to 'http://localhost:21131/session/577b7ee605b23da3e9b3d59d94efed82/element/915147bc-a570-48ab-b030-65fe2e33b803/click'
[DEBUG] Using open Channel [id: 0xd86bd0c2, L:/127.0.0.1:60176 - R:localhost/127.0.0.1:21131] for POST '/session/577b7ee605b23da3e9b3d59d94efed82/element/915147bc-a570-48ab-b030-65fe2e33b803/click'
[DEBUG] Entry count for : http://localhost:12545 : 1
[DEBUG] Entry count for : http://localhost:48681 : 1
[DEBUG] Entry count for : http://localhost:14412 : 1
[DEBUG] Entry count for : http://localhost:60177 : 1
[DEBUG] Entry count for : http://localhost:60151 : 1
[DEBUG] Entry count for : http://localhost:6932 : 1
[DEBUG] Entry count for : http://localhost:60070 : 1
[DEBUG] Entry count for : http://localhost:60102 : 1
[DEBUG] Entry count for : http://localhost:60125 : 1
[DEBUG] Entry count for : http://localhost:12545 : 1
[DEBUG] Entry count for : http://localhost:48681 : 1
[DEBUG] Entry count for : http://localhost:14412 : 1
[DEBUG] Entry count for : http://localhost:60177 : 1
[DEBUG] Entry count for : http://localhost:60151 : 1
[DEBUG] Entry count for : http://localhost:6932 : 1
[DEBUG] Entry count for : http://localhost:60070 : 1
[DEBUG] Entry count for : http://localhost:60102 : 1
[DEBUG] Entry count for : http://localhost:60125 : 1
[DEBUG] 

Request DefaultHttpRequest(decodeResult: success, version: HTTP/1.1)
POST /session/577b7ee605b23da3e9b3d59d94efed82/element/915147bc-a570-48ab-b030-65fe2e33b803/click HTTP/1.1
User-Agent: selenium/4.8.3 (java windows)
Content-Length: 50
Content-Type: application/json; charset=utf-8
host: localhost:21131
accept: */*

Response DefaultHttpResponse(decodeResult: success, version: HTTP/1.1)
HTTP/1.1 200 OK
Content-Length: 14
Content-Type: application/json; charset=utf-8
cache-control: no-cache

[DEBUG] Adding key: http://localhost:21131 for channel [id: 0xd86bd0c2, L:/127.0.0.1:60176 - R:localhost/127.0.0.1:21131]
[DEBUG] Using pooled Channel '[id: 0xd86bd0c2, L:/127.0.0.1:60176 - R:localhost/127.0.0.1:21131]' for 'POST' to 'http://localhost:21131/session/577b7ee605b23da3e9b3d59d94efed82/element'
[DEBUG] Using open Channel [id: 0xd86bd0c2, L:/127.0.0.1:60176 - R:localhost/127.0.0.1:21131] for POST '/session/577b7ee605b23da3e9b3d59d94efed82/element'
[DEBUG] 

Request DefaultHttpRequest(decodeResult: success, version: HTTP/1.1)
POST /session/577b7ee605b23da3e9b3d59d94efed82/element HTTP/1.1
User-Agent: selenium/4.8.3 (java windows)
Content-Length: 114
Content-Type: application/json; charset=utf-8
host: localhost:21131
accept: */*

Response DefaultHttpResponse(decodeResult: success, version: HTTP/1.1)
HTTP/1.1 404 Not Found
Content-Length: 983
Content-Type: application/json; charset=utf-8
cache-control: no-cache

[DEBUG] Adding key: http://localhost:21131 for channel [id: 0xd86bd0c2, L:/127.0.0.1:60176 - R:localhost/127.0.0.1:21131]
clickOnLoginLinkfailed
]]></system-out>
    <system-err><![CDATA[Starting ChromeDriver 112.0.5615.49 (bd2a7bcb881c11e8cfe3078709382934e3916914-refs/branch-heads/5615@{#936}) on port 21131
Only local connections are allowed.
Please see https://chromedriver.chromium.org/security-considerations for suggestions on keeping ChromeDriver safe.
ChromeDriver was started successfully.
Apr 25, 2023 9:14:29 AM org.openqa.selenium.devtools.CdpVersionFinder findNearestMatch
WARNING: Unable to find an exact match for CDP version 112, so returning the closest version found: 111
]]></system-err>
  </testcase>
  <testcase name="openBrowser" classname="com.automation.code_25th_March_2023.Advanced_Xpaths" time="15.495">
    <failure message="Error communicating with the remote browser. It may have died.&#10;Build info: version: &apos;4.8.3&apos;, revision: &apos;e5e76298c3&apos;&#10;System info: os.name: &apos;Windows 11&apos;, os.arch: &apos;amd64&apos;, os.version: &apos;10.0&apos;, java.version: &apos;1.8.0_351&apos;&#10;Driver info: org.openqa.selenium.chrome.ChromeDriver&#10;Command: [278ba1357f0bbec2235d36c4605c7760, get {url=http://tutorialsninja.com/demo/}]&#10;Capabilities {acceptInsecureCerts: false, browserName: chrome, browserVersion: 112.0.5615.138, chrome: {chromedriverVersion: 112.0.5615.49 (bd2a7bcb881c..., userDataDir: C:\Users\Dennis\AppData\Loc...}, goog:chromeOptions: {debuggerAddress: localhost:60204}, networkConnectionEnabled: false, pageLoadStrategy: normal, platformName: WINDOWS, proxy: Proxy(), se:cdp: ws://localhost:60204/devtoo..., se:cdpVersion: 112.0.5615.138, setWindowRect: true, strictFileInteractability: false, timeouts: {implicit: 0, pageLoad: 300000, script: 30000}, unhandledPromptBehavior: dismiss and notify, webauthn:extension:credBlob: true, webauthn:extension:largeBlob: true, webauthn:extension:minPinLength: true, webauthn:extension:prf: true, webauthn:virtualAuthenticators: true}&#10;Session ID: 278ba1357f0bbec2235d36c4605c7760" type="org.openqa.selenium.remote.UnreachableBrowserException"><![CDATA[org.openqa.selenium.remote.UnreachableBrowserException: 
Error communicating with the remote browser. It may have died.
Build info: version: '4.8.3', revision: 'e5e76298c3'
System info: os.name: 'Windows 11', os.arch: 'amd64', os.version: '10.0', java.version: '1.8.0_351'
Driver info: org.openqa.selenium.chrome.ChromeDriver
Command: [278ba1357f0bbec2235d36c4605c7760, get {url=http://tutorialsninja.com/demo/}]
Capabilities {acceptInsecureCerts: false, browserName: chrome, browserVersion: 112.0.5615.138, chrome: {chromedriverVersion: 112.0.5615.49 (bd2a7bcb881c..., userDataDir: C:\Users\Dennis\AppData\Loc...}, goog:chromeOptions: {debuggerAddress: localhost:60204}, networkConnectionEnabled: false, pageLoadStrategy: normal, platformName: WINDOWS, proxy: Proxy(), se:cdp: ws://localhost:60204/devtoo..., se:cdpVersion: 112.0.5615.138, setWindowRect: true, strictFileInteractability: false, timeouts: {implicit: 0, pageLoad: 300000, script: 30000}, unhandledPromptBehavior: dismiss and notify, webauthn:extension:credBlob: true, webauthn:extension:largeBlob: true, webauthn:extension:minPinLength: true, webauthn:extension:prf: true, webauthn:virtualAuthenticators: true}
Session ID: 278ba1357f0bbec2235d36c4605c7760
	at org.openqa.selenium.remote.RemoteWebDriver.execute(RemoteWebDriver.java:567)
	at org.openqa.selenium.remote.RemoteWebDriver.get(RemoteWebDriver.java:297)
	at com.automation.code_25th_March_2023.Advanced_Xpaths.openBrowser(Advanced_Xpaths.java:24)
	at sun.reflect.NativeMethodAccessorImpl.invoke0(Native Method)
	at sun.reflect.NativeMethodAccessorImpl.invoke(NativeMethodAccessorImpl.java:62)
	at sun.reflect.DelegatingMethodAccessorImpl.invoke(DelegatingMethodAccessorImpl.java:43)
	at java.lang.reflect.Method.invoke(Method.java:498)
	at org.testng.internal.MethodInvocationHelper.invokeMethod(MethodInvocationHelper.java:124)
	at org.testng.internal.MethodInvocationHelper.invokeMethodConsideringTimeout(MethodInvocationHelper.java:59)
	at org.testng.internal.Invoker.invokeConfigurationMethod(Invoker.java:458)
	at org.testng.internal.Invoker.invokeConfigurations(Invoker.java:222)
	at org.testng.internal.Invoker.invokeMethod(Invoker.java:523)
	at org.testng.internal.Invoker.invokeTestMethod(Invoker.java:719)
	at org.testng.internal.Invoker.invokeTestMethods(Invoker.java:989)
	at org.testng.internal.TestMethodWorker.invokeTestMethods(TestMethodWorker.java:125)
	at org.testng.internal.TestMethodWorker.run(TestMethodWorker.java:109)
	at org.testng.TestRunner.privateRun(TestRunner.java:648)
	at org.testng.TestRunner.run(TestRunner.java:505)
	at org.testng.SuiteRunner.runTest(SuiteRunner.java:455)
	at org.testng.SuiteRunner.runSequentially(SuiteRunner.java:450)
	at org.testng.SuiteRunner.privateRun(SuiteRunner.java:415)
	at org.testng.SuiteRunner.run(SuiteRunner.java:364)
	at org.testng.SuiteRunnerWorker.runSuite(SuiteRunnerWorker.java:52)
	at org.testng.SuiteRunnerWorker.run(SuiteRunnerWorker.java:84)
	at org.testng.TestNG.runSuitesSequentially(TestNG.java:1208)
	at org.testng.TestNG.runSuitesLocally(TestNG.java:1137)
	at org.testng.TestNG.runSuites(TestNG.java:1049)
	at org.testng.TestNG.run(TestNG.java:1017)
	at org.apache.maven.surefire.testng.TestNGExecutor.run(TestNGExecutor.java:324)
	at org.apache.maven.surefire.testng.TestNGXmlTestSuite.execute(TestNGXmlTestSuite.java:74)
	at org.apache.maven.surefire.testng.TestNGProvider.invoke(TestNGProvider.java:123)
	at org.apache.maven.surefire.booter.ForkedBooter.runSuitesInProcess(ForkedBooter.java:456)
	at org.apache.maven.surefire.booter.ForkedBooter.execute(ForkedBooter.java:169)
	at org.apache.maven.surefire.booter.ForkedBooter.run(ForkedBooter.java:595)
	at org.apache.maven.surefire.booter.ForkedBooter.main(ForkedBooter.java:581)
Caused by: java.io.UncheckedIOException: java.io.IOException: An existing connection was forcibly closed by the remote host
	at org.openqa.selenium.remote.http.netty.NettyHttpHandler.makeCall(NettyHttpHandler.java:73)
	at org.openqa.selenium.remote.http.AddSeleniumUserAgent.lambda$apply$0(AddSeleniumUserAgent.java:42)
	at org.openqa.selenium.remote.http.Filter.lambda$andFinally$1(Filter.java:56)
	at org.openqa.selenium.remote.http.netty.NettyHttpHandler.execute(NettyHttpHandler.java:49)
	at org.openqa.selenium.remote.http.AddSeleniumUserAgent.lambda$apply$0(AddSeleniumUserAgent.java:42)
	at org.openqa.selenium.remote.http.Filter.lambda$andFinally$1(Filter.java:56)
	at org.openqa.selenium.remote.http.netty.NettyClient.execute(NettyClient.java:99)
	at org.openqa.selenium.remote.HttpCommandExecutor.execute(HttpCommandExecutor.java:190)
	at org.openqa.selenium.remote.service.DriverCommandExecutor.invokeExecute(DriverCommandExecutor.java:183)
	at org.openqa.selenium.remote.service.DriverCommandExecutor.execute(DriverCommandExecutor.java:158)
	at org.openqa.selenium.remote.RemoteWebDriver.execute(RemoteWebDriver.java:543)
	... 34 more
Caused by: java.io.IOException: An existing connection was forcibly closed by the remote host
	at sun.nio.ch.SocketDispatcher.read0(Native Method)
	at sun.nio.ch.SocketDispatcher.read(SocketDispatcher.java:43)
	at sun.nio.ch.IOUtil.readIntoNativeBuffer(IOUtil.java:223)
	at sun.nio.ch.IOUtil.read(IOUtil.java:192)
	at sun.nio.ch.SocketChannelImpl.read(SocketChannelImpl.java:378)
	at io.netty.buffer.PooledByteBuf.setBytes(PooledByteBuf.java:256)
	at io.netty.buffer.AbstractByteBuf.writeBytes(AbstractByteBuf.java:1132)
	at io.netty.channel.socket.nio.NioSocketChannel.doReadBytes(NioSocketChannel.java:357)
	at io.netty.channel.nio.AbstractNioByteChannel$NioByteUnsafe.read(AbstractNioByteChannel.java:151)
	at io.netty.channel.nio.NioEventLoop.processSelectedKey(NioEventLoop.java:788)
	at io.netty.channel.nio.NioEventLoop.processSelectedKeysOptimized(NioEventLoop.java:724)
	at io.netty.channel.nio.NioEventLoop.processSelectedKeys(NioEventLoop.java:650)
	at io.netty.channel.nio.NioEventLoop.run(NioEventLoop.java:562)
	at io.netty.util.concurrent.SingleThreadEventExecutor$4.run(SingleThreadEventExecutor.java:997)
	at io.netty.util.internal.ThreadExecutorMap$2.run(ThreadExecutorMap.java:74)
	at io.netty.util.concurrent.FastThreadLocalRunnable.run(FastThreadLocalRunnable.java:30)
	at java.lang.Thread.run(Thread.java:750)
]]></failure>
    <system-out><![CDATA[[DEBUG] Channel Closed: [id: 0x6ec0e662, L:/127.0.0.1:60186 ! R:localhost/127.0.0.1:60177] with attribute NettyResponseFuture{currentRetry=0,
	isDone=1,
	isCancelled=0,
	asyncHandler=org.asynchttpclient.ws.WebSocketUpgradeHandler@1610c0d2,
	nettyRequest=org.asynchttpclient.netty.request.NettyRequest@12b1383c,
	future=java.util.concurrent.CompletableFuture@68609cc7[Completed normally],
	uri=ws://localhost:60177/devtools/browser/b6212608-1b2d-4f34-b9e2-da63fb092dd5,
	keepAlive=true,
	redirectCount=0,
	timeoutsHolder=null,
	inAuth=0,
	touch=1682428469386}
[DEBUG] Closing Channel [id: 0x6ec0e662, L:/127.0.0.1:60186 ! R:localhost/127.0.0.1:60177] 
[DEBUG] Using pooled Channel '[id: 0xd86bd0c2, L:/127.0.0.1:60176 - R:localhost/127.0.0.1:21131]' for 'DELETE' to 'http://localhost:21131/session/577b7ee605b23da3e9b3d59d94efed82'
[DEBUG] Using open Channel [id: 0xd86bd0c2, L:/127.0.0.1:60176 - R:localhost/127.0.0.1:21131] for DELETE '/session/577b7ee605b23da3e9b3d59d94efed82'
[DEBUG] Unexpected I/O exception on channel [id: 0x3ee7baa8, L:/127.0.0.1:60185 - R:localhost/127.0.0.1:60177]
java.io.IOException: An existing connection was forcibly closed by the remote host
	at sun.nio.ch.SocketDispatcher.read0(Native Method) ~[na:1.8.0_351]
	at sun.nio.ch.SocketDispatcher.read(SocketDispatcher.java:43) ~[na:1.8.0_351]
	at sun.nio.ch.IOUtil.readIntoNativeBuffer(IOUtil.java:223) ~[na:1.8.0_351]
	at sun.nio.ch.IOUtil.read(IOUtil.java:192) ~[na:1.8.0_351]
	at sun.nio.ch.SocketChannelImpl.read(SocketChannelImpl.java:378) ~[na:1.8.0_351]
	at io.netty.buffer.PooledByteBuf.setBytes(PooledByteBuf.java:256) ~[netty-buffer-4.1.90.Final.jar:4.1.90.Final]
	at io.netty.buffer.AbstractByteBuf.writeBytes(AbstractByteBuf.java:1132) ~[netty-buffer-4.1.90.Final.jar:4.1.90.Final]
	at io.netty.channel.socket.nio.NioSocketChannel.doReadBytes(NioSocketChannel.java:357) ~[netty-transport-4.1.90.Final.jar:4.1.90.Final]
	at io.netty.channel.nio.AbstractNioByteChannel$NioByteUnsafe.read(AbstractNioByteChannel.java:151) ~[netty-transport-4.1.90.Final.jar:4.1.90.Final]
	at io.netty.channel.nio.NioEventLoop.processSelectedKey(NioEventLoop.java:788) [netty-transport-4.1.90.Final.jar:4.1.90.Final]
	at io.netty.channel.nio.NioEventLoop.processSelectedKeysOptimized(NioEventLoop.java:724) [netty-transport-4.1.90.Final.jar:4.1.90.Final]
	at io.netty.channel.nio.NioEventLoop.processSelectedKeys(NioEventLoop.java:650) [netty-transport-4.1.90.Final.jar:4.1.90.Final]
	at io.netty.channel.nio.NioEventLoop.run(NioEventLoop.java:562) [netty-transport-4.1.90.Final.jar:4.1.90.Final]
	at io.netty.util.concurrent.SingleThreadEventExecutor$4.run(SingleThreadEventExecutor.java:997) [netty-common-4.1.90.Final.jar:4.1.90.Final]
	at io.netty.util.internal.ThreadExecutorMap$2.run(ThreadExecutorMap.java:74) [netty-common-4.1.90.Final.jar:4.1.90.Final]
	at io.netty.util.concurrent.FastThreadLocalRunnable.run(FastThreadLocalRunnable.java:30) [netty-common-4.1.90.Final.jar:4.1.90.Final]
	at java.lang.Thread.run(Thread.java:750) [na:1.8.0_351]
[DEBUG] Closing Channel [id: 0x3ee7baa8, L:/127.0.0.1:60185 - R:localhost/127.0.0.1:60177] 
[DEBUG] Channel Closed: [id: 0x3ee7baa8, L:/127.0.0.1:60185 ! R:localhost/127.0.0.1:60177] with attribute DISCARD
[DEBUG] 

Request DefaultFullHttpRequest(decodeResult: success, version: HTTP/1.1, content: EmptyByteBufBE)
DELETE /session/577b7ee605b23da3e9b3d59d94efed82 HTTP/1.1
User-Agent: selenium/4.8.3 (java windows)
Content-Type: application/json; charset=utf-8
host: localhost:21131
accept: */*

Response DefaultHttpResponse(decodeResult: success, version: HTTP/1.1)
HTTP/1.1 200 OK
Content-Length: 14
Content-Type: application/json; charset=utf-8
cache-control: no-cache

[DEBUG] Adding key: http://localhost:21131 for channel [id: 0xd86bd0c2, L:/127.0.0.1:60176 - R:localhost/127.0.0.1:21131]
[DEBUG] Channel Closed: [id: 0xd86bd0c2, L:/127.0.0.1:60176 ! R:localhost/127.0.0.1:21131] with attribute DISCARD
[DEBUG] Entry count for : http://localhost:12545 : 1
[DEBUG] Entry count for : http://localhost:48681 : 1
[DEBUG] Entry count for : http://localhost:14412 : 1
[DEBUG] Entry count for : http://localhost:60177 : 1
[DEBUG] Entry count for : http://localhost:60151 : 1
[DEBUG] Entry count for : http://localhost:6932 : 1
[DEBUG] Entry count for : http://localhost:60070 : 1
[DEBUG] Entry count for : http://localhost:21131 : 1
[DEBUG] Entry count for : http://localhost:60102 : 1
[DEBUG] Entry count for : http://localhost:60125 : 1
[DEBUG] Adding Candidate expired Channel [id: 0x3ee7baa8, L:/127.0.0.1:60185 ! R:localhost/127.0.0.1:60177] isIdleTimeoutExpired=false isRemotelyClosed=true isTtlExpired=false
[DEBUG] Closing Idle Channel [id: 0x3ee7baa8, L:/127.0.0.1:60185 ! R:localhost/127.0.0.1:60177]
[DEBUG] Adding Candidate expired Channel [id: 0xd86bd0c2, L:/127.0.0.1:60176 ! R:localhost/127.0.0.1:21131] isIdleTimeoutExpired=false isRemotelyClosed=true isTtlExpired=false
[DEBUG] Closing Idle Channel [id: 0xd86bd0c2, L:/127.0.0.1:60176 ! R:localhost/127.0.0.1:21131]
[DEBUG] Closed 2 connections out of 10 in 0 ms
[DEBUG] Entry count for : http://localhost:12545 : 1
[DEBUG] Entry count for : http://localhost:48681 : 1
[DEBUG] Entry count for : http://localhost:14412 : 1
[DEBUG] Entry count for : http://localhost:60151 : 1
[DEBUG] Entry count for : http://localhost:6932 : 1
[DEBUG] Entry count for : http://localhost:60070 : 1
[DEBUG] Entry count for : http://localhost:60102 : 1
[DEBUG] Entry count for : http://localhost:60125 : 1
[DEBUG] Using new Channel '[id: 0x50fa081a, L:/127.0.0.1:60203 - R:localhost/127.0.0.1:26236]' for 'POST' to '/session'
[DEBUG] Channel Closed: [id: 0x35db68b9, L:/127.0.0.1:60160 ! R:localhost/127.0.0.1:60151] with attribute DISCARD
[DEBUG] Channel Closed: [id: 0x01426829, L:/127.0.0.1:60161 ! R:localhost/127.0.0.1:60151] with attribute NettyResponseFuture{currentRetry=0,
	isDone=1,
	isCancelled=0,
	asyncHandler=org.asynchttpclient.ws.WebSocketUpgradeHandler@44099541,
	nettyRequest=org.asynchttpclient.netty.request.NettyRequest@5c7b788e,
	future=java.util.concurrent.CompletableFuture@4ad91bec[Completed normally],
	uri=ws://localhost:60151/devtools/browser/259fa0f4-cdf8-4378-805c-897565dbd681,
	keepAlive=true,
	redirectCount=0,
	timeoutsHolder=null,
	inAuth=0,
	touch=1682428456168}
[DEBUG] Closing Channel [id: 0x01426829, L:/127.0.0.1:60161 ! R:localhost/127.0.0.1:60151] 
[DEBUG] Entry count for : http://localhost:12545 : 1
[DEBUG] Entry count for : http://localhost:48681 : 1
[DEBUG] Entry count for : http://localhost:14412 : 1
[DEBUG] Entry count for : http://localhost:60151 : 1
[DEBUG] Entry count for : http://localhost:6932 : 1
[DEBUG] Entry count for : http://localhost:60070 : 1
[DEBUG] Entry count for : http://localhost:60102 : 1
[DEBUG] Entry count for : http://localhost:60125 : 1
[DEBUG] Adding Candidate expired Channel [id: 0x35db68b9, L:/127.0.0.1:60160 ! R:localhost/127.0.0.1:60151] isIdleTimeoutExpired=false isRemotelyClosed=true isTtlExpired=false
[DEBUG] Closing Idle Channel [id: 0x35db68b9, L:/127.0.0.1:60160 ! R:localhost/127.0.0.1:60151]
[DEBUG] Closed 1 connections out of 8 in 0 ms
[DEBUG] Channel Closed: [id: 0xb692432b, L:/127.0.0.1:60133 ! R:localhost/127.0.0.1:60125] with attribute NettyResponseFuture{currentRetry=0,
	isDone=1,
	isCancelled=0,
	asyncHandler=org.asynchttpclient.ws.WebSocketUpgradeHandler@63616f16,
	nettyRequest=org.asynchttpclient.netty.request.NettyRequest@24f9b2be,
	future=java.util.concurrent.CompletableFuture@772326b9[Completed normally],
	uri=ws://localhost:60125/devtools/browser/7cee5ddf-51f0-4863-9269-c5b42cf36d61,
	keepAlive=true,
	redirectCount=0,
	timeoutsHolder=null,
	inAuth=0,
	touch=1682428443093}
[DEBUG] Channel Closed: [id: 0x2fbfcd41, L:/127.0.0.1:60132 ! R:localhost/127.0.0.1:60125] with attribute DISCARD
[DEBUG] Closing Channel [id: 0xb692432b, L:/127.0.0.1:60133 ! R:localhost/127.0.0.1:60125] 
[DEBUG] Entry count for : http://localhost:12545 : 1
[DEBUG] Entry count for : http://localhost:48681 : 1
[DEBUG] Entry count for : http://localhost:14412 : 1
[DEBUG] Entry count for : http://localhost:6932 : 1
[DEBUG] Entry count for : http://localhost:60070 : 1
[DEBUG] Entry count for : http://localhost:60102 : 1
[DEBUG] Entry count for : http://localhost:60125 : 1
[DEBUG] Adding Candidate expired Channel [id: 0x2fbfcd41, L:/127.0.0.1:60132 ! R:localhost/127.0.0.1:60125] isIdleTimeoutExpired=false isRemotelyClosed=true isTtlExpired=false
[DEBUG] Closing Idle Channel [id: 0x2fbfcd41, L:/127.0.0.1:60132 ! R:localhost/127.0.0.1:60125]
[DEBUG] Closed 1 connections out of 7 in 0 ms
[DEBUG] 

Request DefaultHttpRequest(decodeResult: success, version: HTTP/1.1)
POST /session HTTP/1.1
User-Agent: selenium/4.8.3 (java windows)
Content-Length: 573
Content-Type: application/json; charset=utf-8
host: localhost:26236
accept: */*

Response DefaultHttpResponse(decodeResult: success, version: HTTP/1.1)
HTTP/1.1 200 OK
Content-Length: 860
Content-Type: application/json; charset=utf-8
cache-control: no-cache

[DEBUG] Adding key: http://localhost:26236 for channel [id: 0x50fa081a, L:/127.0.0.1:60203 - R:localhost/127.0.0.1:26236]
[DEBUG] Channel Closed: [id: 0xf309dd7f, L:/127.0.0.1:60107 ! R:localhost/127.0.0.1:60102] with attribute DISCARD
[DEBUG] Channel Closed: [id: 0x4d0b22f0, L:/127.0.0.1:60108 ! R:localhost/127.0.0.1:60102] with attribute NettyResponseFuture{currentRetry=0,
	isDone=1,
	isCancelled=0,
	asyncHandler=org.asynchttpclient.ws.WebSocketUpgradeHandler@2390cc0,
	nettyRequest=org.asynchttpclient.netty.request.NettyRequest@10d8a0f8,
	future=java.util.concurrent.CompletableFuture@7a38b715[Completed normally],
	uri=ws://localhost:60102/devtools/browser/26c1a56e-09b4-4544-b6fc-768f49baf006,
	keepAlive=true,
	redirectCount=0,
	timeoutsHolder=null,
	inAuth=0,
	touch=1682428433026}
[DEBUG] Using new Channel '[id: 0x8ce16301, L:/127.0.0.1:60212 - R:localhost/127.0.0.1:60204]' for 'GET' to '/json/version'
[DEBUG] Closing Channel [id: 0x4d0b22f0, L:/127.0.0.1:60108 ! R:localhost/127.0.0.1:60102] 
[DEBUG] 

Request DefaultFullHttpRequest(decodeResult: success, version: HTTP/1.1, content: EmptyByteBufBE)
GET /json/version HTTP/1.1
User-Agent: selenium/4.8.3 (java windows)
host: localhost:60204
accept: */*

Response DefaultHttpResponse(decodeResult: success, version: HTTP/1.1)
HTTP/1.1 200 OK
Content-Security-Policy: frame-ancestors 'none'
Content-Length: 424
Content-Type: application/json; charset=UTF-8

[DEBUG] Adding key: http://localhost:60204 for channel [id: 0x8ce16301, L:/127.0.0.1:60212 - R:localhost/127.0.0.1:60204]
[DEBUG] Using new Channel '[id: 0x5bc8ec06, L:/127.0.0.1:60213 - R:localhost/127.0.0.1:60204]' for 'GET' to '/devtools/browser/fc86f4aa-2277-46c5-80ff-76f874592fb1'
[DEBUG] 

Request DefaultFullHttpRequest(decodeResult: success, version: HTTP/1.1, content: EmptyByteBufBE)
GET /devtools/browser/fc86f4aa-2277-46c5-80ff-76f874592fb1 HTTP/1.1
upgrade: websocket
connection: upgrade
sec-websocket-key: 1+OohZdo5q7+ZDD5pXxkyw==
sec-websocket-version: 13
origin: http://localhost:60204
host: localhost:60204
accept: */*
user-agent: AHC/2.1

Response DefaultHttpResponse(decodeResult: success, version: HTTP/1.1)
HTTP/1.1 101 WebSocket Protocol Handshake
Upgrade: WebSocket
Connection: Upgrade
Sec-WebSocket-Accept: 5k1gI9N/W2CqPfvhgxd0qMrZF90=

[DEBUG] Using pooled Channel '[id: 0x50fa081a, L:/127.0.0.1:60203 - R:localhost/127.0.0.1:26236]' for 'POST' to 'http://localhost:26236/session/278ba1357f0bbec2235d36c4605c7760/url'
[DEBUG] Using open Channel [id: 0x50fa081a, L:/127.0.0.1:60203 - R:localhost/127.0.0.1:26236] for POST '/session/278ba1357f0bbec2235d36c4605c7760/url'
[DEBUG] Entry count for : http://localhost:12545 : 1
[DEBUG] Entry count for : http://localhost:48681 : 1
[DEBUG] Entry count for : http://localhost:14412 : 1
[DEBUG] Entry count for : http://localhost:6932 : 1
[DEBUG] Entry count for : http://localhost:60070 : 1
[DEBUG] Entry count for : http://localhost:60204 : 1
[DEBUG] Entry count for : http://localhost:60102 : 1
[DEBUG] Adding Candidate expired Channel [id: 0xf309dd7f, L:/127.0.0.1:60107 ! R:localhost/127.0.0.1:60102] isIdleTimeoutExpired=false isRemotelyClosed=true isTtlExpired=false
[DEBUG] Closing Idle Channel [id: 0xf309dd7f, L:/127.0.0.1:60107 ! R:localhost/127.0.0.1:60102]
[DEBUG] Closed 1 connections out of 7 in 0 ms
[DEBUG] Entry count for : http://localhost:12545 : 1
[DEBUG] Entry count for : http://localhost:48681 : 1
[DEBUG] Entry count for : http://localhost:14412 : 1
[DEBUG] Entry count for : http://localhost:6932 : 1
[DEBUG] Entry count for : http://localhost:60070 : 1
[DEBUG] Entry count for : http://localhost:60204 : 1
[DEBUG] Adding Candidate expired Channel [id: 0xfa9b0013, L:/127.0.0.1:60077 - R:localhost/127.0.0.1:60070] isIdleTimeoutExpired=true isRemotelyClosed=false isTtlExpired=false
[DEBUG] Closing Idle Channel [id: 0xfa9b0013, L:/127.0.0.1:60077 - R:localhost/127.0.0.1:60070]
[DEBUG] Closed 1 connections out of 6 in 0 ms
[DEBUG] Channel Closed: [id: 0xfa9b0013, L:/127.0.0.1:60077 ! R:localhost/127.0.0.1:60070] with attribute DISCARD
[DEBUG] Channel Closed: [id: 0x8ce16301, L:/127.0.0.1:60212 ! R:localhost/127.0.0.1:60204] with attribute DISCARD
[DEBUG] Channel Closed: [id: 0x5bc8ec06, L:/127.0.0.1:60213 ! R:localhost/127.0.0.1:60204] with attribute NettyResponseFuture{currentRetry=0,
	isDone=1,
	isCancelled=0,
	asyncHandler=org.asynchttpclient.ws.WebSocketUpgradeHandler@2b759bb3,
	nettyRequest=org.asynchttpclient.netty.request.NettyRequest@462a2249,
	future=java.util.concurrent.CompletableFuture@6effaf3d[Completed normally],
	uri=ws://localhost:60204/devtools/browser/fc86f4aa-2277-46c5-80ff-76f874592fb1,
	keepAlive=true,
	redirectCount=0,
	timeoutsHolder=null,
	inAuth=0,
	touch=1682428484656}
[DEBUG] Closing Channel [id: 0x5bc8ec06, L:/127.0.0.1:60213 ! R:localhost/127.0.0.1:60204] 
[DEBUG] Entry count for : http://localhost:12545 : 1
[DEBUG] Entry count for : http://localhost:48681 : 1
[DEBUG] Entry count for : http://localhost:14412 : 1
[DEBUG] Entry count for : http://localhost:6932 : 1
[DEBUG] Entry count for : http://localhost:60204 : 1
[DEBUG] Adding Candidate expired Channel [id: 0x8ce16301, L:/127.0.0.1:60212 ! R:localhost/127.0.0.1:60204] isIdleTimeoutExpired=false isRemotelyClosed=true isTtlExpired=false
[DEBUG] Closing Idle Channel [id: 0x8ce16301, L:/127.0.0.1:60212 ! R:localhost/127.0.0.1:60204]
[DEBUG] Closed 1 connections out of 5 in 0 ms
[DEBUG] Channel Closed: [id: 0x9c58150d, L:/127.0.0.1:60078 ! R:localhost/127.0.0.1:60070] with attribute NettyResponseFuture{currentRetry=0,
	isDone=1,
	isCancelled=0,
	asyncHandler=org.asynchttpclient.ws.WebSocketUpgradeHandler@1a9ef5eb,
	nettyRequest=org.asynchttpclient.netty.request.NettyRequest@752e4104,
	future=java.util.concurrent.CompletableFuture@627aa83a[Completed normally],
	uri=ws://localhost:60070/devtools/browser/3e2839f6-271c-4186-b9a1-2d4c293f2e5d,
	keepAlive=true,
	redirectCount=0,
	timeoutsHolder=null,
	inAuth=0,
	touch=1682428424956}
[DEBUG] Closing Channel [id: 0x9c58150d, L:/127.0.0.1:60078 ! R:localhost/127.0.0.1:60070] 
[DEBUG] Entry count for : http://localhost:12545 : 1
[DEBUG] Entry count for : http://localhost:48681 : 1
[DEBUG] Entry count for : http://localhost:14412 : 1
[DEBUG] Entry count for : http://localhost:6932 : 1
[DEBUG] Channel Closed: [id: 0xb47a252a, L:/127.0.0.1:59934 ! R:localhost/127.0.0.1:59927] with attribute NettyResponseFuture{currentRetry=0,
	isDone=1,
	isCancelled=0,
	asyncHandler=org.asynchttpclient.ws.WebSocketUpgradeHandler@5922d733,
	nettyRequest=org.asynchttpclient.netty.request.NettyRequest@8cbd300,
	future=java.util.concurrent.CompletableFuture@21bb770d[Completed normally],
	uri=ws://localhost:59927/devtools/browser/a026ff10-942e-4f02-8316-cceda6a323ae,
	keepAlive=true,
	redirectCount=0,
	timeoutsHolder=null,
	inAuth=0,
	touch=1682428373420}
[DEBUG] Closing Channel [id: 0xb47a252a, L:/127.0.0.1:59934 ! R:localhost/127.0.0.1:59927] 
[DEBUG] Entry count for : http://localhost:12545 : 1
[DEBUG] Entry count for : http://localhost:48681 : 1
[DEBUG] Entry count for : http://localhost:14412 : 1
[DEBUG] Entry count for : http://localhost:6932 : 1
[DEBUG] Entry count for : http://localhost:12545 : 1
[DEBUG] Entry count for : http://localhost:48681 : 1
[DEBUG] Entry count for : http://localhost:14412 : 1
[DEBUG] Entry count for : http://localhost:6932 : 1
[DEBUG] Unexpected I/O exception on channel [id: 0x50fa081a, L:/127.0.0.1:60203 - R:localhost/127.0.0.1:26236]
java.io.IOException: An existing connection was forcibly closed by the remote host
	at sun.nio.ch.SocketDispatcher.read0(Native Method) ~[na:1.8.0_351]
	at sun.nio.ch.SocketDispatcher.read(SocketDispatcher.java:43) ~[na:1.8.0_351]
	at sun.nio.ch.IOUtil.readIntoNativeBuffer(IOUtil.java:223) ~[na:1.8.0_351]
	at sun.nio.ch.IOUtil.read(IOUtil.java:192) ~[na:1.8.0_351]
	at sun.nio.ch.SocketChannelImpl.read(SocketChannelImpl.java:378) ~[na:1.8.0_351]
	at io.netty.buffer.PooledByteBuf.setBytes(PooledByteBuf.java:256) ~[netty-buffer-4.1.90.Final.jar:4.1.90.Final]
	at io.netty.buffer.AbstractByteBuf.writeBytes(AbstractByteBuf.java:1132) ~[netty-buffer-4.1.90.Final.jar:4.1.90.Final]
	at io.netty.channel.socket.nio.NioSocketChannel.doReadBytes(NioSocketChannel.java:357) ~[netty-transport-4.1.90.Final.jar:4.1.90.Final]
	at io.netty.channel.nio.AbstractNioByteChannel$NioByteUnsafe.read(AbstractNioByteChannel.java:151) ~[netty-transport-4.1.90.Final.jar:4.1.90.Final]
	at io.netty.channel.nio.NioEventLoop.processSelectedKey(NioEventLoop.java:788) [netty-transport-4.1.90.Final.jar:4.1.90.Final]
	at io.netty.channel.nio.NioEventLoop.processSelectedKeysOptimized(NioEventLoop.java:724) [netty-transport-4.1.90.Final.jar:4.1.90.Final]
	at io.netty.channel.nio.NioEventLoop.processSelectedKeys(NioEventLoop.java:650) [netty-transport-4.1.90.Final.jar:4.1.90.Final]
	at io.netty.channel.nio.NioEventLoop.run(NioEventLoop.java:562) [netty-transport-4.1.90.Final.jar:4.1.90.Final]
	at io.netty.util.concurrent.SingleThreadEventExecutor$4.run(SingleThreadEventExecutor.java:997) [netty-common-4.1.90.Final.jar:4.1.90.Final]
	at io.netty.util.internal.ThreadExecutorMap$2.run(ThreadExecutorMap.java:74) [netty-common-4.1.90.Final.jar:4.1.90.Final]
	at io.netty.util.concurrent.FastThreadLocalRunnable.run(FastThreadLocalRunnable.java:30) [netty-common-4.1.90.Final.jar:4.1.90.Final]
	at java.lang.Thread.run(Thread.java:750) [na:1.8.0_351]
[DEBUG] Trying to recover from dead Channel: [id: 0x50fa081a, L:/127.0.0.1:60203 - R:localhost/127.0.0.1:26236]
[DEBUG] Channel Closed: [id: 0x50fa081a, L:/127.0.0.1:60203 ! R:localhost/127.0.0.1:26236] with attribute NettyResponseFuture{currentRetry=0,
	isDone=0,
	isCancelled=0,
	asyncHandler=org.asynchttpclient.AsyncCompletionHandlerBase@40549abb,
	nettyRequest=org.asynchttpclient.netty.request.NettyRequest@45c02f81,
	future=java.util.concurrent.CompletableFuture@3a41a57f[Not completed, 1 dependents],
	uri=http://localhost:26236/session/278ba1357f0bbec2235d36c4605c7760/url,
	keepAlive=true,
	redirectCount=0,
	timeoutsHolder=org.asynchttpclient.netty.timeout.TimeoutsHolder@7d2f3078,
	inAuth=0,
	touch=1682428490549}
[DEBUG] Aborting Future NettyResponseFuture{currentRetry=0,
	isDone=0,
	isCancelled=0,
	asyncHandler=org.asynchttpclient.AsyncCompletionHandlerBase@40549abb,
	nettyRequest=org.asynchttpclient.netty.request.NettyRequest@45c02f81,
	future=java.util.concurrent.CompletableFuture@3a41a57f[Not completed, 1 dependents],
	uri=http://localhost:26236/session/278ba1357f0bbec2235d36c4605c7760/url,
	keepAlive=true,
	redirectCount=0,
	timeoutsHolder=org.asynchttpclient.netty.timeout.TimeoutsHolder@7d2f3078,
	inAuth=0,
	touch=1682428490550}

[DEBUG] An existing connection was forcibly closed by the remote host
java.io.IOException: An existing connection was forcibly closed by the remote host
	at sun.nio.ch.SocketDispatcher.read0(Native Method) ~[na:1.8.0_351]
	at sun.nio.ch.SocketDispatcher.read(SocketDispatcher.java:43) ~[na:1.8.0_351]
	at sun.nio.ch.IOUtil.readIntoNativeBuffer(IOUtil.java:223) ~[na:1.8.0_351]
	at sun.nio.ch.IOUtil.read(IOUtil.java:192) ~[na:1.8.0_351]
	at sun.nio.ch.SocketChannelImpl.read(SocketChannelImpl.java:378) ~[na:1.8.0_351]
	at io.netty.buffer.PooledByteBuf.setBytes(PooledByteBuf.java:256) ~[netty-buffer-4.1.90.Final.jar:4.1.90.Final]
	at io.netty.buffer.AbstractByteBuf.writeBytes(AbstractByteBuf.java:1132) ~[netty-buffer-4.1.90.Final.jar:4.1.90.Final]
	at io.netty.channel.socket.nio.NioSocketChannel.doReadBytes(NioSocketChannel.java:357) ~[netty-transport-4.1.90.Final.jar:4.1.90.Final]
	at io.netty.channel.nio.AbstractNioByteChannel$NioByteUnsafe.read(AbstractNioByteChannel.java:151) ~[netty-transport-4.1.90.Final.jar:4.1.90.Final]
	at io.netty.channel.nio.NioEventLoop.processSelectedKey(NioEventLoop.java:788) ~[netty-transport-4.1.90.Final.jar:4.1.90.Final]
	at io.netty.channel.nio.NioEventLoop.processSelectedKeysOptimized(NioEventLoop.java:724) ~[netty-transport-4.1.90.Final.jar:4.1.90.Final]
	at io.netty.channel.nio.NioEventLoop.processSelectedKeys(NioEventLoop.java:650) ~[netty-transport-4.1.90.Final.jar:4.1.90.Final]
	at io.netty.channel.nio.NioEventLoop.run(NioEventLoop.java:562) ~[netty-transport-4.1.90.Final.jar:4.1.90.Final]
	at io.netty.util.concurrent.SingleThreadEventExecutor$4.run(SingleThreadEventExecutor.java:997) [netty-common-4.1.90.Final.jar:4.1.90.Final]
	at io.netty.util.internal.ThreadExecutorMap$2.run(ThreadExecutorMap.java:74) [netty-common-4.1.90.Final.jar:4.1.90.Final]
	at io.netty.util.concurrent.FastThreadLocalRunnable.run(FastThreadLocalRunnable.java:30) [netty-common-4.1.90.Final.jar:4.1.90.Final]
	at java.lang.Thread.run(Thread.java:750) [na:1.8.0_351]
[DEBUG] An existing connection was forcibly closed by the remote host
java.io.IOException: An existing connection was forcibly closed by the remote host
	at sun.nio.ch.SocketDispatcher.read0(Native Method) ~[na:1.8.0_351]
	at sun.nio.ch.SocketDispatcher.read(SocketDispatcher.java:43) ~[na:1.8.0_351]
	at sun.nio.ch.IOUtil.readIntoNativeBuffer(IOUtil.java:223) ~[na:1.8.0_351]
	at sun.nio.ch.IOUtil.read(IOUtil.java:192) ~[na:1.8.0_351]
	at sun.nio.ch.SocketChannelImpl.read(SocketChannelImpl.java:378) ~[na:1.8.0_351]
	at io.netty.buffer.PooledByteBuf.setBytes(PooledByteBuf.java:256) ~[netty-buffer-4.1.90.Final.jar:4.1.90.Final]
	at io.netty.buffer.AbstractByteBuf.writeBytes(AbstractByteBuf.java:1132) ~[netty-buffer-4.1.90.Final.jar:4.1.90.Final]
	at io.netty.channel.socket.nio.NioSocketChannel.doReadBytes(NioSocketChannel.java:357) ~[netty-transport-4.1.90.Final.jar:4.1.90.Final]
	at io.netty.channel.nio.AbstractNioByteChannel$NioByteUnsafe.read(AbstractNioByteChannel.java:151) ~[netty-transport-4.1.90.Final.jar:4.1.90.Final]
	at io.netty.channel.nio.NioEventLoop.processSelectedKey(NioEventLoop.java:788) ~[netty-transport-4.1.90.Final.jar:4.1.90.Final]
	at io.netty.channel.nio.NioEventLoop.processSelectedKeysOptimized(NioEventLoop.java:724) ~[netty-transport-4.1.90.Final.jar:4.1.90.Final]
	at io.netty.channel.nio.NioEventLoop.processSelectedKeys(NioEventLoop.java:650) ~[netty-transport-4.1.90.Final.jar:4.1.90.Final]
	at io.netty.channel.nio.NioEventLoop.run(NioEventLoop.java:562) ~[netty-transport-4.1.90.Final.jar:4.1.90.Final]
	at io.netty.util.concurrent.SingleThreadEventExecutor$4.run(SingleThreadEventExecutor.java:997) [netty-common-4.1.90.Final.jar:4.1.90.Final]
	at io.netty.util.internal.ThreadExecutorMap$2.run(ThreadExecutorMap.java:74) [netty-common-4.1.90.Final.jar:4.1.90.Final]
	at io.netty.util.concurrent.FastThreadLocalRunnable.run(FastThreadLocalRunnable.java:30) [netty-common-4.1.90.Final.jar:4.1.90.Final]
	at java.lang.Thread.run(Thread.java:750) [na:1.8.0_351]
]]></system-out>
    <system-err><![CDATA[Starting ChromeDriver 112.0.5615.49 (bd2a7bcb881c11e8cfe3078709382934e3916914-refs/branch-heads/5615@{#936}) on port 26236
Only local connections are allowed.
Please see https://chromedriver.chromium.org/security-considerations for suggestions on keeping ChromeDriver safe.
ChromeDriver was started successfully.
Apr 25, 2023 9:14:44 AM org.openqa.selenium.devtools.CdpVersionFinder findNearestMatch
WARNING: Unable to find an exact match for CDP version 112, so returning the closest version found: 111
[1682428486.133][WARNING]: Processing messages while being disconnected
]]></system-err>
  </testcase>
  <testcase name="clickOnMyAccountLink" classname="com.automation.code_25th_March_2023.Advanced_Xpaths" time="0">
    <skipped message="Error communicating with the remote browser. It may have died.&#10;Build info: version: &apos;4.8.3&apos;, revision: &apos;e5e76298c3&apos;&#10;System info: os.name: &apos;Windows 11&apos;, os.arch: &apos;amd64&apos;, os.version: &apos;10.0&apos;, java.version: &apos;1.8.0_351&apos;&#10;Driver info: org.openqa.selenium.chrome.ChromeDriver&#10;Command: [278ba1357f0bbec2235d36c4605c7760, get {url=http://tutorialsninja.com/demo/}]&#10;Capabilities {acceptInsecureCerts: false, browserName: chrome, browserVersion: 112.0.5615.138, chrome: {chromedriverVersion: 112.0.5615.49 (bd2a7bcb881c..., userDataDir: C:\Users\Dennis\AppData\Loc...}, goog:chromeOptions: {debuggerAddress: localhost:60204}, networkConnectionEnabled: false, pageLoadStrategy: normal, platformName: WINDOWS, proxy: Proxy(), se:cdp: ws://localhost:60204/devtoo..., se:cdpVersion: 112.0.5615.138, setWindowRect: true, strictFileInteractability: false, timeouts: {implicit: 0, pageLoad: 300000, script: 30000}, unhandledPromptBehavior: dismiss and notify, webauthn:extension:credBlob: true, webauthn:extension:largeBlob: true, webauthn:extension:minPinLength: true, webauthn:extension:prf: true, webauthn:virtualAuthenticators: true}&#10;Session ID: 278ba1357f0bbec2235d36c4605c7760"/>
    <system-out><![CDATA[clickOnMyAccountLinkskipped
]]></system-out>
  </testcase>
  <testcase name="tearDown" classname="com.automation.code_25th_March_2023.Advanced_Xpaths" time="0">
    <skipped/>
  </testcase>
  <testcase name="handlingFrames" classname="com.automationcode_1st_April_2023.Actions_Frame_DragDrop" time="3.467">
    <failure message="no such window: target window already closed&#10;from unknown error: web view not found&#10;  (Session info: chrome=112.0.5615.138)&#10;Build info: version: &apos;4.8.3&apos;, revision: &apos;e5e76298c3&apos;&#10;System info: os.name: &apos;Windows 11&apos;, os.arch: &apos;amd64&apos;, os.version: &apos;10.0&apos;, java.version: &apos;1.8.0_351&apos;&#10;Driver info: org.openqa.selenium.chrome.ChromeDriver&#10;Command: [3a21c708e82403b2e959f6b4600dd9fd, findElements {using=tag name, value=iframe}]&#10;Capabilities {acceptInsecureCerts: false, browserName: chrome, browserVersion: 112.0.5615.138, chrome: {chromedriverVersion: 112.0.5615.49 (bd2a7bcb881c..., userDataDir: C:\Users\Dennis\AppData\Loc...}, goog:chromeOptions: {debuggerAddress: localhost:60224}, networkConnectionEnabled: false, pageLoadStrategy: normal, platformName: WINDOWS, proxy: Proxy(), se:cdp: ws://localhost:60224/devtoo..., se:cdpVersion: 112.0.5615.138, setWindowRect: true, strictFileInteractability: false, timeouts: {implicit: 0, pageLoad: 300000, script: 30000}, unhandledPromptBehavior: dismiss and notify, webauthn:extension:credBlob: true, webauthn:extension:largeBlob: true, webauthn:extension:minPinLength: true, webauthn:extension:prf: true, webauthn:virtualAuthenticators: true}&#10;Session ID: 3a21c708e82403b2e959f6b4600dd9fd" type="org.openqa.selenium.NoSuchWindowException"><![CDATA[org.openqa.selenium.NoSuchWindowException: 
no such window: target window already closed
from unknown error: web view not found
  (Session info: chrome=112.0.5615.138)
Build info: version: '4.8.3', revision: 'e5e76298c3'
System info: os.name: 'Windows 11', os.arch: 'amd64', os.version: '10.0', java.version: '1.8.0_351'
Driver info: org.openqa.selenium.chrome.ChromeDriver
Command: [3a21c708e82403b2e959f6b4600dd9fd, findElements {using=tag name, value=iframe}]
Capabilities {acceptInsecureCerts: false, browserName: chrome, browserVersion: 112.0.5615.138, chrome: {chromedriverVersion: 112.0.5615.49 (bd2a7bcb881c..., userDataDir: C:\Users\Dennis\AppData\Loc...}, goog:chromeOptions: {debuggerAddress: localhost:60224}, networkConnectionEnabled: false, pageLoadStrategy: normal, platformName: WINDOWS, proxy: Proxy(), se:cdp: ws://localhost:60224/devtoo..., se:cdpVersion: 112.0.5615.138, setWindowRect: true, strictFileInteractability: false, timeouts: {implicit: 0, pageLoad: 300000, script: 30000}, unhandledPromptBehavior: dismiss and notify, webauthn:extension:credBlob: true, webauthn:extension:largeBlob: true, webauthn:extension:minPinLength: true, webauthn:extension:prf: true, webauthn:virtualAuthenticators: true}
Session ID: 3a21c708e82403b2e959f6b4600dd9fd
	at sun.reflect.NativeConstructorAccessorImpl.newInstance0(Native Method)
	at sun.reflect.NativeConstructorAccessorImpl.newInstance(NativeConstructorAccessorImpl.java:62)
	at sun.reflect.DelegatingConstructorAccessorImpl.newInstance(DelegatingConstructorAccessorImpl.java:45)
	at java.lang.reflect.Constructor.newInstance(Constructor.java:423)
	at org.openqa.selenium.remote.codec.w3c.W3CHttpResponseCodec.createException(W3CHttpResponseCodec.java:200)
	at org.openqa.selenium.remote.codec.w3c.W3CHttpResponseCodec.decode(W3CHttpResponseCodec.java:133)
	at org.openqa.selenium.remote.codec.w3c.W3CHttpResponseCodec.decode(W3CHttpResponseCodec.java:53)
	at org.openqa.selenium.remote.HttpCommandExecutor.execute(HttpCommandExecutor.java:193)
	at org.openqa.selenium.remote.service.DriverCommandExecutor.invokeExecute(DriverCommandExecutor.java:183)
	at org.openqa.selenium.remote.service.DriverCommandExecutor.execute(DriverCommandExecutor.java:158)
	at org.openqa.selenium.remote.RemoteWebDriver.execute(RemoteWebDriver.java:543)
	at org.openqa.selenium.remote.ElementLocation$ElementFinder$2.findElements(ElementLocation.java:179)
	at org.openqa.selenium.remote.ElementLocation.findElements(ElementLocation.java:102)
	at org.openqa.selenium.remote.RemoteWebDriver.findElements(RemoteWebDriver.java:367)
	at org.openqa.selenium.remote.RemoteWebDriver.findElements(RemoteWebDriver.java:359)
	at com.automationcode_1st_April_2023.Actions_Frame_DragDrop.handlingFrames(Actions_Frame_DragDrop.java:23)
	at sun.reflect.NativeMethodAccessorImpl.invoke0(Native Method)
	at sun.reflect.NativeMethodAccessorImpl.invoke(NativeMethodAccessorImpl.java:62)
	at sun.reflect.DelegatingMethodAccessorImpl.invoke(DelegatingMethodAccessorImpl.java:43)
	at java.lang.reflect.Method.invoke(Method.java:498)
	at org.testng.internal.MethodInvocationHelper.invokeMethod(MethodInvocationHelper.java:124)
	at org.testng.internal.Invoker.invokeMethod(Invoker.java:583)
	at org.testng.internal.Invoker.invokeTestMethod(Invoker.java:719)
	at org.testng.internal.Invoker.invokeTestMethods(Invoker.java:989)
	at org.testng.internal.TestMethodWorker.invokeTestMethods(TestMethodWorker.java:125)
	at org.testng.internal.TestMethodWorker.run(TestMethodWorker.java:109)
	at org.testng.TestRunner.privateRun(TestRunner.java:648)
	at org.testng.TestRunner.run(TestRunner.java:505)
	at org.testng.SuiteRunner.runTest(SuiteRunner.java:455)
	at org.testng.SuiteRunner.runSequentially(SuiteRunner.java:450)
	at org.testng.SuiteRunner.privateRun(SuiteRunner.java:415)
	at org.testng.SuiteRunner.run(SuiteRunner.java:364)
	at org.testng.SuiteRunnerWorker.runSuite(SuiteRunnerWorker.java:52)
	at org.testng.SuiteRunnerWorker.run(SuiteRunnerWorker.java:84)
	at org.testng.TestNG.runSuitesSequentially(TestNG.java:1208)
	at org.testng.TestNG.runSuitesLocally(TestNG.java:1137)
	at org.testng.TestNG.runSuites(TestNG.java:1049)
	at org.testng.TestNG.run(TestNG.java:1017)
	at org.apache.maven.surefire.testng.TestNGExecutor.run(TestNGExecutor.java:324)
	at org.apache.maven.surefire.testng.TestNGXmlTestSuite.execute(TestNGXmlTestSuite.java:74)
	at org.apache.maven.surefire.testng.TestNGProvider.invoke(TestNGProvider.java:123)
	at org.apache.maven.surefire.booter.ForkedBooter.runSuitesInProcess(ForkedBooter.java:456)
	at org.apache.maven.surefire.booter.ForkedBooter.execute(ForkedBooter.java:169)
	at org.apache.maven.surefire.booter.ForkedBooter.run(ForkedBooter.java:595)
	at org.apache.maven.surefire.booter.ForkedBooter.main(ForkedBooter.java:581)
]]></failure>
    <system-out><![CDATA[handlingFramesstarting test
[DEBUG] Using new Channel '[id: 0x135ba97d, L:/127.0.0.1:60223 - R:localhost/127.0.0.1:9759]' for 'POST' to '/session'
[DEBUG] Entry count for : http://localhost:12545 : 1
[DEBUG] Entry count for : http://localhost:48681 : 1
[DEBUG] Entry count for : http://localhost:14412 : 1
[DEBUG] Entry count for : http://localhost:6932 : 1
[DEBUG] Adding Candidate expired Channel [id: 0x37079598, L:/127.0.0.1:60069 - R:localhost/127.0.0.1:48681] isIdleTimeoutExpired=true isRemotelyClosed=false isTtlExpired=false
[DEBUG] Closing Idle Channel [id: 0x37079598, L:/127.0.0.1:60069 - R:localhost/127.0.0.1:48681]
[DEBUG] Closed 1 connections out of 4 in 0 ms
[DEBUG] Channel Closed: [id: 0x37079598, L:/127.0.0.1:60069 ! R:localhost/127.0.0.1:48681] with attribute DISCARD
[DEBUG] 

Request DefaultHttpRequest(decodeResult: success, version: HTTP/1.1)
POST /session HTTP/1.1
User-Agent: selenium/4.8.3 (java windows)
Content-Length: 439
Content-Type: application/json; charset=utf-8
host: localhost:9759
accept: */*

Response DefaultHttpResponse(decodeResult: success, version: HTTP/1.1)
HTTP/1.1 200 OK
Content-Length: 861
Content-Type: application/json; charset=utf-8
cache-control: no-cache

[DEBUG] Adding key: http://localhost:9759 for channel [id: 0x135ba97d, L:/127.0.0.1:60223 - R:localhost/127.0.0.1:9759]
[DEBUG] Using new Channel '[id: 0xa90e59a0, L:/127.0.0.1:60229 - R:localhost/127.0.0.1:60224]' for 'GET' to '/json/version'
[DEBUG] 

Request DefaultFullHttpRequest(decodeResult: success, version: HTTP/1.1, content: EmptyByteBufBE)
GET /json/version HTTP/1.1
User-Agent: selenium/4.8.3 (java windows)
host: localhost:60224
accept: */*

Response DefaultHttpResponse(decodeResult: success, version: HTTP/1.1)
HTTP/1.1 200 OK
Content-Security-Policy: frame-ancestors 'none'
Content-Length: 424
Content-Type: application/json; charset=UTF-8

[DEBUG] Adding key: http://localhost:60224 for channel [id: 0xa90e59a0, L:/127.0.0.1:60229 - R:localhost/127.0.0.1:60224]
[DEBUG] Using new Channel '[id: 0xbae8b95a, L:/127.0.0.1:60230 - R:localhost/127.0.0.1:60224]' for 'GET' to '/devtools/browser/fb2598df-019c-4f15-858d-385338e9396d'
[DEBUG] 

Request DefaultFullHttpRequest(decodeResult: success, version: HTTP/1.1, content: EmptyByteBufBE)
GET /devtools/browser/fb2598df-019c-4f15-858d-385338e9396d HTTP/1.1
upgrade: websocket
connection: upgrade
sec-websocket-key: IByOFhHcd/t82NkDxpthyQ==
sec-websocket-version: 13
origin: http://localhost:60224
host: localhost:60224
accept: */*
user-agent: AHC/2.1

Response DefaultHttpResponse(decodeResult: success, version: HTTP/1.1)
HTTP/1.1 101 WebSocket Protocol Handshake
Upgrade: WebSocket
Connection: Upgrade
Sec-WebSocket-Accept: rK6fUMUHaEB8j0wScnVABQF3Yx8=

[DEBUG] Using pooled Channel '[id: 0x135ba97d, L:/127.0.0.1:60223 - R:localhost/127.0.0.1:9759]' for 'POST' to 'http://localhost:9759/session/3a21c708e82403b2e959f6b4600dd9fd/window/maximize'
[DEBUG] Using open Channel [id: 0x135ba97d, L:/127.0.0.1:60223 - R:localhost/127.0.0.1:9759] for POST '/session/3a21c708e82403b2e959f6b4600dd9fd/window/maximize'
[DEBUG] 

Request DefaultHttpRequest(decodeResult: success, version: HTTP/1.1)
POST /session/3a21c708e82403b2e959f6b4600dd9fd/window/maximize HTTP/1.1
User-Agent: selenium/4.8.3 (java windows)
Content-Length: 3
Content-Type: application/json; charset=utf-8
host: localhost:9759
accept: */*

Response DefaultHttpResponse(decodeResult: success, version: HTTP/1.1)
HTTP/1.1 200 OK
Content-Length: 51
Content-Type: application/json; charset=utf-8
cache-control: no-cache

[DEBUG] Adding key: http://localhost:9759 for channel [id: 0x135ba97d, L:/127.0.0.1:60223 - R:localhost/127.0.0.1:9759]
[DEBUG] Using pooled Channel '[id: 0x135ba97d, L:/127.0.0.1:60223 - R:localhost/127.0.0.1:9759]' for 'POST' to 'http://localhost:9759/session/3a21c708e82403b2e959f6b4600dd9fd/url'
[DEBUG] Using open Channel [id: 0x135ba97d, L:/127.0.0.1:60223 - R:localhost/127.0.0.1:9759] for POST '/session/3a21c708e82403b2e959f6b4600dd9fd/url'
[DEBUG] Entry count for : http://localhost:12545 : 1
[DEBUG] Entry count for : http://localhost:14412 : 1
[DEBUG] Entry count for : http://localhost:6932 : 1
[DEBUG] Entry count for : http://localhost:60224 : 1
[DEBUG] Entry count for : http://localhost:12545 : 1
[DEBUG] Entry count for : http://localhost:14412 : 1
[DEBUG] Entry count for : http://localhost:6932 : 1
[DEBUG] Entry count for : http://localhost:60224 : 1
[DEBUG] 

Request DefaultHttpRequest(decodeResult: success, version: HTTP/1.1)
POST /session/3a21c708e82403b2e959f6b4600dd9fd/url HTTP/1.1
User-Agent: selenium/4.8.3 (java windows)
Content-Length: 60
Content-Type: application/json; charset=utf-8
host: localhost:9759
accept: */*

Response DefaultHttpResponse(decodeResult: success, version: HTTP/1.1)
HTTP/1.1 200 OK
Content-Length: 14
Content-Type: application/json; charset=utf-8
cache-control: no-cache

[DEBUG] Adding key: http://localhost:9759 for channel [id: 0x135ba97d, L:/127.0.0.1:60223 - R:localhost/127.0.0.1:9759]
[DEBUG] Using pooled Channel '[id: 0x135ba97d, L:/127.0.0.1:60223 - R:localhost/127.0.0.1:9759]' for 'POST' to 'http://localhost:9759/session/3a21c708e82403b2e959f6b4600dd9fd/elements'
[DEBUG] Using open Channel [id: 0x135ba97d, L:/127.0.0.1:60223 - R:localhost/127.0.0.1:9759] for POST '/session/3a21c708e82403b2e959f6b4600dd9fd/elements'
[DEBUG] 

Request DefaultHttpRequest(decodeResult: success, version: HTTP/1.1)
POST /session/3a21c708e82403b2e959f6b4600dd9fd/elements HTTP/1.1
User-Agent: selenium/4.8.3 (java windows)
Content-Length: 46
Content-Type: application/json; charset=utf-8
host: localhost:9759
accept: */*

Response DefaultHttpResponse(decodeResult: success, version: HTTP/1.1)
HTTP/1.1 404 Not Found
Content-Length: 865
Content-Type: application/json; charset=utf-8
cache-control: no-cache

[DEBUG] Adding key: http://localhost:9759 for channel [id: 0x135ba97d, L:/127.0.0.1:60223 - R:localhost/127.0.0.1:9759]
handlingFramesfailed
]]></system-out>
    <system-err><![CDATA[Starting ChromeDriver 112.0.5615.49 (bd2a7bcb881c11e8cfe3078709382934e3916914-refs/branch-heads/5615@{#936}) on port 9759
Only local connections are allowed.
Please see https://chromedriver.chromium.org/security-considerations for suggestions on keeping ChromeDriver safe.
ChromeDriver was started successfully.
Apr 25, 2023 9:14:52 AM org.openqa.selenium.devtools.CdpVersionFinder findNearestMatch
WARNING: Unable to find an exact match for CDP version 112, so returning the closest version found: 111
]]></system-err>
  </testcase>
  <testcase name="method1" classname="com.automationcode_9th_April_2023.Demo1" time="0.005">
    <system-out><![CDATA[method1starting test
M1
method1passed
]]></system-out>
  </testcase>
  <testcase name="method11" classname="com.automationcode_9th_April_2023.Demo1" time="0.002">
    <system-out><![CDATA[method11starting test
M11
method11passed
]]></system-out>
  </testcase>
  <testcase name="method111" classname="com.automationcode_9th_April_2023.Demo1" time="0">
    <system-out><![CDATA[method111starting test
M111
method111passed
]]></system-out>
  </testcase>
  <testcase name="rediffLogin" classname="com.automationcode_8th_April_2023.Reading_From_Properties_File_Rediff" time="5.203">
    <failure message="no such window: target window already closed&#10;from unknown error: web view not found&#10;  (Session info: chrome=112.0.5615.138)&#10;Build info: version: &apos;4.8.3&apos;, revision: &apos;e5e76298c3&apos;&#10;System info: os.name: &apos;Windows 11&apos;, os.arch: &apos;amd64&apos;, os.version: &apos;10.0&apos;, java.version: &apos;1.8.0_351&apos;&#10;Driver info: org.openqa.selenium.chrome.ChromeDriver&#10;Command: [fc71ca3cff5017b656c974b31167b6e1, findElement {using=id, value=login1}]&#10;Capabilities {acceptInsecureCerts: false, browserName: chrome, browserVersion: 112.0.5615.138, chrome: {chromedriverVersion: 112.0.5615.49 (bd2a7bcb881c..., userDataDir: C:\Users\Dennis\AppData\Loc...}, goog:chromeOptions: {debuggerAddress: localhost:60243}, networkConnectionEnabled: false, pageLoadStrategy: normal, platformName: WINDOWS, proxy: Proxy(), se:cdp: ws://localhost:60243/devtoo..., se:cdpVersion: 112.0.5615.138, setWindowRect: true, strictFileInteractability: false, timeouts: {implicit: 0, pageLoad: 300000, script: 30000}, unhandledPromptBehavior: dismiss and notify, webauthn:extension:credBlob: true, webauthn:extension:largeBlob: true, webauthn:extension:minPinLength: true, webauthn:extension:prf: true, webauthn:virtualAuthenticators: true}&#10;Session ID: fc71ca3cff5017b656c974b31167b6e1" type="org.openqa.selenium.NoSuchWindowException"><![CDATA[org.openqa.selenium.NoSuchWindowException: 
no such window: target window already closed
from unknown error: web view not found
  (Session info: chrome=112.0.5615.138)
Build info: version: '4.8.3', revision: 'e5e76298c3'
System info: os.name: 'Windows 11', os.arch: 'amd64', os.version: '10.0', java.version: '1.8.0_351'
Driver info: org.openqa.selenium.chrome.ChromeDriver
Command: [fc71ca3cff5017b656c974b31167b6e1, findElement {using=id, value=login1}]
Capabilities {acceptInsecureCerts: false, browserName: chrome, browserVersion: 112.0.5615.138, chrome: {chromedriverVersion: 112.0.5615.49 (bd2a7bcb881c..., userDataDir: C:\Users\Dennis\AppData\Loc...}, goog:chromeOptions: {debuggerAddress: localhost:60243}, networkConnectionEnabled: false, pageLoadStrategy: normal, platformName: WINDOWS, proxy: Proxy(), se:cdp: ws://localhost:60243/devtoo..., se:cdpVersion: 112.0.5615.138, setWindowRect: true, strictFileInteractability: false, timeouts: {implicit: 0, pageLoad: 300000, script: 30000}, unhandledPromptBehavior: dismiss and notify, webauthn:extension:credBlob: true, webauthn:extension:largeBlob: true, webauthn:extension:minPinLength: true, webauthn:extension:prf: true, webauthn:virtualAuthenticators: true}
Session ID: fc71ca3cff5017b656c974b31167b6e1
	at sun.reflect.NativeConstructorAccessorImpl.newInstance0(Native Method)
	at sun.reflect.NativeConstructorAccessorImpl.newInstance(NativeConstructorAccessorImpl.java:62)
	at sun.reflect.DelegatingConstructorAccessorImpl.newInstance(DelegatingConstructorAccessorImpl.java:45)
	at java.lang.reflect.Constructor.newInstance(Constructor.java:423)
	at org.openqa.selenium.remote.codec.w3c.W3CHttpResponseCodec.createException(W3CHttpResponseCodec.java:200)
	at org.openqa.selenium.remote.codec.w3c.W3CHttpResponseCodec.decode(W3CHttpResponseCodec.java:133)
	at org.openqa.selenium.remote.codec.w3c.W3CHttpResponseCodec.decode(W3CHttpResponseCodec.java:53)
	at org.openqa.selenium.remote.HttpCommandExecutor.execute(HttpCommandExecutor.java:193)
	at org.openqa.selenium.remote.service.DriverCommandExecutor.invokeExecute(DriverCommandExecutor.java:183)
	at org.openqa.selenium.remote.service.DriverCommandExecutor.execute(DriverCommandExecutor.java:158)
	at org.openqa.selenium.remote.RemoteWebDriver.execute(RemoteWebDriver.java:543)
	at org.openqa.selenium.remote.ElementLocation$ElementFinder$2.findElement(ElementLocation.java:162)
	at org.openqa.selenium.remote.ElementLocation.findElement(ElementLocation.java:66)
	at org.openqa.selenium.remote.RemoteWebDriver.findElement(RemoteWebDriver.java:352)
	at org.openqa.selenium.remote.RemoteWebDriver.findElement(RemoteWebDriver.java:344)
	at com.automationcode_8th_April_2023.Reading_From_Properties_File_Rediff.rediffLogin(Reading_From_Properties_File_Rediff.java:26)
	at sun.reflect.NativeMethodAccessorImpl.invoke0(Native Method)
	at sun.reflect.NativeMethodAccessorImpl.invoke(NativeMethodAccessorImpl.java:62)
	at sun.reflect.DelegatingMethodAccessorImpl.invoke(DelegatingMethodAccessorImpl.java:43)
	at java.lang.reflect.Method.invoke(Method.java:498)
	at org.testng.internal.MethodInvocationHelper.invokeMethod(MethodInvocationHelper.java:124)
	at org.testng.internal.Invoker.invokeMethod(Invoker.java:583)
	at org.testng.internal.Invoker.invokeTestMethod(Invoker.java:719)
	at org.testng.internal.Invoker.invokeTestMethods(Invoker.java:989)
	at org.testng.internal.TestMethodWorker.invokeTestMethods(TestMethodWorker.java:125)
	at org.testng.internal.TestMethodWorker.run(TestMethodWorker.java:109)
	at org.testng.TestRunner.privateRun(TestRunner.java:648)
	at org.testng.TestRunner.run(TestRunner.java:505)
	at org.testng.SuiteRunner.runTest(SuiteRunner.java:455)
	at org.testng.SuiteRunner.runSequentially(SuiteRunner.java:450)
	at org.testng.SuiteRunner.privateRun(SuiteRunner.java:415)
	at org.testng.SuiteRunner.run(SuiteRunner.java:364)
	at org.testng.SuiteRunnerWorker.runSuite(SuiteRunnerWorker.java:52)
	at org.testng.SuiteRunnerWorker.run(SuiteRunnerWorker.java:84)
	at org.testng.TestNG.runSuitesSequentially(TestNG.java:1208)
	at org.testng.TestNG.runSuitesLocally(TestNG.java:1137)
	at org.testng.TestNG.runSuites(TestNG.java:1049)
	at org.testng.TestNG.run(TestNG.java:1017)
	at org.apache.maven.surefire.testng.TestNGExecutor.run(TestNGExecutor.java:324)
	at org.apache.maven.surefire.testng.TestNGXmlTestSuite.execute(TestNGXmlTestSuite.java:74)
	at org.apache.maven.surefire.testng.TestNGProvider.invoke(TestNGProvider.java:123)
	at org.apache.maven.surefire.booter.ForkedBooter.runSuitesInProcess(ForkedBooter.java:456)
	at org.apache.maven.surefire.booter.ForkedBooter.execute(ForkedBooter.java:169)
	at org.apache.maven.surefire.booter.ForkedBooter.run(ForkedBooter.java:595)
	at org.apache.maven.surefire.booter.ForkedBooter.main(ForkedBooter.java:581)
]]></failure>
    <system-out><![CDATA[rediffLoginstarting test
[DEBUG] Channel Closed: [id: 0xa90e59a0, L:/127.0.0.1:60229 ! R:localhost/127.0.0.1:60224] with attribute DISCARD
[DEBUG] Channel Closed: [id: 0xbae8b95a, L:/127.0.0.1:60230 ! R:localhost/127.0.0.1:60224] with attribute NettyResponseFuture{currentRetry=0,
	isDone=1,
	isCancelled=0,
	asyncHandler=org.asynchttpclient.ws.WebSocketUpgradeHandler@2d94b830,
	nettyRequest=org.asynchttpclient.netty.request.NettyRequest@179aed8a,
	future=java.util.concurrent.CompletableFuture@7e57cbfd[Completed normally],
	uri=ws://localhost:60224/devtools/browser/fb2598df-019c-4f15-858d-385338e9396d,
	keepAlive=true,
	redirectCount=0,
	timeoutsHolder=null,
	inAuth=0,
	touch=1682428492147}
[DEBUG] Closing Channel [id: 0xbae8b95a, L:/127.0.0.1:60230 ! R:localhost/127.0.0.1:60224] 
[DEBUG] Entry count for : http://localhost:12545 : 1
[DEBUG] Entry count for : http://localhost:9759 : 1
[DEBUG] Entry count for : http://localhost:14412 : 1
[DEBUG] Entry count for : http://localhost:6932 : 1
[DEBUG] Entry count for : http://localhost:60224 : 1
[DEBUG] Adding Candidate expired Channel [id: 0xa90e59a0, L:/127.0.0.1:60229 ! R:localhost/127.0.0.1:60224] isIdleTimeoutExpired=false isRemotelyClosed=true isTtlExpired=false
[DEBUG] Closing Idle Channel [id: 0xa90e59a0, L:/127.0.0.1:60229 ! R:localhost/127.0.0.1:60224]
[DEBUG] Closed 1 connections out of 5 in 0 ms
[DEBUG] Using new Channel '[id: 0x0dc127a8, L:/127.0.0.1:60242 - R:localhost/127.0.0.1:41857]' for 'POST' to '/session'
[DEBUG] Entry count for : http://localhost:12545 : 1
[DEBUG] Entry count for : http://localhost:9759 : 1
[DEBUG] Entry count for : http://localhost:14412 : 1
[DEBUG] Entry count for : http://localhost:6932 : 1
[DEBUG] 

Request DefaultHttpRequest(decodeResult: success, version: HTTP/1.1)
POST /session HTTP/1.1
User-Agent: selenium/4.8.3 (java windows)
Content-Length: 439
Content-Type: application/json; charset=utf-8
host: localhost:41857
accept: */*

Response DefaultHttpResponse(decodeResult: success, version: HTTP/1.1)
HTTP/1.1 200 OK
Content-Length: 861
Content-Type: application/json; charset=utf-8
cache-control: no-cache

[DEBUG] Adding key: http://localhost:41857 for channel [id: 0x0dc127a8, L:/127.0.0.1:60242 - R:localhost/127.0.0.1:41857]
[DEBUG] Using new Channel '[id: 0x7aca16cb, L:/127.0.0.1:60250 - R:localhost/127.0.0.1:60243]' for 'GET' to '/json/version'
[DEBUG] 

Request DefaultFullHttpRequest(decodeResult: success, version: HTTP/1.1, content: EmptyByteBufBE)
GET /json/version HTTP/1.1
User-Agent: selenium/4.8.3 (java windows)
host: localhost:60243
accept: */*

Response DefaultHttpResponse(decodeResult: success, version: HTTP/1.1)
HTTP/1.1 200 OK
Content-Security-Policy: frame-ancestors 'none'
Content-Length: 424
Content-Type: application/json; charset=UTF-8

[DEBUG] Adding key: http://localhost:60243 for channel [id: 0x7aca16cb, L:/127.0.0.1:60250 - R:localhost/127.0.0.1:60243]
[DEBUG] Using new Channel '[id: 0x40e25d9a, L:/127.0.0.1:60251 - R:localhost/127.0.0.1:60243]' for 'GET' to '/devtools/browser/5a81f85d-2bd7-4e6d-a89f-9700382cc4c5'
[DEBUG] 

Request DefaultFullHttpRequest(decodeResult: success, version: HTTP/1.1, content: EmptyByteBufBE)
GET /devtools/browser/5a81f85d-2bd7-4e6d-a89f-9700382cc4c5 HTTP/1.1
upgrade: websocket
connection: upgrade
sec-websocket-key: pnW3hcjh761grxxyBRov5g==
sec-websocket-version: 13
origin: http://localhost:60243
host: localhost:60243
accept: */*
user-agent: AHC/2.1

Response DefaultHttpResponse(decodeResult: success, version: HTTP/1.1)
HTTP/1.1 101 WebSocket Protocol Handshake
Upgrade: WebSocket
Connection: Upgrade
Sec-WebSocket-Accept: r2SLcCS9FIWlGoEd6tMmAhXl4Wk=

[DEBUG] Using pooled Channel '[id: 0x0dc127a8, L:/127.0.0.1:60242 - R:localhost/127.0.0.1:41857]' for 'POST' to 'http://localhost:41857/session/fc71ca3cff5017b656c974b31167b6e1/window/maximize'
[DEBUG] Using open Channel [id: 0x0dc127a8, L:/127.0.0.1:60242 - R:localhost/127.0.0.1:41857] for POST '/session/fc71ca3cff5017b656c974b31167b6e1/window/maximize'
[DEBUG] 

Request DefaultHttpRequest(decodeResult: success, version: HTTP/1.1)
POST /session/fc71ca3cff5017b656c974b31167b6e1/window/maximize HTTP/1.1
User-Agent: selenium/4.8.3 (java windows)
Content-Length: 3
Content-Type: application/json; charset=utf-8
host: localhost:41857
accept: */*

Response DefaultHttpResponse(decodeResult: success, version: HTTP/1.1)
HTTP/1.1 200 OK
Content-Length: 51
Content-Type: application/json; charset=utf-8
cache-control: no-cache

[DEBUG] Adding key: http://localhost:41857 for channel [id: 0x0dc127a8, L:/127.0.0.1:60242 - R:localhost/127.0.0.1:41857]
[DEBUG] Using pooled Channel '[id: 0x0dc127a8, L:/127.0.0.1:60242 - R:localhost/127.0.0.1:41857]' for 'POST' to 'http://localhost:41857/session/fc71ca3cff5017b656c974b31167b6e1/url'
[DEBUG] Using open Channel [id: 0x0dc127a8, L:/127.0.0.1:60242 - R:localhost/127.0.0.1:41857] for POST '/session/fc71ca3cff5017b656c974b31167b6e1/url'
[DEBUG] Entry count for : http://localhost:60243 : 1
[DEBUG] Entry count for : http://localhost:12545 : 1
[DEBUG] Entry count for : http://localhost:9759 : 1
[DEBUG] Entry count for : http://localhost:14412 : 1
[DEBUG] Entry count for : http://localhost:6932 : 1
[DEBUG] Entry count for : http://localhost:60243 : 1
[DEBUG] Entry count for : http://localhost:12545 : 1
[DEBUG] Entry count for : http://localhost:9759 : 1
[DEBUG] Entry count for : http://localhost:14412 : 1
[DEBUG] Entry count for : http://localhost:6932 : 1
[DEBUG] Entry count for : http://localhost:60243 : 1
[DEBUG] Entry count for : http://localhost:12545 : 1
[DEBUG] Entry count for : http://localhost:9759 : 1
[DEBUG] Entry count for : http://localhost:14412 : 1
[DEBUG] Entry count for : http://localhost:6932 : 1
[DEBUG] 

Request DefaultHttpRequest(decodeResult: success, version: HTTP/1.1)
POST /session/fc71ca3cff5017b656c974b31167b6e1/url HTTP/1.1
User-Agent: selenium/4.8.3 (java windows)
Content-Length: 76
Content-Type: application/json; charset=utf-8
host: localhost:41857
accept: */*

Response DefaultHttpResponse(decodeResult: success, version: HTTP/1.1)
HTTP/1.1 200 OK
Content-Length: 14
Content-Type: application/json; charset=utf-8
cache-control: no-cache

[DEBUG] Adding key: http://localhost:41857 for channel [id: 0x0dc127a8, L:/127.0.0.1:60242 - R:localhost/127.0.0.1:41857]
[DEBUG] Using pooled Channel '[id: 0x0dc127a8, L:/127.0.0.1:60242 - R:localhost/127.0.0.1:41857]' for 'POST' to 'http://localhost:41857/session/fc71ca3cff5017b656c974b31167b6e1/element'
[DEBUG] Using open Channel [id: 0x0dc127a8, L:/127.0.0.1:60242 - R:localhost/127.0.0.1:41857] for POST '/session/fc71ca3cff5017b656c974b31167b6e1/element'
[DEBUG] 

Request DefaultHttpRequest(decodeResult: success, version: HTTP/1.1)
POST /session/fc71ca3cff5017b656c974b31167b6e1/element HTTP/1.1
User-Agent: selenium/4.8.3 (java windows)
Content-Length: 51
Content-Type: application/json; charset=utf-8
host: localhost:41857
accept: */*

Response DefaultHttpResponse(decodeResult: success, version: HTTP/1.1)
HTTP/1.1 404 Not Found
Content-Length: 865
Content-Type: application/json; charset=utf-8
cache-control: no-cache

[DEBUG] Adding key: http://localhost:41857 for channel [id: 0x0dc127a8, L:/127.0.0.1:60242 - R:localhost/127.0.0.1:41857]
rediffLoginfailed
]]></system-out>
    <system-err><![CDATA[Starting ChromeDriver 112.0.5615.49 (bd2a7bcb881c11e8cfe3078709382934e3916914-refs/branch-heads/5615@{#936}) on port 41857
Only local connections are allowed.
Please see https://chromedriver.chromium.org/security-considerations for suggestions on keeping ChromeDriver safe.
ChromeDriver was started successfully.
Apr 25, 2023 9:14:56 AM org.openqa.selenium.devtools.CdpVersionFinder findNearestMatch
WARNING: Unable to find an exact match for CDP version 112, so returning the closest version found: 111
]]></system-err>
  </testcase>
  <testcase name="method3" classname="com.automationcode_9th_April_2023.Demo3" time="0.001">
    <system-out><![CDATA[[DEBUG] Channel Closed: [id: 0x40e25d9a, L:/127.0.0.1:60251 ! R:localhost/127.0.0.1:60243] with attribute NettyResponseFuture{currentRetry=0,
	isDone=1,
	isCancelled=0,
	asyncHandler=org.asynchttpclient.ws.WebSocketUpgradeHandler@449bcc6f,
	nettyRequest=org.asynchttpclient.netty.request.NettyRequest@6f3b7ca9,
	future=java.util.concurrent.CompletableFuture@74e68133[Completed normally],
	uri=ws://localhost:60243/devtools/browser/5a81f85d-2bd7-4e6d-a89f-9700382cc4c5,
	keepAlive=true,
	redirectCount=0,
	timeoutsHolder=null,
	inAuth=0,
	touch=1682428496759}
[DEBUG] Closing Channel [id: 0x40e25d9a, L:/127.0.0.1:60251 ! R:localhost/127.0.0.1:60243] 
[DEBUG] Using pooled Channel '[id: 0x0dc127a8, L:/127.0.0.1:60242 - R:localhost/127.0.0.1:41857]' for 'DELETE' to 'http://localhost:41857/session/fc71ca3cff5017b656c974b31167b6e1'
[DEBUG] Using open Channel [id: 0x0dc127a8, L:/127.0.0.1:60242 - R:localhost/127.0.0.1:41857] for DELETE '/session/fc71ca3cff5017b656c974b31167b6e1'
[DEBUG] Unexpected I/O exception on channel [id: 0x7aca16cb, L:/127.0.0.1:60250 - R:localhost/127.0.0.1:60243]
java.io.IOException: An existing connection was forcibly closed by the remote host
	at sun.nio.ch.SocketDispatcher.read0(Native Method) ~[na:1.8.0_351]
	at sun.nio.ch.SocketDispatcher.read(SocketDispatcher.java:43) ~[na:1.8.0_351]
	at sun.nio.ch.IOUtil.readIntoNativeBuffer(IOUtil.java:223) ~[na:1.8.0_351]
	at sun.nio.ch.IOUtil.read(IOUtil.java:192) ~[na:1.8.0_351]
	at sun.nio.ch.SocketChannelImpl.read(SocketChannelImpl.java:378) ~[na:1.8.0_351]
	at io.netty.buffer.PooledByteBuf.setBytes(PooledByteBuf.java:256) ~[netty-buffer-4.1.90.Final.jar:4.1.90.Final]
	at io.netty.buffer.AbstractByteBuf.writeBytes(AbstractByteBuf.java:1132) ~[netty-buffer-4.1.90.Final.jar:4.1.90.Final]
	at io.netty.channel.socket.nio.NioSocketChannel.doReadBytes(NioSocketChannel.java:357) ~[netty-transport-4.1.90.Final.jar:4.1.90.Final]
	at io.netty.channel.nio.AbstractNioByteChannel$NioByteUnsafe.read(AbstractNioByteChannel.java:151) ~[netty-transport-4.1.90.Final.jar:4.1.90.Final]
	at io.netty.channel.nio.NioEventLoop.processSelectedKey(NioEventLoop.java:788) [netty-transport-4.1.90.Final.jar:4.1.90.Final]
	at io.netty.channel.nio.NioEventLoop.processSelectedKeysOptimized(NioEventLoop.java:724) [netty-transport-4.1.90.Final.jar:4.1.90.Final]
	at io.netty.channel.nio.NioEventLoop.processSelectedKeys(NioEventLoop.java:650) [netty-transport-4.1.90.Final.jar:4.1.90.Final]
	at io.netty.channel.nio.NioEventLoop.run(NioEventLoop.java:562) [netty-transport-4.1.90.Final.jar:4.1.90.Final]
	at io.netty.util.concurrent.SingleThreadEventExecutor$4.run(SingleThreadEventExecutor.java:997) [netty-common-4.1.90.Final.jar:4.1.90.Final]
	at io.netty.util.internal.ThreadExecutorMap$2.run(ThreadExecutorMap.java:74) [netty-common-4.1.90.Final.jar:4.1.90.Final]
	at io.netty.util.concurrent.FastThreadLocalRunnable.run(FastThreadLocalRunnable.java:30) [netty-common-4.1.90.Final.jar:4.1.90.Final]
	at java.lang.Thread.run(Thread.java:750) [na:1.8.0_351]
[DEBUG] Closing Channel [id: 0x7aca16cb, L:/127.0.0.1:60250 - R:localhost/127.0.0.1:60243] 
[DEBUG] Channel Closed: [id: 0x7aca16cb, L:/127.0.0.1:60250 ! R:localhost/127.0.0.1:60243] with attribute DISCARD
[DEBUG] 

Request DefaultFullHttpRequest(decodeResult: success, version: HTTP/1.1, content: EmptyByteBufBE)
DELETE /session/fc71ca3cff5017b656c974b31167b6e1 HTTP/1.1
User-Agent: selenium/4.8.3 (java windows)
Content-Type: application/json; charset=utf-8
host: localhost:41857
accept: */*

Response DefaultHttpResponse(decodeResult: success, version: HTTP/1.1)
HTTP/1.1 200 OK
Content-Length: 14
Content-Type: application/json; charset=utf-8
cache-control: no-cache

[DEBUG] Adding key: http://localhost:41857 for channel [id: 0x0dc127a8, L:/127.0.0.1:60242 - R:localhost/127.0.0.1:41857]
[DEBUG] Channel Closed: [id: 0x0dc127a8, L:/127.0.0.1:60242 ! R:localhost/127.0.0.1:41857] with attribute DISCARD
method3starting test
M3
method3passed
]]></system-out>
  </testcase>
  <testcase name="method33" classname="com.automationcode_9th_April_2023.Demo3" time="0.001">
    <system-out><![CDATA[method33starting test
M33
method33passed
]]></system-out>
  </testcase>
  <testcase name="method333" classname="com.automationcode_9th_April_2023.Demo3" time="0.001">
    <system-out><![CDATA[method333starting test
M333
method333passed
]]></system-out>
  </testcase>
  <testcase name="setUp" classname="com.automationcode_15th_April_2023.TNListenerLoginTest" time="5.927">
    <failure message="Error communicating with the remote browser. It may have died.&#10;Build info: version: &apos;4.8.3&apos;, revision: &apos;e5e76298c3&apos;&#10;System info: os.name: &apos;Windows 11&apos;, os.arch: &apos;amd64&apos;, os.version: &apos;10.0&apos;, java.version: &apos;1.8.0_351&apos;&#10;Driver info: org.openqa.selenium.chrome.ChromeDriver&#10;Command: [685bc2f3ccdced8c29b737cab9b8a871, get {url=http://tutorialsninja.com/demo}]&#10;Capabilities {acceptInsecureCerts: false, browserName: chrome, browserVersion: 112.0.5615.138, chrome: {chromedriverVersion: 112.0.5615.49 (bd2a7bcb881c..., userDataDir: C:\Users\Dennis\AppData\Loc...}, goog:chromeOptions: {debuggerAddress: localhost:60260}, networkConnectionEnabled: false, pageLoadStrategy: normal, platformName: WINDOWS, proxy: Proxy(), se:cdp: ws://localhost:60260/devtoo..., se:cdpVersion: 112.0.5615.138, setWindowRect: true, strictFileInteractability: false, timeouts: {implicit: 0, pageLoad: 300000, script: 30000}, unhandledPromptBehavior: dismiss and notify, webauthn:extension:credBlob: true, webauthn:extension:largeBlob: true, webauthn:extension:minPinLength: true, webauthn:extension:prf: true, webauthn:virtualAuthenticators: true}&#10;Session ID: 685bc2f3ccdced8c29b737cab9b8a871" type="org.openqa.selenium.remote.UnreachableBrowserException"><![CDATA[org.openqa.selenium.remote.UnreachableBrowserException: 
Error communicating with the remote browser. It may have died.
Build info: version: '4.8.3', revision: 'e5e76298c3'
System info: os.name: 'Windows 11', os.arch: 'amd64', os.version: '10.0', java.version: '1.8.0_351'
Driver info: org.openqa.selenium.chrome.ChromeDriver
Command: [685bc2f3ccdced8c29b737cab9b8a871, get {url=http://tutorialsninja.com/demo}]
Capabilities {acceptInsecureCerts: false, browserName: chrome, browserVersion: 112.0.5615.138, chrome: {chromedriverVersion: 112.0.5615.49 (bd2a7bcb881c..., userDataDir: C:\Users\Dennis\AppData\Loc...}, goog:chromeOptions: {debuggerAddress: localhost:60260}, networkConnectionEnabled: false, pageLoadStrategy: normal, platformName: WINDOWS, proxy: Proxy(), se:cdp: ws://localhost:60260/devtoo..., se:cdpVersion: 112.0.5615.138, setWindowRect: true, strictFileInteractability: false, timeouts: {implicit: 0, pageLoad: 300000, script: 30000}, unhandledPromptBehavior: dismiss and notify, webauthn:extension:credBlob: true, webauthn:extension:largeBlob: true, webauthn:extension:minPinLength: true, webauthn:extension:prf: true, webauthn:virtualAuthenticators: true}
Session ID: 685bc2f3ccdced8c29b737cab9b8a871
	at org.openqa.selenium.remote.RemoteWebDriver.execute(RemoteWebDriver.java:567)
	at org.openqa.selenium.remote.RemoteWebDriver.get(RemoteWebDriver.java:297)
	at com.automationcode_15th_April_2023.TNListenerLoginTest.setUp(TNListenerLoginTest.java:18)
	at sun.reflect.NativeMethodAccessorImpl.invoke0(Native Method)
	at sun.reflect.NativeMethodAccessorImpl.invoke(NativeMethodAccessorImpl.java:62)
	at sun.reflect.DelegatingMethodAccessorImpl.invoke(DelegatingMethodAccessorImpl.java:43)
	at java.lang.reflect.Method.invoke(Method.java:498)
	at org.testng.internal.MethodInvocationHelper.invokeMethod(MethodInvocationHelper.java:124)
	at org.testng.internal.MethodInvocationHelper.invokeMethodConsideringTimeout(MethodInvocationHelper.java:59)
	at org.testng.internal.Invoker.invokeConfigurationMethod(Invoker.java:458)
	at org.testng.internal.Invoker.invokeConfigurations(Invoker.java:222)
	at org.testng.internal.Invoker.invokeMethod(Invoker.java:523)
	at org.testng.internal.Invoker.invokeTestMethod(Invoker.java:719)
	at org.testng.internal.Invoker.invokeTestMethods(Invoker.java:989)
	at org.testng.internal.TestMethodWorker.invokeTestMethods(TestMethodWorker.java:125)
	at org.testng.internal.TestMethodWorker.run(TestMethodWorker.java:109)
	at org.testng.TestRunner.privateRun(TestRunner.java:648)
	at org.testng.TestRunner.run(TestRunner.java:505)
	at org.testng.SuiteRunner.runTest(SuiteRunner.java:455)
	at org.testng.SuiteRunner.runSequentially(SuiteRunner.java:450)
	at org.testng.SuiteRunner.privateRun(SuiteRunner.java:415)
	at org.testng.SuiteRunner.run(SuiteRunner.java:364)
	at org.testng.SuiteRunnerWorker.runSuite(SuiteRunnerWorker.java:52)
	at org.testng.SuiteRunnerWorker.run(SuiteRunnerWorker.java:84)
	at org.testng.TestNG.runSuitesSequentially(TestNG.java:1208)
	at org.testng.TestNG.runSuitesLocally(TestNG.java:1137)
	at org.testng.TestNG.runSuites(TestNG.java:1049)
	at org.testng.TestNG.run(TestNG.java:1017)
	at org.apache.maven.surefire.testng.TestNGExecutor.run(TestNGExecutor.java:324)
	at org.apache.maven.surefire.testng.TestNGXmlTestSuite.execute(TestNGXmlTestSuite.java:74)
	at org.apache.maven.surefire.testng.TestNGProvider.invoke(TestNGProvider.java:123)
	at org.apache.maven.surefire.booter.ForkedBooter.runSuitesInProcess(ForkedBooter.java:456)
	at org.apache.maven.surefire.booter.ForkedBooter.execute(ForkedBooter.java:169)
	at org.apache.maven.surefire.booter.ForkedBooter.run(ForkedBooter.java:595)
	at org.apache.maven.surefire.booter.ForkedBooter.main(ForkedBooter.java:581)
Caused by: java.io.UncheckedIOException: java.io.IOException: An existing connection was forcibly closed by the remote host
	at org.openqa.selenium.remote.http.netty.NettyHttpHandler.makeCall(NettyHttpHandler.java:73)
	at org.openqa.selenium.remote.http.AddSeleniumUserAgent.lambda$apply$0(AddSeleniumUserAgent.java:42)
	at org.openqa.selenium.remote.http.Filter.lambda$andFinally$1(Filter.java:56)
	at org.openqa.selenium.remote.http.netty.NettyHttpHandler.execute(NettyHttpHandler.java:49)
	at org.openqa.selenium.remote.http.AddSeleniumUserAgent.lambda$apply$0(AddSeleniumUserAgent.java:42)
	at org.openqa.selenium.remote.http.Filter.lambda$andFinally$1(Filter.java:56)
	at org.openqa.selenium.remote.http.netty.NettyClient.execute(NettyClient.java:99)
	at org.openqa.selenium.remote.HttpCommandExecutor.execute(HttpCommandExecutor.java:190)
	at org.openqa.selenium.remote.service.DriverCommandExecutor.invokeExecute(DriverCommandExecutor.java:183)
	at org.openqa.selenium.remote.service.DriverCommandExecutor.execute(DriverCommandExecutor.java:158)
	at org.openqa.selenium.remote.RemoteWebDriver.execute(RemoteWebDriver.java:543)
	... 34 more
Caused by: java.io.IOException: An existing connection was forcibly closed by the remote host
	at sun.nio.ch.SocketDispatcher.read0(Native Method)
	at sun.nio.ch.SocketDispatcher.read(SocketDispatcher.java:43)
	at sun.nio.ch.IOUtil.readIntoNativeBuffer(IOUtil.java:223)
	at sun.nio.ch.IOUtil.read(IOUtil.java:192)
	at sun.nio.ch.SocketChannelImpl.read(SocketChannelImpl.java:378)
	at io.netty.buffer.PooledByteBuf.setBytes(PooledByteBuf.java:256)
	at io.netty.buffer.AbstractByteBuf.writeBytes(AbstractByteBuf.java:1132)
	at io.netty.channel.socket.nio.NioSocketChannel.doReadBytes(NioSocketChannel.java:357)
	at io.netty.channel.nio.AbstractNioByteChannel$NioByteUnsafe.read(AbstractNioByteChannel.java:151)
	at io.netty.channel.nio.NioEventLoop.processSelectedKey(NioEventLoop.java:788)
	at io.netty.channel.nio.NioEventLoop.processSelectedKeysOptimized(NioEventLoop.java:724)
	at io.netty.channel.nio.NioEventLoop.processSelectedKeys(NioEventLoop.java:650)
	at io.netty.channel.nio.NioEventLoop.run(NioEventLoop.java:562)
	at io.netty.util.concurrent.SingleThreadEventExecutor$4.run(SingleThreadEventExecutor.java:997)
	at io.netty.util.internal.ThreadExecutorMap$2.run(ThreadExecutorMap.java:74)
	at io.netty.util.concurrent.FastThreadLocalRunnable.run(FastThreadLocalRunnable.java:30)
	at java.lang.Thread.run(Thread.java:750)
]]></failure>
    <system-out><![CDATA[[DEBUG] Entry count for : http://localhost:60243 : 1
[DEBUG] Entry count for : http://localhost:12545 : 1
[DEBUG] Entry count for : http://localhost:9759 : 1
[DEBUG] Entry count for : http://localhost:14412 : 1
[DEBUG] Entry count for : http://localhost:41857 : 1
[DEBUG] Entry count for : http://localhost:6932 : 1
[DEBUG] Adding Candidate expired Channel [id: 0x7aca16cb, L:/127.0.0.1:60250 ! R:localhost/127.0.0.1:60243] isIdleTimeoutExpired=false isRemotelyClosed=true isTtlExpired=false
[DEBUG] Closing Idle Channel [id: 0x7aca16cb, L:/127.0.0.1:60250 ! R:localhost/127.0.0.1:60243]
[DEBUG] Adding Candidate expired Channel [id: 0x41678ce6, L:/127.0.0.1:60101 - R:localhost/127.0.0.1:14412] isIdleTimeoutExpired=true isRemotelyClosed=false isTtlExpired=false
[DEBUG] Closing Idle Channel [id: 0x41678ce6, L:/127.0.0.1:60101 - R:localhost/127.0.0.1:14412]
[DEBUG] Adding Candidate expired Channel [id: 0x0dc127a8, L:/127.0.0.1:60242 ! R:localhost/127.0.0.1:41857] isIdleTimeoutExpired=false isRemotelyClosed=true isTtlExpired=false
[DEBUG] Closing Idle Channel [id: 0x0dc127a8, L:/127.0.0.1:60242 ! R:localhost/127.0.0.1:41857]
[DEBUG] Closed 3 connections out of 6 in 0 ms
[DEBUG] Channel Closed: [id: 0x41678ce6, L:/127.0.0.1:60101 ! R:localhost/127.0.0.1:14412] with attribute DISCARD
[DEBUG] Using new Channel '[id: 0x7800d0fe, L:/127.0.0.1:60259 - R:localhost/127.0.0.1:48706]' for 'POST' to '/session'
[DEBUG] Entry count for : http://localhost:12545 : 1
[DEBUG] Entry count for : http://localhost:9759 : 1
[DEBUG] Entry count for : http://localhost:6932 : 1
[DEBUG] 

Request DefaultHttpRequest(decodeResult: success, version: HTTP/1.1)
POST /session HTTP/1.1
User-Agent: selenium/4.8.3 (java windows)
Content-Length: 439
Content-Type: application/json; charset=utf-8
host: localhost:48706
accept: */*

Response DefaultHttpResponse(decodeResult: success, version: HTTP/1.1)
HTTP/1.1 200 OK
Content-Length: 859
Content-Type: application/json; charset=utf-8
cache-control: no-cache

[DEBUG] Adding key: http://localhost:48706 for channel [id: 0x7800d0fe, L:/127.0.0.1:60259 - R:localhost/127.0.0.1:48706]
[DEBUG] Using new Channel '[id: 0x26035e47, L:/127.0.0.1:60265 - R:localhost/127.0.0.1:60260]' for 'GET' to '/json/version'
[DEBUG] 

Request DefaultFullHttpRequest(decodeResult: success, version: HTTP/1.1, content: EmptyByteBufBE)
GET /json/version HTTP/1.1
User-Agent: selenium/4.8.3 (java windows)
host: localhost:60260
accept: */*

Response DefaultHttpResponse(decodeResult: success, version: HTTP/1.1)
HTTP/1.1 200 OK
Content-Security-Policy: frame-ancestors 'none'
Content-Length: 424
Content-Type: application/json; charset=UTF-8

[DEBUG] Adding key: http://localhost:60260 for channel [id: 0x26035e47, L:/127.0.0.1:60265 - R:localhost/127.0.0.1:60260]
[DEBUG] Using new Channel '[id: 0x5ab4c6e1, L:/127.0.0.1:60266 - R:localhost/127.0.0.1:60260]' for 'GET' to '/devtools/browser/04199634-66c7-49ab-9c1f-dfcded351aad'
[DEBUG] 

Request DefaultFullHttpRequest(decodeResult: success, version: HTTP/1.1, content: EmptyByteBufBE)
GET /devtools/browser/04199634-66c7-49ab-9c1f-dfcded351aad HTTP/1.1
upgrade: websocket
connection: upgrade
sec-websocket-key: Ox7edAgzRea6CLBEVDC/Aw==
sec-websocket-version: 13
origin: http://localhost:60260
host: localhost:60260
accept: */*
user-agent: AHC/2.1

Response DefaultHttpResponse(decodeResult: success, version: HTTP/1.1)
HTTP/1.1 101 WebSocket Protocol Handshake
Upgrade: WebSocket
Connection: Upgrade
Sec-WebSocket-Accept: 3qgaMw2g/VkUvL5abyB6MqkQobw=

[DEBUG] Using pooled Channel '[id: 0x7800d0fe, L:/127.0.0.1:60259 - R:localhost/127.0.0.1:48706]' for 'POST' to 'http://localhost:48706/session/685bc2f3ccdced8c29b737cab9b8a871/window/maximize'
[DEBUG] Using open Channel [id: 0x7800d0fe, L:/127.0.0.1:60259 - R:localhost/127.0.0.1:48706] for POST '/session/685bc2f3ccdced8c29b737cab9b8a871/window/maximize'
[DEBUG] 

Request DefaultHttpRequest(decodeResult: success, version: HTTP/1.1)
POST /session/685bc2f3ccdced8c29b737cab9b8a871/window/maximize HTTP/1.1
User-Agent: selenium/4.8.3 (java windows)
Content-Length: 3
Content-Type: application/json; charset=utf-8
host: localhost:48706
accept: */*

Response DefaultHttpResponse(decodeResult: success, version: HTTP/1.1)
HTTP/1.1 200 OK
Content-Length: 51
Content-Type: application/json; charset=utf-8
cache-control: no-cache

[DEBUG] Adding key: http://localhost:48706 for channel [id: 0x7800d0fe, L:/127.0.0.1:60259 - R:localhost/127.0.0.1:48706]
[DEBUG] Using pooled Channel '[id: 0x7800d0fe, L:/127.0.0.1:60259 - R:localhost/127.0.0.1:48706]' for 'POST' to 'http://localhost:48706/session/685bc2f3ccdced8c29b737cab9b8a871/url'
[DEBUG] Using open Channel [id: 0x7800d0fe, L:/127.0.0.1:60259 - R:localhost/127.0.0.1:48706] for POST '/session/685bc2f3ccdced8c29b737cab9b8a871/url'
[DEBUG] Entry count for : http://localhost:12545 : 1
[DEBUG] Entry count for : http://localhost:9759 : 1
[DEBUG] Entry count for : http://localhost:60260 : 1
[DEBUG] Entry count for : http://localhost:6932 : 1
[DEBUG] Channel Closed: [id: 0x26035e47, L:/127.0.0.1:60265 ! R:localhost/127.0.0.1:60260] with attribute DISCARD
[DEBUG] Channel Closed: [id: 0x5ab4c6e1, L:/127.0.0.1:60266 ! R:localhost/127.0.0.1:60260] with attribute NettyResponseFuture{currentRetry=0,
	isDone=1,
	isCancelled=0,
	asyncHandler=org.asynchttpclient.ws.WebSocketUpgradeHandler@5cc95140,
	nettyRequest=org.asynchttpclient.netty.request.NettyRequest@6302a4d0,
	future=java.util.concurrent.CompletableFuture@389446ac[Completed normally],
	uri=ws://localhost:60260/devtools/browser/04199634-66c7-49ab-9c1f-dfcded351aad,
	keepAlive=true,
	redirectCount=0,
	timeoutsHolder=null,
	inAuth=0,
	touch=1682428501547}
[DEBUG] Closing Channel [id: 0x5ab4c6e1, L:/127.0.0.1:60266 ! R:localhost/127.0.0.1:60260] 
[DEBUG] Entry count for : http://localhost:12545 : 1
[DEBUG] Entry count for : http://localhost:9759 : 1
[DEBUG] Entry count for : http://localhost:60260 : 1
[DEBUG] Entry count for : http://localhost:6932 : 1
[DEBUG] Adding Candidate expired Channel [id: 0x26035e47, L:/127.0.0.1:60265 ! R:localhost/127.0.0.1:60260] isIdleTimeoutExpired=false isRemotelyClosed=true isTtlExpired=false
[DEBUG] Closing Idle Channel [id: 0x26035e47, L:/127.0.0.1:60265 ! R:localhost/127.0.0.1:60260]
[DEBUG] Closed 1 connections out of 4 in 0 ms
[DEBUG] Entry count for : http://localhost:12545 : 1
[DEBUG] Entry count for : http://localhost:9759 : 1
[DEBUG] Entry count for : http://localhost:6932 : 1
[DEBUG] Entry count for : http://localhost:12545 : 1
[DEBUG] Entry count for : http://localhost:9759 : 1
[DEBUG] Entry count for : http://localhost:6932 : 1
[DEBUG] Unexpected I/O exception on channel [id: 0x7800d0fe, L:/127.0.0.1:60259 - R:localhost/127.0.0.1:48706]
java.io.IOException: An existing connection was forcibly closed by the remote host
	at sun.nio.ch.SocketDispatcher.read0(Native Method) ~[na:1.8.0_351]
	at sun.nio.ch.SocketDispatcher.read(SocketDispatcher.java:43) ~[na:1.8.0_351]
	at sun.nio.ch.IOUtil.readIntoNativeBuffer(IOUtil.java:223) ~[na:1.8.0_351]
	at sun.nio.ch.IOUtil.read(IOUtil.java:192) ~[na:1.8.0_351]
	at sun.nio.ch.SocketChannelImpl.read(SocketChannelImpl.java:378) ~[na:1.8.0_351]
	at io.netty.buffer.PooledByteBuf.setBytes(PooledByteBuf.java:256) ~[netty-buffer-4.1.90.Final.jar:4.1.90.Final]
	at io.netty.buffer.AbstractByteBuf.writeBytes(AbstractByteBuf.java:1132) ~[netty-buffer-4.1.90.Final.jar:4.1.90.Final]
	at io.netty.channel.socket.nio.NioSocketChannel.doReadBytes(NioSocketChannel.java:357) ~[netty-transport-4.1.90.Final.jar:4.1.90.Final]
	at io.netty.channel.nio.AbstractNioByteChannel$NioByteUnsafe.read(AbstractNioByteChannel.java:151) ~[netty-transport-4.1.90.Final.jar:4.1.90.Final]
	at io.netty.channel.nio.NioEventLoop.processSelectedKey(NioEventLoop.java:788) [netty-transport-4.1.90.Final.jar:4.1.90.Final]
	at io.netty.channel.nio.NioEventLoop.processSelectedKeysOptimized(NioEventLoop.java:724) [netty-transport-4.1.90.Final.jar:4.1.90.Final]
	at io.netty.channel.nio.NioEventLoop.processSelectedKeys(NioEventLoop.java:650) [netty-transport-4.1.90.Final.jar:4.1.90.Final]
	at io.netty.channel.nio.NioEventLoop.run(NioEventLoop.java:562) [netty-transport-4.1.90.Final.jar:4.1.90.Final]
	at io.netty.util.concurrent.SingleThreadEventExecutor$4.run(SingleThreadEventExecutor.java:997) [netty-common-4.1.90.Final.jar:4.1.90.Final]
	at io.netty.util.internal.ThreadExecutorMap$2.run(ThreadExecutorMap.java:74) [netty-common-4.1.90.Final.jar:4.1.90.Final]
	at io.netty.util.concurrent.FastThreadLocalRunnable.run(FastThreadLocalRunnable.java:30) [netty-common-4.1.90.Final.jar:4.1.90.Final]
	at java.lang.Thread.run(Thread.java:750) [na:1.8.0_351]
[DEBUG] Trying to recover from dead Channel: [id: 0x7800d0fe, L:/127.0.0.1:60259 - R:localhost/127.0.0.1:48706]
[DEBUG] Channel Closed: [id: 0x7800d0fe, L:/127.0.0.1:60259 ! R:localhost/127.0.0.1:48706] with attribute NettyResponseFuture{currentRetry=0,
	isDone=0,
	isCancelled=0,
	asyncHandler=org.asynchttpclient.AsyncCompletionHandlerBase@60c53585,
	nettyRequest=org.asynchttpclient.netty.request.NettyRequest@e3dc1ca,
	future=java.util.concurrent.CompletableFuture@61e6c493[Not completed, 1 dependents],
	uri=http://localhost:48706/session/685bc2f3ccdced8c29b737cab9b8a871/url,
	keepAlive=true,
	redirectCount=0,
	timeoutsHolder=org.asynchttpclient.netty.timeout.TimeoutsHolder@68fdc8fc,
	inAuth=0,
	touch=1682428505837}
[DEBUG] Aborting Future NettyResponseFuture{currentRetry=0,
	isDone=0,
	isCancelled=0,
	asyncHandler=org.asynchttpclient.AsyncCompletionHandlerBase@60c53585,
	nettyRequest=org.asynchttpclient.netty.request.NettyRequest@e3dc1ca,
	future=java.util.concurrent.CompletableFuture@61e6c493[Not completed, 1 dependents],
	uri=http://localhost:48706/session/685bc2f3ccdced8c29b737cab9b8a871/url,
	keepAlive=true,
	redirectCount=0,
	timeoutsHolder=org.asynchttpclient.netty.timeout.TimeoutsHolder@68fdc8fc,
	inAuth=0,
	touch=1682428505838}

[DEBUG] An existing connection was forcibly closed by the remote host
java.io.IOException: An existing connection was forcibly closed by the remote host
	at sun.nio.ch.SocketDispatcher.read0(Native Method) ~[na:1.8.0_351]
	at sun.nio.ch.SocketDispatcher.read(SocketDispatcher.java:43) ~[na:1.8.0_351]
	at sun.nio.ch.IOUtil.readIntoNativeBuffer(IOUtil.java:223) ~[na:1.8.0_351]
	at sun.nio.ch.IOUtil.read(IOUtil.java:192) ~[na:1.8.0_351]
	at sun.nio.ch.SocketChannelImpl.read(SocketChannelImpl.java:378) ~[na:1.8.0_351]
	at io.netty.buffer.PooledByteBuf.setBytes(PooledByteBuf.java:256) ~[netty-buffer-4.1.90.Final.jar:4.1.90.Final]
	at io.netty.buffer.AbstractByteBuf.writeBytes(AbstractByteBuf.java:1132) ~[netty-buffer-4.1.90.Final.jar:4.1.90.Final]
	at io.netty.channel.socket.nio.NioSocketChannel.doReadBytes(NioSocketChannel.java:357) ~[netty-transport-4.1.90.Final.jar:4.1.90.Final]
	at io.netty.channel.nio.AbstractNioByteChannel$NioByteUnsafe.read(AbstractNioByteChannel.java:151) ~[netty-transport-4.1.90.Final.jar:4.1.90.Final]
	at io.netty.channel.nio.NioEventLoop.processSelectedKey(NioEventLoop.java:788) ~[netty-transport-4.1.90.Final.jar:4.1.90.Final]
	at io.netty.channel.nio.NioEventLoop.processSelectedKeysOptimized(NioEventLoop.java:724) ~[netty-transport-4.1.90.Final.jar:4.1.90.Final]
	at io.netty.channel.nio.NioEventLoop.processSelectedKeys(NioEventLoop.java:650) ~[netty-transport-4.1.90.Final.jar:4.1.90.Final]
	at io.netty.channel.nio.NioEventLoop.run(NioEventLoop.java:562) ~[netty-transport-4.1.90.Final.jar:4.1.90.Final]
	at io.netty.util.concurrent.SingleThreadEventExecutor$4.run(SingleThreadEventExecutor.java:997) [netty-common-4.1.90.Final.jar:4.1.90.Final]
	at io.netty.util.internal.ThreadExecutorMap$2.run(ThreadExecutorMap.java:74) [netty-common-4.1.90.Final.jar:4.1.90.Final]
	at io.netty.util.concurrent.FastThreadLocalRunnable.run(FastThreadLocalRunnable.java:30) [netty-common-4.1.90.Final.jar:4.1.90.Final]
	at java.lang.Thread.run(Thread.java:750) [na:1.8.0_351]
[DEBUG] An existing connection was forcibly closed by the remote host
java.io.IOException: An existing connection was forcibly closed by the remote host
	at sun.nio.ch.SocketDispatcher.read0(Native Method) ~[na:1.8.0_351]
	at sun.nio.ch.SocketDispatcher.read(SocketDispatcher.java:43) ~[na:1.8.0_351]
	at sun.nio.ch.IOUtil.readIntoNativeBuffer(IOUtil.java:223) ~[na:1.8.0_351]
	at sun.nio.ch.IOUtil.read(IOUtil.java:192) ~[na:1.8.0_351]
	at sun.nio.ch.SocketChannelImpl.read(SocketChannelImpl.java:378) ~[na:1.8.0_351]
	at io.netty.buffer.PooledByteBuf.setBytes(PooledByteBuf.java:256) ~[netty-buffer-4.1.90.Final.jar:4.1.90.Final]
	at io.netty.buffer.AbstractByteBuf.writeBytes(AbstractByteBuf.java:1132) ~[netty-buffer-4.1.90.Final.jar:4.1.90.Final]
	at io.netty.channel.socket.nio.NioSocketChannel.doReadBytes(NioSocketChannel.java:357) ~[netty-transport-4.1.90.Final.jar:4.1.90.Final]
	at io.netty.channel.nio.AbstractNioByteChannel$NioByteUnsafe.read(AbstractNioByteChannel.java:151) ~[netty-transport-4.1.90.Final.jar:4.1.90.Final]
	at io.netty.channel.nio.NioEventLoop.processSelectedKey(NioEventLoop.java:788) ~[netty-transport-4.1.90.Final.jar:4.1.90.Final]
	at io.netty.channel.nio.NioEventLoop.processSelectedKeysOptimized(NioEventLoop.java:724) ~[netty-transport-4.1.90.Final.jar:4.1.90.Final]
	at io.netty.channel.nio.NioEventLoop.processSelectedKeys(NioEventLoop.java:650) ~[netty-transport-4.1.90.Final.jar:4.1.90.Final]
	at io.netty.channel.nio.NioEventLoop.run(NioEventLoop.java:562) ~[netty-transport-4.1.90.Final.jar:4.1.90.Final]
	at io.netty.util.concurrent.SingleThreadEventExecutor$4.run(SingleThreadEventExecutor.java:997) [netty-common-4.1.90.Final.jar:4.1.90.Final]
	at io.netty.util.internal.ThreadExecutorMap$2.run(ThreadExecutorMap.java:74) [netty-common-4.1.90.Final.jar:4.1.90.Final]
	at io.netty.util.concurrent.FastThreadLocalRunnable.run(FastThreadLocalRunnable.java:30) [netty-common-4.1.90.Final.jar:4.1.90.Final]
	at java.lang.Thread.run(Thread.java:750) [na:1.8.0_351]
]]></system-out>
    <system-err><![CDATA[Starting ChromeDriver 112.0.5615.49 (bd2a7bcb881c11e8cfe3078709382934e3916914-refs/branch-heads/5615@{#936}) on port 48706
Only local connections are allowed.
Please see https://chromedriver.chromium.org/security-considerations for suggestions on keeping ChromeDriver safe.
ChromeDriver was started successfully.
Apr 25, 2023 9:15:01 AM org.openqa.selenium.devtools.CdpVersionFinder findNearestMatch
WARNING: Unable to find an exact match for CDP version 112, so returning the closest version found: 111
[1682428503.156][WARNING]: Processing messages while being disconnected
]]></system-err>
  </testcase>
  <testcase name="enterLoginCredentials" classname="com.automationcode_15th_April_2023.TNListenerLoginTest" time="0">
    <skipped message="Error communicating with the remote browser. It may have died.&#10;Build info: version: &apos;4.8.3&apos;, revision: &apos;e5e76298c3&apos;&#10;System info: os.name: &apos;Windows 11&apos;, os.arch: &apos;amd64&apos;, os.version: &apos;10.0&apos;, java.version: &apos;1.8.0_351&apos;&#10;Driver info: org.openqa.selenium.chrome.ChromeDriver&#10;Command: [685bc2f3ccdced8c29b737cab9b8a871, get {url=http://tutorialsninja.com/demo}]&#10;Capabilities {acceptInsecureCerts: false, browserName: chrome, browserVersion: 112.0.5615.138, chrome: {chromedriverVersion: 112.0.5615.49 (bd2a7bcb881c..., userDataDir: C:\Users\Dennis\AppData\Loc...}, goog:chromeOptions: {debuggerAddress: localhost:60260}, networkConnectionEnabled: false, pageLoadStrategy: normal, platformName: WINDOWS, proxy: Proxy(), se:cdp: ws://localhost:60260/devtoo..., se:cdpVersion: 112.0.5615.138, setWindowRect: true, strictFileInteractability: false, timeouts: {implicit: 0, pageLoad: 300000, script: 30000}, unhandledPromptBehavior: dismiss and notify, webauthn:extension:credBlob: true, webauthn:extension:largeBlob: true, webauthn:extension:minPinLength: true, webauthn:extension:prf: true, webauthn:virtualAuthenticators: true}&#10;Session ID: 685bc2f3ccdced8c29b737cab9b8a871"/>
    <system-out><![CDATA[enterLoginCredentialsskipped
]]></system-out>
  </testcase>
  <testcase name="tearDown" classname="com.automationcode_15th_April_2023.TNListenerLoginTest" time="0">
    <skipped/>
  </testcase>
  <testcase name="dropDownTest" classname="com.automation.code_25th_March_2023.Facebook_DropDown" time="0.085">
    <failure message="no such window: target window already closed&#10;from unknown error: web view not found&#10;  (Session info: chrome=112.0.5615.138)&#10;Build info: version: &apos;4.8.3&apos;, revision: &apos;e5e76298c3&apos;&#10;System info: os.name: &apos;Windows 11&apos;, os.arch: &apos;amd64&apos;, os.version: &apos;10.0&apos;, java.version: &apos;1.8.0_351&apos;&#10;Driver info: org.openqa.selenium.chrome.ChromeDriver&#10;Command: [dac4e323a13a60160fef810808867dfe, findElement {using=link text, value=Create new account}]&#10;Capabilities {acceptInsecureCerts: false, browserName: chrome, browserVersion: 112.0.5615.138, chrome: {chromedriverVersion: 112.0.5615.49 (bd2a7bcb881c..., userDataDir: C:\Users\Dennis\AppData\Loc...}, goog:chromeOptions: {debuggerAddress: localhost:60280}, networkConnectionEnabled: false, pageLoadStrategy: normal, platformName: WINDOWS, proxy: Proxy(), se:cdp: ws://localhost:60280/devtoo..., se:cdpVersion: 112.0.5615.138, setWindowRect: true, strictFileInteractability: false, timeouts: {implicit: 0, pageLoad: 300000, script: 30000}, unhandledPromptBehavior: dismiss and notify, webauthn:extension:credBlob: true, webauthn:extension:largeBlob: true, webauthn:extension:minPinLength: true, webauthn:extension:prf: true, webauthn:virtualAuthenticators: true}&#10;Session ID: dac4e323a13a60160fef810808867dfe" type="org.openqa.selenium.NoSuchWindowException"><![CDATA[org.openqa.selenium.NoSuchWindowException: 
no such window: target window already closed
from unknown error: web view not found
  (Session info: chrome=112.0.5615.138)
Build info: version: '4.8.3', revision: 'e5e76298c3'
System info: os.name: 'Windows 11', os.arch: 'amd64', os.version: '10.0', java.version: '1.8.0_351'
Driver info: org.openqa.selenium.chrome.ChromeDriver
Command: [dac4e323a13a60160fef810808867dfe, findElement {using=link text, value=Create new account}]
Capabilities {acceptInsecureCerts: false, browserName: chrome, browserVersion: 112.0.5615.138, chrome: {chromedriverVersion: 112.0.5615.49 (bd2a7bcb881c..., userDataDir: C:\Users\Dennis\AppData\Loc...}, goog:chromeOptions: {debuggerAddress: localhost:60280}, networkConnectionEnabled: false, pageLoadStrategy: normal, platformName: WINDOWS, proxy: Proxy(), se:cdp: ws://localhost:60280/devtoo..., se:cdpVersion: 112.0.5615.138, setWindowRect: true, strictFileInteractability: false, timeouts: {implicit: 0, pageLoad: 300000, script: 30000}, unhandledPromptBehavior: dismiss and notify, webauthn:extension:credBlob: true, webauthn:extension:largeBlob: true, webauthn:extension:minPinLength: true, webauthn:extension:prf: true, webauthn:virtualAuthenticators: true}
Session ID: dac4e323a13a60160fef810808867dfe
	at sun.reflect.NativeConstructorAccessorImpl.newInstance0(Native Method)
	at sun.reflect.NativeConstructorAccessorImpl.newInstance(NativeConstructorAccessorImpl.java:62)
	at sun.reflect.DelegatingConstructorAccessorImpl.newInstance(DelegatingConstructorAccessorImpl.java:45)
	at java.lang.reflect.Constructor.newInstance(Constructor.java:423)
	at org.openqa.selenium.remote.codec.w3c.W3CHttpResponseCodec.createException(W3CHttpResponseCodec.java:200)
	at org.openqa.selenium.remote.codec.w3c.W3CHttpResponseCodec.decode(W3CHttpResponseCodec.java:133)
	at org.openqa.selenium.remote.codec.w3c.W3CHttpResponseCodec.decode(W3CHttpResponseCodec.java:53)
	at org.openqa.selenium.remote.HttpCommandExecutor.execute(HttpCommandExecutor.java:193)
	at org.openqa.selenium.remote.service.DriverCommandExecutor.invokeExecute(DriverCommandExecutor.java:183)
	at org.openqa.selenium.remote.service.DriverCommandExecutor.execute(DriverCommandExecutor.java:158)
	at org.openqa.selenium.remote.RemoteWebDriver.execute(RemoteWebDriver.java:543)
	at org.openqa.selenium.remote.ElementLocation$ElementFinder$2.findElement(ElementLocation.java:162)
	at org.openqa.selenium.remote.ElementLocation.findElement(ElementLocation.java:60)
	at org.openqa.selenium.remote.RemoteWebDriver.findElement(RemoteWebDriver.java:352)
	at org.openqa.selenium.remote.RemoteWebDriver.findElement(RemoteWebDriver.java:344)
	at com.automation.code_25th_March_2023.Facebook_DropDown.dropDownTest(Facebook_DropDown.java:25)
	at sun.reflect.NativeMethodAccessorImpl.invoke0(Native Method)
	at sun.reflect.NativeMethodAccessorImpl.invoke(NativeMethodAccessorImpl.java:62)
	at sun.reflect.DelegatingMethodAccessorImpl.invoke(DelegatingMethodAccessorImpl.java:43)
	at java.lang.reflect.Method.invoke(Method.java:498)
	at org.testng.internal.MethodInvocationHelper.invokeMethod(MethodInvocationHelper.java:124)
	at org.testng.internal.Invoker.invokeMethod(Invoker.java:583)
	at org.testng.internal.Invoker.invokeTestMethod(Invoker.java:719)
	at org.testng.internal.Invoker.invokeTestMethods(Invoker.java:989)
	at org.testng.internal.TestMethodWorker.invokeTestMethods(TestMethodWorker.java:125)
	at org.testng.internal.TestMethodWorker.run(TestMethodWorker.java:109)
	at org.testng.TestRunner.privateRun(TestRunner.java:648)
	at org.testng.TestRunner.run(TestRunner.java:505)
	at org.testng.SuiteRunner.runTest(SuiteRunner.java:455)
	at org.testng.SuiteRunner.runSequentially(SuiteRunner.java:450)
	at org.testng.SuiteRunner.privateRun(SuiteRunner.java:415)
	at org.testng.SuiteRunner.run(SuiteRunner.java:364)
	at org.testng.SuiteRunnerWorker.runSuite(SuiteRunnerWorker.java:52)
	at org.testng.SuiteRunnerWorker.run(SuiteRunnerWorker.java:84)
	at org.testng.TestNG.runSuitesSequentially(TestNG.java:1208)
	at org.testng.TestNG.runSuitesLocally(TestNG.java:1137)
	at org.testng.TestNG.runSuites(TestNG.java:1049)
	at org.testng.TestNG.run(TestNG.java:1017)
	at org.apache.maven.surefire.testng.TestNGExecutor.run(TestNGExecutor.java:324)
	at org.apache.maven.surefire.testng.TestNGXmlTestSuite.execute(TestNGXmlTestSuite.java:74)
	at org.apache.maven.surefire.testng.TestNGProvider.invoke(TestNGProvider.java:123)
	at org.apache.maven.surefire.booter.ForkedBooter.runSuitesInProcess(ForkedBooter.java:456)
	at org.apache.maven.surefire.booter.ForkedBooter.execute(ForkedBooter.java:169)
	at org.apache.maven.surefire.booter.ForkedBooter.run(ForkedBooter.java:595)
	at org.apache.maven.surefire.booter.ForkedBooter.main(ForkedBooter.java:581)
]]></failure>
    <system-out><![CDATA[[DEBUG] Using new Channel '[id: 0xed68f3f9, L:/127.0.0.1:60279 - R:localhost/127.0.0.1:1118]' for 'POST' to '/session'
[DEBUG] Entry count for : http://localhost:12545 : 1
[DEBUG] Entry count for : http://localhost:9759 : 1
[DEBUG] Entry count for : http://localhost:6932 : 1
[DEBUG] 

Request DefaultHttpRequest(decodeResult: success, version: HTTP/1.1)
POST /session HTTP/1.1
User-Agent: selenium/4.8.3 (java windows)
Content-Length: 439
Content-Type: application/json; charset=utf-8
host: localhost:1118
accept: */*

Response DefaultHttpResponse(decodeResult: success, version: HTTP/1.1)
HTTP/1.1 200 OK
Content-Length: 861
Content-Type: application/json; charset=utf-8
cache-control: no-cache

[DEBUG] Adding key: http://localhost:1118 for channel [id: 0xed68f3f9, L:/127.0.0.1:60279 - R:localhost/127.0.0.1:1118]
[DEBUG] Using new Channel '[id: 0x104d6e3f, L:/127.0.0.1:60288 - R:localhost/127.0.0.1:60280]' for 'GET' to '/json/version'
[DEBUG] 

Request DefaultFullHttpRequest(decodeResult: success, version: HTTP/1.1, content: EmptyByteBufBE)
GET /json/version HTTP/1.1
User-Agent: selenium/4.8.3 (java windows)
host: localhost:60280
accept: */*

Response DefaultHttpResponse(decodeResult: success, version: HTTP/1.1)
HTTP/1.1 200 OK
Content-Security-Policy: frame-ancestors 'none'
Content-Length: 424
Content-Type: application/json; charset=UTF-8

[DEBUG] Adding key: http://localhost:60280 for channel [id: 0x104d6e3f, L:/127.0.0.1:60288 - R:localhost/127.0.0.1:60280]
[DEBUG] Using new Channel '[id: 0xa5e933f0, L:/127.0.0.1:60289 - R:localhost/127.0.0.1:60280]' for 'GET' to '/devtools/browser/6c933c02-f73a-4514-8ca5-fde2a739dbc8'
[DEBUG] 

Request DefaultFullHttpRequest(decodeResult: success, version: HTTP/1.1, content: EmptyByteBufBE)
GET /devtools/browser/6c933c02-f73a-4514-8ca5-fde2a739dbc8 HTTP/1.1
upgrade: websocket
connection: upgrade
sec-websocket-key: fxQ85IeM3vL0xSpgDKL+7Q==
sec-websocket-version: 13
origin: http://localhost:60280
host: localhost:60280
accept: */*
user-agent: AHC/2.1

Response DefaultHttpResponse(decodeResult: success, version: HTTP/1.1)
HTTP/1.1 101 WebSocket Protocol Handshake
Upgrade: WebSocket
Connection: Upgrade
Sec-WebSocket-Accept: CLkTHnjm7rGRiYgn4nNEQQJClvA=

[DEBUG] Using pooled Channel '[id: 0xed68f3f9, L:/127.0.0.1:60279 - R:localhost/127.0.0.1:1118]' for 'POST' to 'http://localhost:1118/session/dac4e323a13a60160fef810808867dfe/window/maximize'
[DEBUG] Using open Channel [id: 0xed68f3f9, L:/127.0.0.1:60279 - R:localhost/127.0.0.1:1118] for POST '/session/dac4e323a13a60160fef810808867dfe/window/maximize'
[DEBUG] 

Request DefaultHttpRequest(decodeResult: success, version: HTTP/1.1)
POST /session/dac4e323a13a60160fef810808867dfe/window/maximize HTTP/1.1
User-Agent: selenium/4.8.3 (java windows)
Content-Length: 3
Content-Type: application/json; charset=utf-8
host: localhost:1118
accept: */*

Response DefaultHttpResponse(decodeResult: success, version: HTTP/1.1)
HTTP/1.1 200 OK
Content-Length: 51
Content-Type: application/json; charset=utf-8
cache-control: no-cache

[DEBUG] Adding key: http://localhost:1118 for channel [id: 0xed68f3f9, L:/127.0.0.1:60279 - R:localhost/127.0.0.1:1118]
[DEBUG] Using pooled Channel '[id: 0xed68f3f9, L:/127.0.0.1:60279 - R:localhost/127.0.0.1:1118]' for 'POST' to 'http://localhost:1118/session/dac4e323a13a60160fef810808867dfe/url'
[DEBUG] Using open Channel [id: 0xed68f3f9, L:/127.0.0.1:60279 - R:localhost/127.0.0.1:1118] for POST '/session/dac4e323a13a60160fef810808867dfe/url'
[DEBUG] Entry count for : http://localhost:12545 : 1
[DEBUG] Entry count for : http://localhost:9759 : 1
[DEBUG] Entry count for : http://localhost:60280 : 1
[DEBUG] Entry count for : http://localhost:6932 : 1
[DEBUG] 

Request DefaultHttpRequest(decodeResult: success, version: HTTP/1.1)
POST /session/dac4e323a13a60160fef810808867dfe/url HTTP/1.1
User-Agent: selenium/4.8.3 (java windows)
Content-Length: 45
Content-Type: application/json; charset=utf-8
host: localhost:1118
accept: */*

Response DefaultHttpResponse(decodeResult: success, version: HTTP/1.1)
HTTP/1.1 200 OK
Content-Length: 14
Content-Type: application/json; charset=utf-8
cache-control: no-cache

[DEBUG] Adding key: http://localhost:1118 for channel [id: 0xed68f3f9, L:/127.0.0.1:60279 - R:localhost/127.0.0.1:1118]
dropDownTeststarting test
[DEBUG] Using pooled Channel '[id: 0xed68f3f9, L:/127.0.0.1:60279 - R:localhost/127.0.0.1:1118]' for 'POST' to 'http://localhost:1118/session/dac4e323a13a60160fef810808867dfe/element'
[DEBUG] Using open Channel [id: 0xed68f3f9, L:/127.0.0.1:60279 - R:localhost/127.0.0.1:1118] for POST '/session/dac4e323a13a60160fef810808867dfe/element'
[DEBUG] Channel Closed: [id: 0xa5e933f0, L:/127.0.0.1:60289 ! R:localhost/127.0.0.1:60280] with attribute NettyResponseFuture{currentRetry=0,
	isDone=1,
	isCancelled=0,
	asyncHandler=org.asynchttpclient.ws.WebSocketUpgradeHandler@3180d201,
	nettyRequest=org.asynchttpclient.netty.request.NettyRequest@175c17d9,
	future=java.util.concurrent.CompletableFuture@28d3a6f9[Completed normally],
	uri=ws://localhost:60280/devtools/browser/6c933c02-f73a-4514-8ca5-fde2a739dbc8,
	keepAlive=true,
	redirectCount=0,
	timeoutsHolder=null,
	inAuth=0,
	touch=1682428507049}
[DEBUG] Closing Channel [id: 0xa5e933f0, L:/127.0.0.1:60289 ! R:localhost/127.0.0.1:60280] 
[DEBUG] Channel Closed: [id: 0x104d6e3f, L:/127.0.0.1:60288 ! R:localhost/127.0.0.1:60280] with attribute DISCARD
[DEBUG] 

Request DefaultHttpRequest(decodeResult: success, version: HTTP/1.1)
POST /session/dac4e323a13a60160fef810808867dfe/element HTTP/1.1
User-Agent: selenium/4.8.3 (java windows)
Content-Length: 59
Content-Type: application/json; charset=utf-8
host: localhost:1118
accept: */*

Response DefaultHttpResponse(decodeResult: success, version: HTTP/1.1)
HTTP/1.1 404 Not Found
Content-Length: 865
Content-Type: application/json; charset=utf-8
cache-control: no-cache

[DEBUG] Adding key: http://localhost:1118 for channel [id: 0xed68f3f9, L:/127.0.0.1:60279 - R:localhost/127.0.0.1:1118]
dropDownTestfailed
]]></system-out>
    <system-err><![CDATA[Starting ChromeDriver 112.0.5615.49 (bd2a7bcb881c11e8cfe3078709382934e3916914-refs/branch-heads/5615@{#936}) on port 1118
Only local connections are allowed.
Please see https://chromedriver.chromium.org/security-considerations for suggestions on keeping ChromeDriver safe.
ChromeDriver was started successfully.
Apr 25, 2023 9:15:07 AM org.openqa.selenium.devtools.CdpVersionFinder findNearestMatch
WARNING: Unable to find an exact match for CDP version 112, so returning the closest version found: 111
]]></system-err>
  </testcase>
  <testcase name="loginRediffTest[seleniumpanda@rediffmail.com, Selenium@123](1)" classname="com.automationcode_2nd_April_2023.Rediff_DataDriven" time="9.054">
    <failure message="Error communicating with the remote browser. It may have died.&#10;Build info: version: &apos;4.8.3&apos;, revision: &apos;e5e76298c3&apos;&#10;System info: os.name: &apos;Windows 11&apos;, os.arch: &apos;amd64&apos;, os.version: &apos;10.0&apos;, java.version: &apos;1.8.0_351&apos;&#10;Driver info: org.openqa.selenium.chrome.ChromeDriver&#10;Command: [d6dd90de1a90f3926fc86800f47293c2, get {url=https://mail.rediff.com/cgi-bin/login.cgi}]&#10;Capabilities {acceptInsecureCerts: false, browserName: chrome, browserVersion: 112.0.5615.138, chrome: {chromedriverVersion: 112.0.5615.49 (bd2a7bcb881c..., userDataDir: C:\Users\Dennis\AppData\Loc...}, goog:chromeOptions: {debuggerAddress: localhost:60307}, networkConnectionEnabled: false, pageLoadStrategy: normal, platformName: WINDOWS, proxy: Proxy(), se:cdp: ws://localhost:60307/devtoo..., se:cdpVersion: 112.0.5615.138, setWindowRect: true, strictFileInteractability: false, timeouts: {implicit: 0, pageLoad: 300000, script: 30000}, unhandledPromptBehavior: dismiss and notify, webauthn:extension:credBlob: true, webauthn:extension:largeBlob: true, webauthn:extension:minPinLength: true, webauthn:extension:prf: true, webauthn:virtualAuthenticators: true}&#10;Session ID: d6dd90de1a90f3926fc86800f47293c2" type="org.openqa.selenium.remote.UnreachableBrowserException"><![CDATA[org.openqa.selenium.remote.UnreachableBrowserException: 
Error communicating with the remote browser. It may have died.
Build info: version: '4.8.3', revision: 'e5e76298c3'
System info: os.name: 'Windows 11', os.arch: 'amd64', os.version: '10.0', java.version: '1.8.0_351'
Driver info: org.openqa.selenium.chrome.ChromeDriver
Command: [d6dd90de1a90f3926fc86800f47293c2, get {url=https://mail.rediff.com/cgi-bin/login.cgi}]
Capabilities {acceptInsecureCerts: false, browserName: chrome, browserVersion: 112.0.5615.138, chrome: {chromedriverVersion: 112.0.5615.49 (bd2a7bcb881c..., userDataDir: C:\Users\Dennis\AppData\Loc...}, goog:chromeOptions: {debuggerAddress: localhost:60307}, networkConnectionEnabled: false, pageLoadStrategy: normal, platformName: WINDOWS, proxy: Proxy(), se:cdp: ws://localhost:60307/devtoo..., se:cdpVersion: 112.0.5615.138, setWindowRect: true, strictFileInteractability: false, timeouts: {implicit: 0, pageLoad: 300000, script: 30000}, unhandledPromptBehavior: dismiss and notify, webauthn:extension:credBlob: true, webauthn:extension:largeBlob: true, webauthn:extension:minPinLength: true, webauthn:extension:prf: true, webauthn:virtualAuthenticators: true}
Session ID: d6dd90de1a90f3926fc86800f47293c2
	at org.openqa.selenium.remote.RemoteWebDriver.execute(RemoteWebDriver.java:567)
	at org.openqa.selenium.remote.RemoteWebDriver.get(RemoteWebDriver.java:297)
	at com.automationcode_2nd_April_2023.Rediff_DataDriven.loginRediffTest(Rediff_DataDriven.java:17)
	at sun.reflect.NativeMethodAccessorImpl.invoke0(Native Method)
	at sun.reflect.NativeMethodAccessorImpl.invoke(NativeMethodAccessorImpl.java:62)
	at sun.reflect.DelegatingMethodAccessorImpl.invoke(DelegatingMethodAccessorImpl.java:43)
	at java.lang.reflect.Method.invoke(Method.java:498)
	at org.testng.internal.MethodInvocationHelper.invokeMethod(MethodInvocationHelper.java:124)
	at org.testng.internal.Invoker.invokeMethod(Invoker.java:583)
	at org.testng.internal.Invoker.invokeTestMethod(Invoker.java:719)
	at org.testng.internal.Invoker.invokeTestMethods(Invoker.java:989)
	at org.testng.internal.TestMethodWorker.invokeTestMethods(TestMethodWorker.java:125)
	at org.testng.internal.TestMethodWorker.run(TestMethodWorker.java:109)
	at org.testng.TestRunner.privateRun(TestRunner.java:648)
	at org.testng.TestRunner.run(TestRunner.java:505)
	at org.testng.SuiteRunner.runTest(SuiteRunner.java:455)
	at org.testng.SuiteRunner.runSequentially(SuiteRunner.java:450)
	at org.testng.SuiteRunner.privateRun(SuiteRunner.java:415)
	at org.testng.SuiteRunner.run(SuiteRunner.java:364)
	at org.testng.SuiteRunnerWorker.runSuite(SuiteRunnerWorker.java:52)
	at org.testng.SuiteRunnerWorker.run(SuiteRunnerWorker.java:84)
	at org.testng.TestNG.runSuitesSequentially(TestNG.java:1208)
	at org.testng.TestNG.runSuitesLocally(TestNG.java:1137)
	at org.testng.TestNG.runSuites(TestNG.java:1049)
	at org.testng.TestNG.run(TestNG.java:1017)
	at org.apache.maven.surefire.testng.TestNGExecutor.run(TestNGExecutor.java:324)
	at org.apache.maven.surefire.testng.TestNGXmlTestSuite.execute(TestNGXmlTestSuite.java:74)
	at org.apache.maven.surefire.testng.TestNGProvider.invoke(TestNGProvider.java:123)
	at org.apache.maven.surefire.booter.ForkedBooter.runSuitesInProcess(ForkedBooter.java:456)
	at org.apache.maven.surefire.booter.ForkedBooter.execute(ForkedBooter.java:169)
	at org.apache.maven.surefire.booter.ForkedBooter.run(ForkedBooter.java:595)
	at org.apache.maven.surefire.booter.ForkedBooter.main(ForkedBooter.java:581)
Caused by: java.io.UncheckedIOException: java.io.IOException: An existing connection was forcibly closed by the remote host
	at org.openqa.selenium.remote.http.netty.NettyHttpHandler.makeCall(NettyHttpHandler.java:73)
	at org.openqa.selenium.remote.http.AddSeleniumUserAgent.lambda$apply$0(AddSeleniumUserAgent.java:42)
	at org.openqa.selenium.remote.http.Filter.lambda$andFinally$1(Filter.java:56)
	at org.openqa.selenium.remote.http.netty.NettyHttpHandler.execute(NettyHttpHandler.java:49)
	at org.openqa.selenium.remote.http.AddSeleniumUserAgent.lambda$apply$0(AddSeleniumUserAgent.java:42)
	at org.openqa.selenium.remote.http.Filter.lambda$andFinally$1(Filter.java:56)
	at org.openqa.selenium.remote.http.netty.NettyClient.execute(NettyClient.java:99)
	at org.openqa.selenium.remote.HttpCommandExecutor.execute(HttpCommandExecutor.java:190)
	at org.openqa.selenium.remote.service.DriverCommandExecutor.invokeExecute(DriverCommandExecutor.java:183)
	at org.openqa.selenium.remote.service.DriverCommandExecutor.execute(DriverCommandExecutor.java:158)
	at org.openqa.selenium.remote.RemoteWebDriver.execute(RemoteWebDriver.java:543)
	... 31 more
Caused by: java.io.IOException: An existing connection was forcibly closed by the remote host
	at sun.nio.ch.SocketDispatcher.read0(Native Method)
	at sun.nio.ch.SocketDispatcher.read(SocketDispatcher.java:43)
	at sun.nio.ch.IOUtil.readIntoNativeBuffer(IOUtil.java:223)
	at sun.nio.ch.IOUtil.read(IOUtil.java:192)
	at sun.nio.ch.SocketChannelImpl.read(SocketChannelImpl.java:378)
	at io.netty.buffer.PooledByteBuf.setBytes(PooledByteBuf.java:256)
	at io.netty.buffer.AbstractByteBuf.writeBytes(AbstractByteBuf.java:1132)
	at io.netty.channel.socket.nio.NioSocketChannel.doReadBytes(NioSocketChannel.java:357)
	at io.netty.channel.nio.AbstractNioByteChannel$NioByteUnsafe.read(AbstractNioByteChannel.java:151)
	at io.netty.channel.nio.NioEventLoop.processSelectedKey(NioEventLoop.java:788)
	at io.netty.channel.nio.NioEventLoop.processSelectedKeysOptimized(NioEventLoop.java:724)
	at io.netty.channel.nio.NioEventLoop.processSelectedKeys(NioEventLoop.java:650)
	at io.netty.channel.nio.NioEventLoop.run(NioEventLoop.java:562)
	at io.netty.util.concurrent.SingleThreadEventExecutor$4.run(SingleThreadEventExecutor.java:997)
	at io.netty.util.internal.ThreadExecutorMap$2.run(ThreadExecutorMap.java:74)
	at io.netty.util.concurrent.FastThreadLocalRunnable.run(FastThreadLocalRunnable.java:30)
	at java.lang.Thread.run(Thread.java:750)
]]></failure>
    <system-out><![CDATA[loginRediffTeststarting test
[DEBUG] Entry count for : http://localhost:12545 : 1
[DEBUG] Entry count for : http://localhost:9759 : 1
[DEBUG] Entry count for : http://localhost:60280 : 1
[DEBUG] Entry count for : http://localhost:6932 : 1
[DEBUG] Entry count for : http://localhost:1118 : 1
[DEBUG] Adding Candidate expired Channel [id: 0x104d6e3f, L:/127.0.0.1:60288 ! R:localhost/127.0.0.1:60280] isIdleTimeoutExpired=false isRemotelyClosed=true isTtlExpired=false
[DEBUG] Closing Idle Channel [id: 0x104d6e3f, L:/127.0.0.1:60288 ! R:localhost/127.0.0.1:60280]
[DEBUG] Closed 1 connections out of 5 in 0 ms
[DEBUG] Using new Channel '[id: 0xcbd4e7dd, L:/127.0.0.1:60305 - R:localhost/127.0.0.1:28068]' for 'POST' to '/session'
[DEBUG] Entry count for : http://localhost:12545 : 1
[DEBUG] Entry count for : http://localhost:9759 : 1
[DEBUG] Entry count for : http://localhost:6932 : 1
[DEBUG] Entry count for : http://localhost:1118 : 1
[DEBUG] Entry count for : http://localhost:12545 : 1
[DEBUG] Entry count for : http://localhost:9759 : 1
[DEBUG] Entry count for : http://localhost:6932 : 1
[DEBUG] Entry count for : http://localhost:1118 : 1
[DEBUG] 

Request DefaultHttpRequest(decodeResult: success, version: HTTP/1.1)
POST /session HTTP/1.1
User-Agent: selenium/4.8.3 (java windows)
Content-Length: 439
Content-Type: application/json; charset=utf-8
host: localhost:28068
accept: */*

Response DefaultHttpResponse(decodeResult: success, version: HTTP/1.1)
HTTP/1.1 200 OK
Content-Length: 860
Content-Type: application/json; charset=utf-8
cache-control: no-cache

[DEBUG] Adding key: http://localhost:28068 for channel [id: 0xcbd4e7dd, L:/127.0.0.1:60305 - R:localhost/127.0.0.1:28068]
[DEBUG] Using new Channel '[id: 0xab18949b, L:/127.0.0.1:60316 - R:localhost/127.0.0.1:60307]' for 'GET' to '/json/version'
[DEBUG] 

Request DefaultFullHttpRequest(decodeResult: success, version: HTTP/1.1, content: EmptyByteBufBE)
GET /json/version HTTP/1.1
User-Agent: selenium/4.8.3 (java windows)
host: localhost:60307
accept: */*

Response DefaultHttpResponse(decodeResult: success, version: HTTP/1.1)
HTTP/1.1 200 OK
Content-Security-Policy: frame-ancestors 'none'
Content-Length: 424
Content-Type: application/json; charset=UTF-8

[DEBUG] Adding key: http://localhost:60307 for channel [id: 0xab18949b, L:/127.0.0.1:60316 - R:localhost/127.0.0.1:60307]
[DEBUG] Using new Channel '[id: 0x16448bed, L:/127.0.0.1:60317 - R:localhost/127.0.0.1:60307]' for 'GET' to '/devtools/browser/4c68d42f-f290-4d04-9975-9d337f5cd476'
[DEBUG] 

Request DefaultFullHttpRequest(decodeResult: success, version: HTTP/1.1, content: EmptyByteBufBE)
GET /devtools/browser/4c68d42f-f290-4d04-9975-9d337f5cd476 HTTP/1.1
upgrade: websocket
connection: upgrade
sec-websocket-key: z9utKX4uCIC8ceVowtIYug==
sec-websocket-version: 13
origin: http://localhost:60307
host: localhost:60307
accept: */*
user-agent: AHC/2.1

Response DefaultHttpResponse(decodeResult: success, version: HTTP/1.1)
HTTP/1.1 101 WebSocket Protocol Handshake
Upgrade: WebSocket
Connection: Upgrade
Sec-WebSocket-Accept: lsNDgEiyCvVm7UdKr6MHkcK5RQg=

[DEBUG] Using pooled Channel '[id: 0xcbd4e7dd, L:/127.0.0.1:60305 - R:localhost/127.0.0.1:28068]' for 'POST' to 'http://localhost:28068/session/d6dd90de1a90f3926fc86800f47293c2/window/maximize'
[DEBUG] Using open Channel [id: 0xcbd4e7dd, L:/127.0.0.1:60305 - R:localhost/127.0.0.1:28068] for POST '/session/d6dd90de1a90f3926fc86800f47293c2/window/maximize'
[DEBUG] 

Request DefaultHttpRequest(decodeResult: success, version: HTTP/1.1)
POST /session/d6dd90de1a90f3926fc86800f47293c2/window/maximize HTTP/1.1
User-Agent: selenium/4.8.3 (java windows)
Content-Length: 3
Content-Type: application/json; charset=utf-8
host: localhost:28068
accept: */*

Response DefaultHttpResponse(decodeResult: success, version: HTTP/1.1)
HTTP/1.1 200 OK
Content-Length: 51
Content-Type: application/json; charset=utf-8
cache-control: no-cache

[DEBUG] Adding key: http://localhost:28068 for channel [id: 0xcbd4e7dd, L:/127.0.0.1:60305 - R:localhost/127.0.0.1:28068]
[DEBUG] Using pooled Channel '[id: 0xcbd4e7dd, L:/127.0.0.1:60305 - R:localhost/127.0.0.1:28068]' for 'POST' to 'http://localhost:28068/session/d6dd90de1a90f3926fc86800f47293c2/url'
[DEBUG] Using open Channel [id: 0xcbd4e7dd, L:/127.0.0.1:60305 - R:localhost/127.0.0.1:28068] for POST '/session/d6dd90de1a90f3926fc86800f47293c2/url'
[DEBUG] Entry count for : http://localhost:12545 : 1
[DEBUG] Entry count for : http://localhost:9759 : 1
[DEBUG] Entry count for : http://localhost:6932 : 1
[DEBUG] Entry count for : http://localhost:60307 : 1
[DEBUG] Entry count for : http://localhost:1118 : 1
[DEBUG] Adding Candidate expired Channel [id: 0xab8de65e, L:/127.0.0.1:60124 - R:localhost/127.0.0.1:6932] isIdleTimeoutExpired=true isRemotelyClosed=false isTtlExpired=false
[DEBUG] Closing Idle Channel [id: 0xab8de65e, L:/127.0.0.1:60124 - R:localhost/127.0.0.1:6932]
[DEBUG] Closed 1 connections out of 5 in 0 ms
[DEBUG] Channel Closed: [id: 0xab8de65e, L:/127.0.0.1:60124 ! R:localhost/127.0.0.1:6932] with attribute DISCARD
[DEBUG] Channel Closed: [id: 0xab18949b, L:/127.0.0.1:60316 ! R:localhost/127.0.0.1:60307] with attribute DISCARD
[DEBUG] Channel Closed: [id: 0x16448bed, L:/127.0.0.1:60317 ! R:localhost/127.0.0.1:60307] with attribute NettyResponseFuture{currentRetry=0,
	isDone=1,
	isCancelled=0,
	asyncHandler=org.asynchttpclient.ws.WebSocketUpgradeHandler@4e11578a,
	nettyRequest=org.asynchttpclient.netty.request.NettyRequest@5087ff05,
	future=java.util.concurrent.CompletableFuture@5535c687[Completed normally],
	uri=ws://localhost:60307/devtools/browser/4c68d42f-f290-4d04-9975-9d337f5cd476,
	keepAlive=true,
	redirectCount=0,
	timeoutsHolder=null,
	inAuth=0,
	touch=1682428511715}
[DEBUG] Closing Channel [id: 0x16448bed, L:/127.0.0.1:60317 ! R:localhost/127.0.0.1:60307] 
[DEBUG] Entry count for : http://localhost:12545 : 1
[DEBUG] Entry count for : http://localhost:9759 : 1
[DEBUG] Entry count for : http://localhost:60307 : 1
[DEBUG] Entry count for : http://localhost:1118 : 1
[DEBUG] Adding Candidate expired Channel [id: 0xab18949b, L:/127.0.0.1:60316 ! R:localhost/127.0.0.1:60307] isIdleTimeoutExpired=false isRemotelyClosed=true isTtlExpired=false
[DEBUG] Closing Idle Channel [id: 0xab18949b, L:/127.0.0.1:60316 ! R:localhost/127.0.0.1:60307]
[DEBUG] Closed 1 connections out of 4 in 0 ms
[DEBUG] Entry count for : http://localhost:12545 : 1
[DEBUG] Entry count for : http://localhost:9759 : 1
[DEBUG] Entry count for : http://localhost:1118 : 1
[DEBUG] Entry count for : http://localhost:12545 : 1
[DEBUG] Entry count for : http://localhost:9759 : 1
[DEBUG] Entry count for : http://localhost:1118 : 1
[DEBUG] Entry count for : http://localhost:12545 : 1
[DEBUG] Entry count for : http://localhost:9759 : 1
[DEBUG] Entry count for : http://localhost:1118 : 1
[DEBUG] Unexpected I/O exception on channel [id: 0xcbd4e7dd, L:/127.0.0.1:60305 - R:localhost/127.0.0.1:28068]
java.io.IOException: An existing connection was forcibly closed by the remote host
	at sun.nio.ch.SocketDispatcher.read0(Native Method) ~[na:1.8.0_351]
	at sun.nio.ch.SocketDispatcher.read(SocketDispatcher.java:43) ~[na:1.8.0_351]
	at sun.nio.ch.IOUtil.readIntoNativeBuffer(IOUtil.java:223) ~[na:1.8.0_351]
	at sun.nio.ch.IOUtil.read(IOUtil.java:192) ~[na:1.8.0_351]
	at sun.nio.ch.SocketChannelImpl.read(SocketChannelImpl.java:378) ~[na:1.8.0_351]
	at io.netty.buffer.PooledByteBuf.setBytes(PooledByteBuf.java:256) ~[netty-buffer-4.1.90.Final.jar:4.1.90.Final]
	at io.netty.buffer.AbstractByteBuf.writeBytes(AbstractByteBuf.java:1132) ~[netty-buffer-4.1.90.Final.jar:4.1.90.Final]
	at io.netty.channel.socket.nio.NioSocketChannel.doReadBytes(NioSocketChannel.java:357) ~[netty-transport-4.1.90.Final.jar:4.1.90.Final]
	at io.netty.channel.nio.AbstractNioByteChannel$NioByteUnsafe.read(AbstractNioByteChannel.java:151) ~[netty-transport-4.1.90.Final.jar:4.1.90.Final]
	at io.netty.channel.nio.NioEventLoop.processSelectedKey(NioEventLoop.java:788) [netty-transport-4.1.90.Final.jar:4.1.90.Final]
	at io.netty.channel.nio.NioEventLoop.processSelectedKeysOptimized(NioEventLoop.java:724) [netty-transport-4.1.90.Final.jar:4.1.90.Final]
	at io.netty.channel.nio.NioEventLoop.processSelectedKeys(NioEventLoop.java:650) [netty-transport-4.1.90.Final.jar:4.1.90.Final]
	at io.netty.channel.nio.NioEventLoop.run(NioEventLoop.java:562) [netty-transport-4.1.90.Final.jar:4.1.90.Final]
	at io.netty.util.concurrent.SingleThreadEventExecutor$4.run(SingleThreadEventExecutor.java:997) [netty-common-4.1.90.Final.jar:4.1.90.Final]
	at io.netty.util.internal.ThreadExecutorMap$2.run(ThreadExecutorMap.java:74) [netty-common-4.1.90.Final.jar:4.1.90.Final]
	at io.netty.util.concurrent.FastThreadLocalRunnable.run(FastThreadLocalRunnable.java:30) [netty-common-4.1.90.Final.jar:4.1.90.Final]
	at java.lang.Thread.run(Thread.java:750) [na:1.8.0_351]
[DEBUG] Trying to recover from dead Channel: [id: 0xcbd4e7dd, L:/127.0.0.1:60305 - R:localhost/127.0.0.1:28068]
[DEBUG] Channel Closed: [id: 0xcbd4e7dd, L:/127.0.0.1:60305 ! R:localhost/127.0.0.1:28068] with attribute NettyResponseFuture{currentRetry=0,
	isDone=0,
	isCancelled=0,
	asyncHandler=org.asynchttpclient.AsyncCompletionHandlerBase@7a957690,
	nettyRequest=org.asynchttpclient.netty.request.NettyRequest@72dd53f2,
	future=java.util.concurrent.CompletableFuture@58188d7c[Not completed, 1 dependents],
	uri=http://localhost:28068/session/d6dd90de1a90f3926fc86800f47293c2/url,
	keepAlive=true,
	redirectCount=0,
	timeoutsHolder=org.asynchttpclient.netty.timeout.TimeoutsHolder@34ba7e75,
	inAuth=0,
	touch=1682428517388}
[DEBUG] Aborting Future NettyResponseFuture{currentRetry=0,
	isDone=0,
	isCancelled=0,
	asyncHandler=org.asynchttpclient.AsyncCompletionHandlerBase@7a957690,
	nettyRequest=org.asynchttpclient.netty.request.NettyRequest@72dd53f2,
	future=java.util.concurrent.CompletableFuture@58188d7c[Not completed, 1 dependents],
	uri=http://localhost:28068/session/d6dd90de1a90f3926fc86800f47293c2/url,
	keepAlive=true,
	redirectCount=0,
	timeoutsHolder=org.asynchttpclient.netty.timeout.TimeoutsHolder@34ba7e75,
	inAuth=0,
	touch=1682428517389}

[DEBUG] An existing connection was forcibly closed by the remote host
java.io.IOException: An existing connection was forcibly closed by the remote host
	at sun.nio.ch.SocketDispatcher.read0(Native Method) ~[na:1.8.0_351]
	at sun.nio.ch.SocketDispatcher.read(SocketDispatcher.java:43) ~[na:1.8.0_351]
	at sun.nio.ch.IOUtil.readIntoNativeBuffer(IOUtil.java:223) ~[na:1.8.0_351]
	at sun.nio.ch.IOUtil.read(IOUtil.java:192) ~[na:1.8.0_351]
	at sun.nio.ch.SocketChannelImpl.read(SocketChannelImpl.java:378) ~[na:1.8.0_351]
	at io.netty.buffer.PooledByteBuf.setBytes(PooledByteBuf.java:256) ~[netty-buffer-4.1.90.Final.jar:4.1.90.Final]
	at io.netty.buffer.AbstractByteBuf.writeBytes(AbstractByteBuf.java:1132) ~[netty-buffer-4.1.90.Final.jar:4.1.90.Final]
	at io.netty.channel.socket.nio.NioSocketChannel.doReadBytes(NioSocketChannel.java:357) ~[netty-transport-4.1.90.Final.jar:4.1.90.Final]
	at io.netty.channel.nio.AbstractNioByteChannel$NioByteUnsafe.read(AbstractNioByteChannel.java:151) ~[netty-transport-4.1.90.Final.jar:4.1.90.Final]
	at io.netty.channel.nio.NioEventLoop.processSelectedKey(NioEventLoop.java:788) ~[netty-transport-4.1.90.Final.jar:4.1.90.Final]
	at io.netty.channel.nio.NioEventLoop.processSelectedKeysOptimized(NioEventLoop.java:724) ~[netty-transport-4.1.90.Final.jar:4.1.90.Final]
	at io.netty.channel.nio.NioEventLoop.processSelectedKeys(NioEventLoop.java:650) ~[netty-transport-4.1.90.Final.jar:4.1.90.Final]
	at io.netty.channel.nio.NioEventLoop.run(NioEventLoop.java:562) ~[netty-transport-4.1.90.Final.jar:4.1.90.Final]
	at io.netty.util.concurrent.SingleThreadEventExecutor$4.run(SingleThreadEventExecutor.java:997) [netty-common-4.1.90.Final.jar:4.1.90.Final]
	at io.netty.util.internal.ThreadExecutorMap$2.run(ThreadExecutorMap.java:74) [netty-common-4.1.90.Final.jar:4.1.90.Final]
	at io.netty.util.concurrent.FastThreadLocalRunnable.run(FastThreadLocalRunnable.java:30) [netty-common-4.1.90.Final.jar:4.1.90.Final]
	at java.lang.Thread.run(Thread.java:750) [na:1.8.0_351]
[DEBUG] An existing connection was forcibly closed by the remote host
java.io.IOException: An existing connection was forcibly closed by the remote host
	at sun.nio.ch.SocketDispatcher.read0(Native Method) ~[na:1.8.0_351]
	at sun.nio.ch.SocketDispatcher.read(SocketDispatcher.java:43) ~[na:1.8.0_351]
	at sun.nio.ch.IOUtil.readIntoNativeBuffer(IOUtil.java:223) ~[na:1.8.0_351]
	at sun.nio.ch.IOUtil.read(IOUtil.java:192) ~[na:1.8.0_351]
	at sun.nio.ch.SocketChannelImpl.read(SocketChannelImpl.java:378) ~[na:1.8.0_351]
	at io.netty.buffer.PooledByteBuf.setBytes(PooledByteBuf.java:256) ~[netty-buffer-4.1.90.Final.jar:4.1.90.Final]
	at io.netty.buffer.AbstractByteBuf.writeBytes(AbstractByteBuf.java:1132) ~[netty-buffer-4.1.90.Final.jar:4.1.90.Final]
	at io.netty.channel.socket.nio.NioSocketChannel.doReadBytes(NioSocketChannel.java:357) ~[netty-transport-4.1.90.Final.jar:4.1.90.Final]
	at io.netty.channel.nio.AbstractNioByteChannel$NioByteUnsafe.read(AbstractNioByteChannel.java:151) ~[netty-transport-4.1.90.Final.jar:4.1.90.Final]
	at io.netty.channel.nio.NioEventLoop.processSelectedKey(NioEventLoop.java:788) ~[netty-transport-4.1.90.Final.jar:4.1.90.Final]
	at io.netty.channel.nio.NioEventLoop.processSelectedKeysOptimized(NioEventLoop.java:724) ~[netty-transport-4.1.90.Final.jar:4.1.90.Final]
	at io.netty.channel.nio.NioEventLoop.processSelectedKeys(NioEventLoop.java:650) ~[netty-transport-4.1.90.Final.jar:4.1.90.Final]
	at io.netty.channel.nio.NioEventLoop.run(NioEventLoop.java:562) ~[netty-transport-4.1.90.Final.jar:4.1.90.Final]
	at io.netty.util.concurrent.SingleThreadEventExecutor$4.run(SingleThreadEventExecutor.java:997) [netty-common-4.1.90.Final.jar:4.1.90.Final]
	at io.netty.util.internal.ThreadExecutorMap$2.run(ThreadExecutorMap.java:74) [netty-common-4.1.90.Final.jar:4.1.90.Final]
	at io.netty.util.concurrent.FastThreadLocalRunnable.run(FastThreadLocalRunnable.java:30) [netty-common-4.1.90.Final.jar:4.1.90.Final]
	at java.lang.Thread.run(Thread.java:750) [na:1.8.0_351]
loginRediffTestfailed
]]></system-out>
    <system-err><![CDATA[Starting ChromeDriver 112.0.5615.49 (bd2a7bcb881c11e8cfe3078709382934e3916914-refs/branch-heads/5615@{#936}) on port 28068
Only local connections are allowed.
Please see https://chromedriver.chromium.org/security-considerations for suggestions on keeping ChromeDriver safe.
ChromeDriver was started successfully.
Apr 25, 2023 9:15:11 AM org.openqa.selenium.devtools.CdpVersionFinder findNearestMatch
WARNING: Unable to find an exact match for CDP version 112, so returning the closest version found: 111
[1682428513.239][WARNING]: Processing messages while being disconnected
]]></system-err>
  </testcase>
  <testcase name="loginRediffTest[seleniumpanda1@rediffmail.com, Selenium@123](2)" classname="com.automationcode_2nd_April_2023.Rediff_DataDriven" time="4.335">
    <failure message="Error communicating with the remote browser. It may have died.&#10;Build info: version: &apos;4.8.3&apos;, revision: &apos;e5e76298c3&apos;&#10;System info: os.name: &apos;Windows 11&apos;, os.arch: &apos;amd64&apos;, os.version: &apos;10.0&apos;, java.version: &apos;1.8.0_351&apos;&#10;Driver info: org.openqa.selenium.chrome.ChromeDriver&#10;Command: [1652f3bf53c682cbadab5c5547dc149b, get {url=https://mail.rediff.com/cgi-bin/login.cgi}]&#10;Capabilities {acceptInsecureCerts: false, browserName: chrome, browserVersion: 112.0.5615.138, chrome: {chromedriverVersion: 112.0.5615.49 (bd2a7bcb881c..., userDataDir: C:\Users\Dennis\AppData\Loc...}, goog:chromeOptions: {debuggerAddress: localhost:60323}, networkConnectionEnabled: false, pageLoadStrategy: normal, platformName: WINDOWS, proxy: Proxy(), se:cdp: ws://localhost:60323/devtoo..., se:cdpVersion: 112.0.5615.138, setWindowRect: true, strictFileInteractability: false, timeouts: {implicit: 0, pageLoad: 300000, script: 30000}, unhandledPromptBehavior: dismiss and notify, webauthn:extension:credBlob: true, webauthn:extension:largeBlob: true, webauthn:extension:minPinLength: true, webauthn:extension:prf: true, webauthn:virtualAuthenticators: true}&#10;Session ID: 1652f3bf53c682cbadab5c5547dc149b" type="org.openqa.selenium.remote.UnreachableBrowserException"><![CDATA[org.openqa.selenium.remote.UnreachableBrowserException: 
Error communicating with the remote browser. It may have died.
Build info: version: '4.8.3', revision: 'e5e76298c3'
System info: os.name: 'Windows 11', os.arch: 'amd64', os.version: '10.0', java.version: '1.8.0_351'
Driver info: org.openqa.selenium.chrome.ChromeDriver
Command: [1652f3bf53c682cbadab5c5547dc149b, get {url=https://mail.rediff.com/cgi-bin/login.cgi}]
Capabilities {acceptInsecureCerts: false, browserName: chrome, browserVersion: 112.0.5615.138, chrome: {chromedriverVersion: 112.0.5615.49 (bd2a7bcb881c..., userDataDir: C:\Users\Dennis\AppData\Loc...}, goog:chromeOptions: {debuggerAddress: localhost:60323}, networkConnectionEnabled: false, pageLoadStrategy: normal, platformName: WINDOWS, proxy: Proxy(), se:cdp: ws://localhost:60323/devtoo..., se:cdpVersion: 112.0.5615.138, setWindowRect: true, strictFileInteractability: false, timeouts: {implicit: 0, pageLoad: 300000, script: 30000}, unhandledPromptBehavior: dismiss and notify, webauthn:extension:credBlob: true, webauthn:extension:largeBlob: true, webauthn:extension:minPinLength: true, webauthn:extension:prf: true, webauthn:virtualAuthenticators: true}
Session ID: 1652f3bf53c682cbadab5c5547dc149b
	at org.openqa.selenium.remote.RemoteWebDriver.execute(RemoteWebDriver.java:567)
	at org.openqa.selenium.remote.RemoteWebDriver.get(RemoteWebDriver.java:297)
	at com.automationcode_2nd_April_2023.Rediff_DataDriven.loginRediffTest(Rediff_DataDriven.java:17)
	at sun.reflect.NativeMethodAccessorImpl.invoke0(Native Method)
	at sun.reflect.NativeMethodAccessorImpl.invoke(NativeMethodAccessorImpl.java:62)
	at sun.reflect.DelegatingMethodAccessorImpl.invoke(DelegatingMethodAccessorImpl.java:43)
	at java.lang.reflect.Method.invoke(Method.java:498)
	at org.testng.internal.MethodInvocationHelper.invokeMethod(MethodInvocationHelper.java:124)
	at org.testng.internal.Invoker.invokeMethod(Invoker.java:583)
	at org.testng.internal.Invoker.invokeTestMethod(Invoker.java:719)
	at org.testng.internal.Invoker.invokeTestMethods(Invoker.java:989)
	at org.testng.internal.TestMethodWorker.invokeTestMethods(TestMethodWorker.java:125)
	at org.testng.internal.TestMethodWorker.run(TestMethodWorker.java:109)
	at org.testng.TestRunner.privateRun(TestRunner.java:648)
	at org.testng.TestRunner.run(TestRunner.java:505)
	at org.testng.SuiteRunner.runTest(SuiteRunner.java:455)
	at org.testng.SuiteRunner.runSequentially(SuiteRunner.java:450)
	at org.testng.SuiteRunner.privateRun(SuiteRunner.java:415)
	at org.testng.SuiteRunner.run(SuiteRunner.java:364)
	at org.testng.SuiteRunnerWorker.runSuite(SuiteRunnerWorker.java:52)
	at org.testng.SuiteRunnerWorker.run(SuiteRunnerWorker.java:84)
	at org.testng.TestNG.runSuitesSequentially(TestNG.java:1208)
	at org.testng.TestNG.runSuitesLocally(TestNG.java:1137)
	at org.testng.TestNG.runSuites(TestNG.java:1049)
	at org.testng.TestNG.run(TestNG.java:1017)
	at org.apache.maven.surefire.testng.TestNGExecutor.run(TestNGExecutor.java:324)
	at org.apache.maven.surefire.testng.TestNGXmlTestSuite.execute(TestNGXmlTestSuite.java:74)
	at org.apache.maven.surefire.testng.TestNGProvider.invoke(TestNGProvider.java:123)
	at org.apache.maven.surefire.booter.ForkedBooter.runSuitesInProcess(ForkedBooter.java:456)
	at org.apache.maven.surefire.booter.ForkedBooter.execute(ForkedBooter.java:169)
	at org.apache.maven.surefire.booter.ForkedBooter.run(ForkedBooter.java:595)
	at org.apache.maven.surefire.booter.ForkedBooter.main(ForkedBooter.java:581)
Caused by: java.io.UncheckedIOException: java.io.IOException: An existing connection was forcibly closed by the remote host
	at org.openqa.selenium.remote.http.netty.NettyHttpHandler.makeCall(NettyHttpHandler.java:73)
	at org.openqa.selenium.remote.http.AddSeleniumUserAgent.lambda$apply$0(AddSeleniumUserAgent.java:42)
	at org.openqa.selenium.remote.http.Filter.lambda$andFinally$1(Filter.java:56)
	at org.openqa.selenium.remote.http.netty.NettyHttpHandler.execute(NettyHttpHandler.java:49)
	at org.openqa.selenium.remote.http.AddSeleniumUserAgent.lambda$apply$0(AddSeleniumUserAgent.java:42)
	at org.openqa.selenium.remote.http.Filter.lambda$andFinally$1(Filter.java:56)
	at org.openqa.selenium.remote.http.netty.NettyClient.execute(NettyClient.java:99)
	at org.openqa.selenium.remote.HttpCommandExecutor.execute(HttpCommandExecutor.java:190)
	at org.openqa.selenium.remote.service.DriverCommandExecutor.invokeExecute(DriverCommandExecutor.java:183)
	at org.openqa.selenium.remote.service.DriverCommandExecutor.execute(DriverCommandExecutor.java:158)
	at org.openqa.selenium.remote.RemoteWebDriver.execute(RemoteWebDriver.java:543)
	... 31 more
Caused by: java.io.IOException: An existing connection was forcibly closed by the remote host
	at sun.nio.ch.SocketDispatcher.read0(Native Method)
	at sun.nio.ch.SocketDispatcher.read(SocketDispatcher.java:43)
	at sun.nio.ch.IOUtil.readIntoNativeBuffer(IOUtil.java:223)
	at sun.nio.ch.IOUtil.read(IOUtil.java:192)
	at sun.nio.ch.SocketChannelImpl.read(SocketChannelImpl.java:378)
	at io.netty.buffer.PooledByteBuf.setBytes(PooledByteBuf.java:256)
	at io.netty.buffer.AbstractByteBuf.writeBytes(AbstractByteBuf.java:1132)
	at io.netty.channel.socket.nio.NioSocketChannel.doReadBytes(NioSocketChannel.java:357)
	at io.netty.channel.nio.AbstractNioByteChannel$NioByteUnsafe.read(AbstractNioByteChannel.java:151)
	at io.netty.channel.nio.NioEventLoop.processSelectedKey(NioEventLoop.java:788)
	at io.netty.channel.nio.NioEventLoop.processSelectedKeysOptimized(NioEventLoop.java:724)
	at io.netty.channel.nio.NioEventLoop.processSelectedKeys(NioEventLoop.java:650)
	at io.netty.channel.nio.NioEventLoop.run(NioEventLoop.java:562)
	at io.netty.util.concurrent.SingleThreadEventExecutor$4.run(SingleThreadEventExecutor.java:997)
	at io.netty.util.internal.ThreadExecutorMap$2.run(ThreadExecutorMap.java:74)
	at io.netty.util.concurrent.FastThreadLocalRunnable.run(FastThreadLocalRunnable.java:30)
	at java.lang.Thread.run(Thread.java:750)
]]></failure>
    <system-out><![CDATA[loginRediffTeststarting test
[DEBUG] Using new Channel '[id: 0x883870a7, L:/127.0.0.1:60322 - R:localhost/127.0.0.1:13165]' for 'POST' to '/session'
[DEBUG] Entry count for : http://localhost:12545 : 1
[DEBUG] Entry count for : http://localhost:9759 : 1
[DEBUG] Entry count for : http://localhost:1118 : 1
[DEBUG] 

Request DefaultHttpRequest(decodeResult: success, version: HTTP/1.1)
POST /session HTTP/1.1
User-Agent: selenium/4.8.3 (java windows)
Content-Length: 439
Content-Type: application/json; charset=utf-8
host: localhost:13165
accept: */*

Response DefaultHttpResponse(decodeResult: success, version: HTTP/1.1)
HTTP/1.1 200 OK
Content-Length: 860
Content-Type: application/json; charset=utf-8
cache-control: no-cache

[DEBUG] Adding key: http://localhost:13165 for channel [id: 0x883870a7, L:/127.0.0.1:60322 - R:localhost/127.0.0.1:13165]
[DEBUG] Using new Channel '[id: 0x2de6d788, L:/127.0.0.1:60328 - R:localhost/127.0.0.1:60323]' for 'GET' to '/json/version'
[DEBUG] 

Request DefaultFullHttpRequest(decodeResult: success, version: HTTP/1.1, content: EmptyByteBufBE)
GET /json/version HTTP/1.1
User-Agent: selenium/4.8.3 (java windows)
host: localhost:60323
accept: */*

Response DefaultHttpResponse(decodeResult: success, version: HTTP/1.1)
HTTP/1.1 200 OK
Content-Security-Policy: frame-ancestors 'none'
Content-Length: 424
Content-Type: application/json; charset=UTF-8

[DEBUG] Adding key: http://localhost:60323 for channel [id: 0x2de6d788, L:/127.0.0.1:60328 - R:localhost/127.0.0.1:60323]
[DEBUG] Using new Channel '[id: 0x4229b3b8, L:/127.0.0.1:60329 - R:localhost/127.0.0.1:60323]' for 'GET' to '/devtools/browser/9de747eb-e6d4-4e7c-ab46-468bf991d1b8'
[DEBUG] 

Request DefaultFullHttpRequest(decodeResult: success, version: HTTP/1.1, content: EmptyByteBufBE)
GET /devtools/browser/9de747eb-e6d4-4e7c-ab46-468bf991d1b8 HTTP/1.1
upgrade: websocket
connection: upgrade
sec-websocket-key: aJmbsxzztdNR1UXxkQDvbw==
sec-websocket-version: 13
origin: http://localhost:60323
host: localhost:60323
accept: */*
user-agent: AHC/2.1

Response DefaultHttpResponse(decodeResult: success, version: HTTP/1.1)
HTTP/1.1 101 WebSocket Protocol Handshake
Upgrade: WebSocket
Connection: Upgrade
Sec-WebSocket-Accept: IZQ/j0d2C2FO1LZAilFI/1tdVU4=

[DEBUG] Using pooled Channel '[id: 0x883870a7, L:/127.0.0.1:60322 - R:localhost/127.0.0.1:13165]' for 'POST' to 'http://localhost:13165/session/1652f3bf53c682cbadab5c5547dc149b/window/maximize'
[DEBUG] Using open Channel [id: 0x883870a7, L:/127.0.0.1:60322 - R:localhost/127.0.0.1:13165] for POST '/session/1652f3bf53c682cbadab5c5547dc149b/window/maximize'
[DEBUG] 

Request DefaultHttpRequest(decodeResult: success, version: HTTP/1.1)
POST /session/1652f3bf53c682cbadab5c5547dc149b/window/maximize HTTP/1.1
User-Agent: selenium/4.8.3 (java windows)
Content-Length: 3
Content-Type: application/json; charset=utf-8
host: localhost:13165
accept: */*

Response DefaultHttpResponse(decodeResult: success, version: HTTP/1.1)
HTTP/1.1 200 OK
Content-Length: 51
Content-Type: application/json; charset=utf-8
cache-control: no-cache

[DEBUG] Adding key: http://localhost:13165 for channel [id: 0x883870a7, L:/127.0.0.1:60322 - R:localhost/127.0.0.1:13165]
[DEBUG] Using pooled Channel '[id: 0x883870a7, L:/127.0.0.1:60322 - R:localhost/127.0.0.1:13165]' for 'POST' to 'http://localhost:13165/session/1652f3bf53c682cbadab5c5547dc149b/url'
[DEBUG] Using open Channel [id: 0x883870a7, L:/127.0.0.1:60322 - R:localhost/127.0.0.1:13165] for POST '/session/1652f3bf53c682cbadab5c5547dc149b/url'
[DEBUG] Entry count for : http://localhost:12545 : 1
[DEBUG] Entry count for : http://localhost:9759 : 1
[DEBUG] Entry count for : http://localhost:1118 : 1
[DEBUG] Entry count for : http://localhost:60323 : 1
[DEBUG] Channel Closed: [id: 0x2de6d788, L:/127.0.0.1:60328 ! R:localhost/127.0.0.1:60323] with attribute DISCARD
[DEBUG] Channel Closed: [id: 0x4229b3b8, L:/127.0.0.1:60329 ! R:localhost/127.0.0.1:60323] with attribute NettyResponseFuture{currentRetry=0,
	isDone=1,
	isCancelled=0,
	asyncHandler=org.asynchttpclient.ws.WebSocketUpgradeHandler@28046520,
	nettyRequest=org.asynchttpclient.netty.request.NettyRequest@74a726ad,
	future=java.util.concurrent.CompletableFuture@6f79f507[Completed normally],
	uri=ws://localhost:60323/devtools/browser/9de747eb-e6d4-4e7c-ab46-468bf991d1b8,
	keepAlive=true,
	redirectCount=0,
	timeoutsHolder=null,
	inAuth=0,
	touch=1682428518459}
[DEBUG] Closing Channel [id: 0x4229b3b8, L:/127.0.0.1:60329 ! R:localhost/127.0.0.1:60323] 
[DEBUG] Entry count for : http://localhost:12545 : 1
[DEBUG] Entry count for : http://localhost:9759 : 1
[DEBUG] Entry count for : http://localhost:1118 : 1
[DEBUG] Entry count for : http://localhost:60323 : 1
[DEBUG] Adding Candidate expired Channel [id: 0x2de6d788, L:/127.0.0.1:60328 ! R:localhost/127.0.0.1:60323] isIdleTimeoutExpired=false isRemotelyClosed=true isTtlExpired=false
[DEBUG] Closing Idle Channel [id: 0x2de6d788, L:/127.0.0.1:60328 ! R:localhost/127.0.0.1:60323]
[DEBUG] Closed 1 connections out of 4 in 0 ms
[DEBUG] Entry count for : http://localhost:12545 : 1
[DEBUG] Entry count for : http://localhost:9759 : 1
[DEBUG] Entry count for : http://localhost:1118 : 1
[DEBUG] Unexpected I/O exception on channel [id: 0x883870a7, L:/127.0.0.1:60322 - R:localhost/127.0.0.1:13165]
java.io.IOException: An existing connection was forcibly closed by the remote host
	at sun.nio.ch.SocketDispatcher.read0(Native Method) ~[na:1.8.0_351]
	at sun.nio.ch.SocketDispatcher.read(SocketDispatcher.java:43) ~[na:1.8.0_351]
	at sun.nio.ch.IOUtil.readIntoNativeBuffer(IOUtil.java:223) ~[na:1.8.0_351]
	at sun.nio.ch.IOUtil.read(IOUtil.java:192) ~[na:1.8.0_351]
	at sun.nio.ch.SocketChannelImpl.read(SocketChannelImpl.java:378) ~[na:1.8.0_351]
	at io.netty.buffer.PooledByteBuf.setBytes(PooledByteBuf.java:256) ~[netty-buffer-4.1.90.Final.jar:4.1.90.Final]
	at io.netty.buffer.AbstractByteBuf.writeBytes(AbstractByteBuf.java:1132) ~[netty-buffer-4.1.90.Final.jar:4.1.90.Final]
	at io.netty.channel.socket.nio.NioSocketChannel.doReadBytes(NioSocketChannel.java:357) ~[netty-transport-4.1.90.Final.jar:4.1.90.Final]
	at io.netty.channel.nio.AbstractNioByteChannel$NioByteUnsafe.read(AbstractNioByteChannel.java:151) ~[netty-transport-4.1.90.Final.jar:4.1.90.Final]
	at io.netty.channel.nio.NioEventLoop.processSelectedKey(NioEventLoop.java:788) [netty-transport-4.1.90.Final.jar:4.1.90.Final]
	at io.netty.channel.nio.NioEventLoop.processSelectedKeysOptimized(NioEventLoop.java:724) [netty-transport-4.1.90.Final.jar:4.1.90.Final]
	at io.netty.channel.nio.NioEventLoop.processSelectedKeys(NioEventLoop.java:650) [netty-transport-4.1.90.Final.jar:4.1.90.Final]
	at io.netty.channel.nio.NioEventLoop.run(NioEventLoop.java:562) [netty-transport-4.1.90.Final.jar:4.1.90.Final]
	at io.netty.util.concurrent.SingleThreadEventExecutor$4.run(SingleThreadEventExecutor.java:997) [netty-common-4.1.90.Final.jar:4.1.90.Final]
	at io.netty.util.internal.ThreadExecutorMap$2.run(ThreadExecutorMap.java:74) [netty-common-4.1.90.Final.jar:4.1.90.Final]
	at io.netty.util.concurrent.FastThreadLocalRunnable.run(FastThreadLocalRunnable.java:30) [netty-common-4.1.90.Final.jar:4.1.90.Final]
	at java.lang.Thread.run(Thread.java:750) [na:1.8.0_351]
[DEBUG] Trying to recover from dead Channel: [id: 0x883870a7, L:/127.0.0.1:60322 - R:localhost/127.0.0.1:13165]
[DEBUG] Channel Closed: [id: 0x883870a7, L:/127.0.0.1:60322 ! R:localhost/127.0.0.1:13165] with attribute NettyResponseFuture{currentRetry=0,
	isDone=0,
	isCancelled=0,
	asyncHandler=org.asynchttpclient.AsyncCompletionHandlerBase@3ea3f914,
	nettyRequest=org.asynchttpclient.netty.request.NettyRequest@2d363fba,
	future=java.util.concurrent.CompletableFuture@1b200afe[Not completed, 1 dependents],
	uri=http://localhost:13165/session/1652f3bf53c682cbadab5c5547dc149b/url,
	keepAlive=true,
	redirectCount=0,
	timeoutsHolder=org.asynchttpclient.netty.timeout.TimeoutsHolder@5710eb82,
	inAuth=0,
	touch=1682428521719}
[DEBUG] Aborting Future NettyResponseFuture{currentRetry=0,
	isDone=0,
	isCancelled=0,
	asyncHandler=org.asynchttpclient.AsyncCompletionHandlerBase@3ea3f914,
	nettyRequest=org.asynchttpclient.netty.request.NettyRequest@2d363fba,
	future=java.util.concurrent.CompletableFuture@1b200afe[Not completed, 1 dependents],
	uri=http://localhost:13165/session/1652f3bf53c682cbadab5c5547dc149b/url,
	keepAlive=true,
	redirectCount=0,
	timeoutsHolder=org.asynchttpclient.netty.timeout.TimeoutsHolder@5710eb82,
	inAuth=0,
	touch=1682428521719}

[DEBUG] An existing connection was forcibly closed by the remote host
java.io.IOException: An existing connection was forcibly closed by the remote host
	at sun.nio.ch.SocketDispatcher.read0(Native Method) ~[na:1.8.0_351]
	at sun.nio.ch.SocketDispatcher.read(SocketDispatcher.java:43) ~[na:1.8.0_351]
	at sun.nio.ch.IOUtil.readIntoNativeBuffer(IOUtil.java:223) ~[na:1.8.0_351]
	at sun.nio.ch.IOUtil.read(IOUtil.java:192) ~[na:1.8.0_351]
	at sun.nio.ch.SocketChannelImpl.read(SocketChannelImpl.java:378) ~[na:1.8.0_351]
	at io.netty.buffer.PooledByteBuf.setBytes(PooledByteBuf.java:256) ~[netty-buffer-4.1.90.Final.jar:4.1.90.Final]
	at io.netty.buffer.AbstractByteBuf.writeBytes(AbstractByteBuf.java:1132) ~[netty-buffer-4.1.90.Final.jar:4.1.90.Final]
	at io.netty.channel.socket.nio.NioSocketChannel.doReadBytes(NioSocketChannel.java:357) ~[netty-transport-4.1.90.Final.jar:4.1.90.Final]
	at io.netty.channel.nio.AbstractNioByteChannel$NioByteUnsafe.read(AbstractNioByteChannel.java:151) ~[netty-transport-4.1.90.Final.jar:4.1.90.Final]
	at io.netty.channel.nio.NioEventLoop.processSelectedKey(NioEventLoop.java:788) ~[netty-transport-4.1.90.Final.jar:4.1.90.Final]
	at io.netty.channel.nio.NioEventLoop.processSelectedKeysOptimized(NioEventLoop.java:724) ~[netty-transport-4.1.90.Final.jar:4.1.90.Final]
	at io.netty.channel.nio.NioEventLoop.processSelectedKeys(NioEventLoop.java:650) ~[netty-transport-4.1.90.Final.jar:4.1.90.Final]
	at io.netty.channel.nio.NioEventLoop.run(NioEventLoop.java:562) ~[netty-transport-4.1.90.Final.jar:4.1.90.Final]
	at io.netty.util.concurrent.SingleThreadEventExecutor$4.run(SingleThreadEventExecutor.java:997) [netty-common-4.1.90.Final.jar:4.1.90.Final]
	at io.netty.util.internal.ThreadExecutorMap$2.run(ThreadExecutorMap.java:74) [netty-common-4.1.90.Final.jar:4.1.90.Final]
	at io.netty.util.concurrent.FastThreadLocalRunnable.run(FastThreadLocalRunnable.java:30) [netty-common-4.1.90.Final.jar:4.1.90.Final]
	at java.lang.Thread.run(Thread.java:750) [na:1.8.0_351]
[DEBUG] An existing connection was forcibly closed by the remote host
java.io.IOException: An existing connection was forcibly closed by the remote host
	at sun.nio.ch.SocketDispatcher.read0(Native Method) ~[na:1.8.0_351]
	at sun.nio.ch.SocketDispatcher.read(SocketDispatcher.java:43) ~[na:1.8.0_351]
	at sun.nio.ch.IOUtil.readIntoNativeBuffer(IOUtil.java:223) ~[na:1.8.0_351]
	at sun.nio.ch.IOUtil.read(IOUtil.java:192) ~[na:1.8.0_351]
	at sun.nio.ch.SocketChannelImpl.read(SocketChannelImpl.java:378) ~[na:1.8.0_351]
	at io.netty.buffer.PooledByteBuf.setBytes(PooledByteBuf.java:256) ~[netty-buffer-4.1.90.Final.jar:4.1.90.Final]
	at io.netty.buffer.AbstractByteBuf.writeBytes(AbstractByteBuf.java:1132) ~[netty-buffer-4.1.90.Final.jar:4.1.90.Final]
	at io.netty.channel.socket.nio.NioSocketChannel.doReadBytes(NioSocketChannel.java:357) ~[netty-transport-4.1.90.Final.jar:4.1.90.Final]
	at io.netty.channel.nio.AbstractNioByteChannel$NioByteUnsafe.read(AbstractNioByteChannel.java:151) ~[netty-transport-4.1.90.Final.jar:4.1.90.Final]
	at io.netty.channel.nio.NioEventLoop.processSelectedKey(NioEventLoop.java:788) ~[netty-transport-4.1.90.Final.jar:4.1.90.Final]
	at io.netty.channel.nio.NioEventLoop.processSelectedKeysOptimized(NioEventLoop.java:724) ~[netty-transport-4.1.90.Final.jar:4.1.90.Final]
	at io.netty.channel.nio.NioEventLoop.processSelectedKeys(NioEventLoop.java:650) ~[netty-transport-4.1.90.Final.jar:4.1.90.Final]
	at io.netty.channel.nio.NioEventLoop.run(NioEventLoop.java:562) ~[netty-transport-4.1.90.Final.jar:4.1.90.Final]
	at io.netty.util.concurrent.SingleThreadEventExecutor$4.run(SingleThreadEventExecutor.java:997) [netty-common-4.1.90.Final.jar:4.1.90.Final]
	at io.netty.util.internal.ThreadExecutorMap$2.run(ThreadExecutorMap.java:74) [netty-common-4.1.90.Final.jar:4.1.90.Final]
	at io.netty.util.concurrent.FastThreadLocalRunnable.run(FastThreadLocalRunnable.java:30) [netty-common-4.1.90.Final.jar:4.1.90.Final]
	at java.lang.Thread.run(Thread.java:750) [na:1.8.0_351]
loginRediffTestfailed
]]></system-out>
    <system-err><![CDATA[Starting ChromeDriver 112.0.5615.49 (bd2a7bcb881c11e8cfe3078709382934e3916914-refs/branch-heads/5615@{#936}) on port 13165
Only local connections are allowed.
Please see https://chromedriver.chromium.org/security-considerations for suggestions on keeping ChromeDriver safe.
ChromeDriver was started successfully.
Apr 25, 2023 9:15:18 AM org.openqa.selenium.devtools.CdpVersionFinder findNearestMatch
WARNING: Unable to find an exact match for CDP version 112, so returning the closest version found: 111
[1682428519.221][WARNING]: Processing messages while being disconnected
]]></system-err>
  </testcase>
  <testcase name="loginRediffTest[seleniumpanda2@rediffmail.com, Selenium@123](3)" classname="com.automationcode_2nd_April_2023.Rediff_DataDriven" time="7.71">
    <system-out><![CDATA[loginRediffTeststarting test
[DEBUG] Using new Channel '[id: 0x30063277, L:/127.0.0.1:60337 - R:localhost/127.0.0.1:32072]' for 'POST' to '/session'
[DEBUG] Entry count for : http://localhost:12545 : 1
[DEBUG] Entry count for : http://localhost:9759 : 1
[DEBUG] Entry count for : http://localhost:1118 : 1
[DEBUG] 

Request DefaultHttpRequest(decodeResult: success, version: HTTP/1.1)
POST /session HTTP/1.1
User-Agent: selenium/4.8.3 (java windows)
Content-Length: 439
Content-Type: application/json; charset=utf-8
host: localhost:32072
accept: */*

Response DefaultHttpResponse(decodeResult: success, version: HTTP/1.1)
HTTP/1.1 200 OK
Content-Length: 860
Content-Type: application/json; charset=utf-8
cache-control: no-cache

[DEBUG] Adding key: http://localhost:32072 for channel [id: 0x30063277, L:/127.0.0.1:60337 - R:localhost/127.0.0.1:32072]
[DEBUG] Using new Channel '[id: 0x7d914f1a, L:/127.0.0.1:60343 - R:localhost/127.0.0.1:60338]' for 'GET' to '/json/version'
[DEBUG] 

Request DefaultFullHttpRequest(decodeResult: success, version: HTTP/1.1, content: EmptyByteBufBE)
GET /json/version HTTP/1.1
User-Agent: selenium/4.8.3 (java windows)
host: localhost:60338
accept: */*

Response DefaultHttpResponse(decodeResult: success, version: HTTP/1.1)
HTTP/1.1 200 OK
Content-Security-Policy: frame-ancestors 'none'
Content-Length: 424
Content-Type: application/json; charset=UTF-8

[DEBUG] Adding key: http://localhost:60338 for channel [id: 0x7d914f1a, L:/127.0.0.1:60343 - R:localhost/127.0.0.1:60338]
[DEBUG] Using new Channel '[id: 0xe8ee631f, L:/127.0.0.1:60344 - R:localhost/127.0.0.1:60338]' for 'GET' to '/devtools/browser/7ac8902e-3b35-4918-93c9-5620263cb267'
[DEBUG] 

Request DefaultFullHttpRequest(decodeResult: success, version: HTTP/1.1, content: EmptyByteBufBE)
GET /devtools/browser/7ac8902e-3b35-4918-93c9-5620263cb267 HTTP/1.1
upgrade: websocket
connection: upgrade
sec-websocket-key: k4DwrDSJY1snrbfbAOy18A==
sec-websocket-version: 13
origin: http://localhost:60338
host: localhost:60338
accept: */*
user-agent: AHC/2.1

Response DefaultHttpResponse(decodeResult: success, version: HTTP/1.1)
HTTP/1.1 101 WebSocket Protocol Handshake
Upgrade: WebSocket
Connection: Upgrade
Sec-WebSocket-Accept: mTqSAvqxwlsZGdXOqAk3svkYOyo=

[DEBUG] Using pooled Channel '[id: 0x30063277, L:/127.0.0.1:60337 - R:localhost/127.0.0.1:32072]' for 'POST' to 'http://localhost:32072/session/6f5028c5a71f8522f049578e2798f497/window/maximize'
[DEBUG] Using open Channel [id: 0x30063277, L:/127.0.0.1:60337 - R:localhost/127.0.0.1:32072] for POST '/session/6f5028c5a71f8522f049578e2798f497/window/maximize'
[DEBUG] 

Request DefaultHttpRequest(decodeResult: success, version: HTTP/1.1)
POST /session/6f5028c5a71f8522f049578e2798f497/window/maximize HTTP/1.1
User-Agent: selenium/4.8.3 (java windows)
Content-Length: 3
Content-Type: application/json; charset=utf-8
host: localhost:32072
accept: */*

Response DefaultHttpResponse(decodeResult: success, version: HTTP/1.1)
HTTP/1.1 200 OK
Content-Length: 51
Content-Type: application/json; charset=utf-8
cache-control: no-cache

[DEBUG] Adding key: http://localhost:32072 for channel [id: 0x30063277, L:/127.0.0.1:60337 - R:localhost/127.0.0.1:32072]
[DEBUG] Using pooled Channel '[id: 0x30063277, L:/127.0.0.1:60337 - R:localhost/127.0.0.1:32072]' for 'POST' to 'http://localhost:32072/session/6f5028c5a71f8522f049578e2798f497/url'
[DEBUG] Using open Channel [id: 0x30063277, L:/127.0.0.1:60337 - R:localhost/127.0.0.1:32072] for POST '/session/6f5028c5a71f8522f049578e2798f497/url'
[DEBUG] Entry count for : http://localhost:12545 : 1
[DEBUG] Entry count for : http://localhost:9759 : 1
[DEBUG] Entry count for : http://localhost:60338 : 1
[DEBUG] Entry count for : http://localhost:1118 : 1
[DEBUG] Entry count for : http://localhost:12545 : 1
[DEBUG] Entry count for : http://localhost:9759 : 1
[DEBUG] Entry count for : http://localhost:60338 : 1
[DEBUG] Entry count for : http://localhost:1118 : 1
[DEBUG] Entry count for : http://localhost:12545 : 1
[DEBUG] Entry count for : http://localhost:9759 : 1
[DEBUG] Entry count for : http://localhost:60338 : 1
[DEBUG] Entry count for : http://localhost:1118 : 1
[DEBUG] Entry count for : http://localhost:12545 : 1
[DEBUG] Entry count for : http://localhost:9759 : 1
[DEBUG] Entry count for : http://localhost:60338 : 1
[DEBUG] Entry count for : http://localhost:1118 : 1
[DEBUG] Adding Candidate expired Channel [id: 0x62b4eaf7, L:/127.0.0.1:60150 - R:localhost/127.0.0.1:12545] isIdleTimeoutExpired=true isRemotelyClosed=false isTtlExpired=false
[DEBUG] Closing Idle Channel [id: 0x62b4eaf7, L:/127.0.0.1:60150 - R:localhost/127.0.0.1:12545]
[DEBUG] Closed 1 connections out of 4 in 0 ms
[DEBUG] Channel Closed: [id: 0x62b4eaf7, L:/127.0.0.1:60150 ! R:localhost/127.0.0.1:12545] with attribute DISCARD
[DEBUG] Entry count for : http://localhost:9759 : 1
[DEBUG] Entry count for : http://localhost:60338 : 1
[DEBUG] Entry count for : http://localhost:1118 : 1
[DEBUG] 

Request DefaultHttpRequest(decodeResult: success, version: HTTP/1.1)
POST /session/6f5028c5a71f8522f049578e2798f497/url HTTP/1.1
User-Agent: selenium/4.8.3 (java windows)
Content-Length: 76
Content-Type: application/json; charset=utf-8
host: localhost:32072
accept: */*

Response DefaultHttpResponse(decodeResult: success, version: HTTP/1.1)
HTTP/1.1 200 OK
Content-Length: 14
Content-Type: application/json; charset=utf-8
cache-control: no-cache

[DEBUG] Adding key: http://localhost:32072 for channel [id: 0x30063277, L:/127.0.0.1:60337 - R:localhost/127.0.0.1:32072]
[DEBUG] Using pooled Channel '[id: 0x30063277, L:/127.0.0.1:60337 - R:localhost/127.0.0.1:32072]' for 'POST' to 'http://localhost:32072/session/6f5028c5a71f8522f049578e2798f497/element'
[DEBUG] Using open Channel [id: 0x30063277, L:/127.0.0.1:60337 - R:localhost/127.0.0.1:32072] for POST '/session/6f5028c5a71f8522f049578e2798f497/element'
[DEBUG] 

Request DefaultHttpRequest(decodeResult: success, version: HTTP/1.1)
POST /session/6f5028c5a71f8522f049578e2798f497/element HTTP/1.1
User-Agent: selenium/4.8.3 (java windows)
Content-Length: 68
Content-Type: application/json; charset=utf-8
host: localhost:32072
accept: */*

Response DefaultHttpResponse(decodeResult: success, version: HTTP/1.1)
HTTP/1.1 200 OK
Content-Length: 88
Content-Type: application/json; charset=utf-8
cache-control: no-cache

[DEBUG] Adding key: http://localhost:32072 for channel [id: 0x30063277, L:/127.0.0.1:60337 - R:localhost/127.0.0.1:32072]
[DEBUG] Using pooled Channel '[id: 0x30063277, L:/127.0.0.1:60337 - R:localhost/127.0.0.1:32072]' for 'POST' to 'http://localhost:32072/session/6f5028c5a71f8522f049578e2798f497/element/30432d11-cd12-4596-a17d-c434028a7ec2/value'
[DEBUG] Using open Channel [id: 0x30063277, L:/127.0.0.1:60337 - R:localhost/127.0.0.1:32072] for POST '/session/6f5028c5a71f8522f049578e2798f497/element/30432d11-cd12-4596-a17d-c434028a7ec2/value'
[DEBUG] 

Request DefaultHttpRequest(decodeResult: success, version: HTTP/1.1)
POST /session/6f5028c5a71f8522f049578e2798f497/element/30432d11-cd12-4596-a17d-c434028a7ec2/value HTTP/1.1
User-Agent: selenium/4.8.3 (java windows)
Content-Length: 371
Content-Type: application/json; charset=utf-8
host: localhost:32072
accept: */*

Response DefaultHttpResponse(decodeResult: success, version: HTTP/1.1)
HTTP/1.1 200 OK
Content-Length: 14
Content-Type: application/json; charset=utf-8
cache-control: no-cache

[DEBUG] Adding key: http://localhost:32072 for channel [id: 0x30063277, L:/127.0.0.1:60337 - R:localhost/127.0.0.1:32072]
[DEBUG] Using pooled Channel '[id: 0x30063277, L:/127.0.0.1:60337 - R:localhost/127.0.0.1:32072]' for 'POST' to 'http://localhost:32072/session/6f5028c5a71f8522f049578e2798f497/element'
[DEBUG] Using open Channel [id: 0x30063277, L:/127.0.0.1:60337 - R:localhost/127.0.0.1:32072] for POST '/session/6f5028c5a71f8522f049578e2798f497/element'
[DEBUG] 

Request DefaultHttpRequest(decodeResult: success, version: HTTP/1.1)
POST /session/6f5028c5a71f8522f049578e2798f497/element HTTP/1.1
User-Agent: selenium/4.8.3 (java windows)
Content-Length: 70
Content-Type: application/json; charset=utf-8
host: localhost:32072
accept: */*

Response DefaultHttpResponse(decodeResult: success, version: HTTP/1.1)
HTTP/1.1 200 OK
Content-Length: 88
Content-Type: application/json; charset=utf-8
cache-control: no-cache

[DEBUG] Adding key: http://localhost:32072 for channel [id: 0x30063277, L:/127.0.0.1:60337 - R:localhost/127.0.0.1:32072]
[DEBUG] Using pooled Channel '[id: 0x30063277, L:/127.0.0.1:60337 - R:localhost/127.0.0.1:32072]' for 'POST' to 'http://localhost:32072/session/6f5028c5a71f8522f049578e2798f497/element/ba98eb4a-0e84-4ba7-81ad-d1452ea340cf/value'
[DEBUG] Using open Channel [id: 0x30063277, L:/127.0.0.1:60337 - R:localhost/127.0.0.1:32072] for POST '/session/6f5028c5a71f8522f049578e2798f497/element/ba98eb4a-0e84-4ba7-81ad-d1452ea340cf/value'
[DEBUG] 

Request DefaultHttpRequest(decodeResult: success, version: HTTP/1.1)
POST /session/6f5028c5a71f8522f049578e2798f497/element/ba98eb4a-0e84-4ba7-81ad-d1452ea340cf/value HTTP/1.1
User-Agent: selenium/4.8.3 (java windows)
Content-Length: 201
Content-Type: application/json; charset=utf-8
host: localhost:32072
accept: */*

Response DefaultHttpResponse(decodeResult: success, version: HTTP/1.1)
HTTP/1.1 200 OK
Content-Length: 14
Content-Type: application/json; charset=utf-8
cache-control: no-cache

[DEBUG] Adding key: http://localhost:32072 for channel [id: 0x30063277, L:/127.0.0.1:60337 - R:localhost/127.0.0.1:32072]
[DEBUG] Using pooled Channel '[id: 0x30063277, L:/127.0.0.1:60337 - R:localhost/127.0.0.1:32072]' for 'POST' to 'http://localhost:32072/session/6f5028c5a71f8522f049578e2798f497/element'
[DEBUG] Using open Channel [id: 0x30063277, L:/127.0.0.1:60337 - R:localhost/127.0.0.1:32072] for POST '/session/6f5028c5a71f8522f049578e2798f497/element'
[DEBUG] 

Request DefaultHttpRequest(decodeResult: success, version: HTTP/1.1)
POST /session/6f5028c5a71f8522f049578e2798f497/element HTTP/1.1
User-Agent: selenium/4.8.3 (java windows)
Content-Length: 71
Content-Type: application/json; charset=utf-8
host: localhost:32072
accept: */*

Response DefaultHttpResponse(decodeResult: success, version: HTTP/1.1)
HTTP/1.1 200 OK
Content-Length: 88
Content-Type: application/json; charset=utf-8
cache-control: no-cache

[DEBUG] Adding key: http://localhost:32072 for channel [id: 0x30063277, L:/127.0.0.1:60337 - R:localhost/127.0.0.1:32072]
[DEBUG] Using pooled Channel '[id: 0x30063277, L:/127.0.0.1:60337 - R:localhost/127.0.0.1:32072]' for 'POST' to 'http://localhost:32072/session/6f5028c5a71f8522f049578e2798f497/element/43f9f444-9a0d-4a4a-838f-2de3abdf7462/click'
[DEBUG] Using open Channel [id: 0x30063277, L:/127.0.0.1:60337 - R:localhost/127.0.0.1:32072] for POST '/session/6f5028c5a71f8522f049578e2798f497/element/43f9f444-9a0d-4a4a-838f-2de3abdf7462/click'
[DEBUG] Entry count for : http://localhost:9759 : 1
[DEBUG] Entry count for : http://localhost:60338 : 1
[DEBUG] Entry count for : http://localhost:1118 : 1
[DEBUG] 

Request DefaultHttpRequest(decodeResult: success, version: HTTP/1.1)
POST /session/6f5028c5a71f8522f049578e2798f497/element/43f9f444-9a0d-4a4a-838f-2de3abdf7462/click HTTP/1.1
User-Agent: selenium/4.8.3 (java windows)
Content-Length: 50
Content-Type: application/json; charset=utf-8
host: localhost:32072
accept: */*

Response DefaultHttpResponse(decodeResult: success, version: HTTP/1.1)
HTTP/1.1 200 OK
Content-Length: 14
Content-Type: application/json; charset=utf-8
cache-control: no-cache

[DEBUG] Adding key: http://localhost:32072 for channel [id: 0x30063277, L:/127.0.0.1:60337 - R:localhost/127.0.0.1:32072]
loginRediffTestpassed
]]></system-out>
    <system-err><![CDATA[Starting ChromeDriver 112.0.5615.49 (bd2a7bcb881c11e8cfe3078709382934e3916914-refs/branch-heads/5615@{#936}) on port 32072
Only local connections are allowed.
Please see https://chromedriver.chromium.org/security-considerations for suggestions on keeping ChromeDriver safe.
ChromeDriver was started successfully.
Apr 25, 2023 9:15:22 AM org.openqa.selenium.devtools.CdpVersionFinder findNearestMatch
WARNING: Unable to find an exact match for CDP version 112, so returning the closest version found: 111
]]></system-err>
  </testcase>
  <testcase name="loginRediffTest[seleniumpanda845@rediffmail.com, Selenium@123](4)" classname="com.automationcode_2nd_April_2023.Rediff_DataDriven" time="16.193">
    <system-out><![CDATA[loginRediffTeststarting test
[DEBUG] Using new Channel '[id: 0xf3becb1b, L:/127.0.0.1:60375 - R:localhost/127.0.0.1:44016]' for 'POST' to '/session'
[DEBUG] Entry count for : http://localhost:9759 : 1
[DEBUG] Entry count for : http://localhost:32072 : 1
[DEBUG] Entry count for : http://localhost:60338 : 1
[DEBUG] Entry count for : http://localhost:1118 : 1
[DEBUG] 

Request DefaultHttpRequest(decodeResult: success, version: HTTP/1.1)
POST /session HTTP/1.1
User-Agent: selenium/4.8.3 (java windows)
Content-Length: 439
Content-Type: application/json; charset=utf-8
host: localhost:44016
accept: */*

Response DefaultHttpResponse(decodeResult: success, version: HTTP/1.1)
HTTP/1.1 200 OK
Content-Length: 860
Content-Type: application/json; charset=utf-8
cache-control: no-cache

[DEBUG] Adding key: http://localhost:44016 for channel [id: 0xf3becb1b, L:/127.0.0.1:60375 - R:localhost/127.0.0.1:44016]
[DEBUG] Using new Channel '[id: 0xdd1ec3f9, L:/127.0.0.1:60383 - R:localhost/127.0.0.1:60377]' for 'GET' to '/json/version'
[DEBUG] 

Request DefaultFullHttpRequest(decodeResult: success, version: HTTP/1.1, content: EmptyByteBufBE)
GET /json/version HTTP/1.1
User-Agent: selenium/4.8.3 (java windows)
host: localhost:60377
accept: */*

Response DefaultHttpResponse(decodeResult: success, version: HTTP/1.1)
HTTP/1.1 200 OK
Content-Security-Policy: frame-ancestors 'none'
Content-Length: 424
Content-Type: application/json; charset=UTF-8

[DEBUG] Adding key: http://localhost:60377 for channel [id: 0xdd1ec3f9, L:/127.0.0.1:60383 - R:localhost/127.0.0.1:60377]
[DEBUG] Using new Channel '[id: 0xe1bf44b4, L:/127.0.0.1:60384 - R:localhost/127.0.0.1:60377]' for 'GET' to '/devtools/browser/696a2b3f-a2a1-4181-9079-e2404c8693b4'
[DEBUG] 

Request DefaultFullHttpRequest(decodeResult: success, version: HTTP/1.1, content: EmptyByteBufBE)
GET /devtools/browser/696a2b3f-a2a1-4181-9079-e2404c8693b4 HTTP/1.1
upgrade: websocket
connection: upgrade
sec-websocket-key: EXuZwWmkQlcgJy68xGn0iw==
sec-websocket-version: 13
origin: http://localhost:60377
host: localhost:60377
accept: */*
user-agent: AHC/2.1

Response DefaultHttpResponse(decodeResult: success, version: HTTP/1.1)
HTTP/1.1 101 WebSocket Protocol Handshake
Upgrade: WebSocket
Connection: Upgrade
Sec-WebSocket-Accept: WQrWpfshkA1ux2KbZyDmWx1UHmc=

[DEBUG] Using pooled Channel '[id: 0xf3becb1b, L:/127.0.0.1:60375 - R:localhost/127.0.0.1:44016]' for 'POST' to 'http://localhost:44016/session/41ede5e21821d66aac2a98d45fab303a/window/maximize'
[DEBUG] Using open Channel [id: 0xf3becb1b, L:/127.0.0.1:60375 - R:localhost/127.0.0.1:44016] for POST '/session/41ede5e21821d66aac2a98d45fab303a/window/maximize'
[DEBUG] 

Request DefaultHttpRequest(decodeResult: success, version: HTTP/1.1)
POST /session/41ede5e21821d66aac2a98d45fab303a/window/maximize HTTP/1.1
User-Agent: selenium/4.8.3 (java windows)
Content-Length: 3
Content-Type: application/json; charset=utf-8
host: localhost:44016
accept: */*

Response DefaultHttpResponse(decodeResult: success, version: HTTP/1.1)
HTTP/1.1 200 OK
Content-Length: 51
Content-Type: application/json; charset=utf-8
cache-control: no-cache

[DEBUG] Adding key: http://localhost:44016 for channel [id: 0xf3becb1b, L:/127.0.0.1:60375 - R:localhost/127.0.0.1:44016]
[DEBUG] Using pooled Channel '[id: 0xf3becb1b, L:/127.0.0.1:60375 - R:localhost/127.0.0.1:44016]' for 'POST' to 'http://localhost:44016/session/41ede5e21821d66aac2a98d45fab303a/url'
[DEBUG] Using open Channel [id: 0xf3becb1b, L:/127.0.0.1:60375 - R:localhost/127.0.0.1:44016] for POST '/session/41ede5e21821d66aac2a98d45fab303a/url'
[DEBUG] Entry count for : http://localhost:9759 : 1
[DEBUG] Entry count for : http://localhost:32072 : 1
[DEBUG] Entry count for : http://localhost:60338 : 1
[DEBUG] Entry count for : http://localhost:60377 : 1
[DEBUG] Entry count for : http://localhost:1118 : 1
[DEBUG] Entry count for : http://localhost:9759 : 1
[DEBUG] Entry count for : http://localhost:32072 : 1
[DEBUG] Entry count for : http://localhost:60338 : 1
[DEBUG] Entry count for : http://localhost:60377 : 1
[DEBUG] Entry count for : http://localhost:1118 : 1
[DEBUG] Entry count for : http://localhost:9759 : 1
[DEBUG] Entry count for : http://localhost:32072 : 1
[DEBUG] Entry count for : http://localhost:60338 : 1
[DEBUG] Entry count for : http://localhost:60377 : 1
[DEBUG] Entry count for : http://localhost:1118 : 1
[DEBUG] Entry count for : http://localhost:9759 : 1
[DEBUG] Entry count for : http://localhost:32072 : 1
[DEBUG] Entry count for : http://localhost:60338 : 1
[DEBUG] Entry count for : http://localhost:60377 : 1
[DEBUG] Entry count for : http://localhost:1118 : 1
[DEBUG] Entry count for : http://localhost:9759 : 1
[DEBUG] Entry count for : http://localhost:32072 : 1
[DEBUG] Entry count for : http://localhost:60338 : 1
[DEBUG] Entry count for : http://localhost:60377 : 1
[DEBUG] Entry count for : http://localhost:1118 : 1
[DEBUG] 

Request DefaultHttpRequest(decodeResult: success, version: HTTP/1.1)
POST /session/41ede5e21821d66aac2a98d45fab303a/url HTTP/1.1
User-Agent: selenium/4.8.3 (java windows)
Content-Length: 76
Content-Type: application/json; charset=utf-8
host: localhost:44016
accept: */*

Response DefaultHttpResponse(decodeResult: success, version: HTTP/1.1)
HTTP/1.1 200 OK
Content-Length: 14
Content-Type: application/json; charset=utf-8
cache-control: no-cache

[DEBUG] Adding key: http://localhost:44016 for channel [id: 0xf3becb1b, L:/127.0.0.1:60375 - R:localhost/127.0.0.1:44016]
[DEBUG] Using pooled Channel '[id: 0xf3becb1b, L:/127.0.0.1:60375 - R:localhost/127.0.0.1:44016]' for 'POST' to 'http://localhost:44016/session/41ede5e21821d66aac2a98d45fab303a/element'
[DEBUG] Using open Channel [id: 0xf3becb1b, L:/127.0.0.1:60375 - R:localhost/127.0.0.1:44016] for POST '/session/41ede5e21821d66aac2a98d45fab303a/element'
[DEBUG] 

Request DefaultHttpRequest(decodeResult: success, version: HTTP/1.1)
POST /session/41ede5e21821d66aac2a98d45fab303a/element HTTP/1.1
User-Agent: selenium/4.8.3 (java windows)
Content-Length: 68
Content-Type: application/json; charset=utf-8
host: localhost:44016
accept: */*

Response DefaultHttpResponse(decodeResult: success, version: HTTP/1.1)
HTTP/1.1 200 OK
Content-Length: 88
Content-Type: application/json; charset=utf-8
cache-control: no-cache

[DEBUG] Adding key: http://localhost:44016 for channel [id: 0xf3becb1b, L:/127.0.0.1:60375 - R:localhost/127.0.0.1:44016]
[DEBUG] Using pooled Channel '[id: 0xf3becb1b, L:/127.0.0.1:60375 - R:localhost/127.0.0.1:44016]' for 'POST' to 'http://localhost:44016/session/41ede5e21821d66aac2a98d45fab303a/element/3b3291c7-8c4d-4514-a458-696a4c1d24c4/value'
[DEBUG] Using open Channel [id: 0xf3becb1b, L:/127.0.0.1:60375 - R:localhost/127.0.0.1:44016] for POST '/session/41ede5e21821d66aac2a98d45fab303a/element/3b3291c7-8c4d-4514-a458-696a4c1d24c4/value'
[DEBUG] 

Request DefaultHttpRequest(decodeResult: success, version: HTTP/1.1)
POST /session/41ede5e21821d66aac2a98d45fab303a/element/3b3291c7-8c4d-4514-a458-696a4c1d24c4/value HTTP/1.1
User-Agent: selenium/4.8.3 (java windows)
Content-Length: 391
Content-Type: application/json; charset=utf-8
host: localhost:44016
accept: */*

Response DefaultHttpResponse(decodeResult: success, version: HTTP/1.1)
HTTP/1.1 200 OK
Content-Length: 14
Content-Type: application/json; charset=utf-8
cache-control: no-cache

[DEBUG] Adding key: http://localhost:44016 for channel [id: 0xf3becb1b, L:/127.0.0.1:60375 - R:localhost/127.0.0.1:44016]
[DEBUG] Using pooled Channel '[id: 0xf3becb1b, L:/127.0.0.1:60375 - R:localhost/127.0.0.1:44016]' for 'POST' to 'http://localhost:44016/session/41ede5e21821d66aac2a98d45fab303a/element'
[DEBUG] Using open Channel [id: 0xf3becb1b, L:/127.0.0.1:60375 - R:localhost/127.0.0.1:44016] for POST '/session/41ede5e21821d66aac2a98d45fab303a/element'
[DEBUG] 

Request DefaultHttpRequest(decodeResult: success, version: HTTP/1.1)
POST /session/41ede5e21821d66aac2a98d45fab303a/element HTTP/1.1
User-Agent: selenium/4.8.3 (java windows)
Content-Length: 70
Content-Type: application/json; charset=utf-8
host: localhost:44016
accept: */*

Response DefaultHttpResponse(decodeResult: success, version: HTTP/1.1)
HTTP/1.1 200 OK
Content-Length: 88
Content-Type: application/json; charset=utf-8
cache-control: no-cache

[DEBUG] Adding key: http://localhost:44016 for channel [id: 0xf3becb1b, L:/127.0.0.1:60375 - R:localhost/127.0.0.1:44016]
[DEBUG] Using pooled Channel '[id: 0xf3becb1b, L:/127.0.0.1:60375 - R:localhost/127.0.0.1:44016]' for 'POST' to 'http://localhost:44016/session/41ede5e21821d66aac2a98d45fab303a/element/09cd9e40-cf59-4194-ac57-8a171c4bf17c/value'
[DEBUG] Using open Channel [id: 0xf3becb1b, L:/127.0.0.1:60375 - R:localhost/127.0.0.1:44016] for POST '/session/41ede5e21821d66aac2a98d45fab303a/element/09cd9e40-cf59-4194-ac57-8a171c4bf17c/value'
[DEBUG] 

Request DefaultHttpRequest(decodeResult: success, version: HTTP/1.1)
POST /session/41ede5e21821d66aac2a98d45fab303a/element/09cd9e40-cf59-4194-ac57-8a171c4bf17c/value HTTP/1.1
User-Agent: selenium/4.8.3 (java windows)
Content-Length: 201
Content-Type: application/json; charset=utf-8
host: localhost:44016
accept: */*

Response DefaultHttpResponse(decodeResult: success, version: HTTP/1.1)
HTTP/1.1 200 OK
Content-Length: 14
Content-Type: application/json; charset=utf-8
cache-control: no-cache

[DEBUG] Adding key: http://localhost:44016 for channel [id: 0xf3becb1b, L:/127.0.0.1:60375 - R:localhost/127.0.0.1:44016]
[DEBUG] Using pooled Channel '[id: 0xf3becb1b, L:/127.0.0.1:60375 - R:localhost/127.0.0.1:44016]' for 'POST' to 'http://localhost:44016/session/41ede5e21821d66aac2a98d45fab303a/element'
[DEBUG] Using open Channel [id: 0xf3becb1b, L:/127.0.0.1:60375 - R:localhost/127.0.0.1:44016] for POST '/session/41ede5e21821d66aac2a98d45fab303a/element'
[DEBUG] 

Request DefaultHttpRequest(decodeResult: success, version: HTTP/1.1)
POST /session/41ede5e21821d66aac2a98d45fab303a/element HTTP/1.1
User-Agent: selenium/4.8.3 (java windows)
Content-Length: 71
Content-Type: application/json; charset=utf-8
host: localhost:44016
accept: */*

Response DefaultHttpResponse(decodeResult: success, version: HTTP/1.1)
HTTP/1.1 200 OK
Content-Length: 88
Content-Type: application/json; charset=utf-8
cache-control: no-cache

[DEBUG] Adding key: http://localhost:44016 for channel [id: 0xf3becb1b, L:/127.0.0.1:60375 - R:localhost/127.0.0.1:44016]
[DEBUG] Using pooled Channel '[id: 0xf3becb1b, L:/127.0.0.1:60375 - R:localhost/127.0.0.1:44016]' for 'POST' to 'http://localhost:44016/session/41ede5e21821d66aac2a98d45fab303a/element/9b298c45-472d-412a-ada2-0d5404b66e0e/click'
[DEBUG] Using open Channel [id: 0xf3becb1b, L:/127.0.0.1:60375 - R:localhost/127.0.0.1:44016] for POST '/session/41ede5e21821d66aac2a98d45fab303a/element/9b298c45-472d-412a-ada2-0d5404b66e0e/click'
[DEBUG] Entry count for : http://localhost:9759 : 1
[DEBUG] Entry count for : http://localhost:32072 : 1
[DEBUG] Entry count for : http://localhost:60338 : 1
[DEBUG] Entry count for : http://localhost:60377 : 1
[DEBUG] Entry count for : http://localhost:1118 : 1
[DEBUG] Entry count for : http://localhost:9759 : 1
[DEBUG] Entry count for : http://localhost:32072 : 1
[DEBUG] Entry count for : http://localhost:60338 : 1
[DEBUG] Entry count for : http://localhost:60377 : 1
[DEBUG] Entry count for : http://localhost:1118 : 1
[DEBUG] Entry count for : http://localhost:9759 : 1
[DEBUG] Entry count for : http://localhost:32072 : 1
[DEBUG] Entry count for : http://localhost:60338 : 1
[DEBUG] Entry count for : http://localhost:60377 : 1
[DEBUG] Entry count for : http://localhost:1118 : 1
[DEBUG] Entry count for : http://localhost:9759 : 1
[DEBUG] Entry count for : http://localhost:32072 : 1
[DEBUG] Entry count for : http://localhost:60338 : 1
[DEBUG] Entry count for : http://localhost:60377 : 1
[DEBUG] Entry count for : http://localhost:1118 : 1
[DEBUG] Entry count for : http://localhost:9759 : 1
[DEBUG] Entry count for : http://localhost:32072 : 1
[DEBUG] Entry count for : http://localhost:60338 : 1
[DEBUG] Entry count for : http://localhost:60377 : 1
[DEBUG] Entry count for : http://localhost:1118 : 1
[DEBUG] Entry count for : http://localhost:9759 : 1
[DEBUG] Entry count for : http://localhost:32072 : 1
[DEBUG] Entry count for : http://localhost:60338 : 1
[DEBUG] Entry count for : http://localhost:60377 : 1
[DEBUG] Entry count for : http://localhost:1118 : 1
[DEBUG] Entry count for : http://localhost:9759 : 1
[DEBUG] Entry count for : http://localhost:32072 : 1
[DEBUG] Entry count for : http://localhost:60338 : 1
[DEBUG] Entry count for : http://localhost:60377 : 1
[DEBUG] Entry count for : http://localhost:1118 : 1
[DEBUG] Entry count for : http://localhost:9759 : 1
[DEBUG] Entry count for : http://localhost:32072 : 1
[DEBUG] Entry count for : http://localhost:60338 : 1
[DEBUG] Entry count for : http://localhost:60377 : 1
[DEBUG] Entry count for : http://localhost:1118 : 1
[DEBUG] Entry count for : http://localhost:9759 : 1
[DEBUG] Entry count for : http://localhost:32072 : 1
[DEBUG] Entry count for : http://localhost:60338 : 1
[DEBUG] Entry count for : http://localhost:60377 : 1
[DEBUG] Entry count for : http://localhost:1118 : 1
[DEBUG] 

Request DefaultHttpRequest(decodeResult: success, version: HTTP/1.1)
POST /session/41ede5e21821d66aac2a98d45fab303a/element/9b298c45-472d-412a-ada2-0d5404b66e0e/click HTTP/1.1
User-Agent: selenium/4.8.3 (java windows)
Content-Length: 50
Content-Type: application/json; charset=utf-8
host: localhost:44016
accept: */*

Response DefaultHttpResponse(decodeResult: success, version: HTTP/1.1)
HTTP/1.1 200 OK
Content-Length: 14
Content-Type: application/json; charset=utf-8
cache-control: no-cache

[DEBUG] Adding key: http://localhost:44016 for channel [id: 0xf3becb1b, L:/127.0.0.1:60375 - R:localhost/127.0.0.1:44016]
loginRediffTestpassed
]]></system-out>
    <system-err><![CDATA[Starting ChromeDriver 112.0.5615.49 (bd2a7bcb881c11e8cfe3078709382934e3916914-refs/branch-heads/5615@{#936}) on port 44016
Only local connections are allowed.
Please see https://chromedriver.chromium.org/security-considerations for suggestions on keeping ChromeDriver safe.
ChromeDriver was started successfully.
Apr 25, 2023 9:15:30 AM org.openqa.selenium.devtools.CdpVersionFinder findNearestMatch
WARNING: Unable to find an exact match for CDP version 112, so returning the closest version found: 111
]]></system-err>
  </testcase>
  <testcase name="logicTest" classname="com.automationcode_2nd_April_2023.Soft_Assert_Concept" time="0">
    <failure message="The following asserts failed:&#10;	null" type="java.lang.AssertionError"><![CDATA[java.lang.AssertionError: 
The following asserts failed:
	null
	at org.testng.asserts.SoftAssert.assertAll(SoftAssert.java:43)
	at com.automationcode_2nd_April_2023.Soft_Assert_Concept.logicTest(Soft_Assert_Concept.java:21)
	at sun.reflect.NativeMethodAccessorImpl.invoke0(Native Method)
	at sun.reflect.NativeMethodAccessorImpl.invoke(NativeMethodAccessorImpl.java:62)
	at sun.reflect.DelegatingMethodAccessorImpl.invoke(DelegatingMethodAccessorImpl.java:43)
	at java.lang.reflect.Method.invoke(Method.java:498)
	at org.testng.internal.MethodInvocationHelper.invokeMethod(MethodInvocationHelper.java:124)
	at org.testng.internal.Invoker.invokeMethod(Invoker.java:583)
	at org.testng.internal.Invoker.invokeTestMethod(Invoker.java:719)
	at org.testng.internal.Invoker.invokeTestMethods(Invoker.java:989)
	at org.testng.internal.TestMethodWorker.invokeTestMethods(TestMethodWorker.java:125)
	at org.testng.internal.TestMethodWorker.run(TestMethodWorker.java:109)
	at org.testng.TestRunner.privateRun(TestRunner.java:648)
	at org.testng.TestRunner.run(TestRunner.java:505)
	at org.testng.SuiteRunner.runTest(SuiteRunner.java:455)
	at org.testng.SuiteRunner.runSequentially(SuiteRunner.java:450)
	at org.testng.SuiteRunner.privateRun(SuiteRunner.java:415)
	at org.testng.SuiteRunner.run(SuiteRunner.java:364)
	at org.testng.SuiteRunnerWorker.runSuite(SuiteRunnerWorker.java:52)
	at org.testng.SuiteRunnerWorker.run(SuiteRunnerWorker.java:84)
	at org.testng.TestNG.runSuitesSequentially(TestNG.java:1208)
	at org.testng.TestNG.runSuitesLocally(TestNG.java:1137)
	at org.testng.TestNG.runSuites(TestNG.java:1049)
	at org.testng.TestNG.run(TestNG.java:1017)
	at org.apache.maven.surefire.testng.TestNGExecutor.run(TestNGExecutor.java:324)
	at org.apache.maven.surefire.testng.TestNGXmlTestSuite.execute(TestNGXmlTestSuite.java:74)
	at org.apache.maven.surefire.testng.TestNGProvider.invoke(TestNGProvider.java:123)
	at org.apache.maven.surefire.booter.ForkedBooter.runSuitesInProcess(ForkedBooter.java:456)
	at org.apache.maven.surefire.booter.ForkedBooter.execute(ForkedBooter.java:169)
	at org.apache.maven.surefire.booter.ForkedBooter.run(ForkedBooter.java:595)
	at org.apache.maven.surefire.booter.ForkedBooter.main(ForkedBooter.java:581)
]]></failure>
    <system-out><![CDATA[logicTeststarting test
5
My logic is true
logicTestfailed
]]></system-out>
  </testcase>
  <testcase name="clickOnLoginLink" classname="com.automation.code_25th_March_2023.CssSelector_TN" time="1.18">
    <system-out><![CDATA[[DEBUG] Channel Closed: [id: 0xdd1ec3f9, L:/127.0.0.1:60383 ! R:localhost/127.0.0.1:60377] with attribute DISCARD
[DEBUG] Channel Closed: [id: 0xe1bf44b4, L:/127.0.0.1:60384 ! R:localhost/127.0.0.1:60377] with attribute NettyResponseFuture{currentRetry=0,
	isDone=1,
	isCancelled=0,
	asyncHandler=org.asynchttpclient.ws.WebSocketUpgradeHandler@4eddfc5a,
	nettyRequest=org.asynchttpclient.netty.request.NettyRequest@cf550b9,
	future=java.util.concurrent.CompletableFuture@24ddf2eb[Completed normally],
	uri=ws://localhost:60377/devtools/browser/696a2b3f-a2a1-4181-9079-e2404c8693b4,
	keepAlive=true,
	redirectCount=0,
	timeoutsHolder=null,
	inAuth=0,
	touch=1682428530511}
[DEBUG] Closing Channel [id: 0xe1bf44b4, L:/127.0.0.1:60384 ! R:localhost/127.0.0.1:60377] 
[DEBUG] Entry count for : http://localhost:9759 : 1
[DEBUG] Entry count for : http://localhost:32072 : 1
[DEBUG] Entry count for : http://localhost:60338 : 1
[DEBUG] Entry count for : http://localhost:60377 : 1
[DEBUG] Entry count for : http://localhost:1118 : 1
[DEBUG] Entry count for : http://localhost:44016 : 1
[DEBUG] Adding Candidate expired Channel [id: 0xdd1ec3f9, L:/127.0.0.1:60383 ! R:localhost/127.0.0.1:60377] isIdleTimeoutExpired=false isRemotelyClosed=true isTtlExpired=false
[DEBUG] Closing Idle Channel [id: 0xdd1ec3f9, L:/127.0.0.1:60383 ! R:localhost/127.0.0.1:60377]
[DEBUG] Closed 1 connections out of 6 in 0 ms
[DEBUG] Channel Closed: [id: 0x7d914f1a, L:/127.0.0.1:60343 ! R:localhost/127.0.0.1:60338] with attribute DISCARD
[DEBUG] Channel Closed: [id: 0xe8ee631f, L:/127.0.0.1:60344 ! R:localhost/127.0.0.1:60338] with attribute NettyResponseFuture{currentRetry=0,
	isDone=1,
	isCancelled=0,
	asyncHandler=org.asynchttpclient.ws.WebSocketUpgradeHandler@5dd96ffa,
	nettyRequest=org.asynchttpclient.netty.request.NettyRequest@53f80686,
	future=java.util.concurrent.CompletableFuture@27b621ef[Completed normally],
	uri=ws://localhost:60338/devtools/browser/7ac8902e-3b35-4918-93c9-5620263cb267,
	keepAlive=true,
	redirectCount=0,
	timeoutsHolder=null,
	inAuth=0,
	touch=1682428522723}
[DEBUG] Closing Channel [id: 0xe8ee631f, L:/127.0.0.1:60344 ! R:localhost/127.0.0.1:60338] 
[DEBUG] Using new Channel '[id: 0x8856d27d, L:/127.0.0.1:60707 - R:localhost/127.0.0.1:44591]' for 'POST' to '/session'
[DEBUG] Entry count for : http://localhost:9759 : 1
[DEBUG] Entry count for : http://localhost:32072 : 1
[DEBUG] Entry count for : http://localhost:60338 : 1
[DEBUG] Entry count for : http://localhost:1118 : 1
[DEBUG] Entry count for : http://localhost:44016 : 1
[DEBUG] Adding Candidate expired Channel [id: 0x7d914f1a, L:/127.0.0.1:60343 ! R:localhost/127.0.0.1:60338] isIdleTimeoutExpired=false isRemotelyClosed=true isTtlExpired=false
[DEBUG] Closing Idle Channel [id: 0x7d914f1a, L:/127.0.0.1:60343 ! R:localhost/127.0.0.1:60338]
[DEBUG] Closed 1 connections out of 5 in 0 ms
[DEBUG] Entry count for : http://localhost:9759 : 1
[DEBUG] Entry count for : http://localhost:32072 : 1
[DEBUG] Entry count for : http://localhost:1118 : 1
[DEBUG] Entry count for : http://localhost:44016 : 1
[DEBUG] 

Request DefaultHttpRequest(decodeResult: success, version: HTTP/1.1)
POST /session HTTP/1.1
User-Agent: selenium/4.8.3 (java windows)
Content-Length: 571
Content-Type: application/json; charset=utf-8
host: localhost:44591
accept: */*

Response DefaultHttpResponse(decodeResult: success, version: HTTP/1.1)
HTTP/1.1 200 OK
Content-Length: 860
Content-Type: application/json; charset=utf-8
cache-control: no-cache

[DEBUG] Adding key: http://localhost:44591 for channel [id: 0x8856d27d, L:/127.0.0.1:60707 - R:localhost/127.0.0.1:44591]
[DEBUG] Using new Channel '[id: 0x47022612, L:/127.0.0.1:60716 - R:localhost/127.0.0.1:60708]' for 'GET' to '/json/version'
[DEBUG] 

Request DefaultFullHttpRequest(decodeResult: success, version: HTTP/1.1, content: EmptyByteBufBE)
GET /json/version HTTP/1.1
User-Agent: selenium/4.8.3 (java windows)
host: localhost:60708
accept: */*

Response DefaultHttpResponse(decodeResult: success, version: HTTP/1.1)
HTTP/1.1 200 OK
Content-Security-Policy: frame-ancestors 'none'
Content-Length: 424
Content-Type: application/json; charset=UTF-8

[DEBUG] Adding key: http://localhost:60708 for channel [id: 0x47022612, L:/127.0.0.1:60716 - R:localhost/127.0.0.1:60708]
[DEBUG] Using new Channel '[id: 0xa9d1dbe1, L:/127.0.0.1:60717 - R:localhost/127.0.0.1:60708]' for 'GET' to '/devtools/browser/300ded1f-c68c-4225-b4fd-2218ccfbeb5c'
[DEBUG] 

Request DefaultFullHttpRequest(decodeResult: success, version: HTTP/1.1, content: EmptyByteBufBE)
GET /devtools/browser/300ded1f-c68c-4225-b4fd-2218ccfbeb5c HTTP/1.1
upgrade: websocket
connection: upgrade
sec-websocket-key: C3htuzdd8FzpG/GTB5VojA==
sec-websocket-version: 13
origin: http://localhost:60708
host: localhost:60708
accept: */*
user-agent: AHC/2.1

Response DefaultHttpResponse(decodeResult: success, version: HTTP/1.1)
HTTP/1.1 101 WebSocket Protocol Handshake
Upgrade: WebSocket
Connection: Upgrade
Sec-WebSocket-Accept: agKdiM6fgUp3z1DXmEgiqe/JITg=

[DEBUG] Using pooled Channel '[id: 0x8856d27d, L:/127.0.0.1:60707 - R:localhost/127.0.0.1:44591]' for 'POST' to 'http://localhost:44591/session/f0474a5ac38d1dad9dbf9911fac0d227/url'
[DEBUG] Using open Channel [id: 0x8856d27d, L:/127.0.0.1:60707 - R:localhost/127.0.0.1:44591] for POST '/session/f0474a5ac38d1dad9dbf9911fac0d227/url'
[DEBUG] Entry count for : http://localhost:9759 : 1
[DEBUG] Entry count for : http://localhost:32072 : 1
[DEBUG] Entry count for : http://localhost:60708 : 1
[DEBUG] Entry count for : http://localhost:1118 : 1
[DEBUG] Entry count for : http://localhost:44016 : 1
[DEBUG] Entry count for : http://localhost:9759 : 1
[DEBUG] Entry count for : http://localhost:32072 : 1
[DEBUG] Entry count for : http://localhost:60708 : 1
[DEBUG] Entry count for : http://localhost:1118 : 1
[DEBUG] Entry count for : http://localhost:44016 : 1
[DEBUG] Entry count for : http://localhost:9759 : 1
[DEBUG] Entry count for : http://localhost:32072 : 1
[DEBUG] Entry count for : http://localhost:60708 : 1
[DEBUG] Entry count for : http://localhost:1118 : 1
[DEBUG] Entry count for : http://localhost:44016 : 1
[DEBUG] Entry count for : http://localhost:9759 : 1
[DEBUG] Entry count for : http://localhost:32072 : 1
[DEBUG] Entry count for : http://localhost:60708 : 1
[DEBUG] Entry count for : http://localhost:1118 : 1
[DEBUG] Entry count for : http://localhost:44016 : 1
[DEBUG] 

Request DefaultHttpRequest(decodeResult: success, version: HTTP/1.1)
POST /session/f0474a5ac38d1dad9dbf9911fac0d227/url HTTP/1.1
User-Agent: selenium/4.8.3 (java windows)
Content-Length: 60
Content-Type: application/json; charset=utf-8
host: localhost:44591
accept: */*

Response DefaultHttpResponse(decodeResult: success, version: HTTP/1.1)
HTTP/1.1 200 OK
Content-Length: 14
Content-Type: application/json; charset=utf-8
cache-control: no-cache

[DEBUG] Adding key: http://localhost:44591 for channel [id: 0x8856d27d, L:/127.0.0.1:60707 - R:localhost/127.0.0.1:44591]
clickOnLoginLinkstarting test
[DEBUG] Using pooled Channel '[id: 0x8856d27d, L:/127.0.0.1:60707 - R:localhost/127.0.0.1:44591]' for 'POST' to 'http://localhost:44591/session/f0474a5ac38d1dad9dbf9911fac0d227/element'
[DEBUG] Using open Channel [id: 0x8856d27d, L:/127.0.0.1:60707 - R:localhost/127.0.0.1:44591] for POST '/session/f0474a5ac38d1dad9dbf9911fac0d227/element'
[DEBUG] 

Request DefaultHttpRequest(decodeResult: success, version: HTTP/1.1)
POST /session/f0474a5ac38d1dad9dbf9911fac0d227/element HTTP/1.1
User-Agent: selenium/4.8.3 (java windows)
Content-Length: 63
Content-Type: application/json; charset=utf-8
host: localhost:44591
accept: */*

Response DefaultHttpResponse(decodeResult: success, version: HTTP/1.1)
HTTP/1.1 200 OK
Content-Length: 88
Content-Type: application/json; charset=utf-8
cache-control: no-cache

[DEBUG] Adding key: http://localhost:44591 for channel [id: 0x8856d27d, L:/127.0.0.1:60707 - R:localhost/127.0.0.1:44591]
[DEBUG] Using pooled Channel '[id: 0x8856d27d, L:/127.0.0.1:60707 - R:localhost/127.0.0.1:44591]' for 'POST' to 'http://localhost:44591/session/f0474a5ac38d1dad9dbf9911fac0d227/element/65437ff9-83e1-4a33-b12a-f772317132a6/click'
[DEBUG] Using open Channel [id: 0x8856d27d, L:/127.0.0.1:60707 - R:localhost/127.0.0.1:44591] for POST '/session/f0474a5ac38d1dad9dbf9911fac0d227/element/65437ff9-83e1-4a33-b12a-f772317132a6/click'
[DEBUG] 

Request DefaultHttpRequest(decodeResult: success, version: HTTP/1.1)
POST /session/f0474a5ac38d1dad9dbf9911fac0d227/element/65437ff9-83e1-4a33-b12a-f772317132a6/click HTTP/1.1
User-Agent: selenium/4.8.3 (java windows)
Content-Length: 50
Content-Type: application/json; charset=utf-8
host: localhost:44591
accept: */*

Response DefaultHttpResponse(decodeResult: success, version: HTTP/1.1)
HTTP/1.1 200 OK
Content-Length: 14
Content-Type: application/json; charset=utf-8
cache-control: no-cache

[DEBUG] Adding key: http://localhost:44591 for channel [id: 0x8856d27d, L:/127.0.0.1:60707 - R:localhost/127.0.0.1:44591]
[DEBUG] Using pooled Channel '[id: 0x8856d27d, L:/127.0.0.1:60707 - R:localhost/127.0.0.1:44591]' for 'POST' to 'http://localhost:44591/session/f0474a5ac38d1dad9dbf9911fac0d227/element'
[DEBUG] Using open Channel [id: 0x8856d27d, L:/127.0.0.1:60707 - R:localhost/127.0.0.1:44591] for POST '/session/f0474a5ac38d1dad9dbf9911fac0d227/element'
[DEBUG] 

Request DefaultHttpRequest(decodeResult: success, version: HTTP/1.1)
POST /session/f0474a5ac38d1dad9dbf9911fac0d227/element HTTP/1.1
User-Agent: selenium/4.8.3 (java windows)
Content-Length: 95
Content-Type: application/json; charset=utf-8
host: localhost:44591
accept: */*

Response DefaultHttpResponse(decodeResult: success, version: HTTP/1.1)
HTTP/1.1 200 OK
Content-Length: 88
Content-Type: application/json; charset=utf-8
cache-control: no-cache

[DEBUG] Adding key: http://localhost:44591 for channel [id: 0x8856d27d, L:/127.0.0.1:60707 - R:localhost/127.0.0.1:44591]
[DEBUG] Using pooled Channel '[id: 0x8856d27d, L:/127.0.0.1:60707 - R:localhost/127.0.0.1:44591]' for 'POST' to 'http://localhost:44591/session/f0474a5ac38d1dad9dbf9911fac0d227/element/f719250c-adbc-4d5c-b7ab-8e525dda2361/click'
[DEBUG] Using open Channel [id: 0x8856d27d, L:/127.0.0.1:60707 - R:localhost/127.0.0.1:44591] for POST '/session/f0474a5ac38d1dad9dbf9911fac0d227/element/f719250c-adbc-4d5c-b7ab-8e525dda2361/click'
[DEBUG] Entry count for : http://localhost:9759 : 1
[DEBUG] Entry count for : http://localhost:32072 : 1
[DEBUG] Entry count for : http://localhost:60708 : 1
[DEBUG] Entry count for : http://localhost:1118 : 1
[DEBUG] Entry count for : http://localhost:44016 : 1
[DEBUG] Adding Candidate expired Channel [id: 0x135ba97d, L:/127.0.0.1:60223 - R:localhost/127.0.0.1:9759] isIdleTimeoutExpired=true isRemotelyClosed=false isTtlExpired=false
[DEBUG] Closing Idle Channel [id: 0x135ba97d, L:/127.0.0.1:60223 - R:localhost/127.0.0.1:9759]
[DEBUG] Closed 1 connections out of 5 in 1 ms
[DEBUG] Channel Closed: [id: 0x135ba97d, L:/127.0.0.1:60223 ! R:localhost/127.0.0.1:9759] with attribute DISCARD
[DEBUG] 

Request DefaultHttpRequest(decodeResult: success, version: HTTP/1.1)
POST /session/f0474a5ac38d1dad9dbf9911fac0d227/element/f719250c-adbc-4d5c-b7ab-8e525dda2361/click HTTP/1.1
User-Agent: selenium/4.8.3 (java windows)
Content-Length: 50
Content-Type: application/json; charset=utf-8
host: localhost:44591
accept: */*

Response DefaultHttpResponse(decodeResult: success, version: HTTP/1.1)
HTTP/1.1 200 OK
Content-Length: 14
Content-Type: application/json; charset=utf-8
cache-control: no-cache

[DEBUG] Adding key: http://localhost:44591 for channel [id: 0x8856d27d, L:/127.0.0.1:60707 - R:localhost/127.0.0.1:44591]
[DEBUG] Using pooled Channel '[id: 0x8856d27d, L:/127.0.0.1:60707 - R:localhost/127.0.0.1:44591]' for 'POST' to 'http://localhost:44591/session/f0474a5ac38d1dad9dbf9911fac0d227/element'
[DEBUG] Using open Channel [id: 0x8856d27d, L:/127.0.0.1:60707 - R:localhost/127.0.0.1:44591] for POST '/session/f0474a5ac38d1dad9dbf9911fac0d227/element'
[DEBUG] 

Request DefaultHttpRequest(decodeResult: success, version: HTTP/1.1)
POST /session/f0474a5ac38d1dad9dbf9911fac0d227/element HTTP/1.1
User-Agent: selenium/4.8.3 (java windows)
Content-Length: 78
Content-Type: application/json; charset=utf-8
host: localhost:44591
accept: */*

Response DefaultHttpResponse(decodeResult: success, version: HTTP/1.1)
HTTP/1.1 200 OK
Content-Length: 88
Content-Type: application/json; charset=utf-8
cache-control: no-cache

[DEBUG] Adding key: http://localhost:44591 for channel [id: 0x8856d27d, L:/127.0.0.1:60707 - R:localhost/127.0.0.1:44591]
[DEBUG] Using pooled Channel '[id: 0x8856d27d, L:/127.0.0.1:60707 - R:localhost/127.0.0.1:44591]' for 'POST' to 'http://localhost:44591/session/f0474a5ac38d1dad9dbf9911fac0d227/element/407e5e76-3caf-4ad7-acc3-6059ee9a01b1/value'
[DEBUG] Using open Channel [id: 0x8856d27d, L:/127.0.0.1:60707 - R:localhost/127.0.0.1:44591] for POST '/session/f0474a5ac38d1dad9dbf9911fac0d227/element/407e5e76-3caf-4ad7-acc3-6059ee9a01b1/value'
[DEBUG] 

Request DefaultHttpRequest(decodeResult: success, version: HTTP/1.1)
POST /session/f0474a5ac38d1dad9dbf9911fac0d227/element/407e5e76-3caf-4ad7-acc3-6059ee9a01b1/value HTTP/1.1
User-Agent: selenium/4.8.3 (java windows)
Content-Length: 321
Content-Type: application/json; charset=utf-8
host: localhost:44591
accept: */*

Response DefaultHttpResponse(decodeResult: success, version: HTTP/1.1)
HTTP/1.1 200 OK
Content-Length: 14
Content-Type: application/json; charset=utf-8
cache-control: no-cache

[DEBUG] Adding key: http://localhost:44591 for channel [id: 0x8856d27d, L:/127.0.0.1:60707 - R:localhost/127.0.0.1:44591]
[DEBUG] Using pooled Channel '[id: 0x8856d27d, L:/127.0.0.1:60707 - R:localhost/127.0.0.1:44591]' for 'POST' to 'http://localhost:44591/session/f0474a5ac38d1dad9dbf9911fac0d227/element'
[DEBUG] Using open Channel [id: 0x8856d27d, L:/127.0.0.1:60707 - R:localhost/127.0.0.1:44591] for POST '/session/f0474a5ac38d1dad9dbf9911fac0d227/element'
[DEBUG] 

Request DefaultHttpRequest(decodeResult: success, version: HTTP/1.1)
POST /session/f0474a5ac38d1dad9dbf9911fac0d227/element HTTP/1.1
User-Agent: selenium/4.8.3 (java windows)
Content-Length: 137
Content-Type: application/json; charset=utf-8
host: localhost:44591
accept: */*

Response DefaultHttpResponse(decodeResult: success, version: HTTP/1.1)
HTTP/1.1 200 OK
Content-Length: 88
Content-Type: application/json; charset=utf-8
cache-control: no-cache

[DEBUG] Adding key: http://localhost:44591 for channel [id: 0x8856d27d, L:/127.0.0.1:60707 - R:localhost/127.0.0.1:44591]
[DEBUG] Using pooled Channel '[id: 0x8856d27d, L:/127.0.0.1:60707 - R:localhost/127.0.0.1:44591]' for 'POST' to 'http://localhost:44591/session/f0474a5ac38d1dad9dbf9911fac0d227/element/9a1f763d-9073-4a2d-a860-e2b995a69393/value'
[DEBUG] Using open Channel [id: 0x8856d27d, L:/127.0.0.1:60707 - R:localhost/127.0.0.1:44591] for POST '/session/f0474a5ac38d1dad9dbf9911fac0d227/element/9a1f763d-9073-4a2d-a860-e2b995a69393/value'
[DEBUG] 

Request DefaultHttpRequest(decodeResult: success, version: HTTP/1.1)
POST /session/f0474a5ac38d1dad9dbf9911fac0d227/element/9a1f763d-9073-4a2d-a860-e2b995a69393/value HTTP/1.1
User-Agent: selenium/4.8.3 (java windows)
Content-Length: 191
Content-Type: application/json; charset=utf-8
host: localhost:44591
accept: */*

Response DefaultHttpResponse(decodeResult: success, version: HTTP/1.1)
HTTP/1.1 200 OK
Content-Length: 14
Content-Type: application/json; charset=utf-8
cache-control: no-cache

[DEBUG] Adding key: http://localhost:44591 for channel [id: 0x8856d27d, L:/127.0.0.1:60707 - R:localhost/127.0.0.1:44591]
[DEBUG] Using pooled Channel '[id: 0x8856d27d, L:/127.0.0.1:60707 - R:localhost/127.0.0.1:44591]' for 'POST' to 'http://localhost:44591/session/f0474a5ac38d1dad9dbf9911fac0d227/element'
[DEBUG] Using open Channel [id: 0x8856d27d, L:/127.0.0.1:60707 - R:localhost/127.0.0.1:44591] for POST '/session/f0474a5ac38d1dad9dbf9911fac0d227/element'
[DEBUG] 

Request DefaultHttpRequest(decodeResult: success, version: HTTP/1.1)
POST /session/f0474a5ac38d1dad9dbf9911fac0d227/element HTTP/1.1
User-Agent: selenium/4.8.3 (java windows)
Content-Length: 98
Content-Type: application/json; charset=utf-8
host: localhost:44591
accept: */*

Response DefaultHttpResponse(decodeResult: success, version: HTTP/1.1)
HTTP/1.1 200 OK
Content-Length: 88
Content-Type: application/json; charset=utf-8
cache-control: no-cache

[DEBUG] Adding key: http://localhost:44591 for channel [id: 0x8856d27d, L:/127.0.0.1:60707 - R:localhost/127.0.0.1:44591]
[DEBUG] Using pooled Channel '[id: 0x8856d27d, L:/127.0.0.1:60707 - R:localhost/127.0.0.1:44591]' for 'POST' to 'http://localhost:44591/session/f0474a5ac38d1dad9dbf9911fac0d227/element/9a1f763d-9073-4a2d-a860-e2b995a69393/click'
[DEBUG] Using open Channel [id: 0x8856d27d, L:/127.0.0.1:60707 - R:localhost/127.0.0.1:44591] for POST '/session/f0474a5ac38d1dad9dbf9911fac0d227/element/9a1f763d-9073-4a2d-a860-e2b995a69393/click'
[DEBUG] 

Request DefaultHttpRequest(decodeResult: success, version: HTTP/1.1)
POST /session/f0474a5ac38d1dad9dbf9911fac0d227/element/9a1f763d-9073-4a2d-a860-e2b995a69393/click HTTP/1.1
User-Agent: selenium/4.8.3 (java windows)
Content-Length: 50
Content-Type: application/json; charset=utf-8
host: localhost:44591
accept: */*

Response DefaultHttpResponse(decodeResult: success, version: HTTP/1.1)
HTTP/1.1 200 OK
Content-Length: 14
Content-Type: application/json; charset=utf-8
cache-control: no-cache

[DEBUG] Adding key: http://localhost:44591 for channel [id: 0x8856d27d, L:/127.0.0.1:60707 - R:localhost/127.0.0.1:44591]
clickOnLoginLinkpassed
]]></system-out>
    <system-err><![CDATA[Starting ChromeDriver 112.0.5615.49 (bd2a7bcb881c11e8cfe3078709382934e3916914-refs/branch-heads/5615@{#936}) on port 44591
Only local connections are allowed.
Please see https://chromedriver.chromium.org/security-considerations for suggestions on keeping ChromeDriver safe.
ChromeDriver was started successfully.
Apr 25, 2023 9:15:49 AM org.openqa.selenium.devtools.CdpVersionFinder findNearestMatch
WARNING: Unable to find an exact match for CDP version 112, so returning the closest version found: 111
]]></system-err>
  </testcase>
  <testcase name="clickOnMyAccountLink" classname="com.automation.code_25th_March_2023.CssSelector_TN" time="0.064">
    <system-out><![CDATA[[DEBUG] Channel Closed: [id: 0xa9d1dbe1, L:/127.0.0.1:60717 ! R:localhost/127.0.0.1:60708] with attribute NettyResponseFuture{currentRetry=0,
	isDone=1,
	isCancelled=0,
	asyncHandler=org.asynchttpclient.ws.WebSocketUpgradeHandler@586b96af,
	nettyRequest=org.asynchttpclient.netty.request.NettyRequest@1bae5d95,
	future=java.util.concurrent.CompletableFuture@2f065b82[Completed normally],
	uri=ws://localhost:60708/devtools/browser/300ded1f-c68c-4225-b4fd-2218ccfbeb5c,
	keepAlive=true,
	redirectCount=0,
	timeoutsHolder=null,
	inAuth=0,
	touch=1682428549482}
[DEBUG] Closing Channel [id: 0xa9d1dbe1, L:/127.0.0.1:60717 ! R:localhost/127.0.0.1:60708] 
[DEBUG] Using pooled Channel '[id: 0x8856d27d, L:/127.0.0.1:60707 - R:localhost/127.0.0.1:44591]' for 'DELETE' to 'http://localhost:44591/session/f0474a5ac38d1dad9dbf9911fac0d227'
[DEBUG] Using open Channel [id: 0x8856d27d, L:/127.0.0.1:60707 - R:localhost/127.0.0.1:44591] for DELETE '/session/f0474a5ac38d1dad9dbf9911fac0d227'
[DEBUG] Unexpected I/O exception on channel [id: 0x47022612, L:/127.0.0.1:60716 - R:localhost/127.0.0.1:60708]
java.io.IOException: An existing connection was forcibly closed by the remote host
	at sun.nio.ch.SocketDispatcher.read0(Native Method) ~[na:1.8.0_351]
	at sun.nio.ch.SocketDispatcher.read(SocketDispatcher.java:43) ~[na:1.8.0_351]
	at sun.nio.ch.IOUtil.readIntoNativeBuffer(IOUtil.java:223) ~[na:1.8.0_351]
	at sun.nio.ch.IOUtil.read(IOUtil.java:192) ~[na:1.8.0_351]
	at sun.nio.ch.SocketChannelImpl.read(SocketChannelImpl.java:378) ~[na:1.8.0_351]
	at io.netty.buffer.PooledByteBuf.setBytes(PooledByteBuf.java:256) ~[netty-buffer-4.1.90.Final.jar:4.1.90.Final]
	at io.netty.buffer.AbstractByteBuf.writeBytes(AbstractByteBuf.java:1132) ~[netty-buffer-4.1.90.Final.jar:4.1.90.Final]
	at io.netty.channel.socket.nio.NioSocketChannel.doReadBytes(NioSocketChannel.java:357) ~[netty-transport-4.1.90.Final.jar:4.1.90.Final]
	at io.netty.channel.nio.AbstractNioByteChannel$NioByteUnsafe.read(AbstractNioByteChannel.java:151) ~[netty-transport-4.1.90.Final.jar:4.1.90.Final]
	at io.netty.channel.nio.NioEventLoop.processSelectedKey(NioEventLoop.java:788) [netty-transport-4.1.90.Final.jar:4.1.90.Final]
	at io.netty.channel.nio.NioEventLoop.processSelectedKeysOptimized(NioEventLoop.java:724) [netty-transport-4.1.90.Final.jar:4.1.90.Final]
	at io.netty.channel.nio.NioEventLoop.processSelectedKeys(NioEventLoop.java:650) [netty-transport-4.1.90.Final.jar:4.1.90.Final]
	at io.netty.channel.nio.NioEventLoop.run(NioEventLoop.java:562) [netty-transport-4.1.90.Final.jar:4.1.90.Final]
	at io.netty.util.concurrent.SingleThreadEventExecutor$4.run(SingleThreadEventExecutor.java:997) [netty-common-4.1.90.Final.jar:4.1.90.Final]
	at io.netty.util.internal.ThreadExecutorMap$2.run(ThreadExecutorMap.java:74) [netty-common-4.1.90.Final.jar:4.1.90.Final]
	at io.netty.util.concurrent.FastThreadLocalRunnable.run(FastThreadLocalRunnable.java:30) [netty-common-4.1.90.Final.jar:4.1.90.Final]
	at java.lang.Thread.run(Thread.java:750) [na:1.8.0_351]
[DEBUG] Closing Channel [id: 0x47022612, L:/127.0.0.1:60716 - R:localhost/127.0.0.1:60708] 
[DEBUG] Channel Closed: [id: 0x47022612, L:/127.0.0.1:60716 ! R:localhost/127.0.0.1:60708] with attribute DISCARD
[DEBUG] 

Request DefaultFullHttpRequest(decodeResult: success, version: HTTP/1.1, content: EmptyByteBufBE)
DELETE /session/f0474a5ac38d1dad9dbf9911fac0d227 HTTP/1.1
User-Agent: selenium/4.8.3 (java windows)
Content-Type: application/json; charset=utf-8
host: localhost:44591
accept: */*

Response DefaultHttpResponse(decodeResult: success, version: HTTP/1.1)
HTTP/1.1 200 OK
Content-Length: 14
Content-Type: application/json; charset=utf-8
cache-control: no-cache

[DEBUG] Adding key: http://localhost:44591 for channel [id: 0x8856d27d, L:/127.0.0.1:60707 - R:localhost/127.0.0.1:44591]
[DEBUG] Channel Closed: [id: 0x8856d27d, L:/127.0.0.1:60707 ! R:localhost/127.0.0.1:44591] with attribute DISCARD
[DEBUG] Entry count for : http://localhost:32072 : 1
[DEBUG] Entry count for : http://localhost:60708 : 1
[DEBUG] Entry count for : http://localhost:44591 : 1
[DEBUG] Entry count for : http://localhost:1118 : 1
[DEBUG] Entry count for : http://localhost:44016 : 1
[DEBUG] Adding Candidate expired Channel [id: 0x47022612, L:/127.0.0.1:60716 ! R:localhost/127.0.0.1:60708] isIdleTimeoutExpired=false isRemotelyClosed=true isTtlExpired=false
[DEBUG] Closing Idle Channel [id: 0x47022612, L:/127.0.0.1:60716 ! R:localhost/127.0.0.1:60708]
[DEBUG] Adding Candidate expired Channel [id: 0x8856d27d, L:/127.0.0.1:60707 ! R:localhost/127.0.0.1:44591] isIdleTimeoutExpired=false isRemotelyClosed=true isTtlExpired=false
[DEBUG] Closing Idle Channel [id: 0x8856d27d, L:/127.0.0.1:60707 ! R:localhost/127.0.0.1:44591]
[DEBUG] Closed 2 connections out of 5 in 1 ms
[DEBUG] Using new Channel '[id: 0x83d5409a, L:/127.0.0.1:60738 - R:localhost/127.0.0.1:49079]' for 'POST' to '/session'
[DEBUG] Entry count for : http://localhost:32072 : 1
[DEBUG] Entry count for : http://localhost:1118 : 1
[DEBUG] Entry count for : http://localhost:44016 : 1
[DEBUG] 

Request DefaultHttpRequest(decodeResult: success, version: HTTP/1.1)
POST /session HTTP/1.1
User-Agent: selenium/4.8.3 (java windows)
Content-Length: 571
Content-Type: application/json; charset=utf-8
host: localhost:49079
accept: */*

Response DefaultHttpResponse(decodeResult: success, version: HTTP/1.1)
HTTP/1.1 200 OK
Content-Length: 859
Content-Type: application/json; charset=utf-8
cache-control: no-cache

[DEBUG] Adding key: http://localhost:49079 for channel [id: 0x83d5409a, L:/127.0.0.1:60738 - R:localhost/127.0.0.1:49079]
[DEBUG] Using new Channel '[id: 0x4a0a1e1e, L:/127.0.0.1:60744 - R:localhost/127.0.0.1:60739]' for 'GET' to '/json/version'
[DEBUG] 

Request DefaultFullHttpRequest(decodeResult: success, version: HTTP/1.1, content: EmptyByteBufBE)
GET /json/version HTTP/1.1
User-Agent: selenium/4.8.3 (java windows)
host: localhost:60739
accept: */*

Response DefaultHttpResponse(decodeResult: success, version: HTTP/1.1)
HTTP/1.1 200 OK
Content-Security-Policy: frame-ancestors 'none'
Content-Length: 424
Content-Type: application/json; charset=UTF-8

[DEBUG] Adding key: http://localhost:60739 for channel [id: 0x4a0a1e1e, L:/127.0.0.1:60744 - R:localhost/127.0.0.1:60739]
[DEBUG] Using new Channel '[id: 0x71af6a96, L:/127.0.0.1:60745 - R:localhost/127.0.0.1:60739]' for 'GET' to '/devtools/browser/c5304c91-7295-457f-a70a-9ddb0a7827ee'
[DEBUG] 

Request DefaultFullHttpRequest(decodeResult: success, version: HTTP/1.1, content: EmptyByteBufBE)
GET /devtools/browser/c5304c91-7295-457f-a70a-9ddb0a7827ee HTTP/1.1
upgrade: websocket
connection: upgrade
sec-websocket-key: Q9hxqpwAaPcxJeo15q52vw==
sec-websocket-version: 13
origin: http://localhost:60739
host: localhost:60739
accept: */*
user-agent: AHC/2.1

Response DefaultHttpResponse(decodeResult: success, version: HTTP/1.1)
HTTP/1.1 101 WebSocket Protocol Handshake
Upgrade: WebSocket
Connection: Upgrade
Sec-WebSocket-Accept: j0U8j3XngVIHB/v4hPGwyjukxWo=

[DEBUG] Using pooled Channel '[id: 0x83d5409a, L:/127.0.0.1:60738 - R:localhost/127.0.0.1:49079]' for 'POST' to 'http://localhost:49079/session/cc0000410e91b44714251d8fcfe40703/url'
[DEBUG] Using open Channel [id: 0x83d5409a, L:/127.0.0.1:60738 - R:localhost/127.0.0.1:49079] for POST '/session/cc0000410e91b44714251d8fcfe40703/url'
[DEBUG] Entry count for : http://localhost:32072 : 1
[DEBUG] Entry count for : http://localhost:60739 : 1
[DEBUG] Entry count for : http://localhost:1118 : 1
[DEBUG] Entry count for : http://localhost:44016 : 1
[DEBUG] Entry count for : http://localhost:32072 : 1
[DEBUG] Entry count for : http://localhost:60739 : 1
[DEBUG] Entry count for : http://localhost:1118 : 1
[DEBUG] Entry count for : http://localhost:44016 : 1
[DEBUG] Entry count for : http://localhost:32072 : 1
[DEBUG] Entry count for : http://localhost:60739 : 1
[DEBUG] Entry count for : http://localhost:1118 : 1
[DEBUG] Entry count for : http://localhost:44016 : 1
[DEBUG] 

Request DefaultHttpRequest(decodeResult: success, version: HTTP/1.1)
POST /session/cc0000410e91b44714251d8fcfe40703/url HTTP/1.1
User-Agent: selenium/4.8.3 (java windows)
Content-Length: 60
Content-Type: application/json; charset=utf-8
host: localhost:49079
accept: */*

Response DefaultHttpResponse(decodeResult: success, version: HTTP/1.1)
HTTP/1.1 200 OK
Content-Length: 14
Content-Type: application/json; charset=utf-8
cache-control: no-cache

[DEBUG] Adding key: http://localhost:49079 for channel [id: 0x83d5409a, L:/127.0.0.1:60738 - R:localhost/127.0.0.1:49079]
clickOnMyAccountLinkstarting test
[DEBUG] Using pooled Channel '[id: 0x83d5409a, L:/127.0.0.1:60738 - R:localhost/127.0.0.1:49079]' for 'POST' to 'http://localhost:49079/session/cc0000410e91b44714251d8fcfe40703/element'
[DEBUG] Using open Channel [id: 0x83d5409a, L:/127.0.0.1:60738 - R:localhost/127.0.0.1:49079] for POST '/session/cc0000410e91b44714251d8fcfe40703/element'
[DEBUG] 

Request DefaultHttpRequest(decodeResult: success, version: HTTP/1.1)
POST /session/cc0000410e91b44714251d8fcfe40703/element HTTP/1.1
User-Agent: selenium/4.8.3 (java windows)
Content-Length: 63
Content-Type: application/json; charset=utf-8
host: localhost:49079
accept: */*

Response DefaultHttpResponse(decodeResult: success, version: HTTP/1.1)
HTTP/1.1 200 OK
Content-Length: 88
Content-Type: application/json; charset=utf-8
cache-control: no-cache

[DEBUG] Adding key: http://localhost:49079 for channel [id: 0x83d5409a, L:/127.0.0.1:60738 - R:localhost/127.0.0.1:49079]
[DEBUG] Using pooled Channel '[id: 0x83d5409a, L:/127.0.0.1:60738 - R:localhost/127.0.0.1:49079]' for 'POST' to 'http://localhost:49079/session/cc0000410e91b44714251d8fcfe40703/element/dba18693-33c7-4c5c-8cf2-e6afbbe8c408/click'
[DEBUG] Using open Channel [id: 0x83d5409a, L:/127.0.0.1:60738 - R:localhost/127.0.0.1:49079] for POST '/session/cc0000410e91b44714251d8fcfe40703/element/dba18693-33c7-4c5c-8cf2-e6afbbe8c408/click'
[DEBUG] 

Request DefaultHttpRequest(decodeResult: success, version: HTTP/1.1)
POST /session/cc0000410e91b44714251d8fcfe40703/element/dba18693-33c7-4c5c-8cf2-e6afbbe8c408/click HTTP/1.1
User-Agent: selenium/4.8.3 (java windows)
Content-Length: 50
Content-Type: application/json; charset=utf-8
host: localhost:49079
accept: */*

Response DefaultHttpResponse(decodeResult: success, version: HTTP/1.1)
HTTP/1.1 200 OK
Content-Length: 14
Content-Type: application/json; charset=utf-8
cache-control: no-cache

[DEBUG] Adding key: http://localhost:49079 for channel [id: 0x83d5409a, L:/127.0.0.1:60738 - R:localhost/127.0.0.1:49079]
clickOnMyAccountLinkpassed
]]></system-out>
    <system-err><![CDATA[Starting ChromeDriver 112.0.5615.49 (bd2a7bcb881c11e8cfe3078709382934e3916914-refs/branch-heads/5615@{#936}) on port 49079
Only local connections are allowed.
Please see https://chromedriver.chromium.org/security-considerations for suggestions on keeping ChromeDriver safe.
ChromeDriver was started successfully.
Apr 25, 2023 9:15:56 AM org.openqa.selenium.devtools.CdpVersionFinder findNearestMatch
WARNING: Unable to find an exact match for CDP version 112, so returning the closest version found: 111
]]></system-err>
  </testcase>
  <testcase name="keyboardActionItems" classname="com.automationcode_1st_April_2023.Actions_Keyboard" time="8.037">
    <system-out><![CDATA[[DEBUG] Channel Closed: [id: 0x71af6a96, L:/127.0.0.1:60745 ! R:localhost/127.0.0.1:60739] with attribute NettyResponseFuture{currentRetry=0,
	isDone=1,
	isCancelled=0,
	asyncHandler=org.asynchttpclient.ws.WebSocketUpgradeHandler@20a263ca,
	nettyRequest=org.asynchttpclient.netty.request.NettyRequest@6efbcc59,
	future=java.util.concurrent.CompletableFuture@7ec5df99[Completed normally],
	uri=ws://localhost:60739/devtools/browser/c5304c91-7295-457f-a70a-9ddb0a7827ee,
	keepAlive=true,
	redirectCount=0,
	timeoutsHolder=null,
	inAuth=0,
	touch=1682428556887}
[DEBUG] Closing Channel [id: 0x71af6a96, L:/127.0.0.1:60745 ! R:localhost/127.0.0.1:60739] 
[DEBUG] Using pooled Channel '[id: 0x83d5409a, L:/127.0.0.1:60738 - R:localhost/127.0.0.1:49079]' for 'DELETE' to 'http://localhost:49079/session/cc0000410e91b44714251d8fcfe40703'
[DEBUG] Using open Channel [id: 0x83d5409a, L:/127.0.0.1:60738 - R:localhost/127.0.0.1:49079] for DELETE '/session/cc0000410e91b44714251d8fcfe40703'
[DEBUG] Entry count for : http://localhost:32072 : 1
[DEBUG] Entry count for : http://localhost:60739 : 1
[DEBUG] Entry count for : http://localhost:1118 : 1
[DEBUG] Entry count for : http://localhost:44016 : 1
[DEBUG] Unexpected I/O exception on channel [id: 0x4a0a1e1e, L:/127.0.0.1:60744 - R:localhost/127.0.0.1:60739]
java.io.IOException: An existing connection was forcibly closed by the remote host
	at sun.nio.ch.SocketDispatcher.read0(Native Method) ~[na:1.8.0_351]
	at sun.nio.ch.SocketDispatcher.read(SocketDispatcher.java:43) ~[na:1.8.0_351]
	at sun.nio.ch.IOUtil.readIntoNativeBuffer(IOUtil.java:223) ~[na:1.8.0_351]
	at sun.nio.ch.IOUtil.read(IOUtil.java:192) ~[na:1.8.0_351]
	at sun.nio.ch.SocketChannelImpl.read(SocketChannelImpl.java:378) ~[na:1.8.0_351]
	at io.netty.buffer.PooledByteBuf.setBytes(PooledByteBuf.java:256) ~[netty-buffer-4.1.90.Final.jar:4.1.90.Final]
	at io.netty.buffer.AbstractByteBuf.writeBytes(AbstractByteBuf.java:1132) ~[netty-buffer-4.1.90.Final.jar:4.1.90.Final]
	at io.netty.channel.socket.nio.NioSocketChannel.doReadBytes(NioSocketChannel.java:357) ~[netty-transport-4.1.90.Final.jar:4.1.90.Final]
	at io.netty.channel.nio.AbstractNioByteChannel$NioByteUnsafe.read(AbstractNioByteChannel.java:151) ~[netty-transport-4.1.90.Final.jar:4.1.90.Final]
	at io.netty.channel.nio.NioEventLoop.processSelectedKey(NioEventLoop.java:788) [netty-transport-4.1.90.Final.jar:4.1.90.Final]
	at io.netty.channel.nio.NioEventLoop.processSelectedKeysOptimized(NioEventLoop.java:724) [netty-transport-4.1.90.Final.jar:4.1.90.Final]
	at io.netty.channel.nio.NioEventLoop.processSelectedKeys(NioEventLoop.java:650) [netty-transport-4.1.90.Final.jar:4.1.90.Final]
	at io.netty.channel.nio.NioEventLoop.run(NioEventLoop.java:562) [netty-transport-4.1.90.Final.jar:4.1.90.Final]
	at io.netty.util.concurrent.SingleThreadEventExecutor$4.run(SingleThreadEventExecutor.java:997) [netty-common-4.1.90.Final.jar:4.1.90.Final]
	at io.netty.util.internal.ThreadExecutorMap$2.run(ThreadExecutorMap.java:74) [netty-common-4.1.90.Final.jar:4.1.90.Final]
	at io.netty.util.concurrent.FastThreadLocalRunnable.run(FastThreadLocalRunnable.java:30) [netty-common-4.1.90.Final.jar:4.1.90.Final]
	at java.lang.Thread.run(Thread.java:750) [na:1.8.0_351]
[DEBUG] Closing Channel [id: 0x4a0a1e1e, L:/127.0.0.1:60744 - R:localhost/127.0.0.1:60739] 
[DEBUG] Channel Closed: [id: 0x4a0a1e1e, L:/127.0.0.1:60744 ! R:localhost/127.0.0.1:60739] with attribute DISCARD
[DEBUG] 

Request DefaultFullHttpRequest(decodeResult: success, version: HTTP/1.1, content: EmptyByteBufBE)
DELETE /session/cc0000410e91b44714251d8fcfe40703 HTTP/1.1
User-Agent: selenium/4.8.3 (java windows)
Content-Type: application/json; charset=utf-8
host: localhost:49079
accept: */*

Response DefaultHttpResponse(decodeResult: success, version: HTTP/1.1)
HTTP/1.1 200 OK
Content-Length: 14
Content-Type: application/json; charset=utf-8
cache-control: no-cache

[DEBUG] Adding key: http://localhost:49079 for channel [id: 0x83d5409a, L:/127.0.0.1:60738 - R:localhost/127.0.0.1:49079]
[DEBUG] Channel Closed: [id: 0x83d5409a, L:/127.0.0.1:60738 ! R:localhost/127.0.0.1:49079] with attribute DISCARD
keyboardActionItemsstarting test
[DEBUG] Using new Channel '[id: 0x5e50c2a9, L:/127.0.0.1:60759 - R:localhost/127.0.0.1:39429]' for 'POST' to '/session'
[DEBUG] Entry count for : http://localhost:32072 : 1
[DEBUG] Entry count for : http://localhost:49079 : 1
[DEBUG] Entry count for : http://localhost:60739 : 1
[DEBUG] Entry count for : http://localhost:1118 : 1
[DEBUG] Entry count for : http://localhost:44016 : 1
[DEBUG] Adding Candidate expired Channel [id: 0x83d5409a, L:/127.0.0.1:60738 ! R:localhost/127.0.0.1:49079] isIdleTimeoutExpired=false isRemotelyClosed=true isTtlExpired=false
[DEBUG] Closing Idle Channel [id: 0x83d5409a, L:/127.0.0.1:60738 ! R:localhost/127.0.0.1:49079]
[DEBUG] Adding Candidate expired Channel [id: 0x4a0a1e1e, L:/127.0.0.1:60744 ! R:localhost/127.0.0.1:60739] isIdleTimeoutExpired=false isRemotelyClosed=true isTtlExpired=false
[DEBUG] Closing Idle Channel [id: 0x4a0a1e1e, L:/127.0.0.1:60744 ! R:localhost/127.0.0.1:60739]
[DEBUG] Closed 2 connections out of 5 in 0 ms
[DEBUG] 

Request DefaultHttpRequest(decodeResult: success, version: HTTP/1.1)
POST /session HTTP/1.1
User-Agent: selenium/4.8.3 (java windows)
Content-Length: 439
Content-Type: application/json; charset=utf-8
host: localhost:39429
accept: */*

Response DefaultHttpResponse(decodeResult: success, version: HTTP/1.1)
HTTP/1.1 200 OK
Content-Length: 861
Content-Type: application/json; charset=utf-8
cache-control: no-cache

[DEBUG] Adding key: http://localhost:39429 for channel [id: 0x5e50c2a9, L:/127.0.0.1:60759 - R:localhost/127.0.0.1:39429]
[DEBUG] Using new Channel '[id: 0x8c11bf7b, L:/127.0.0.1:60767 - R:localhost/127.0.0.1:60760]' for 'GET' to '/json/version'
[DEBUG] 

Request DefaultFullHttpRequest(decodeResult: success, version: HTTP/1.1, content: EmptyByteBufBE)
GET /json/version HTTP/1.1
User-Agent: selenium/4.8.3 (java windows)
host: localhost:60760
accept: */*

Response DefaultHttpResponse(decodeResult: success, version: HTTP/1.1)
HTTP/1.1 200 OK
Content-Security-Policy: frame-ancestors 'none'
Content-Length: 424
Content-Type: application/json; charset=UTF-8

[DEBUG] Adding key: http://localhost:60760 for channel [id: 0x8c11bf7b, L:/127.0.0.1:60767 - R:localhost/127.0.0.1:60760]
[DEBUG] Using new Channel '[id: 0x9f3ce783, L:/127.0.0.1:60768 - R:localhost/127.0.0.1:60760]' for 'GET' to '/devtools/browser/69474778-cd74-411d-a851-e39c74e971cd'
[DEBUG] 

Request DefaultFullHttpRequest(decodeResult: success, version: HTTP/1.1, content: EmptyByteBufBE)
GET /devtools/browser/69474778-cd74-411d-a851-e39c74e971cd HTTP/1.1
upgrade: websocket
connection: upgrade
sec-websocket-key: VNbNyT36/sK7GeE2Us0xxg==
sec-websocket-version: 13
origin: http://localhost:60760
host: localhost:60760
accept: */*
user-agent: AHC/2.1

Response DefaultHttpResponse(decodeResult: success, version: HTTP/1.1)
HTTP/1.1 101 WebSocket Protocol Handshake
Upgrade: WebSocket
Connection: Upgrade
Sec-WebSocket-Accept: R85vgPZpTKIs6hYP/AXUTbuNZ7k=

[DEBUG] Using pooled Channel '[id: 0x5e50c2a9, L:/127.0.0.1:60759 - R:localhost/127.0.0.1:39429]' for 'POST' to 'http://localhost:39429/session/f580c8b40a3b2396cbe67cba163b442a/window/maximize'
[DEBUG] Using open Channel [id: 0x5e50c2a9, L:/127.0.0.1:60759 - R:localhost/127.0.0.1:39429] for POST '/session/f580c8b40a3b2396cbe67cba163b442a/window/maximize'
[DEBUG] 

Request DefaultHttpRequest(decodeResult: success, version: HTTP/1.1)
POST /session/f580c8b40a3b2396cbe67cba163b442a/window/maximize HTTP/1.1
User-Agent: selenium/4.8.3 (java windows)
Content-Length: 3
Content-Type: application/json; charset=utf-8
host: localhost:39429
accept: */*

Response DefaultHttpResponse(decodeResult: success, version: HTTP/1.1)
HTTP/1.1 200 OK
Content-Length: 51
Content-Type: application/json; charset=utf-8
cache-control: no-cache

[DEBUG] Adding key: http://localhost:39429 for channel [id: 0x5e50c2a9, L:/127.0.0.1:60759 - R:localhost/127.0.0.1:39429]
[DEBUG] Using pooled Channel '[id: 0x5e50c2a9, L:/127.0.0.1:60759 - R:localhost/127.0.0.1:39429]' for 'POST' to 'http://localhost:39429/session/f580c8b40a3b2396cbe67cba163b442a/url'
[DEBUG] Using open Channel [id: 0x5e50c2a9, L:/127.0.0.1:60759 - R:localhost/127.0.0.1:39429] for POST '/session/f580c8b40a3b2396cbe67cba163b442a/url'
[DEBUG] Entry count for : http://localhost:60760 : 1
[DEBUG] Entry count for : http://localhost:1118 : 1
[DEBUG] Entry count for : http://localhost:32072 : 1
[DEBUG] Entry count for : http://localhost:44016 : 1
[DEBUG] Entry count for : http://localhost:60760 : 1
[DEBUG] Entry count for : http://localhost:1118 : 1
[DEBUG] Entry count for : http://localhost:32072 : 1
[DEBUG] Entry count for : http://localhost:44016 : 1
[DEBUG] Entry count for : http://localhost:60760 : 1
[DEBUG] Entry count for : http://localhost:1118 : 1
[DEBUG] Entry count for : http://localhost:32072 : 1
[DEBUG] Entry count for : http://localhost:44016 : 1
[DEBUG] Entry count for : http://localhost:60760 : 1
[DEBUG] Entry count for : http://localhost:1118 : 1
[DEBUG] Entry count for : http://localhost:32072 : 1
[DEBUG] Entry count for : http://localhost:44016 : 1
[DEBUG] Entry count for : http://localhost:60760 : 1
[DEBUG] Entry count for : http://localhost:1118 : 1
[DEBUG] Entry count for : http://localhost:32072 : 1
[DEBUG] Entry count for : http://localhost:44016 : 1
[DEBUG] 

Request DefaultHttpRequest(decodeResult: success, version: HTTP/1.1)
POST /session/f580c8b40a3b2396cbe67cba163b442a/url HTTP/1.1
User-Agent: selenium/4.8.3 (java windows)
Content-Length: 60
Content-Type: application/json; charset=utf-8
host: localhost:39429
accept: */*

Response DefaultHttpResponse(decodeResult: success, version: HTTP/1.1)
HTTP/1.1 200 OK
Content-Length: 14
Content-Type: application/json; charset=utf-8
cache-control: no-cache

[DEBUG] Adding key: http://localhost:39429 for channel [id: 0x5e50c2a9, L:/127.0.0.1:60759 - R:localhost/127.0.0.1:39429]
[DEBUG] Using pooled Channel '[id: 0x5e50c2a9, L:/127.0.0.1:60759 - R:localhost/127.0.0.1:39429]' for 'POST' to 'http://localhost:39429/session/f580c8b40a3b2396cbe67cba163b442a/element'
[DEBUG] Using open Channel [id: 0x5e50c2a9, L:/127.0.0.1:60759 - R:localhost/127.0.0.1:39429] for POST '/session/f580c8b40a3b2396cbe67cba163b442a/element'
[DEBUG] 

Request DefaultHttpRequest(decodeResult: success, version: HTTP/1.1)
POST /session/f580c8b40a3b2396cbe67cba163b442a/element HTTP/1.1
User-Agent: selenium/4.8.3 (java windows)
Content-Length: 51
Content-Type: application/json; charset=utf-8
host: localhost:39429
accept: */*

Response DefaultHttpResponse(decodeResult: success, version: HTTP/1.1)
HTTP/1.1 200 OK
Content-Length: 88
Content-Type: application/json; charset=utf-8
cache-control: no-cache

[DEBUG] Adding key: http://localhost:39429 for channel [id: 0x5e50c2a9, L:/127.0.0.1:60759 - R:localhost/127.0.0.1:39429]
[DEBUG] Using pooled Channel '[id: 0x5e50c2a9, L:/127.0.0.1:60759 - R:localhost/127.0.0.1:39429]' for 'POST' to 'http://localhost:39429/session/f580c8b40a3b2396cbe67cba163b442a/element/55dc2495-d4b7-48c3-a35c-1dbae313067f/click'
[DEBUG] Using open Channel [id: 0x5e50c2a9, L:/127.0.0.1:60759 - R:localhost/127.0.0.1:39429] for POST '/session/f580c8b40a3b2396cbe67cba163b442a/element/55dc2495-d4b7-48c3-a35c-1dbae313067f/click'
[DEBUG] 

Request DefaultHttpRequest(decodeResult: success, version: HTTP/1.1)
POST /session/f580c8b40a3b2396cbe67cba163b442a/element/55dc2495-d4b7-48c3-a35c-1dbae313067f/click HTTP/1.1
User-Agent: selenium/4.8.3 (java windows)
Content-Length: 50
Content-Type: application/json; charset=utf-8
host: localhost:39429
accept: */*

Response DefaultHttpResponse(decodeResult: success, version: HTTP/1.1)
HTTP/1.1 200 OK
Content-Length: 14
Content-Type: application/json; charset=utf-8
cache-control: no-cache

[DEBUG] Adding key: http://localhost:39429 for channel [id: 0x5e50c2a9, L:/127.0.0.1:60759 - R:localhost/127.0.0.1:39429]
[DEBUG] Using pooled Channel '[id: 0x5e50c2a9, L:/127.0.0.1:60759 - R:localhost/127.0.0.1:39429]' for 'POST' to 'http://localhost:39429/session/f580c8b40a3b2396cbe67cba163b442a/element'
[DEBUG] Using open Channel [id: 0x5e50c2a9, L:/127.0.0.1:60759 - R:localhost/127.0.0.1:39429] for POST '/session/f580c8b40a3b2396cbe67cba163b442a/element'
[DEBUG] 

Request DefaultHttpRequest(decodeResult: success, version: HTTP/1.1)
POST /session/f580c8b40a3b2396cbe67cba163b442a/element HTTP/1.1
User-Agent: selenium/4.8.3 (java windows)
Content-Length: 46
Content-Type: application/json; charset=utf-8
host: localhost:39429
accept: */*

Response DefaultHttpResponse(decodeResult: success, version: HTTP/1.1)
HTTP/1.1 200 OK
Content-Length: 88
Content-Type: application/json; charset=utf-8
cache-control: no-cache

[DEBUG] Adding key: http://localhost:39429 for channel [id: 0x5e50c2a9, L:/127.0.0.1:60759 - R:localhost/127.0.0.1:39429]
[DEBUG] Using pooled Channel '[id: 0x5e50c2a9, L:/127.0.0.1:60759 - R:localhost/127.0.0.1:39429]' for 'POST' to 'http://localhost:39429/session/f580c8b40a3b2396cbe67cba163b442a/element/031f6ffd-519c-40e3-b9ad-150abbda7143/click'
[DEBUG] Using open Channel [id: 0x5e50c2a9, L:/127.0.0.1:60759 - R:localhost/127.0.0.1:39429] for POST '/session/f580c8b40a3b2396cbe67cba163b442a/element/031f6ffd-519c-40e3-b9ad-150abbda7143/click'
[DEBUG] 

Request DefaultHttpRequest(decodeResult: success, version: HTTP/1.1)
POST /session/f580c8b40a3b2396cbe67cba163b442a/element/031f6ffd-519c-40e3-b9ad-150abbda7143/click HTTP/1.1
User-Agent: selenium/4.8.3 (java windows)
Content-Length: 50
Content-Type: application/json; charset=utf-8
host: localhost:39429
accept: */*

Response DefaultHttpResponse(decodeResult: success, version: HTTP/1.1)
HTTP/1.1 200 OK
Content-Length: 14
Content-Type: application/json; charset=utf-8
cache-control: no-cache

[DEBUG] Adding key: http://localhost:39429 for channel [id: 0x5e50c2a9, L:/127.0.0.1:60759 - R:localhost/127.0.0.1:39429]
[DEBUG] Using pooled Channel '[id: 0x5e50c2a9, L:/127.0.0.1:60759 - R:localhost/127.0.0.1:39429]' for 'POST' to 'http://localhost:39429/session/f580c8b40a3b2396cbe67cba163b442a/element'
[DEBUG] Using open Channel [id: 0x5e50c2a9, L:/127.0.0.1:60759 - R:localhost/127.0.0.1:39429] for POST '/session/f580c8b40a3b2396cbe67cba163b442a/element'
[DEBUG] 

Request DefaultHttpRequest(decodeResult: success, version: HTTP/1.1)
POST /session/f580c8b40a3b2396cbe67cba163b442a/element HTTP/1.1
User-Agent: selenium/4.8.3 (java windows)
Content-Length: 58
Content-Type: application/json; charset=utf-8
host: localhost:39429
accept: */*

Response DefaultHttpResponse(decodeResult: success, version: HTTP/1.1)
HTTP/1.1 200 OK
Content-Length: 88
Content-Type: application/json; charset=utf-8
cache-control: no-cache

[DEBUG] Adding key: http://localhost:39429 for channel [id: 0x5e50c2a9, L:/127.0.0.1:60759 - R:localhost/127.0.0.1:39429]
[DEBUG] Using pooled Channel '[id: 0x5e50c2a9, L:/127.0.0.1:60759 - R:localhost/127.0.0.1:39429]' for 'POST' to 'http://localhost:39429/session/f580c8b40a3b2396cbe67cba163b442a/element/16d289dd-dfaa-4cf7-80a9-120e067a7cf7/value'
[DEBUG] Using open Channel [id: 0x5e50c2a9, L:/127.0.0.1:60759 - R:localhost/127.0.0.1:39429] for POST '/session/f580c8b40a3b2396cbe67cba163b442a/element/16d289dd-dfaa-4cf7-80a9-120e067a7cf7/value'
[DEBUG] 

Request DefaultHttpRequest(decodeResult: success, version: HTTP/1.1)
POST /session/f580c8b40a3b2396cbe67cba163b442a/element/16d289dd-dfaa-4cf7-80a9-120e067a7cf7/value HTTP/1.1
User-Agent: selenium/4.8.3 (java windows)
Content-Length: 311
Content-Type: application/json; charset=utf-8
host: localhost:39429
accept: */*

Response DefaultHttpResponse(decodeResult: success, version: HTTP/1.1)
HTTP/1.1 200 OK
Content-Length: 14
Content-Type: application/json; charset=utf-8
cache-control: no-cache

[DEBUG] Adding key: http://localhost:39429 for channel [id: 0x5e50c2a9, L:/127.0.0.1:60759 - R:localhost/127.0.0.1:39429]
[DEBUG] Using pooled Channel '[id: 0x5e50c2a9, L:/127.0.0.1:60759 - R:localhost/127.0.0.1:39429]' for 'POST' to 'http://localhost:39429/session/f580c8b40a3b2396cbe67cba163b442a/element'
[DEBUG] Using open Channel [id: 0x5e50c2a9, L:/127.0.0.1:60759 - R:localhost/127.0.0.1:39429] for POST '/session/f580c8b40a3b2396cbe67cba163b442a/element'
[DEBUG] 

Request DefaultHttpRequest(decodeResult: success, version: HTTP/1.1)
POST /session/f580c8b40a3b2396cbe67cba163b442a/element HTTP/1.1
User-Agent: selenium/4.8.3 (java windows)
Content-Length: 61
Content-Type: application/json; charset=utf-8
host: localhost:39429
accept: */*

Response DefaultHttpResponse(decodeResult: success, version: HTTP/1.1)
HTTP/1.1 200 OK
Content-Length: 88
Content-Type: application/json; charset=utf-8
cache-control: no-cache

[DEBUG] Adding key: http://localhost:39429 for channel [id: 0x5e50c2a9, L:/127.0.0.1:60759 - R:localhost/127.0.0.1:39429]
[DEBUG] Using pooled Channel '[id: 0x5e50c2a9, L:/127.0.0.1:60759 - R:localhost/127.0.0.1:39429]' for 'POST' to 'http://localhost:39429/session/f580c8b40a3b2396cbe67cba163b442a/element/74f68404-01e6-4363-96ea-4099ac024fb8/value'
[DEBUG] Using open Channel [id: 0x5e50c2a9, L:/127.0.0.1:60759 - R:localhost/127.0.0.1:39429] for POST '/session/f580c8b40a3b2396cbe67cba163b442a/element/74f68404-01e6-4363-96ea-4099ac024fb8/value'
[DEBUG] 

Request DefaultHttpRequest(decodeResult: success, version: HTTP/1.1)
POST /session/f580c8b40a3b2396cbe67cba163b442a/element/74f68404-01e6-4363-96ea-4099ac024fb8/value HTTP/1.1
User-Agent: selenium/4.8.3 (java windows)
Content-Length: 201
Content-Type: application/json; charset=utf-8
host: localhost:39429
accept: */*

Response DefaultHttpResponse(decodeResult: success, version: HTTP/1.1)
HTTP/1.1 200 OK
Content-Length: 14
Content-Type: application/json; charset=utf-8
cache-control: no-cache

[DEBUG] Adding key: http://localhost:39429 for channel [id: 0x5e50c2a9, L:/127.0.0.1:60759 - R:localhost/127.0.0.1:39429]
[DEBUG] Using pooled Channel '[id: 0x5e50c2a9, L:/127.0.0.1:60759 - R:localhost/127.0.0.1:39429]' for 'POST' to 'http://localhost:39429/session/f580c8b40a3b2396cbe67cba163b442a/element'
[DEBUG] Using open Channel [id: 0x5e50c2a9, L:/127.0.0.1:60759 - R:localhost/127.0.0.1:39429] for POST '/session/f580c8b40a3b2396cbe67cba163b442a/element'
[DEBUG] 

Request DefaultHttpRequest(decodeResult: success, version: HTTP/1.1)
POST /session/f580c8b40a3b2396cbe67cba163b442a/element HTTP/1.1
User-Agent: selenium/4.8.3 (java windows)
Content-Length: 65
Content-Type: application/json; charset=utf-8
host: localhost:39429
accept: */*

Response DefaultHttpResponse(decodeResult: success, version: HTTP/1.1)
HTTP/1.1 200 OK
Content-Length: 88
Content-Type: application/json; charset=utf-8
cache-control: no-cache

[DEBUG] Adding key: http://localhost:39429 for channel [id: 0x5e50c2a9, L:/127.0.0.1:60759 - R:localhost/127.0.0.1:39429]
[DEBUG] Using pooled Channel '[id: 0x5e50c2a9, L:/127.0.0.1:60759 - R:localhost/127.0.0.1:39429]' for 'POST' to 'http://localhost:39429/session/f580c8b40a3b2396cbe67cba163b442a/element/14a254e1-1651-48f1-a57b-a689cb9e9bb4/value'
[DEBUG] Using open Channel [id: 0x5e50c2a9, L:/127.0.0.1:60759 - R:localhost/127.0.0.1:39429] for POST '/session/f580c8b40a3b2396cbe67cba163b442a/element/14a254e1-1651-48f1-a57b-a689cb9e9bb4/value'
[DEBUG] Entry count for : http://localhost:60760 : 1
[DEBUG] Entry count for : http://localhost:1118 : 1
[DEBUG] Entry count for : http://localhost:32072 : 1
[DEBUG] Entry count for : http://localhost:44016 : 1
[DEBUG] Adding Candidate expired Channel [id: 0xed68f3f9, L:/127.0.0.1:60279 - R:localhost/127.0.0.1:1118] isIdleTimeoutExpired=true isRemotelyClosed=false isTtlExpired=false
[DEBUG] Closing Idle Channel [id: 0xed68f3f9, L:/127.0.0.1:60279 - R:localhost/127.0.0.1:1118]
[DEBUG] Closed 1 connections out of 4 in 0 ms
[DEBUG] Channel Closed: [id: 0xed68f3f9, L:/127.0.0.1:60279 ! R:localhost/127.0.0.1:1118] with attribute DISCARD
[DEBUG] 

Request DefaultHttpRequest(decodeResult: success, version: HTTP/1.1)
POST /session/f580c8b40a3b2396cbe67cba163b442a/element/14a254e1-1651-48f1-a57b-a689cb9e9bb4/value HTTP/1.1
User-Agent: selenium/4.8.3 (java windows)
Content-Length: 95
Content-Type: application/json; charset=utf-8
host: localhost:39429
accept: */*

Response DefaultHttpResponse(decodeResult: success, version: HTTP/1.1)
HTTP/1.1 200 OK
Content-Length: 14
Content-Type: application/json; charset=utf-8
cache-control: no-cache

[DEBUG] Adding key: http://localhost:39429 for channel [id: 0x5e50c2a9, L:/127.0.0.1:60759 - R:localhost/127.0.0.1:39429]
keyboardActionItemspassed
]]></system-out>
    <system-err><![CDATA[Starting ChromeDriver 112.0.5615.49 (bd2a7bcb881c11e8cfe3078709382934e3916914-refs/branch-heads/5615@{#936}) on port 39429
Only local connections are allowed.
Please see https://chromedriver.chromium.org/security-considerations for suggestions on keeping ChromeDriver safe.
ChromeDriver was started successfully.
Apr 25, 2023 9:16:02 AM org.openqa.selenium.devtools.CdpVersionFinder findNearestMatch
WARNING: Unable to find an exact match for CDP version 112, so returning the closest version found: 111
]]></system-err>
  </testcase>
  <testcase name="TNLoginTest" classname="com.automationcode_9th_April_2023.TNRediffTest" time="8.155">
    <system-out><![CDATA[TNLoginTeststarting test
[DEBUG] Entry count for : http://localhost:60760 : 1
[DEBUG] Entry count for : http://localhost:39429 : 1
[DEBUG] Entry count for : http://localhost:32072 : 1
[DEBUG] Entry count for : http://localhost:44016 : 1
[DEBUG] Using new Channel '[id: 0xc76fe739, L:/127.0.0.1:60779 - R:localhost/127.0.0.1:40364]' for 'POST' to '/session'
[DEBUG] Entry count for : http://localhost:60760 : 1
[DEBUG] Entry count for : http://localhost:39429 : 1
[DEBUG] Entry count for : http://localhost:32072 : 1
[DEBUG] Entry count for : http://localhost:44016 : 1
[DEBUG] 

Request DefaultHttpRequest(decodeResult: success, version: HTTP/1.1)
POST /session HTTP/1.1
User-Agent: selenium/4.8.3 (java windows)
Content-Length: 439
Content-Type: application/json; charset=utf-8
host: localhost:40364
accept: */*

Response DefaultHttpResponse(decodeResult: success, version: HTTP/1.1)
HTTP/1.1 200 OK
Content-Length: 860
Content-Type: application/json; charset=utf-8
cache-control: no-cache

[DEBUG] Adding key: http://localhost:40364 for channel [id: 0xc76fe739, L:/127.0.0.1:60779 - R:localhost/127.0.0.1:40364]
[DEBUG] Using new Channel '[id: 0x5be5cac8, L:/127.0.0.1:60787 - R:localhost/127.0.0.1:60780]' for 'GET' to '/json/version'
[DEBUG] 

Request DefaultFullHttpRequest(decodeResult: success, version: HTTP/1.1, content: EmptyByteBufBE)
GET /json/version HTTP/1.1
User-Agent: selenium/4.8.3 (java windows)
host: localhost:60780
accept: */*

Response DefaultHttpResponse(decodeResult: success, version: HTTP/1.1)
HTTP/1.1 200 OK
Content-Security-Policy: frame-ancestors 'none'
Content-Length: 424
Content-Type: application/json; charset=UTF-8

[DEBUG] Adding key: http://localhost:60780 for channel [id: 0x5be5cac8, L:/127.0.0.1:60787 - R:localhost/127.0.0.1:60780]
[DEBUG] Using new Channel '[id: 0x0e2610ba, L:/127.0.0.1:60788 - R:localhost/127.0.0.1:60780]' for 'GET' to '/devtools/browser/92423fb7-bf37-4ece-8217-80e62067d5b6'
[DEBUG] 

Request DefaultFullHttpRequest(decodeResult: success, version: HTTP/1.1, content: EmptyByteBufBE)
GET /devtools/browser/92423fb7-bf37-4ece-8217-80e62067d5b6 HTTP/1.1
upgrade: websocket
connection: upgrade
sec-websocket-key: Kej2W027epWSak8rmPgkmg==
sec-websocket-version: 13
origin: http://localhost:60780
host: localhost:60780
accept: */*
user-agent: AHC/2.1

Response DefaultHttpResponse(decodeResult: success, version: HTTP/1.1)
HTTP/1.1 101 WebSocket Protocol Handshake
Upgrade: WebSocket
Connection: Upgrade
Sec-WebSocket-Accept: dDX+4Ddin06B7qWl99BlUKGsTO0=

[DEBUG] Using pooled Channel '[id: 0xc76fe739, L:/127.0.0.1:60779 - R:localhost/127.0.0.1:40364]' for 'POST' to 'http://localhost:40364/session/5a900bf8f015b035da2510a0db088cc0/window/maximize'
[DEBUG] Using open Channel [id: 0xc76fe739, L:/127.0.0.1:60779 - R:localhost/127.0.0.1:40364] for POST '/session/5a900bf8f015b035da2510a0db088cc0/window/maximize'
[DEBUG] 

Request DefaultHttpRequest(decodeResult: success, version: HTTP/1.1)
POST /session/5a900bf8f015b035da2510a0db088cc0/window/maximize HTTP/1.1
User-Agent: selenium/4.8.3 (java windows)
Content-Length: 3
Content-Type: application/json; charset=utf-8
host: localhost:40364
accept: */*

Response DefaultHttpResponse(decodeResult: success, version: HTTP/1.1)
HTTP/1.1 200 OK
Content-Length: 51
Content-Type: application/json; charset=utf-8
cache-control: no-cache

[DEBUG] Adding key: http://localhost:40364 for channel [id: 0xc76fe739, L:/127.0.0.1:60779 - R:localhost/127.0.0.1:40364]
[DEBUG] Using pooled Channel '[id: 0xc76fe739, L:/127.0.0.1:60779 - R:localhost/127.0.0.1:40364]' for 'POST' to 'http://localhost:40364/session/5a900bf8f015b035da2510a0db088cc0/url'
[DEBUG] Using open Channel [id: 0xc76fe739, L:/127.0.0.1:60779 - R:localhost/127.0.0.1:40364] for POST '/session/5a900bf8f015b035da2510a0db088cc0/url'
[DEBUG] Entry count for : http://localhost:60760 : 1
[DEBUG] Entry count for : http://localhost:60780 : 1
[DEBUG] Entry count for : http://localhost:39429 : 1
[DEBUG] Entry count for : http://localhost:32072 : 1
[DEBUG] Entry count for : http://localhost:44016 : 1
[DEBUG] Entry count for : http://localhost:60760 : 1
[DEBUG] Entry count for : http://localhost:60780 : 1
[DEBUG] Entry count for : http://localhost:39429 : 1
[DEBUG] Entry count for : http://localhost:32072 : 1
[DEBUG] Entry count for : http://localhost:44016 : 1
[DEBUG] Entry count for : http://localhost:60760 : 1
[DEBUG] Entry count for : http://localhost:60780 : 1
[DEBUG] Entry count for : http://localhost:39429 : 1
[DEBUG] Entry count for : http://localhost:32072 : 1
[DEBUG] Entry count for : http://localhost:44016 : 1
[DEBUG] Entry count for : http://localhost:60760 : 1
[DEBUG] Entry count for : http://localhost:60780 : 1
[DEBUG] Entry count for : http://localhost:39429 : 1
[DEBUG] Entry count for : http://localhost:32072 : 1
[DEBUG] Entry count for : http://localhost:44016 : 1
[DEBUG] 

Request DefaultHttpRequest(decodeResult: success, version: HTTP/1.1)
POST /session/5a900bf8f015b035da2510a0db088cc0/url HTTP/1.1
User-Agent: selenium/4.8.3 (java windows)
Content-Length: 60
Content-Type: application/json; charset=utf-8
host: localhost:40364
accept: */*

Response DefaultHttpResponse(decodeResult: success, version: HTTP/1.1)
HTTP/1.1 200 OK
Content-Length: 14
Content-Type: application/json; charset=utf-8
cache-control: no-cache

[DEBUG] Adding key: http://localhost:40364 for channel [id: 0xc76fe739, L:/127.0.0.1:60779 - R:localhost/127.0.0.1:40364]
[DEBUG] Using pooled Channel '[id: 0xc76fe739, L:/127.0.0.1:60779 - R:localhost/127.0.0.1:40364]' for 'POST' to 'http://localhost:40364/session/5a900bf8f015b035da2510a0db088cc0/element'
[DEBUG] Using open Channel [id: 0xc76fe739, L:/127.0.0.1:60779 - R:localhost/127.0.0.1:40364] for POST '/session/5a900bf8f015b035da2510a0db088cc0/element'
[DEBUG] 

Request DefaultHttpRequest(decodeResult: success, version: HTTP/1.1)
POST /session/5a900bf8f015b035da2510a0db088cc0/element HTTP/1.1
User-Agent: selenium/4.8.3 (java windows)
Content-Length: 51
Content-Type: application/json; charset=utf-8
host: localhost:40364
accept: */*

Response DefaultHttpResponse(decodeResult: success, version: HTTP/1.1)
HTTP/1.1 200 OK
Content-Length: 88
Content-Type: application/json; charset=utf-8
cache-control: no-cache

[DEBUG] Adding key: http://localhost:40364 for channel [id: 0xc76fe739, L:/127.0.0.1:60779 - R:localhost/127.0.0.1:40364]
[DEBUG] Using pooled Channel '[id: 0xc76fe739, L:/127.0.0.1:60779 - R:localhost/127.0.0.1:40364]' for 'POST' to 'http://localhost:40364/session/5a900bf8f015b035da2510a0db088cc0/element/8d02b40e-e9e2-45e5-8dea-bad8969f8537/click'
[DEBUG] Using open Channel [id: 0xc76fe739, L:/127.0.0.1:60779 - R:localhost/127.0.0.1:40364] for POST '/session/5a900bf8f015b035da2510a0db088cc0/element/8d02b40e-e9e2-45e5-8dea-bad8969f8537/click'
[DEBUG] 

Request DefaultHttpRequest(decodeResult: success, version: HTTP/1.1)
POST /session/5a900bf8f015b035da2510a0db088cc0/element/8d02b40e-e9e2-45e5-8dea-bad8969f8537/click HTTP/1.1
User-Agent: selenium/4.8.3 (java windows)
Content-Length: 50
Content-Type: application/json; charset=utf-8
host: localhost:40364
accept: */*

Response DefaultHttpResponse(decodeResult: success, version: HTTP/1.1)
HTTP/1.1 200 OK
Content-Length: 14
Content-Type: application/json; charset=utf-8
cache-control: no-cache

[DEBUG] Adding key: http://localhost:40364 for channel [id: 0xc76fe739, L:/127.0.0.1:60779 - R:localhost/127.0.0.1:40364]
[DEBUG] Using pooled Channel '[id: 0xc76fe739, L:/127.0.0.1:60779 - R:localhost/127.0.0.1:40364]' for 'POST' to 'http://localhost:40364/session/5a900bf8f015b035da2510a0db088cc0/element'
[DEBUG] Using open Channel [id: 0xc76fe739, L:/127.0.0.1:60779 - R:localhost/127.0.0.1:40364] for POST '/session/5a900bf8f015b035da2510a0db088cc0/element'
[DEBUG] 

Request DefaultHttpRequest(decodeResult: success, version: HTTP/1.1)
POST /session/5a900bf8f015b035da2510a0db088cc0/element HTTP/1.1
User-Agent: selenium/4.8.3 (java windows)
Content-Length: 46
Content-Type: application/json; charset=utf-8
host: localhost:40364
accept: */*

Response DefaultHttpResponse(decodeResult: success, version: HTTP/1.1)
HTTP/1.1 200 OK
Content-Length: 88
Content-Type: application/json; charset=utf-8
cache-control: no-cache

[DEBUG] Adding key: http://localhost:40364 for channel [id: 0xc76fe739, L:/127.0.0.1:60779 - R:localhost/127.0.0.1:40364]
[DEBUG] Using pooled Channel '[id: 0xc76fe739, L:/127.0.0.1:60779 - R:localhost/127.0.0.1:40364]' for 'POST' to 'http://localhost:40364/session/5a900bf8f015b035da2510a0db088cc0/element/776548d7-7958-4665-bb7e-15e12ed94800/click'
[DEBUG] Using open Channel [id: 0xc76fe739, L:/127.0.0.1:60779 - R:localhost/127.0.0.1:40364] for POST '/session/5a900bf8f015b035da2510a0db088cc0/element/776548d7-7958-4665-bb7e-15e12ed94800/click'
[DEBUG] Entry count for : http://localhost:60760 : 1
[DEBUG] Entry count for : http://localhost:60780 : 1
[DEBUG] Entry count for : http://localhost:39429 : 1
[DEBUG] Entry count for : http://localhost:32072 : 1
[DEBUG] Entry count for : http://localhost:44016 : 1
[DEBUG] 

Request DefaultHttpRequest(decodeResult: success, version: HTTP/1.1)
POST /session/5a900bf8f015b035da2510a0db088cc0/element/776548d7-7958-4665-bb7e-15e12ed94800/click HTTP/1.1
User-Agent: selenium/4.8.3 (java windows)
Content-Length: 50
Content-Type: application/json; charset=utf-8
host: localhost:40364
accept: */*

Response DefaultHttpResponse(decodeResult: success, version: HTTP/1.1)
HTTP/1.1 200 OK
Content-Length: 14
Content-Type: application/json; charset=utf-8
cache-control: no-cache

[DEBUG] Adding key: http://localhost:40364 for channel [id: 0xc76fe739, L:/127.0.0.1:60779 - R:localhost/127.0.0.1:40364]
[DEBUG] Using pooled Channel '[id: 0xc76fe739, L:/127.0.0.1:60779 - R:localhost/127.0.0.1:40364]' for 'POST' to 'http://localhost:40364/session/5a900bf8f015b035da2510a0db088cc0/element'
[DEBUG] Using open Channel [id: 0xc76fe739, L:/127.0.0.1:60779 - R:localhost/127.0.0.1:40364] for POST '/session/5a900bf8f015b035da2510a0db088cc0/element'
[DEBUG] 

Request DefaultHttpRequest(decodeResult: success, version: HTTP/1.1)
POST /session/5a900bf8f015b035da2510a0db088cc0/element HTTP/1.1
User-Agent: selenium/4.8.3 (java windows)
Content-Length: 58
Content-Type: application/json; charset=utf-8
host: localhost:40364
accept: */*

Response DefaultHttpResponse(decodeResult: success, version: HTTP/1.1)
HTTP/1.1 200 OK
Content-Length: 88
Content-Type: application/json; charset=utf-8
cache-control: no-cache

[DEBUG] Adding key: http://localhost:40364 for channel [id: 0xc76fe739, L:/127.0.0.1:60779 - R:localhost/127.0.0.1:40364]
[DEBUG] Using pooled Channel '[id: 0xc76fe739, L:/127.0.0.1:60779 - R:localhost/127.0.0.1:40364]' for 'POST' to 'http://localhost:40364/session/5a900bf8f015b035da2510a0db088cc0/element/0cabdf97-82eb-4e77-a8f0-3bb912df28f0/value'
[DEBUG] Using open Channel [id: 0xc76fe739, L:/127.0.0.1:60779 - R:localhost/127.0.0.1:40364] for POST '/session/5a900bf8f015b035da2510a0db088cc0/element/0cabdf97-82eb-4e77-a8f0-3bb912df28f0/value'
[DEBUG] 

Request DefaultHttpRequest(decodeResult: success, version: HTTP/1.1)
POST /session/5a900bf8f015b035da2510a0db088cc0/element/0cabdf97-82eb-4e77-a8f0-3bb912df28f0/value HTTP/1.1
User-Agent: selenium/4.8.3 (java windows)
Content-Length: 311
Content-Type: application/json; charset=utf-8
host: localhost:40364
accept: */*

Response DefaultHttpResponse(decodeResult: success, version: HTTP/1.1)
HTTP/1.1 200 OK
Content-Length: 14
Content-Type: application/json; charset=utf-8
cache-control: no-cache

[DEBUG] Adding key: http://localhost:40364 for channel [id: 0xc76fe739, L:/127.0.0.1:60779 - R:localhost/127.0.0.1:40364]
[DEBUG] Using pooled Channel '[id: 0xc76fe739, L:/127.0.0.1:60779 - R:localhost/127.0.0.1:40364]' for 'POST' to 'http://localhost:40364/session/5a900bf8f015b035da2510a0db088cc0/element'
[DEBUG] Using open Channel [id: 0xc76fe739, L:/127.0.0.1:60779 - R:localhost/127.0.0.1:40364] for POST '/session/5a900bf8f015b035da2510a0db088cc0/element'
[DEBUG] 

Request DefaultHttpRequest(decodeResult: success, version: HTTP/1.1)
POST /session/5a900bf8f015b035da2510a0db088cc0/element HTTP/1.1
User-Agent: selenium/4.8.3 (java windows)
Content-Length: 61
Content-Type: application/json; charset=utf-8
host: localhost:40364
accept: */*

Response DefaultHttpResponse(decodeResult: success, version: HTTP/1.1)
HTTP/1.1 200 OK
Content-Length: 88
Content-Type: application/json; charset=utf-8
cache-control: no-cache

[DEBUG] Adding key: http://localhost:40364 for channel [id: 0xc76fe739, L:/127.0.0.1:60779 - R:localhost/127.0.0.1:40364]
[DEBUG] Using pooled Channel '[id: 0xc76fe739, L:/127.0.0.1:60779 - R:localhost/127.0.0.1:40364]' for 'POST' to 'http://localhost:40364/session/5a900bf8f015b035da2510a0db088cc0/element/68d2254b-05a7-4212-b434-abaab295d144/value'
[DEBUG] Using open Channel [id: 0xc76fe739, L:/127.0.0.1:60779 - R:localhost/127.0.0.1:40364] for POST '/session/5a900bf8f015b035da2510a0db088cc0/element/68d2254b-05a7-4212-b434-abaab295d144/value'
[DEBUG] 

Request DefaultHttpRequest(decodeResult: success, version: HTTP/1.1)
POST /session/5a900bf8f015b035da2510a0db088cc0/element/68d2254b-05a7-4212-b434-abaab295d144/value HTTP/1.1
User-Agent: selenium/4.8.3 (java windows)
Content-Length: 201
Content-Type: application/json; charset=utf-8
host: localhost:40364
accept: */*

Response DefaultHttpResponse(decodeResult: success, version: HTTP/1.1)
HTTP/1.1 200 OK
Content-Length: 14
Content-Type: application/json; charset=utf-8
cache-control: no-cache

[DEBUG] Adding key: http://localhost:40364 for channel [id: 0xc76fe739, L:/127.0.0.1:60779 - R:localhost/127.0.0.1:40364]
[DEBUG] Using pooled Channel '[id: 0xc76fe739, L:/127.0.0.1:60779 - R:localhost/127.0.0.1:40364]' for 'POST' to 'http://localhost:40364/session/5a900bf8f015b035da2510a0db088cc0/element'
[DEBUG] Using open Channel [id: 0xc76fe739, L:/127.0.0.1:60779 - R:localhost/127.0.0.1:40364] for POST '/session/5a900bf8f015b035da2510a0db088cc0/element'
[DEBUG] 

Request DefaultHttpRequest(decodeResult: success, version: HTTP/1.1)
POST /session/5a900bf8f015b035da2510a0db088cc0/element HTTP/1.1
User-Agent: selenium/4.8.3 (java windows)
Content-Length: 65
Content-Type: application/json; charset=utf-8
host: localhost:40364
accept: */*

Response DefaultHttpResponse(decodeResult: success, version: HTTP/1.1)
HTTP/1.1 200 OK
Content-Length: 88
Content-Type: application/json; charset=utf-8
cache-control: no-cache

[DEBUG] Adding key: http://localhost:40364 for channel [id: 0xc76fe739, L:/127.0.0.1:60779 - R:localhost/127.0.0.1:40364]
[DEBUG] Using pooled Channel '[id: 0xc76fe739, L:/127.0.0.1:60779 - R:localhost/127.0.0.1:40364]' for 'POST' to 'http://localhost:40364/session/5a900bf8f015b035da2510a0db088cc0/element/d748de30-9c4a-49fd-946c-69f903aa8182/click'
[DEBUG] Using open Channel [id: 0xc76fe739, L:/127.0.0.1:60779 - R:localhost/127.0.0.1:40364] for POST '/session/5a900bf8f015b035da2510a0db088cc0/element/d748de30-9c4a-49fd-946c-69f903aa8182/click'
[DEBUG] Entry count for : http://localhost:60760 : 1
[DEBUG] Entry count for : http://localhost:60780 : 1
[DEBUG] Entry count for : http://localhost:39429 : 1
[DEBUG] Entry count for : http://localhost:32072 : 1
[DEBUG] Entry count for : http://localhost:44016 : 1
[DEBUG] 

Request DefaultHttpRequest(decodeResult: success, version: HTTP/1.1)
POST /session/5a900bf8f015b035da2510a0db088cc0/element/d748de30-9c4a-49fd-946c-69f903aa8182/click HTTP/1.1
User-Agent: selenium/4.8.3 (java windows)
Content-Length: 50
Content-Type: application/json; charset=utf-8
host: localhost:40364
accept: */*

Response DefaultHttpResponse(decodeResult: success, version: HTTP/1.1)
HTTP/1.1 200 OK
Content-Length: 14
Content-Type: application/json; charset=utf-8
cache-control: no-cache

[DEBUG] Adding key: http://localhost:40364 for channel [id: 0xc76fe739, L:/127.0.0.1:60779 - R:localhost/127.0.0.1:40364]
TNLoginTestpassed
]]></system-out>
    <system-err><![CDATA[Starting ChromeDriver 112.0.5615.49 (bd2a7bcb881c11e8cfe3078709382934e3916914-refs/branch-heads/5615@{#936}) on port 40364
Only local connections are allowed.
Please see https://chromedriver.chromium.org/security-considerations for suggestions on keeping ChromeDriver safe.
ChromeDriver was started successfully.
Apr 25, 2023 9:16:11 AM org.openqa.selenium.devtools.CdpVersionFinder findNearestMatch
WARNING: Unable to find an exact match for CDP version 112, so returning the closest version found: 111
]]></system-err>
  </testcase>
  <testcase name="rediffLoginTest" classname="com.automationcode_9th_April_2023.TNRediffTest" time="0">
    <skipped message="null"/>
    <system-out><![CDATA[rediffLoginTeststarting test
[DEBUG] Using new Channel '[id: 0x8ea785b1, L:/127.0.0.1:60799 - R:localhost/127.0.0.1:5924]' for 'POST' to '/session'
[DEBUG] Entry count for : http://localhost:60760 : 1
[DEBUG] Entry count for : http://localhost:40364 : 1
[DEBUG] Entry count for : http://localhost:60780 : 1
[DEBUG] Entry count for : http://localhost:39429 : 1
[DEBUG] Entry count for : http://localhost:32072 : 1
[DEBUG] Entry count for : http://localhost:44016 : 1
[DEBUG] 

Request DefaultHttpRequest(decodeResult: success, version: HTTP/1.1)
POST /session HTTP/1.1
User-Agent: selenium/4.8.3 (java windows)
Content-Length: 439
Content-Type: application/json; charset=utf-8
host: localhost:5924
accept: */*

Response DefaultHttpResponse(decodeResult: success, version: HTTP/1.1)
HTTP/1.1 200 OK
Content-Length: 861
Content-Type: application/json; charset=utf-8
cache-control: no-cache

[DEBUG] Adding key: http://localhost:5924 for channel [id: 0x8ea785b1, L:/127.0.0.1:60799 - R:localhost/127.0.0.1:5924]
[DEBUG] Using new Channel '[id: 0x023bab4b, L:/127.0.0.1:60808 - R:localhost/127.0.0.1:60800]' for 'GET' to '/json/version'
[DEBUG] 

Request DefaultFullHttpRequest(decodeResult: success, version: HTTP/1.1, content: EmptyByteBufBE)
GET /json/version HTTP/1.1
User-Agent: selenium/4.8.3 (java windows)
host: localhost:60800
accept: */*

Response DefaultHttpResponse(decodeResult: success, version: HTTP/1.1)
HTTP/1.1 200 OK
Content-Security-Policy: frame-ancestors 'none'
Content-Length: 424
Content-Type: application/json; charset=UTF-8

[DEBUG] Adding key: http://localhost:60800 for channel [id: 0x023bab4b, L:/127.0.0.1:60808 - R:localhost/127.0.0.1:60800]
[DEBUG] Using new Channel '[id: 0xf1875446, L:/127.0.0.1:60809 - R:localhost/127.0.0.1:60800]' for 'GET' to '/devtools/browser/ecddde47-2cd8-4781-bb17-10f22e9352ba'
[DEBUG] 

Request DefaultFullHttpRequest(decodeResult: success, version: HTTP/1.1, content: EmptyByteBufBE)
GET /devtools/browser/ecddde47-2cd8-4781-bb17-10f22e9352ba HTTP/1.1
upgrade: websocket
connection: upgrade
sec-websocket-key: C3LfLZ6ur7feiKOWHU1guQ==
sec-websocket-version: 13
origin: http://localhost:60800
host: localhost:60800
accept: */*
user-agent: AHC/2.1

Response DefaultHttpResponse(decodeResult: success, version: HTTP/1.1)
HTTP/1.1 101 WebSocket Protocol Handshake
Upgrade: WebSocket
Connection: Upgrade
Sec-WebSocket-Accept: jft5NGNtK1OVC2WZ4k1aCueCzv0=

[DEBUG] Using pooled Channel '[id: 0x8ea785b1, L:/127.0.0.1:60799 - R:localhost/127.0.0.1:5924]' for 'POST' to 'http://localhost:5924/session/f9ffe88898994cc9179e835b8bec074b/window/maximize'
[DEBUG] Using open Channel [id: 0x8ea785b1, L:/127.0.0.1:60799 - R:localhost/127.0.0.1:5924] for POST '/session/f9ffe88898994cc9179e835b8bec074b/window/maximize'
[DEBUG] 

Request DefaultHttpRequest(decodeResult: success, version: HTTP/1.1)
POST /session/f9ffe88898994cc9179e835b8bec074b/window/maximize HTTP/1.1
User-Agent: selenium/4.8.3 (java windows)
Content-Length: 3
Content-Type: application/json; charset=utf-8
host: localhost:5924
accept: */*

Response DefaultHttpResponse(decodeResult: success, version: HTTP/1.1)
HTTP/1.1 200 OK
Content-Length: 51
Content-Type: application/json; charset=utf-8
cache-control: no-cache

[DEBUG] Adding key: http://localhost:5924 for channel [id: 0x8ea785b1, L:/127.0.0.1:60799 - R:localhost/127.0.0.1:5924]
[DEBUG] Using pooled Channel '[id: 0x8ea785b1, L:/127.0.0.1:60799 - R:localhost/127.0.0.1:5924]' for 'POST' to 'http://localhost:5924/session/f9ffe88898994cc9179e835b8bec074b/url'
[DEBUG] Using open Channel [id: 0x8ea785b1, L:/127.0.0.1:60799 - R:localhost/127.0.0.1:5924] for POST '/session/f9ffe88898994cc9179e835b8bec074b/url'
[DEBUG] Entry count for : http://localhost:60760 : 1
[DEBUG] Entry count for : http://localhost:40364 : 1
[DEBUG] Entry count for : http://localhost:60780 : 1
[DEBUG] Entry count for : http://localhost:39429 : 1
[DEBUG] Entry count for : http://localhost:32072 : 1
[DEBUG] Entry count for : http://localhost:60800 : 1
[DEBUG] Entry count for : http://localhost:44016 : 1
[DEBUG] Entry count for : http://localhost:60760 : 1
[DEBUG] Entry count for : http://localhost:40364 : 1
[DEBUG] Entry count for : http://localhost:60780 : 1
[DEBUG] Entry count for : http://localhost:39429 : 1
[DEBUG] Entry count for : http://localhost:32072 : 1
[DEBUG] Entry count for : http://localhost:60800 : 1
[DEBUG] Entry count for : http://localhost:44016 : 1
[DEBUG] Entry count for : http://localhost:60760 : 1
[DEBUG] Entry count for : http://localhost:40364 : 1
[DEBUG] Entry count for : http://localhost:60780 : 1
[DEBUG] Entry count for : http://localhost:39429 : 1
[DEBUG] Entry count for : http://localhost:32072 : 1
[DEBUG] Entry count for : http://localhost:60800 : 1
[DEBUG] Entry count for : http://localhost:44016 : 1
[DEBUG] Entry count for : http://localhost:60760 : 1
[DEBUG] Entry count for : http://localhost:40364 : 1
[DEBUG] Entry count for : http://localhost:60780 : 1
[DEBUG] Entry count for : http://localhost:39429 : 1
[DEBUG] Entry count for : http://localhost:32072 : 1
[DEBUG] Entry count for : http://localhost:60800 : 1
[DEBUG] Entry count for : http://localhost:44016 : 1
[DEBUG] Entry count for : http://localhost:60760 : 1
[DEBUG] Entry count for : http://localhost:40364 : 1
[DEBUG] Entry count for : http://localhost:60780 : 1
[DEBUG] Entry count for : http://localhost:39429 : 1
[DEBUG] Entry count for : http://localhost:32072 : 1
[DEBUG] Entry count for : http://localhost:60800 : 1
[DEBUG] Entry count for : http://localhost:44016 : 1
[DEBUG] Entry count for : http://localhost:60760 : 1
[DEBUG] Entry count for : http://localhost:40364 : 1
[DEBUG] Entry count for : http://localhost:60780 : 1
[DEBUG] Entry count for : http://localhost:39429 : 1
[DEBUG] Entry count for : http://localhost:32072 : 1
[DEBUG] Entry count for : http://localhost:60800 : 1
[DEBUG] Entry count for : http://localhost:44016 : 1
[DEBUG] 

Request DefaultHttpRequest(decodeResult: success, version: HTTP/1.1)
POST /session/f9ffe88898994cc9179e835b8bec074b/url HTTP/1.1
User-Agent: selenium/4.8.3 (java windows)
Content-Length: 76
Content-Type: application/json; charset=utf-8
host: localhost:5924
accept: */*

Response DefaultHttpResponse(decodeResult: success, version: HTTP/1.1)
HTTP/1.1 200 OK
Content-Length: 14
Content-Type: application/json; charset=utf-8
cache-control: no-cache

[DEBUG] Adding key: http://localhost:5924 for channel [id: 0x8ea785b1, L:/127.0.0.1:60799 - R:localhost/127.0.0.1:5924]
[DEBUG] Using pooled Channel '[id: 0x8ea785b1, L:/127.0.0.1:60799 - R:localhost/127.0.0.1:5924]' for 'POST' to 'http://localhost:5924/session/f9ffe88898994cc9179e835b8bec074b/element'
[DEBUG] Using open Channel [id: 0x8ea785b1, L:/127.0.0.1:60799 - R:localhost/127.0.0.1:5924] for POST '/session/f9ffe88898994cc9179e835b8bec074b/element'
[DEBUG] 

Request DefaultHttpRequest(decodeResult: success, version: HTTP/1.1)
POST /session/f9ffe88898994cc9179e835b8bec074b/element HTTP/1.1
User-Agent: selenium/4.8.3 (java windows)
Content-Length: 51
Content-Type: application/json; charset=utf-8
host: localhost:5924
accept: */*

Response DefaultHttpResponse(decodeResult: success, version: HTTP/1.1)
HTTP/1.1 200 OK
Content-Length: 88
Content-Type: application/json; charset=utf-8
cache-control: no-cache

[DEBUG] Adding key: http://localhost:5924 for channel [id: 0x8ea785b1, L:/127.0.0.1:60799 - R:localhost/127.0.0.1:5924]
[DEBUG] Using pooled Channel '[id: 0x8ea785b1, L:/127.0.0.1:60799 - R:localhost/127.0.0.1:5924]' for 'POST' to 'http://localhost:5924/session/f9ffe88898994cc9179e835b8bec074b/element/bd49ccca-e928-4ab9-9be7-698de4c142d6/value'
[DEBUG] Using open Channel [id: 0x8ea785b1, L:/127.0.0.1:60799 - R:localhost/127.0.0.1:5924] for POST '/session/f9ffe88898994cc9179e835b8bec074b/element/bd49ccca-e928-4ab9-9be7-698de4c142d6/value'
[DEBUG] 

Request DefaultHttpRequest(decodeResult: success, version: HTTP/1.1)
POST /session/f9ffe88898994cc9179e835b8bec074b/element/bd49ccca-e928-4ab9-9be7-698de4c142d6/value HTTP/1.1
User-Agent: selenium/4.8.3 (java windows)
Content-Length: 361
Content-Type: application/json; charset=utf-8
host: localhost:5924
accept: */*

Response DefaultHttpResponse(decodeResult: success, version: HTTP/1.1)
HTTP/1.1 200 OK
Content-Length: 14
Content-Type: application/json; charset=utf-8
cache-control: no-cache

[DEBUG] Adding key: http://localhost:5924 for channel [id: 0x8ea785b1, L:/127.0.0.1:60799 - R:localhost/127.0.0.1:5924]
[DEBUG] Using pooled Channel '[id: 0x8ea785b1, L:/127.0.0.1:60799 - R:localhost/127.0.0.1:5924]' for 'POST' to 'http://localhost:5924/session/f9ffe88898994cc9179e835b8bec074b/element'
[DEBUG] Using open Channel [id: 0x8ea785b1, L:/127.0.0.1:60799 - R:localhost/127.0.0.1:5924] for POST '/session/f9ffe88898994cc9179e835b8bec074b/element'
[DEBUG] 

Request DefaultHttpRequest(decodeResult: success, version: HTTP/1.1)
POST /session/f9ffe88898994cc9179e835b8bec074b/element HTTP/1.1
User-Agent: selenium/4.8.3 (java windows)
Content-Length: 53
Content-Type: application/json; charset=utf-8
host: localhost:5924
accept: */*

Response DefaultHttpResponse(decodeResult: success, version: HTTP/1.1)
HTTP/1.1 200 OK
Content-Length: 88
Content-Type: application/json; charset=utf-8
cache-control: no-cache

[DEBUG] Adding key: http://localhost:5924 for channel [id: 0x8ea785b1, L:/127.0.0.1:60799 - R:localhost/127.0.0.1:5924]
[DEBUG] Using pooled Channel '[id: 0x8ea785b1, L:/127.0.0.1:60799 - R:localhost/127.0.0.1:5924]' for 'POST' to 'http://localhost:5924/session/f9ffe88898994cc9179e835b8bec074b/element/793ec796-3767-4d4f-8488-67bcf08168e2/value'
[DEBUG] Using open Channel [id: 0x8ea785b1, L:/127.0.0.1:60799 - R:localhost/127.0.0.1:5924] for POST '/session/f9ffe88898994cc9179e835b8bec074b/element/793ec796-3767-4d4f-8488-67bcf08168e2/value'
[DEBUG] Entry count for : http://localhost:60760 : 1
[DEBUG] Entry count for : http://localhost:40364 : 1
[DEBUG] Entry count for : http://localhost:60780 : 1
[DEBUG] Entry count for : http://localhost:39429 : 1
[DEBUG] Entry count for : http://localhost:32072 : 1
[DEBUG] Entry count for : http://localhost:60800 : 1
[DEBUG] Entry count for : http://localhost:44016 : 1
[DEBUG] 

Request DefaultHttpRequest(decodeResult: success, version: HTTP/1.1)
POST /session/f9ffe88898994cc9179e835b8bec074b/element/793ec796-3767-4d4f-8488-67bcf08168e2/value HTTP/1.1
User-Agent: selenium/4.8.3 (java windows)
Content-Length: 201
Content-Type: application/json; charset=utf-8
host: localhost:5924
accept: */*

Response DefaultHttpResponse(decodeResult: success, version: HTTP/1.1)
HTTP/1.1 200 OK
Content-Length: 14
Content-Type: application/json; charset=utf-8
cache-control: no-cache

[DEBUG] Adding key: http://localhost:5924 for channel [id: 0x8ea785b1, L:/127.0.0.1:60799 - R:localhost/127.0.0.1:5924]
[DEBUG] Using pooled Channel '[id: 0x8ea785b1, L:/127.0.0.1:60799 - R:localhost/127.0.0.1:5924]' for 'POST' to 'http://localhost:5924/session/f9ffe88898994cc9179e835b8bec074b/element'
[DEBUG] Using open Channel [id: 0x8ea785b1, L:/127.0.0.1:60799 - R:localhost/127.0.0.1:5924] for POST '/session/f9ffe88898994cc9179e835b8bec074b/element'
[DEBUG] 

Request DefaultHttpRequest(decodeResult: success, version: HTTP/1.1)
POST /session/f9ffe88898994cc9179e835b8bec074b/element HTTP/1.1
User-Agent: selenium/4.8.3 (java windows)
Content-Length: 54
Content-Type: application/json; charset=utf-8
host: localhost:5924
accept: */*

Response DefaultHttpResponse(decodeResult: success, version: HTTP/1.1)
HTTP/1.1 200 OK
Content-Length: 88
Content-Type: application/json; charset=utf-8
cache-control: no-cache

[DEBUG] Adding key: http://localhost:5924 for channel [id: 0x8ea785b1, L:/127.0.0.1:60799 - R:localhost/127.0.0.1:5924]
[DEBUG] Using pooled Channel '[id: 0x8ea785b1, L:/127.0.0.1:60799 - R:localhost/127.0.0.1:5924]' for 'POST' to 'http://localhost:5924/session/f9ffe88898994cc9179e835b8bec074b/element/703a39f1-76df-47c3-9d9e-5bced1e388e8/click'
[DEBUG] Using open Channel [id: 0x8ea785b1, L:/127.0.0.1:60799 - R:localhost/127.0.0.1:5924] for POST '/session/f9ffe88898994cc9179e835b8bec074b/element/703a39f1-76df-47c3-9d9e-5bced1e388e8/click'
[DEBUG] Entry count for : http://localhost:60760 : 1
[DEBUG] Entry count for : http://localhost:40364 : 1
[DEBUG] Entry count for : http://localhost:60780 : 1
[DEBUG] Entry count for : http://localhost:39429 : 1
[DEBUG] Entry count for : http://localhost:32072 : 1
[DEBUG] Entry count for : http://localhost:60800 : 1
[DEBUG] Entry count for : http://localhost:44016 : 1
[DEBUG] Entry count for : http://localhost:60760 : 1
[DEBUG] Entry count for : http://localhost:40364 : 1
[DEBUG] Entry count for : http://localhost:60780 : 1
[DEBUG] Entry count for : http://localhost:39429 : 1
[DEBUG] Entry count for : http://localhost:32072 : 1
[DEBUG] Entry count for : http://localhost:60800 : 1
[DEBUG] Entry count for : http://localhost:44016 : 1
[DEBUG] Entry count for : http://localhost:60760 : 1
[DEBUG] Entry count for : http://localhost:40364 : 1
[DEBUG] Entry count for : http://localhost:60780 : 1
[DEBUG] Entry count for : http://localhost:39429 : 1
[DEBUG] Entry count for : http://localhost:32072 : 1
[DEBUG] Entry count for : http://localhost:60800 : 1
[DEBUG] Entry count for : http://localhost:44016 : 1
[DEBUG] Entry count for : http://localhost:60760 : 1
[DEBUG] Entry count for : http://localhost:40364 : 1
[DEBUG] Entry count for : http://localhost:60780 : 1
[DEBUG] Entry count for : http://localhost:39429 : 1
[DEBUG] Entry count for : http://localhost:32072 : 1
[DEBUG] Entry count for : http://localhost:60800 : 1
[DEBUG] Entry count for : http://localhost:44016 : 1
[DEBUG] Adding Candidate expired Channel [id: 0x30063277, L:/127.0.0.1:60337 - R:localhost/127.0.0.1:32072] isIdleTimeoutExpired=true isRemotelyClosed=false isTtlExpired=false
[DEBUG] Closing Idle Channel [id: 0x30063277, L:/127.0.0.1:60337 - R:localhost/127.0.0.1:32072]
[DEBUG] Closed 1 connections out of 7 in 0 ms
[DEBUG] Channel Closed: [id: 0x30063277, L:/127.0.0.1:60337 ! R:localhost/127.0.0.1:32072] with attribute DISCARD
[DEBUG] Entry count for : http://localhost:60760 : 1
[DEBUG] Entry count for : http://localhost:40364 : 1
[DEBUG] Entry count for : http://localhost:60780 : 1
[DEBUG] Entry count for : http://localhost:39429 : 1
[DEBUG] Entry count for : http://localhost:60800 : 1
[DEBUG] Entry count for : http://localhost:44016 : 1
[DEBUG] Entry count for : http://localhost:60760 : 1
[DEBUG] Entry count for : http://localhost:40364 : 1
[DEBUG] Entry count for : http://localhost:60780 : 1
[DEBUG] Entry count for : http://localhost:39429 : 1
[DEBUG] Entry count for : http://localhost:60800 : 1
[DEBUG] Entry count for : http://localhost:44016 : 1
[DEBUG] Entry count for : http://localhost:60760 : 1
[DEBUG] Entry count for : http://localhost:40364 : 1
[DEBUG] Entry count for : http://localhost:60780 : 1
[DEBUG] Entry count for : http://localhost:39429 : 1
[DEBUG] Entry count for : http://localhost:60800 : 1
[DEBUG] Entry count for : http://localhost:44016 : 1
[DEBUG] Entry count for : http://localhost:60760 : 1
[DEBUG] Entry count for : http://localhost:40364 : 1
[DEBUG] Entry count for : http://localhost:60780 : 1
[DEBUG] Entry count for : http://localhost:39429 : 1
[DEBUG] Entry count for : http://localhost:60800 : 1
[DEBUG] Entry count for : http://localhost:44016 : 1
[DEBUG] Entry count for : http://localhost:60760 : 1
[DEBUG] Entry count for : http://localhost:40364 : 1
[DEBUG] Entry count for : http://localhost:60780 : 1
[DEBUG] Entry count for : http://localhost:39429 : 1
[DEBUG] Entry count for : http://localhost:60800 : 1
[DEBUG] Entry count for : http://localhost:44016 : 1
[DEBUG] Entry count for : http://localhost:60760 : 1
[DEBUG] Entry count for : http://localhost:40364 : 1
[DEBUG] Entry count for : http://localhost:60780 : 1
[DEBUG] Entry count for : http://localhost:39429 : 1
[DEBUG] Entry count for : http://localhost:60800 : 1
[DEBUG] Entry count for : http://localhost:44016 : 1
[DEBUG] 

Request DefaultHttpRequest(decodeResult: success, version: HTTP/1.1)
POST /session/f9ffe88898994cc9179e835b8bec074b/element/703a39f1-76df-47c3-9d9e-5bced1e388e8/click HTTP/1.1
User-Agent: selenium/4.8.3 (java windows)
Content-Length: 50
Content-Type: application/json; charset=utf-8
host: localhost:5924
accept: */*

Response DefaultHttpResponse(decodeResult: success, version: HTTP/1.1)
HTTP/1.1 200 OK
Content-Length: 14
Content-Type: application/json; charset=utf-8
cache-control: no-cache

[DEBUG] Adding key: http://localhost:5924 for channel [id: 0x8ea785b1, L:/127.0.0.1:60799 - R:localhost/127.0.0.1:5924]
rediffLoginTestskipped
]]></system-out>
    <system-err><![CDATA[Starting ChromeDriver 112.0.5615.49 (bd2a7bcb881c11e8cfe3078709382934e3916914-refs/branch-heads/5615@{#936}) on port 5924
Only local connections are allowed.
Please see https://chromedriver.chromium.org/security-considerations for suggestions on keeping ChromeDriver safe.
ChromeDriver was started successfully.
Apr 25, 2023 9:16:19 AM org.openqa.selenium.devtools.CdpVersionFinder findNearestMatch
WARNING: Unable to find an exact match for CDP version 112, so returning the closest version found: 111
]]></system-err>
  </testcase>
  <testcase name="rediffLoginTest" classname="com.automationcode_9th_April_2023.TNRediffTest" time="0">
    <skipped message="Error communicating with the remote browser. It may have died.&#10;Build info: version: &apos;4.8.3&apos;, revision: &apos;e5e76298c3&apos;&#10;System info: os.name: &apos;Windows 11&apos;, os.arch: &apos;amd64&apos;, os.version: &apos;10.0&apos;, java.version: &apos;1.8.0_351&apos;&#10;Driver info: org.openqa.selenium.chrome.ChromeDriver&#10;Command: [4e5c676e4df6e227097953df99929618, get {url=https://mail.rediff.com/cgi-bin/login.cgi}]&#10;Capabilities {acceptInsecureCerts: false, browserName: chrome, browserVersion: 112.0.5615.138, chrome: {chromedriverVersion: 112.0.5615.49 (bd2a7bcb881c..., userDataDir: C:\Users\Dennis\AppData\Loc...}, goog:chromeOptions: {debuggerAddress: localhost:60855}, networkConnectionEnabled: false, pageLoadStrategy: normal, platformName: WINDOWS, proxy: Proxy(), se:cdp: ws://localhost:60855/devtoo..., se:cdpVersion: 112.0.5615.138, setWindowRect: true, strictFileInteractability: false, timeouts: {implicit: 0, pageLoad: 300000, script: 30000}, unhandledPromptBehavior: dismiss and notify, webauthn:extension:credBlob: true, webauthn:extension:largeBlob: true, webauthn:extension:minPinLength: true, webauthn:extension:prf: true, webauthn:virtualAuthenticators: true}&#10;Session ID: 4e5c676e4df6e227097953df99929618"/>
    <system-out><![CDATA[rediffLoginTeststarting test
[DEBUG] Channel Closed: [id: 0x023bab4b, L:/127.0.0.1:60808 ! R:localhost/127.0.0.1:60800] with attribute DISCARD
[DEBUG] Channel Closed: [id: 0xf1875446, L:/127.0.0.1:60809 ! R:localhost/127.0.0.1:60800] with attribute NettyResponseFuture{currentRetry=0,
	isDone=1,
	isCancelled=0,
	asyncHandler=org.asynchttpclient.ws.WebSocketUpgradeHandler@5cbd3ce4,
	nettyRequest=org.asynchttpclient.netty.request.NettyRequest@6dbacea7,
	future=java.util.concurrent.CompletableFuture@27647e5c[Completed normally],
	uri=ws://localhost:60800/devtools/browser/ecddde47-2cd8-4781-bb17-10f22e9352ba,
	keepAlive=true,
	redirectCount=0,
	timeoutsHolder=null,
	inAuth=0,
	touch=1682428579051}
[DEBUG] Closing Channel [id: 0xf1875446, L:/127.0.0.1:60809 ! R:localhost/127.0.0.1:60800] 
[DEBUG] Entry count for : http://localhost:60760 : 1
[DEBUG] Entry count for : http://localhost:40364 : 1
[DEBUG] Entry count for : http://localhost:5924 : 1
[DEBUG] Entry count for : http://localhost:60780 : 1
[DEBUG] Entry count for : http://localhost:39429 : 1
[DEBUG] Entry count for : http://localhost:60800 : 1
[DEBUG] Entry count for : http://localhost:44016 : 1
[DEBUG] Adding Candidate expired Channel [id: 0x023bab4b, L:/127.0.0.1:60808 ! R:localhost/127.0.0.1:60800] isIdleTimeoutExpired=false isRemotelyClosed=true isTtlExpired=false
[DEBUG] Closing Idle Channel [id: 0x023bab4b, L:/127.0.0.1:60808 ! R:localhost/127.0.0.1:60800]
[DEBUG] Closed 1 connections out of 7 in 3 ms
[DEBUG] Using new Channel '[id: 0x2a214dfd, L:/127.0.0.1:60854 - R:localhost/127.0.0.1:43836]' for 'POST' to '/session'
[DEBUG] Channel Closed: [id: 0x5be5cac8, L:/127.0.0.1:60787 ! R:localhost/127.0.0.1:60780] with attribute DISCARD
[DEBUG] Channel Closed: [id: 0x0e2610ba, L:/127.0.0.1:60788 ! R:localhost/127.0.0.1:60780] with attribute NettyResponseFuture{currentRetry=0,
	isDone=1,
	isCancelled=0,
	asyncHandler=org.asynchttpclient.ws.WebSocketUpgradeHandler@452f0466,
	nettyRequest=org.asynchttpclient.netty.request.NettyRequest@424cf3c0,
	future=java.util.concurrent.CompletableFuture@13740d67[Completed normally],
	uri=ws://localhost:60780/devtools/browser/92423fb7-bf37-4ece-8217-80e62067d5b6,
	keepAlive=true,
	redirectCount=0,
	timeoutsHolder=null,
	inAuth=0,
	touch=1682428571141}
[DEBUG] Closing Channel [id: 0x0e2610ba, L:/127.0.0.1:60788 ! R:localhost/127.0.0.1:60780] 
[DEBUG] 

Request DefaultHttpRequest(decodeResult: success, version: HTTP/1.1)
POST /session HTTP/1.1
User-Agent: selenium/4.8.3 (java windows)
Content-Length: 439
Content-Type: application/json; charset=utf-8
host: localhost:43836
accept: */*

Response DefaultHttpResponse(decodeResult: success, version: HTTP/1.1)
HTTP/1.1 200 OK
Content-Length: 861
Content-Type: application/json; charset=utf-8
cache-control: no-cache

[DEBUG] Adding key: http://localhost:43836 for channel [id: 0x2a214dfd, L:/127.0.0.1:60854 - R:localhost/127.0.0.1:43836]
[DEBUG] Using new Channel '[id: 0x134653e0, L:/127.0.0.1:60860 - R:localhost/127.0.0.1:60855]' for 'GET' to '/json/version'
[DEBUG] 

Request DefaultFullHttpRequest(decodeResult: success, version: HTTP/1.1, content: EmptyByteBufBE)
GET /json/version HTTP/1.1
User-Agent: selenium/4.8.3 (java windows)
host: localhost:60855
accept: */*

Response DefaultHttpResponse(decodeResult: success, version: HTTP/1.1)
HTTP/1.1 200 OK
Content-Security-Policy: frame-ancestors 'none'
Content-Length: 424
Content-Type: application/json; charset=UTF-8

[DEBUG] Adding key: http://localhost:60855 for channel [id: 0x134653e0, L:/127.0.0.1:60860 - R:localhost/127.0.0.1:60855]
[DEBUG] Using new Channel '[id: 0xb0a8134b, L:/127.0.0.1:60861 - R:localhost/127.0.0.1:60855]' for 'GET' to '/devtools/browser/53311b5a-e368-453e-8e2a-519d408f9d3e'
[DEBUG] 

Request DefaultFullHttpRequest(decodeResult: success, version: HTTP/1.1, content: EmptyByteBufBE)
GET /devtools/browser/53311b5a-e368-453e-8e2a-519d408f9d3e HTTP/1.1
upgrade: websocket
connection: upgrade
sec-websocket-key: 7VMqfoGYKzgVUjjXLUqAwg==
sec-websocket-version: 13
origin: http://localhost:60855
host: localhost:60855
accept: */*
user-agent: AHC/2.1

Response DefaultHttpResponse(decodeResult: success, version: HTTP/1.1)
HTTP/1.1 101 WebSocket Protocol Handshake
Upgrade: WebSocket
Connection: Upgrade
Sec-WebSocket-Accept: g85WXZlbCvKzU6QYa11saZInAUo=

[DEBUG] Using pooled Channel '[id: 0x2a214dfd, L:/127.0.0.1:60854 - R:localhost/127.0.0.1:43836]' for 'POST' to 'http://localhost:43836/session/4e5c676e4df6e227097953df99929618/window/maximize'
[DEBUG] Using open Channel [id: 0x2a214dfd, L:/127.0.0.1:60854 - R:localhost/127.0.0.1:43836] for POST '/session/4e5c676e4df6e227097953df99929618/window/maximize'
[DEBUG] Entry count for : http://localhost:60760 : 1
[DEBUG] Entry count for : http://localhost:40364 : 1
[DEBUG] Entry count for : http://localhost:5924 : 1
[DEBUG] Entry count for : http://localhost:60780 : 1
[DEBUG] Entry count for : http://localhost:39429 : 1
[DEBUG] Entry count for : http://localhost:60855 : 1
[DEBUG] Entry count for : http://localhost:44016 : 1
[DEBUG] Adding Candidate expired Channel [id: 0x5be5cac8, L:/127.0.0.1:60787 ! R:localhost/127.0.0.1:60780] isIdleTimeoutExpired=false isRemotelyClosed=true isTtlExpired=false
[DEBUG] Closing Idle Channel [id: 0x5be5cac8, L:/127.0.0.1:60787 ! R:localhost/127.0.0.1:60780]
[DEBUG] Closed 1 connections out of 7 in 0 ms
[DEBUG] 

Request DefaultHttpRequest(decodeResult: success, version: HTTP/1.1)
POST /session/4e5c676e4df6e227097953df99929618/window/maximize HTTP/1.1
User-Agent: selenium/4.8.3 (java windows)
Content-Length: 3
Content-Type: application/json; charset=utf-8
host: localhost:43836
accept: */*

Response DefaultHttpResponse(decodeResult: success, version: HTTP/1.1)
HTTP/1.1 200 OK
Content-Length: 51
Content-Type: application/json; charset=utf-8
cache-control: no-cache

[DEBUG] Adding key: http://localhost:43836 for channel [id: 0x2a214dfd, L:/127.0.0.1:60854 - R:localhost/127.0.0.1:43836]
[DEBUG] Using pooled Channel '[id: 0x2a214dfd, L:/127.0.0.1:60854 - R:localhost/127.0.0.1:43836]' for 'POST' to 'http://localhost:43836/session/4e5c676e4df6e227097953df99929618/url'
[DEBUG] Using open Channel [id: 0x2a214dfd, L:/127.0.0.1:60854 - R:localhost/127.0.0.1:43836] for POST '/session/4e5c676e4df6e227097953df99929618/url'
[DEBUG] Entry count for : http://localhost:60760 : 1
[DEBUG] Entry count for : http://localhost:40364 : 1
[DEBUG] Entry count for : http://localhost:5924 : 1
[DEBUG] Entry count for : http://localhost:39429 : 1
[DEBUG] Entry count for : http://localhost:60855 : 1
[DEBUG] Entry count for : http://localhost:44016 : 1
[DEBUG] Channel Closed: [id: 0x8c11bf7b, L:/127.0.0.1:60767 ! R:localhost/127.0.0.1:60760] with attribute DISCARD
[DEBUG] Channel Closed: [id: 0x9f3ce783, L:/127.0.0.1:60768 ! R:localhost/127.0.0.1:60760] with attribute NettyResponseFuture{currentRetry=0,
	isDone=1,
	isCancelled=0,
	asyncHandler=org.asynchttpclient.ws.WebSocketUpgradeHandler@2d1f1a7a,
	nettyRequest=org.asynchttpclient.netty.request.NettyRequest@2560f96c,
	future=java.util.concurrent.CompletableFuture@e26d513[Completed normally],
	uri=ws://localhost:60760/devtools/browser/69474778-cd74-411d-a851-e39c74e971cd,
	keepAlive=true,
	redirectCount=0,
	timeoutsHolder=null,
	inAuth=0,
	touch=1682428562691}
[DEBUG] Closing Channel [id: 0x9f3ce783, L:/127.0.0.1:60768 ! R:localhost/127.0.0.1:60760] 
[DEBUG] Channel Closed: [id: 0x134653e0, L:/127.0.0.1:60860 ! R:localhost/127.0.0.1:60855] with attribute DISCARD
[DEBUG] Channel Closed: [id: 0xb0a8134b, L:/127.0.0.1:60861 ! R:localhost/127.0.0.1:60855] with attribute NettyResponseFuture{currentRetry=0,
	isDone=1,
	isCancelled=0,
	asyncHandler=org.asynchttpclient.ws.WebSocketUpgradeHandler@79af8260,
	nettyRequest=org.asynchttpclient.netty.request.NettyRequest@2afb049e,
	future=java.util.concurrent.CompletableFuture@279ce042[Completed normally],
	uri=ws://localhost:60855/devtools/browser/53311b5a-e368-453e-8e2a-519d408f9d3e,
	keepAlive=true,
	redirectCount=0,
	timeoutsHolder=null,
	inAuth=0,
	touch=1682428599244}
[DEBUG] Closing Channel [id: 0xb0a8134b, L:/127.0.0.1:60861 ! R:localhost/127.0.0.1:60855] 
[DEBUG] Entry count for : http://localhost:60760 : 1
[DEBUG] Entry count for : http://localhost:40364 : 1
[DEBUG] Entry count for : http://localhost:5924 : 1
[DEBUG] Entry count for : http://localhost:39429 : 1
[DEBUG] Entry count for : http://localhost:60855 : 1
[DEBUG] Entry count for : http://localhost:44016 : 1
[DEBUG] Adding Candidate expired Channel [id: 0x8c11bf7b, L:/127.0.0.1:60767 ! R:localhost/127.0.0.1:60760] isIdleTimeoutExpired=false isRemotelyClosed=true isTtlExpired=false
[DEBUG] Closing Idle Channel [id: 0x8c11bf7b, L:/127.0.0.1:60767 ! R:localhost/127.0.0.1:60760]
[DEBUG] Adding Candidate expired Channel [id: 0x134653e0, L:/127.0.0.1:60860 ! R:localhost/127.0.0.1:60855] isIdleTimeoutExpired=false isRemotelyClosed=true isTtlExpired=false
[DEBUG] Closing Idle Channel [id: 0x134653e0, L:/127.0.0.1:60860 ! R:localhost/127.0.0.1:60855]
[DEBUG] Closed 2 connections out of 6 in 0 ms
[DEBUG] Entry count for : http://localhost:40364 : 1
[DEBUG] Entry count for : http://localhost:5924 : 1
[DEBUG] Entry count for : http://localhost:39429 : 1
[DEBUG] Entry count for : http://localhost:44016 : 1
[DEBUG] Entry count for : http://localhost:40364 : 1
[DEBUG] Entry count for : http://localhost:5924 : 1
[DEBUG] Entry count for : http://localhost:39429 : 1
[DEBUG] Entry count for : http://localhost:44016 : 1
[DEBUG] Entry count for : http://localhost:40364 : 1
[DEBUG] Entry count for : http://localhost:5924 : 1
[DEBUG] Entry count for : http://localhost:39429 : 1
[DEBUG] Entry count for : http://localhost:44016 : 1
[DEBUG] Entry count for : http://localhost:40364 : 1
[DEBUG] Entry count for : http://localhost:5924 : 1
[DEBUG] Entry count for : http://localhost:39429 : 1
[DEBUG] Entry count for : http://localhost:44016 : 1
[DEBUG] Adding Candidate expired Channel [id: 0xf3becb1b, L:/127.0.0.1:60375 - R:localhost/127.0.0.1:44016] isIdleTimeoutExpired=true isRemotelyClosed=false isTtlExpired=false
[DEBUG] Closing Idle Channel [id: 0xf3becb1b, L:/127.0.0.1:60375 - R:localhost/127.0.0.1:44016]
[DEBUG] Closed 1 connections out of 4 in 0 ms
[DEBUG] Channel Closed: [id: 0xf3becb1b, L:/127.0.0.1:60375 ! R:localhost/127.0.0.1:44016] with attribute DISCARD
[DEBUG] Entry count for : http://localhost:40364 : 1
[DEBUG] Entry count for : http://localhost:5924 : 1
[DEBUG] Entry count for : http://localhost:39429 : 1
[DEBUG] Entry count for : http://localhost:40364 : 1
[DEBUG] Entry count for : http://localhost:5924 : 1
[DEBUG] Entry count for : http://localhost:39429 : 1
[DEBUG] Entry count for : http://localhost:40364 : 1
[DEBUG] Entry count for : http://localhost:5924 : 1
[DEBUG] Entry count for : http://localhost:39429 : 1
[DEBUG] Entry count for : http://localhost:40364 : 1
[DEBUG] Entry count for : http://localhost:5924 : 1
[DEBUG] Entry count for : http://localhost:39429 : 1
[DEBUG] Entry count for : http://localhost:40364 : 1
[DEBUG] Entry count for : http://localhost:5924 : 1
[DEBUG] Entry count for : http://localhost:39429 : 1
[DEBUG] Entry count for : http://localhost:40364 : 1
[DEBUG] Entry count for : http://localhost:5924 : 1
[DEBUG] Entry count for : http://localhost:39429 : 1
[DEBUG] Entry count for : http://localhost:40364 : 1
[DEBUG] Entry count for : http://localhost:5924 : 1
[DEBUG] Entry count for : http://localhost:39429 : 1
[DEBUG] Unexpected I/O exception on channel [id: 0x2a214dfd, L:/127.0.0.1:60854 - R:localhost/127.0.0.1:43836]
java.io.IOException: An existing connection was forcibly closed by the remote host
	at sun.nio.ch.SocketDispatcher.read0(Native Method) ~[na:1.8.0_351]
	at sun.nio.ch.SocketDispatcher.read(SocketDispatcher.java:43) ~[na:1.8.0_351]
	at sun.nio.ch.IOUtil.readIntoNativeBuffer(IOUtil.java:223) ~[na:1.8.0_351]
	at sun.nio.ch.IOUtil.read(IOUtil.java:192) ~[na:1.8.0_351]
	at sun.nio.ch.SocketChannelImpl.read(SocketChannelImpl.java:378) ~[na:1.8.0_351]
	at io.netty.buffer.PooledByteBuf.setBytes(PooledByteBuf.java:256) ~[netty-buffer-4.1.90.Final.jar:4.1.90.Final]
	at io.netty.buffer.AbstractByteBuf.writeBytes(AbstractByteBuf.java:1132) ~[netty-buffer-4.1.90.Final.jar:4.1.90.Final]
	at io.netty.channel.socket.nio.NioSocketChannel.doReadBytes(NioSocketChannel.java:357) ~[netty-transport-4.1.90.Final.jar:4.1.90.Final]
	at io.netty.channel.nio.AbstractNioByteChannel$NioByteUnsafe.read(AbstractNioByteChannel.java:151) ~[netty-transport-4.1.90.Final.jar:4.1.90.Final]
	at io.netty.channel.nio.NioEventLoop.processSelectedKey(NioEventLoop.java:788) [netty-transport-4.1.90.Final.jar:4.1.90.Final]
	at io.netty.channel.nio.NioEventLoop.processSelectedKeysOptimized(NioEventLoop.java:724) [netty-transport-4.1.90.Final.jar:4.1.90.Final]
	at io.netty.channel.nio.NioEventLoop.processSelectedKeys(NioEventLoop.java:650) [netty-transport-4.1.90.Final.jar:4.1.90.Final]
	at io.netty.channel.nio.NioEventLoop.run(NioEventLoop.java:562) [netty-transport-4.1.90.Final.jar:4.1.90.Final]
	at io.netty.util.concurrent.SingleThreadEventExecutor$4.run(SingleThreadEventExecutor.java:997) [netty-common-4.1.90.Final.jar:4.1.90.Final]
	at io.netty.util.internal.ThreadExecutorMap$2.run(ThreadExecutorMap.java:74) [netty-common-4.1.90.Final.jar:4.1.90.Final]
	at io.netty.util.concurrent.FastThreadLocalRunnable.run(FastThreadLocalRunnable.java:30) [netty-common-4.1.90.Final.jar:4.1.90.Final]
	at java.lang.Thread.run(Thread.java:750) [na:1.8.0_351]
[DEBUG] Trying to recover from dead Channel: [id: 0x2a214dfd, L:/127.0.0.1:60854 - R:localhost/127.0.0.1:43836]
[DEBUG] Channel Closed: [id: 0x2a214dfd, L:/127.0.0.1:60854 ! R:localhost/127.0.0.1:43836] with attribute NettyResponseFuture{currentRetry=0,
	isDone=0,
	isCancelled=0,
	asyncHandler=org.asynchttpclient.AsyncCompletionHandlerBase@5fb13845,
	nettyRequest=org.asynchttpclient.netty.request.NettyRequest@14b0d3f2,
	future=java.util.concurrent.CompletableFuture@266ce9a[Not completed, 1 dependents],
	uri=http://localhost:43836/session/4e5c676e4df6e227097953df99929618/url,
	keepAlive=true,
	redirectCount=0,
	timeoutsHolder=org.asynchttpclient.netty.timeout.TimeoutsHolder@453ccc91,
	inAuth=0,
	touch=1682428614271}
[DEBUG] Aborting Future NettyResponseFuture{currentRetry=0,
	isDone=0,
	isCancelled=0,
	asyncHandler=org.asynchttpclient.AsyncCompletionHandlerBase@5fb13845,
	nettyRequest=org.asynchttpclient.netty.request.NettyRequest@14b0d3f2,
	future=java.util.concurrent.CompletableFuture@266ce9a[Not completed, 1 dependents],
	uri=http://localhost:43836/session/4e5c676e4df6e227097953df99929618/url,
	keepAlive=true,
	redirectCount=0,
	timeoutsHolder=org.asynchttpclient.netty.timeout.TimeoutsHolder@453ccc91,
	inAuth=0,
	touch=1682428614272}

[DEBUG] An existing connection was forcibly closed by the remote host
java.io.IOException: An existing connection was forcibly closed by the remote host
	at sun.nio.ch.SocketDispatcher.read0(Native Method) ~[na:1.8.0_351]
	at sun.nio.ch.SocketDispatcher.read(SocketDispatcher.java:43) ~[na:1.8.0_351]
	at sun.nio.ch.IOUtil.readIntoNativeBuffer(IOUtil.java:223) ~[na:1.8.0_351]
	at sun.nio.ch.IOUtil.read(IOUtil.java:192) ~[na:1.8.0_351]
	at sun.nio.ch.SocketChannelImpl.read(SocketChannelImpl.java:378) ~[na:1.8.0_351]
	at io.netty.buffer.PooledByteBuf.setBytes(PooledByteBuf.java:256) ~[netty-buffer-4.1.90.Final.jar:4.1.90.Final]
	at io.netty.buffer.AbstractByteBuf.writeBytes(AbstractByteBuf.java:1132) ~[netty-buffer-4.1.90.Final.jar:4.1.90.Final]
	at io.netty.channel.socket.nio.NioSocketChannel.doReadBytes(NioSocketChannel.java:357) ~[netty-transport-4.1.90.Final.jar:4.1.90.Final]
	at io.netty.channel.nio.AbstractNioByteChannel$NioByteUnsafe.read(AbstractNioByteChannel.java:151) ~[netty-transport-4.1.90.Final.jar:4.1.90.Final]
	at io.netty.channel.nio.NioEventLoop.processSelectedKey(NioEventLoop.java:788) ~[netty-transport-4.1.90.Final.jar:4.1.90.Final]
	at io.netty.channel.nio.NioEventLoop.processSelectedKeysOptimized(NioEventLoop.java:724) ~[netty-transport-4.1.90.Final.jar:4.1.90.Final]
	at io.netty.channel.nio.NioEventLoop.processSelectedKeys(NioEventLoop.java:650) ~[netty-transport-4.1.90.Final.jar:4.1.90.Final]
	at io.netty.channel.nio.NioEventLoop.run(NioEventLoop.java:562) ~[netty-transport-4.1.90.Final.jar:4.1.90.Final]
	at io.netty.util.concurrent.SingleThreadEventExecutor$4.run(SingleThreadEventExecutor.java:997) [netty-common-4.1.90.Final.jar:4.1.90.Final]
	at io.netty.util.internal.ThreadExecutorMap$2.run(ThreadExecutorMap.java:74) [netty-common-4.1.90.Final.jar:4.1.90.Final]
	at io.netty.util.concurrent.FastThreadLocalRunnable.run(FastThreadLocalRunnable.java:30) [netty-common-4.1.90.Final.jar:4.1.90.Final]
	at java.lang.Thread.run(Thread.java:750) [na:1.8.0_351]
[DEBUG] An existing connection was forcibly closed by the remote host
java.io.IOException: An existing connection was forcibly closed by the remote host
	at sun.nio.ch.SocketDispatcher.read0(Native Method) ~[na:1.8.0_351]
	at sun.nio.ch.SocketDispatcher.read(SocketDispatcher.java:43) ~[na:1.8.0_351]
	at sun.nio.ch.IOUtil.readIntoNativeBuffer(IOUtil.java:223) ~[na:1.8.0_351]
	at sun.nio.ch.IOUtil.read(IOUtil.java:192) ~[na:1.8.0_351]
	at sun.nio.ch.SocketChannelImpl.read(SocketChannelImpl.java:378) ~[na:1.8.0_351]
	at io.netty.buffer.PooledByteBuf.setBytes(PooledByteBuf.java:256) ~[netty-buffer-4.1.90.Final.jar:4.1.90.Final]
	at io.netty.buffer.AbstractByteBuf.writeBytes(AbstractByteBuf.java:1132) ~[netty-buffer-4.1.90.Final.jar:4.1.90.Final]
	at io.netty.channel.socket.nio.NioSocketChannel.doReadBytes(NioSocketChannel.java:357) ~[netty-transport-4.1.90.Final.jar:4.1.90.Final]
	at io.netty.channel.nio.AbstractNioByteChannel$NioByteUnsafe.read(AbstractNioByteChannel.java:151) ~[netty-transport-4.1.90.Final.jar:4.1.90.Final]
	at io.netty.channel.nio.NioEventLoop.processSelectedKey(NioEventLoop.java:788) ~[netty-transport-4.1.90.Final.jar:4.1.90.Final]
	at io.netty.channel.nio.NioEventLoop.processSelectedKeysOptimized(NioEventLoop.java:724) ~[netty-transport-4.1.90.Final.jar:4.1.90.Final]
	at io.netty.channel.nio.NioEventLoop.processSelectedKeys(NioEventLoop.java:650) ~[netty-transport-4.1.90.Final.jar:4.1.90.Final]
	at io.netty.channel.nio.NioEventLoop.run(NioEventLoop.java:562) ~[netty-transport-4.1.90.Final.jar:4.1.90.Final]
	at io.netty.util.concurrent.SingleThreadEventExecutor$4.run(SingleThreadEventExecutor.java:997) [netty-common-4.1.90.Final.jar:4.1.90.Final]
	at io.netty.util.internal.ThreadExecutorMap$2.run(ThreadExecutorMap.java:74) [netty-common-4.1.90.Final.jar:4.1.90.Final]
	at io.netty.util.concurrent.FastThreadLocalRunnable.run(FastThreadLocalRunnable.java:30) [netty-common-4.1.90.Final.jar:4.1.90.Final]
	at java.lang.Thread.run(Thread.java:750) [na:1.8.0_351]
rediffLoginTestskipped
]]></system-out>
    <system-err><![CDATA[Starting ChromeDriver 112.0.5615.49 (bd2a7bcb881c11e8cfe3078709382934e3916914-refs/branch-heads/5615@{#936}) on port 43836
Only local connections are allowed.
Please see https://chromedriver.chromium.org/security-considerations for suggestions on keeping ChromeDriver safe.
ChromeDriver was started successfully.
Apr 25, 2023 9:16:39 AM org.openqa.selenium.devtools.CdpVersionFinder findNearestMatch
WARNING: Unable to find an exact match for CDP version 112, so returning the closest version found: 111
[1682428601.458][WARNING]: Processing messages while being disconnected
]]></system-err>
  </testcase>
  <testcase name="rediffLoginTest" classname="com.automationcode_9th_April_2023.TNRediffTest" time="0">
    <skipped message="no such element: Unable to locate element: {&quot;method&quot;:&quot;css selector&quot;,&quot;selector&quot;:&quot;#login1&quot;}&#10;  (Session info: chrome=112.0.5615.138)&#10;For documentation on this error, please visit: https://selenium.dev/exceptions/#no_such_element&#10;Build info: version: &apos;4.8.3&apos;, revision: &apos;e5e76298c3&apos;&#10;System info: os.name: &apos;Windows 11&apos;, os.arch: &apos;amd64&apos;, os.version: &apos;10.0&apos;, java.version: &apos;1.8.0_351&apos;&#10;Driver info: org.openqa.selenium.chrome.ChromeDriver&#10;Command: [fe1ea411428af34aa77b298bba90ce1e, findElement {using=id, value=login1}]&#10;Capabilities {acceptInsecureCerts: false, browserName: chrome, browserVersion: 112.0.5615.138, chrome: {chromedriverVersion: 112.0.5615.49 (bd2a7bcb881c..., userDataDir: C:\Users\Dennis\AppData\Loc...}, goog:chromeOptions: {debuggerAddress: localhost:60865}, networkConnectionEnabled: false, pageLoadStrategy: normal, platformName: WINDOWS, proxy: Proxy(), se:cdp: ws://localhost:60865/devtoo..., se:cdpVersion: 112.0.5615.138, setWindowRect: true, strictFileInteractability: false, timeouts: {implicit: 0, pageLoad: 300000, script: 30000}, unhandledPromptBehavior: dismiss and notify, webauthn:extension:credBlob: true, webauthn:extension:largeBlob: true, webauthn:extension:minPinLength: true, webauthn:extension:prf: true, webauthn:virtualAuthenticators: true}&#10;Session ID: fe1ea411428af34aa77b298bba90ce1e"/>
    <system-out><![CDATA[rediffLoginTeststarting test
[DEBUG] Using new Channel '[id: 0x972430a6, L:/127.0.0.1:60864 - R:localhost/127.0.0.1:17133]' for 'POST' to '/session'
[DEBUG] Entry count for : http://localhost:40364 : 1
[DEBUG] Entry count for : http://localhost:5924 : 1
[DEBUG] Entry count for : http://localhost:39429 : 1
[DEBUG] 

Request DefaultHttpRequest(decodeResult: success, version: HTTP/1.1)
POST /session HTTP/1.1
User-Agent: selenium/4.8.3 (java windows)
Content-Length: 439
Content-Type: application/json; charset=utf-8
host: localhost:17133
accept: */*

Response DefaultHttpResponse(decodeResult: success, version: HTTP/1.1)
HTTP/1.1 200 OK
Content-Length: 861
Content-Type: application/json; charset=utf-8
cache-control: no-cache

[DEBUG] Adding key: http://localhost:17133 for channel [id: 0x972430a6, L:/127.0.0.1:60864 - R:localhost/127.0.0.1:17133]
[DEBUG] Using new Channel '[id: 0xe1a8a4e2, L:/127.0.0.1:60870 - R:localhost/127.0.0.1:60865]' for 'GET' to '/json/version'
[DEBUG] 

Request DefaultFullHttpRequest(decodeResult: success, version: HTTP/1.1, content: EmptyByteBufBE)
GET /json/version HTTP/1.1
User-Agent: selenium/4.8.3 (java windows)
host: localhost:60865
accept: */*

Response DefaultHttpResponse(decodeResult: success, version: HTTP/1.1)
HTTP/1.1 200 OK
Content-Security-Policy: frame-ancestors 'none'
Content-Length: 424
Content-Type: application/json; charset=UTF-8

[DEBUG] Adding key: http://localhost:60865 for channel [id: 0xe1a8a4e2, L:/127.0.0.1:60870 - R:localhost/127.0.0.1:60865]
[DEBUG] Using new Channel '[id: 0xf0e021a0, L:/127.0.0.1:60871 - R:localhost/127.0.0.1:60865]' for 'GET' to '/devtools/browser/70289744-cb48-4e79-8d8b-d1e4aa63aeaa'
[DEBUG] 

Request DefaultFullHttpRequest(decodeResult: success, version: HTTP/1.1, content: EmptyByteBufBE)
GET /devtools/browser/70289744-cb48-4e79-8d8b-d1e4aa63aeaa HTTP/1.1
upgrade: websocket
connection: upgrade
sec-websocket-key: xhiucoIO09KUDlHv5mOiiA==
sec-websocket-version: 13
origin: http://localhost:60865
host: localhost:60865
accept: */*
user-agent: AHC/2.1

Response DefaultHttpResponse(decodeResult: success, version: HTTP/1.1)
HTTP/1.1 101 WebSocket Protocol Handshake
Upgrade: WebSocket
Connection: Upgrade
Sec-WebSocket-Accept: XErBaGWh04Pu3gSBsFVBRu/aGkg=

[DEBUG] Using pooled Channel '[id: 0x972430a6, L:/127.0.0.1:60864 - R:localhost/127.0.0.1:17133]' for 'POST' to 'http://localhost:17133/session/fe1ea411428af34aa77b298bba90ce1e/window/maximize'
[DEBUG] Using open Channel [id: 0x972430a6, L:/127.0.0.1:60864 - R:localhost/127.0.0.1:17133] for POST '/session/fe1ea411428af34aa77b298bba90ce1e/window/maximize'
[DEBUG] 

Request DefaultHttpRequest(decodeResult: success, version: HTTP/1.1)
POST /session/fe1ea411428af34aa77b298bba90ce1e/window/maximize HTTP/1.1
User-Agent: selenium/4.8.3 (java windows)
Content-Length: 3
Content-Type: application/json; charset=utf-8
host: localhost:17133
accept: */*

Response DefaultHttpResponse(decodeResult: success, version: HTTP/1.1)
HTTP/1.1 200 OK
Content-Length: 51
Content-Type: application/json; charset=utf-8
cache-control: no-cache

[DEBUG] Adding key: http://localhost:17133 for channel [id: 0x972430a6, L:/127.0.0.1:60864 - R:localhost/127.0.0.1:17133]
[DEBUG] Using pooled Channel '[id: 0x972430a6, L:/127.0.0.1:60864 - R:localhost/127.0.0.1:17133]' for 'POST' to 'http://localhost:17133/session/fe1ea411428af34aa77b298bba90ce1e/url'
[DEBUG] Using open Channel [id: 0x972430a6, L:/127.0.0.1:60864 - R:localhost/127.0.0.1:17133] for POST '/session/fe1ea411428af34aa77b298bba90ce1e/url'
[DEBUG] Entry count for : http://localhost:40364 : 1
[DEBUG] Entry count for : http://localhost:5924 : 1
[DEBUG] Entry count for : http://localhost:60865 : 1
[DEBUG] Entry count for : http://localhost:39429 : 1
[DEBUG] 

Request DefaultHttpRequest(decodeResult: success, version: HTTP/1.1)
POST /session/fe1ea411428af34aa77b298bba90ce1e/url HTTP/1.1
User-Agent: selenium/4.8.3 (java windows)
Content-Length: 76
Content-Type: application/json; charset=utf-8
host: localhost:17133
accept: */*

Response DefaultHttpResponse(decodeResult: success, version: HTTP/1.1)
HTTP/1.1 200 OK
Content-Length: 14
Content-Type: application/json; charset=utf-8
cache-control: no-cache

[DEBUG] Adding key: http://localhost:17133 for channel [id: 0x972430a6, L:/127.0.0.1:60864 - R:localhost/127.0.0.1:17133]
[DEBUG] Using pooled Channel '[id: 0x972430a6, L:/127.0.0.1:60864 - R:localhost/127.0.0.1:17133]' for 'POST' to 'http://localhost:17133/session/fe1ea411428af34aa77b298bba90ce1e/element'
[DEBUG] Using open Channel [id: 0x972430a6, L:/127.0.0.1:60864 - R:localhost/127.0.0.1:17133] for POST '/session/fe1ea411428af34aa77b298bba90ce1e/element'
[DEBUG] 

Request DefaultHttpRequest(decodeResult: success, version: HTTP/1.1)
POST /session/fe1ea411428af34aa77b298bba90ce1e/element HTTP/1.1
User-Agent: selenium/4.8.3 (java windows)
Content-Length: 51
Content-Type: application/json; charset=utf-8
host: localhost:17133
accept: */*

Response DefaultHttpResponse(decodeResult: success, version: HTTP/1.1)
HTTP/1.1 404 Not Found
Content-Length: 935
Content-Type: application/json; charset=utf-8
cache-control: no-cache

[DEBUG] Adding key: http://localhost:17133 for channel [id: 0x972430a6, L:/127.0.0.1:60864 - R:localhost/127.0.0.1:17133]
rediffLoginTestskipped
]]></system-out>
    <system-err><![CDATA[Starting ChromeDriver 112.0.5615.49 (bd2a7bcb881c11e8cfe3078709382934e3916914-refs/branch-heads/5615@{#936}) on port 17133
Only local connections are allowed.
Please see https://chromedriver.chromium.org/security-considerations for suggestions on keeping ChromeDriver safe.
ChromeDriver was started successfully.
Apr 25, 2023 9:16:55 AM org.openqa.selenium.devtools.CdpVersionFinder findNearestMatch
WARNING: Unable to find an exact match for CDP version 112, so returning the closest version found: 111
]]></system-err>
  </testcase>
  <testcase name="rediffLoginTest" classname="com.automationcode_9th_April_2023.TNRediffTest" time="2.338">
    <failure message="unknown error: net::ERR_INTERNET_DISCONNECTED&#10;  (Session info: chrome=112.0.5615.138)&#10;Build info: version: &apos;4.8.3&apos;, revision: &apos;e5e76298c3&apos;&#10;System info: os.name: &apos;Windows 11&apos;, os.arch: &apos;amd64&apos;, os.version: &apos;10.0&apos;, java.version: &apos;1.8.0_351&apos;&#10;Driver info: org.openqa.selenium.chrome.ChromeDriver&#10;Command: [ea4f5b99a9253238df2e0237155ac145, get {url=https://mail.rediff.com/cgi-bin/login.cgi}]&#10;Capabilities {acceptInsecureCerts: false, browserName: chrome, browserVersion: 112.0.5615.138, chrome: {chromedriverVersion: 112.0.5615.49 (bd2a7bcb881c..., userDataDir: C:\Users\Dennis\AppData\Loc...}, goog:chromeOptions: {debuggerAddress: localhost:60876}, networkConnectionEnabled: false, pageLoadStrategy: normal, platformName: WINDOWS, proxy: Proxy(), se:cdp: ws://localhost:60876/devtoo..., se:cdpVersion: 112.0.5615.138, setWindowRect: true, strictFileInteractability: false, timeouts: {implicit: 0, pageLoad: 300000, script: 30000}, unhandledPromptBehavior: dismiss and notify, webauthn:extension:credBlob: true, webauthn:extension:largeBlob: true, webauthn:extension:minPinLength: true, webauthn:extension:prf: true, webauthn:virtualAuthenticators: true}&#10;Session ID: ea4f5b99a9253238df2e0237155ac145" type="org.openqa.selenium.WebDriverException"><![CDATA[org.openqa.selenium.WebDriverException: 
unknown error: net::ERR_INTERNET_DISCONNECTED
  (Session info: chrome=112.0.5615.138)
Build info: version: '4.8.3', revision: 'e5e76298c3'
System info: os.name: 'Windows 11', os.arch: 'amd64', os.version: '10.0', java.version: '1.8.0_351'
Driver info: org.openqa.selenium.chrome.ChromeDriver
Command: [ea4f5b99a9253238df2e0237155ac145, get {url=https://mail.rediff.com/cgi-bin/login.cgi}]
Capabilities {acceptInsecureCerts: false, browserName: chrome, browserVersion: 112.0.5615.138, chrome: {chromedriverVersion: 112.0.5615.49 (bd2a7bcb881c..., userDataDir: C:\Users\Dennis\AppData\Loc...}, goog:chromeOptions: {debuggerAddress: localhost:60876}, networkConnectionEnabled: false, pageLoadStrategy: normal, platformName: WINDOWS, proxy: Proxy(), se:cdp: ws://localhost:60876/devtoo..., se:cdpVersion: 112.0.5615.138, setWindowRect: true, strictFileInteractability: false, timeouts: {implicit: 0, pageLoad: 300000, script: 30000}, unhandledPromptBehavior: dismiss and notify, webauthn:extension:credBlob: true, webauthn:extension:largeBlob: true, webauthn:extension:minPinLength: true, webauthn:extension:prf: true, webauthn:virtualAuthenticators: true}
Session ID: ea4f5b99a9253238df2e0237155ac145
	at sun.reflect.NativeConstructorAccessorImpl.newInstance0(Native Method)
	at sun.reflect.NativeConstructorAccessorImpl.newInstance(NativeConstructorAccessorImpl.java:62)
	at sun.reflect.DelegatingConstructorAccessorImpl.newInstance(DelegatingConstructorAccessorImpl.java:45)
	at java.lang.reflect.Constructor.newInstance(Constructor.java:423)
	at org.openqa.selenium.remote.codec.w3c.W3CHttpResponseCodec.createException(W3CHttpResponseCodec.java:200)
	at org.openqa.selenium.remote.codec.w3c.W3CHttpResponseCodec.decode(W3CHttpResponseCodec.java:133)
	at org.openqa.selenium.remote.codec.w3c.W3CHttpResponseCodec.decode(W3CHttpResponseCodec.java:53)
	at org.openqa.selenium.remote.HttpCommandExecutor.execute(HttpCommandExecutor.java:193)
	at org.openqa.selenium.remote.service.DriverCommandExecutor.invokeExecute(DriverCommandExecutor.java:183)
	at org.openqa.selenium.remote.service.DriverCommandExecutor.execute(DriverCommandExecutor.java:158)
	at org.openqa.selenium.remote.RemoteWebDriver.execute(RemoteWebDriver.java:543)
	at org.openqa.selenium.remote.RemoteWebDriver.get(RemoteWebDriver.java:297)
	at com.automationcode_9th_April_2023.TNRediffTest.rediffLoginTest(TNRediffTest.java:17)
	at sun.reflect.NativeMethodAccessorImpl.invoke0(Native Method)
	at sun.reflect.NativeMethodAccessorImpl.invoke(NativeMethodAccessorImpl.java:62)
	at sun.reflect.DelegatingMethodAccessorImpl.invoke(DelegatingMethodAccessorImpl.java:43)
	at java.lang.reflect.Method.invoke(Method.java:498)
	at org.testng.internal.MethodInvocationHelper.invokeMethod(MethodInvocationHelper.java:124)
	at org.testng.internal.Invoker.invokeMethod(Invoker.java:583)
	at org.testng.internal.Invoker.retryFailed(Invoker.java:839)
	at org.testng.internal.Invoker.invokeTestMethods(Invoker.java:1010)
	at org.testng.internal.TestMethodWorker.invokeTestMethods(TestMethodWorker.java:125)
	at org.testng.internal.TestMethodWorker.run(TestMethodWorker.java:109)
	at org.testng.TestRunner.privateRun(TestRunner.java:648)
	at org.testng.TestRunner.run(TestRunner.java:505)
	at org.testng.SuiteRunner.runTest(SuiteRunner.java:455)
	at org.testng.SuiteRunner.runSequentially(SuiteRunner.java:450)
	at org.testng.SuiteRunner.privateRun(SuiteRunner.java:415)
	at org.testng.SuiteRunner.run(SuiteRunner.java:364)
	at org.testng.SuiteRunnerWorker.runSuite(SuiteRunnerWorker.java:52)
	at org.testng.SuiteRunnerWorker.run(SuiteRunnerWorker.java:84)
	at org.testng.TestNG.runSuitesSequentially(TestNG.java:1208)
	at org.testng.TestNG.runSuitesLocally(TestNG.java:1137)
	at org.testng.TestNG.runSuites(TestNG.java:1049)
	at org.testng.TestNG.run(TestNG.java:1017)
	at org.apache.maven.surefire.testng.TestNGExecutor.run(TestNGExecutor.java:324)
	at org.apache.maven.surefire.testng.TestNGXmlTestSuite.execute(TestNGXmlTestSuite.java:74)
	at org.apache.maven.surefire.testng.TestNGProvider.invoke(TestNGProvider.java:123)
	at org.apache.maven.surefire.booter.ForkedBooter.runSuitesInProcess(ForkedBooter.java:456)
	at org.apache.maven.surefire.booter.ForkedBooter.execute(ForkedBooter.java:169)
	at org.apache.maven.surefire.booter.ForkedBooter.run(ForkedBooter.java:595)
	at org.apache.maven.surefire.booter.ForkedBooter.main(ForkedBooter.java:581)
]]></failure>
    <system-out><![CDATA[rediffLoginTeststarting test
[DEBUG] Entry count for : http://localhost:17133 : 1
[DEBUG] Entry count for : http://localhost:40364 : 1
[DEBUG] Entry count for : http://localhost:5924 : 1
[DEBUG] Entry count for : http://localhost:60865 : 1
[DEBUG] Entry count for : http://localhost:39429 : 1
[DEBUG] Using new Channel '[id: 0xa00d9724, L:/127.0.0.1:60875 - R:localhost/127.0.0.1:28012]' for 'POST' to '/session'
[DEBUG] Entry count for : http://localhost:17133 : 1
[DEBUG] Entry count for : http://localhost:40364 : 1
[DEBUG] Entry count for : http://localhost:5924 : 1
[DEBUG] Entry count for : http://localhost:60865 : 1
[DEBUG] Entry count for : http://localhost:39429 : 1
[DEBUG] 

Request DefaultHttpRequest(decodeResult: success, version: HTTP/1.1)
POST /session HTTP/1.1
User-Agent: selenium/4.8.3 (java windows)
Content-Length: 439
Content-Type: application/json; charset=utf-8
host: localhost:28012
accept: */*

Response DefaultHttpResponse(decodeResult: success, version: HTTP/1.1)
HTTP/1.1 200 OK
Content-Length: 860
Content-Type: application/json; charset=utf-8
cache-control: no-cache

[DEBUG] Adding key: http://localhost:28012 for channel [id: 0xa00d9724, L:/127.0.0.1:60875 - R:localhost/127.0.0.1:28012]
[DEBUG] Using new Channel '[id: 0xf562245b, L:/127.0.0.1:60881 - R:localhost/127.0.0.1:60876]' for 'GET' to '/json/version'
[DEBUG] 

Request DefaultFullHttpRequest(decodeResult: success, version: HTTP/1.1, content: EmptyByteBufBE)
GET /json/version HTTP/1.1
User-Agent: selenium/4.8.3 (java windows)
host: localhost:60876
accept: */*

Response DefaultHttpResponse(decodeResult: success, version: HTTP/1.1)
HTTP/1.1 200 OK
Content-Security-Policy: frame-ancestors 'none'
Content-Length: 424
Content-Type: application/json; charset=UTF-8

[DEBUG] Adding key: http://localhost:60876 for channel [id: 0xf562245b, L:/127.0.0.1:60881 - R:localhost/127.0.0.1:60876]
[DEBUG] Using new Channel '[id: 0xb75afa78, L:/127.0.0.1:60882 - R:localhost/127.0.0.1:60876]' for 'GET' to '/devtools/browser/12a724fa-945a-4eac-aaf8-9b5bcd6209a6'
[DEBUG] 

Request DefaultFullHttpRequest(decodeResult: success, version: HTTP/1.1, content: EmptyByteBufBE)
GET /devtools/browser/12a724fa-945a-4eac-aaf8-9b5bcd6209a6 HTTP/1.1
upgrade: websocket
connection: upgrade
sec-websocket-key: M+jdVhXQif3WldP0hmaP3g==
sec-websocket-version: 13
origin: http://localhost:60876
host: localhost:60876
accept: */*
user-agent: AHC/2.1

Response DefaultHttpResponse(decodeResult: success, version: HTTP/1.1)
HTTP/1.1 101 WebSocket Protocol Handshake
Upgrade: WebSocket
Connection: Upgrade
Sec-WebSocket-Accept: 4PgZ4XCV/WzTfKl27ublElm+JNs=

[DEBUG] Using pooled Channel '[id: 0xa00d9724, L:/127.0.0.1:60875 - R:localhost/127.0.0.1:28012]' for 'POST' to 'http://localhost:28012/session/ea4f5b99a9253238df2e0237155ac145/window/maximize'
[DEBUG] Using open Channel [id: 0xa00d9724, L:/127.0.0.1:60875 - R:localhost/127.0.0.1:28012] for POST '/session/ea4f5b99a9253238df2e0237155ac145/window/maximize'
[DEBUG] 

Request DefaultHttpRequest(decodeResult: success, version: HTTP/1.1)
POST /session/ea4f5b99a9253238df2e0237155ac145/window/maximize HTTP/1.1
User-Agent: selenium/4.8.3 (java windows)
Content-Length: 3
Content-Type: application/json; charset=utf-8
host: localhost:28012
accept: */*

Response DefaultHttpResponse(decodeResult: success, version: HTTP/1.1)
HTTP/1.1 200 OK
Content-Length: 51
Content-Type: application/json; charset=utf-8
cache-control: no-cache

[DEBUG] Adding key: http://localhost:28012 for channel [id: 0xa00d9724, L:/127.0.0.1:60875 - R:localhost/127.0.0.1:28012]
[DEBUG] Using pooled Channel '[id: 0xa00d9724, L:/127.0.0.1:60875 - R:localhost/127.0.0.1:28012]' for 'POST' to 'http://localhost:28012/session/ea4f5b99a9253238df2e0237155ac145/url'
[DEBUG] Using open Channel [id: 0xa00d9724, L:/127.0.0.1:60875 - R:localhost/127.0.0.1:28012] for POST '/session/ea4f5b99a9253238df2e0237155ac145/url'
[DEBUG] Entry count for : http://localhost:17133 : 1
[DEBUG] Entry count for : http://localhost:60876 : 1
[DEBUG] Entry count for : http://localhost:40364 : 1
[DEBUG] Entry count for : http://localhost:5924 : 1
[DEBUG] Entry count for : http://localhost:60865 : 1
[DEBUG] Entry count for : http://localhost:39429 : 1
[DEBUG] 

Request DefaultHttpRequest(decodeResult: success, version: HTTP/1.1)
POST /session/ea4f5b99a9253238df2e0237155ac145/url HTTP/1.1
User-Agent: selenium/4.8.3 (java windows)
Content-Length: 76
Content-Type: application/json; charset=utf-8
host: localhost:28012
accept: */*

Response DefaultHttpResponse(decodeResult: success, version: HTTP/1.1)
HTTP/1.1 500 Internal Server Error
Content-Length: 1077
Content-Type: application/json; charset=utf-8
cache-control: no-cache

[DEBUG] Adding key: http://localhost:28012 for channel [id: 0xa00d9724, L:/127.0.0.1:60875 - R:localhost/127.0.0.1:28012]
rediffLoginTestfailed
]]></system-out>
    <system-err><![CDATA[Starting ChromeDriver 112.0.5615.49 (bd2a7bcb881c11e8cfe3078709382934e3916914-refs/branch-heads/5615@{#936}) on port 28012
Only local connections are allowed.
Please see https://chromedriver.chromium.org/security-considerations for suggestions on keeping ChromeDriver safe.
ChromeDriver was started successfully.
Apr 25, 2023 9:16:58 AM org.openqa.selenium.devtools.CdpVersionFinder findNearestMatch
WARNING: Unable to find an exact match for CDP version 112, so returning the closest version found: 111
]]></system-err>
  </testcase>
  <testcase name="testcase1" classname="com.automationcode_12thMarch_2023.Mistakes_WhileUsing_TestNG" time="0">
    <system-out><![CDATA[testcase1starting test
this too is an exec. eng.
testcase1passed
]]></system-out>
  </testcase>
  <testcase name="mouseActionsTest" classname="com.automationcode_1st_April_2023.Actions_Mouse_RightClick_LeftClick" time="2.262">
    <failure message="unknown error: net::ERR_INTERNET_DISCONNECTED&#10;  (Session info: chrome=112.0.5615.138)&#10;Build info: version: &apos;4.8.3&apos;, revision: &apos;e5e76298c3&apos;&#10;System info: os.name: &apos;Windows 11&apos;, os.arch: &apos;amd64&apos;, os.version: &apos;10.0&apos;, java.version: &apos;1.8.0_351&apos;&#10;Driver info: org.openqa.selenium.chrome.ChromeDriver&#10;Command: [81405bb181f8175ad2f0d10da7dc968d, get {url=https://browserstack.com}]&#10;Capabilities {acceptInsecureCerts: false, browserName: chrome, browserVersion: 112.0.5615.138, chrome: {chromedriverVersion: 112.0.5615.49 (bd2a7bcb881c..., userDataDir: C:\Users\Dennis\AppData\Loc...}, goog:chromeOptions: {debuggerAddress: localhost:60887}, networkConnectionEnabled: false, pageLoadStrategy: normal, platformName: WINDOWS, proxy: Proxy(), se:cdp: ws://localhost:60887/devtoo..., se:cdpVersion: 112.0.5615.138, setWindowRect: true, strictFileInteractability: false, timeouts: {implicit: 0, pageLoad: 300000, script: 30000}, unhandledPromptBehavior: dismiss and notify, webauthn:extension:credBlob: true, webauthn:extension:largeBlob: true, webauthn:extension:minPinLength: true, webauthn:extension:prf: true, webauthn:virtualAuthenticators: true}&#10;Session ID: 81405bb181f8175ad2f0d10da7dc968d" type="org.openqa.selenium.WebDriverException"><![CDATA[org.openqa.selenium.WebDriverException: 
unknown error: net::ERR_INTERNET_DISCONNECTED
  (Session info: chrome=112.0.5615.138)
Build info: version: '4.8.3', revision: 'e5e76298c3'
System info: os.name: 'Windows 11', os.arch: 'amd64', os.version: '10.0', java.version: '1.8.0_351'
Driver info: org.openqa.selenium.chrome.ChromeDriver
Command: [81405bb181f8175ad2f0d10da7dc968d, get {url=https://browserstack.com}]
Capabilities {acceptInsecureCerts: false, browserName: chrome, browserVersion: 112.0.5615.138, chrome: {chromedriverVersion: 112.0.5615.49 (bd2a7bcb881c..., userDataDir: C:\Users\Dennis\AppData\Loc...}, goog:chromeOptions: {debuggerAddress: localhost:60887}, networkConnectionEnabled: false, pageLoadStrategy: normal, platformName: WINDOWS, proxy: Proxy(), se:cdp: ws://localhost:60887/devtoo..., se:cdpVersion: 112.0.5615.138, setWindowRect: true, strictFileInteractability: false, timeouts: {implicit: 0, pageLoad: 300000, script: 30000}, unhandledPromptBehavior: dismiss and notify, webauthn:extension:credBlob: true, webauthn:extension:largeBlob: true, webauthn:extension:minPinLength: true, webauthn:extension:prf: true, webauthn:virtualAuthenticators: true}
Session ID: 81405bb181f8175ad2f0d10da7dc968d
	at sun.reflect.NativeConstructorAccessorImpl.newInstance0(Native Method)
	at sun.reflect.NativeConstructorAccessorImpl.newInstance(NativeConstructorAccessorImpl.java:62)
	at sun.reflect.DelegatingConstructorAccessorImpl.newInstance(DelegatingConstructorAccessorImpl.java:45)
	at java.lang.reflect.Constructor.newInstance(Constructor.java:423)
	at org.openqa.selenium.remote.codec.w3c.W3CHttpResponseCodec.createException(W3CHttpResponseCodec.java:200)
	at org.openqa.selenium.remote.codec.w3c.W3CHttpResponseCodec.decode(W3CHttpResponseCodec.java:133)
	at org.openqa.selenium.remote.codec.w3c.W3CHttpResponseCodec.decode(W3CHttpResponseCodec.java:53)
	at org.openqa.selenium.remote.HttpCommandExecutor.execute(HttpCommandExecutor.java:193)
	at org.openqa.selenium.remote.service.DriverCommandExecutor.invokeExecute(DriverCommandExecutor.java:183)
	at org.openqa.selenium.remote.service.DriverCommandExecutor.execute(DriverCommandExecutor.java:158)
	at org.openqa.selenium.remote.RemoteWebDriver.execute(RemoteWebDriver.java:543)
	at org.openqa.selenium.remote.RemoteWebDriver.get(RemoteWebDriver.java:297)
	at com.automationcode_1st_April_2023.Actions_Mouse_RightClick_LeftClick.mouseActionsTest(Actions_Mouse_RightClick_LeftClick.java:19)
	at sun.reflect.NativeMethodAccessorImpl.invoke0(Native Method)
	at sun.reflect.NativeMethodAccessorImpl.invoke(NativeMethodAccessorImpl.java:62)
	at sun.reflect.DelegatingMethodAccessorImpl.invoke(DelegatingMethodAccessorImpl.java:43)
	at java.lang.reflect.Method.invoke(Method.java:498)
	at org.testng.internal.MethodInvocationHelper.invokeMethod(MethodInvocationHelper.java:124)
	at org.testng.internal.Invoker.invokeMethod(Invoker.java:583)
	at org.testng.internal.Invoker.invokeTestMethod(Invoker.java:719)
	at org.testng.internal.Invoker.invokeTestMethods(Invoker.java:989)
	at org.testng.internal.TestMethodWorker.invokeTestMethods(TestMethodWorker.java:125)
	at org.testng.internal.TestMethodWorker.run(TestMethodWorker.java:109)
	at org.testng.TestRunner.privateRun(TestRunner.java:648)
	at org.testng.TestRunner.run(TestRunner.java:505)
	at org.testng.SuiteRunner.runTest(SuiteRunner.java:455)
	at org.testng.SuiteRunner.runSequentially(SuiteRunner.java:450)
	at org.testng.SuiteRunner.privateRun(SuiteRunner.java:415)
	at org.testng.SuiteRunner.run(SuiteRunner.java:364)
	at org.testng.SuiteRunnerWorker.runSuite(SuiteRunnerWorker.java:52)
	at org.testng.SuiteRunnerWorker.run(SuiteRunnerWorker.java:84)
	at org.testng.TestNG.runSuitesSequentially(TestNG.java:1208)
	at org.testng.TestNG.runSuitesLocally(TestNG.java:1137)
	at org.testng.TestNG.runSuites(TestNG.java:1049)
	at org.testng.TestNG.run(TestNG.java:1017)
	at org.apache.maven.surefire.testng.TestNGExecutor.run(TestNGExecutor.java:324)
	at org.apache.maven.surefire.testng.TestNGXmlTestSuite.execute(TestNGXmlTestSuite.java:74)
	at org.apache.maven.surefire.testng.TestNGProvider.invoke(TestNGProvider.java:123)
	at org.apache.maven.surefire.booter.ForkedBooter.runSuitesInProcess(ForkedBooter.java:456)
	at org.apache.maven.surefire.booter.ForkedBooter.execute(ForkedBooter.java:169)
	at org.apache.maven.surefire.booter.ForkedBooter.run(ForkedBooter.java:595)
	at org.apache.maven.surefire.booter.ForkedBooter.main(ForkedBooter.java:581)
]]></failure>
    <system-out><![CDATA[mouseActionsTeststarting test
[DEBUG] Channel Closed: [id: 0xf562245b, L:/127.0.0.1:60881 ! R:localhost/127.0.0.1:60876] with attribute DISCARD
[DEBUG] Channel Closed: [id: 0xb75afa78, L:/127.0.0.1:60882 ! R:localhost/127.0.0.1:60876] with attribute NettyResponseFuture{currentRetry=0,
	isDone=1,
	isCancelled=0,
	asyncHandler=org.asynchttpclient.ws.WebSocketUpgradeHandler@11ebc0a,
	nettyRequest=org.asynchttpclient.netty.request.NettyRequest@45b1dfb,
	future=java.util.concurrent.CompletableFuture@7e8f7a5f[Completed normally],
	uri=ws://localhost:60876/devtools/browser/12a724fa-945a-4eac-aaf8-9b5bcd6209a6,
	keepAlive=true,
	redirectCount=0,
	timeoutsHolder=null,
	inAuth=0,
	touch=1682428618429}
[DEBUG] Closing Channel [id: 0xb75afa78, L:/127.0.0.1:60882 ! R:localhost/127.0.0.1:60876] 
[DEBUG] Using new Channel '[id: 0xd846622c, L:/127.0.0.1:60886 - R:localhost/127.0.0.1:8621]' for 'POST' to '/session'
[DEBUG] Entry count for : http://localhost:17133 : 1
[DEBUG] Entry count for : http://localhost:60876 : 1
[DEBUG] Entry count for : http://localhost:40364 : 1
[DEBUG] Entry count for : http://localhost:5924 : 1
[DEBUG] Entry count for : http://localhost:60865 : 1
[DEBUG] Entry count for : http://localhost:39429 : 1
[DEBUG] Entry count for : http://localhost:28012 : 1
[DEBUG] Adding Candidate expired Channel [id: 0xf562245b, L:/127.0.0.1:60881 ! R:localhost/127.0.0.1:60876] isIdleTimeoutExpired=false isRemotelyClosed=true isTtlExpired=false
[DEBUG] Closing Idle Channel [id: 0xf562245b, L:/127.0.0.1:60881 ! R:localhost/127.0.0.1:60876]
[DEBUG] Closed 1 connections out of 7 in 0 ms
[DEBUG] Channel Closed: [id: 0xe1a8a4e2, L:/127.0.0.1:60870 ! R:localhost/127.0.0.1:60865] with attribute DISCARD
[DEBUG] Channel Closed: [id: 0xf0e021a0, L:/127.0.0.1:60871 ! R:localhost/127.0.0.1:60865] with attribute NettyResponseFuture{currentRetry=0,
	isDone=1,
	isCancelled=0,
	asyncHandler=org.asynchttpclient.ws.WebSocketUpgradeHandler@365789e2,
	nettyRequest=org.asynchttpclient.netty.request.NettyRequest@4a2b4de6,
	future=java.util.concurrent.CompletableFuture@5251fdd7[Completed normally],
	uri=ws://localhost:60865/devtools/browser/70289744-cb48-4e79-8d8b-d1e4aa63aeaa,
	keepAlive=true,
	redirectCount=0,
	timeoutsHolder=null,
	inAuth=0,
	touch=1682428615353}
[DEBUG] Closing Channel [id: 0xf0e021a0, L:/127.0.0.1:60871 ! R:localhost/127.0.0.1:60865] 
[DEBUG] 

Request DefaultHttpRequest(decodeResult: success, version: HTTP/1.1)
POST /session HTTP/1.1
User-Agent: selenium/4.8.3 (java windows)
Content-Length: 439
Content-Type: application/json; charset=utf-8
host: localhost:8621
accept: */*

Response DefaultHttpResponse(decodeResult: success, version: HTTP/1.1)
HTTP/1.1 200 OK
Content-Length: 860
Content-Type: application/json; charset=utf-8
cache-control: no-cache

[DEBUG] Adding key: http://localhost:8621 for channel [id: 0xd846622c, L:/127.0.0.1:60886 - R:localhost/127.0.0.1:8621]
[DEBUG] Using new Channel '[id: 0xe69f839d, L:/127.0.0.1:60892 - R:localhost/127.0.0.1:60887]' for 'GET' to '/json/version'
[DEBUG] 

Request DefaultFullHttpRequest(decodeResult: success, version: HTTP/1.1, content: EmptyByteBufBE)
GET /json/version HTTP/1.1
User-Agent: selenium/4.8.3 (java windows)
host: localhost:60887
accept: */*

Response DefaultHttpResponse(decodeResult: success, version: HTTP/1.1)
HTTP/1.1 200 OK
Content-Security-Policy: frame-ancestors 'none'
Content-Length: 424
Content-Type: application/json; charset=UTF-8

[DEBUG] Adding key: http://localhost:60887 for channel [id: 0xe69f839d, L:/127.0.0.1:60892 - R:localhost/127.0.0.1:60887]
[DEBUG] Using new Channel '[id: 0xcd351a5c, L:/127.0.0.1:60893 - R:localhost/127.0.0.1:60887]' for 'GET' to '/devtools/browser/535dfab4-4975-485b-981f-cd53fc952618'
[DEBUG] 

Request DefaultFullHttpRequest(decodeResult: success, version: HTTP/1.1, content: EmptyByteBufBE)
GET /devtools/browser/535dfab4-4975-485b-981f-cd53fc952618 HTTP/1.1
upgrade: websocket
connection: upgrade
sec-websocket-key: qmrHWbMpKRrQoph6xXJ/pw==
sec-websocket-version: 13
origin: http://localhost:60887
host: localhost:60887
accept: */*
user-agent: AHC/2.1

Response DefaultHttpResponse(decodeResult: success, version: HTTP/1.1)
HTTP/1.1 101 WebSocket Protocol Handshake
Upgrade: WebSocket
Connection: Upgrade
Sec-WebSocket-Accept: FqedmXWCKUhEdeiipFrxAcFKaCk=

[DEBUG] Using pooled Channel '[id: 0xd846622c, L:/127.0.0.1:60886 - R:localhost/127.0.0.1:8621]' for 'POST' to 'http://localhost:8621/session/81405bb181f8175ad2f0d10da7dc968d/window/maximize'
[DEBUG] Using open Channel [id: 0xd846622c, L:/127.0.0.1:60886 - R:localhost/127.0.0.1:8621] for POST '/session/81405bb181f8175ad2f0d10da7dc968d/window/maximize'
[DEBUG] 

Request DefaultHttpRequest(decodeResult: success, version: HTTP/1.1)
POST /session/81405bb181f8175ad2f0d10da7dc968d/window/maximize HTTP/1.1
User-Agent: selenium/4.8.3 (java windows)
Content-Length: 3
Content-Type: application/json; charset=utf-8
host: localhost:8621
accept: */*

Response DefaultHttpResponse(decodeResult: success, version: HTTP/1.1)
HTTP/1.1 200 OK
Content-Length: 51
Content-Type: application/json; charset=utf-8
cache-control: no-cache

[DEBUG] Adding key: http://localhost:8621 for channel [id: 0xd846622c, L:/127.0.0.1:60886 - R:localhost/127.0.0.1:8621]
[DEBUG] Using pooled Channel '[id: 0xd846622c, L:/127.0.0.1:60886 - R:localhost/127.0.0.1:8621]' for 'POST' to 'http://localhost:8621/session/81405bb181f8175ad2f0d10da7dc968d/url'
[DEBUG] Using open Channel [id: 0xd846622c, L:/127.0.0.1:60886 - R:localhost/127.0.0.1:8621] for POST '/session/81405bb181f8175ad2f0d10da7dc968d/url'
[DEBUG] Entry count for : http://localhost:17133 : 1
[DEBUG] Entry count for : http://localhost:40364 : 1
[DEBUG] Entry count for : http://localhost:5924 : 1
[DEBUG] Entry count for : http://localhost:60865 : 1
[DEBUG] Entry count for : http://localhost:39429 : 1
[DEBUG] Entry count for : http://localhost:28012 : 1
[DEBUG] Entry count for : http://localhost:60887 : 1
[DEBUG] Adding Candidate expired Channel [id: 0xe1a8a4e2, L:/127.0.0.1:60870 ! R:localhost/127.0.0.1:60865] isIdleTimeoutExpired=false isRemotelyClosed=true isTtlExpired=false
[DEBUG] Closing Idle Channel [id: 0xe1a8a4e2, L:/127.0.0.1:60870 ! R:localhost/127.0.0.1:60865]
[DEBUG] Closed 1 connections out of 7 in 0 ms
[DEBUG] 

Request DefaultHttpRequest(decodeResult: success, version: HTTP/1.1)
POST /session/81405bb181f8175ad2f0d10da7dc968d/url HTTP/1.1
User-Agent: selenium/4.8.3 (java windows)
Content-Length: 49
Content-Type: application/json; charset=utf-8
host: localhost:8621
accept: */*

Response DefaultHttpResponse(decodeResult: success, version: HTTP/1.1)
HTTP/1.1 500 Internal Server Error
Content-Length: 1077
Content-Type: application/json; charset=utf-8
cache-control: no-cache

[DEBUG] Adding key: http://localhost:8621 for channel [id: 0xd846622c, L:/127.0.0.1:60886 - R:localhost/127.0.0.1:8621]
mouseActionsTestfailed
]]></system-out>
    <system-err><![CDATA[Starting ChromeDriver 112.0.5615.49 (bd2a7bcb881c11e8cfe3078709382934e3916914-refs/branch-heads/5615@{#936}) on port 8621
Only local connections are allowed.
Please see https://chromedriver.chromium.org/security-considerations for suggestions on keeping ChromeDriver safe.
ChromeDriver was started successfully.
Apr 25, 2023 9:17:00 AM org.openqa.selenium.devtools.CdpVersionFinder findNearestMatch
WARNING: Unable to find an exact match for CDP version 112, so returning the closest version found: 111
]]></system-err>
  </testcase>
  <testcase name="rediffCreateAccount" classname="com.automationcode_8th_April_2023.RediffCreateAccountTest" time="1.653">
    <failure message="unknown error: net::ERR_INTERNET_DISCONNECTED&#10;  (Session info: chrome=112.0.5615.138)&#10;Build info: version: &apos;4.8.3&apos;, revision: &apos;e5e76298c3&apos;&#10;System info: os.name: &apos;Windows 11&apos;, os.arch: &apos;amd64&apos;, os.version: &apos;10.0&apos;, java.version: &apos;1.8.0_351&apos;&#10;Driver info: org.openqa.selenium.chrome.ChromeDriver&#10;Command: [d41fc0bda48f7e89f70b0684f48d336f, get {url=https://rediff.com}]&#10;Capabilities {acceptInsecureCerts: false, browserName: chrome, browserVersion: 112.0.5615.138, chrome: {chromedriverVersion: 112.0.5615.49 (bd2a7bcb881c..., userDataDir: C:\Users\Dennis\AppData\Loc...}, goog:chromeOptions: {debuggerAddress: localhost:60897}, networkConnectionEnabled: false, pageLoadStrategy: normal, platformName: WINDOWS, proxy: Proxy(), se:cdp: ws://localhost:60897/devtoo..., se:cdpVersion: 112.0.5615.138, setWindowRect: true, strictFileInteractability: false, timeouts: {implicit: 0, pageLoad: 300000, script: 30000}, unhandledPromptBehavior: dismiss and notify, webauthn:extension:credBlob: true, webauthn:extension:largeBlob: true, webauthn:extension:minPinLength: true, webauthn:extension:prf: true, webauthn:virtualAuthenticators: true}&#10;Session ID: d41fc0bda48f7e89f70b0684f48d336f" type="org.openqa.selenium.WebDriverException"><![CDATA[org.openqa.selenium.WebDriverException: 
unknown error: net::ERR_INTERNET_DISCONNECTED
  (Session info: chrome=112.0.5615.138)
Build info: version: '4.8.3', revision: 'e5e76298c3'
System info: os.name: 'Windows 11', os.arch: 'amd64', os.version: '10.0', java.version: '1.8.0_351'
Driver info: org.openqa.selenium.chrome.ChromeDriver
Command: [d41fc0bda48f7e89f70b0684f48d336f, get {url=https://rediff.com}]
Capabilities {acceptInsecureCerts: false, browserName: chrome, browserVersion: 112.0.5615.138, chrome: {chromedriverVersion: 112.0.5615.49 (bd2a7bcb881c..., userDataDir: C:\Users\Dennis\AppData\Loc...}, goog:chromeOptions: {debuggerAddress: localhost:60897}, networkConnectionEnabled: false, pageLoadStrategy: normal, platformName: WINDOWS, proxy: Proxy(), se:cdp: ws://localhost:60897/devtoo..., se:cdpVersion: 112.0.5615.138, setWindowRect: true, strictFileInteractability: false, timeouts: {implicit: 0, pageLoad: 300000, script: 30000}, unhandledPromptBehavior: dismiss and notify, webauthn:extension:credBlob: true, webauthn:extension:largeBlob: true, webauthn:extension:minPinLength: true, webauthn:extension:prf: true, webauthn:virtualAuthenticators: true}
Session ID: d41fc0bda48f7e89f70b0684f48d336f
	at sun.reflect.NativeConstructorAccessorImpl.newInstance0(Native Method)
	at sun.reflect.NativeConstructorAccessorImpl.newInstance(NativeConstructorAccessorImpl.java:62)
	at sun.reflect.DelegatingConstructorAccessorImpl.newInstance(DelegatingConstructorAccessorImpl.java:45)
	at java.lang.reflect.Constructor.newInstance(Constructor.java:423)
	at org.openqa.selenium.remote.codec.w3c.W3CHttpResponseCodec.createException(W3CHttpResponseCodec.java:200)
	at org.openqa.selenium.remote.codec.w3c.W3CHttpResponseCodec.decode(W3CHttpResponseCodec.java:133)
	at org.openqa.selenium.remote.codec.w3c.W3CHttpResponseCodec.decode(W3CHttpResponseCodec.java:53)
	at org.openqa.selenium.remote.HttpCommandExecutor.execute(HttpCommandExecutor.java:193)
	at org.openqa.selenium.remote.service.DriverCommandExecutor.invokeExecute(DriverCommandExecutor.java:183)
	at org.openqa.selenium.remote.service.DriverCommandExecutor.execute(DriverCommandExecutor.java:158)
	at org.openqa.selenium.remote.RemoteWebDriver.execute(RemoteWebDriver.java:543)
	at org.openqa.selenium.remote.RemoteWebDriver.get(RemoteWebDriver.java:297)
	at com.automationcode_8th_April_2023.RediffCreateAccountTest.rediffCreateAccount(RediffCreateAccountTest.java:20)
	at sun.reflect.NativeMethodAccessorImpl.invoke0(Native Method)
	at sun.reflect.NativeMethodAccessorImpl.invoke(NativeMethodAccessorImpl.java:62)
	at sun.reflect.DelegatingMethodAccessorImpl.invoke(DelegatingMethodAccessorImpl.java:43)
	at java.lang.reflect.Method.invoke(Method.java:498)
	at org.testng.internal.MethodInvocationHelper.invokeMethod(MethodInvocationHelper.java:124)
	at org.testng.internal.Invoker.invokeMethod(Invoker.java:583)
	at org.testng.internal.Invoker.invokeTestMethod(Invoker.java:719)
	at org.testng.internal.Invoker.invokeTestMethods(Invoker.java:989)
	at org.testng.internal.TestMethodWorker.invokeTestMethods(TestMethodWorker.java:125)
	at org.testng.internal.TestMethodWorker.run(TestMethodWorker.java:109)
	at org.testng.TestRunner.privateRun(TestRunner.java:648)
	at org.testng.TestRunner.run(TestRunner.java:505)
	at org.testng.SuiteRunner.runTest(SuiteRunner.java:455)
	at org.testng.SuiteRunner.runSequentially(SuiteRunner.java:450)
	at org.testng.SuiteRunner.privateRun(SuiteRunner.java:415)
	at org.testng.SuiteRunner.run(SuiteRunner.java:364)
	at org.testng.SuiteRunnerWorker.runSuite(SuiteRunnerWorker.java:52)
	at org.testng.SuiteRunnerWorker.run(SuiteRunnerWorker.java:84)
	at org.testng.TestNG.runSuitesSequentially(TestNG.java:1208)
	at org.testng.TestNG.runSuitesLocally(TestNG.java:1137)
	at org.testng.TestNG.runSuites(TestNG.java:1049)
	at org.testng.TestNG.run(TestNG.java:1017)
	at org.apache.maven.surefire.testng.TestNGExecutor.run(TestNGExecutor.java:324)
	at org.apache.maven.surefire.testng.TestNGXmlTestSuite.execute(TestNGXmlTestSuite.java:74)
	at org.apache.maven.surefire.testng.TestNGProvider.invoke(TestNGProvider.java:123)
	at org.apache.maven.surefire.booter.ForkedBooter.runSuitesInProcess(ForkedBooter.java:456)
	at org.apache.maven.surefire.booter.ForkedBooter.execute(ForkedBooter.java:169)
	at org.apache.maven.surefire.booter.ForkedBooter.run(ForkedBooter.java:595)
	at org.apache.maven.surefire.booter.ForkedBooter.main(ForkedBooter.java:581)
]]></failure>
    <system-out><![CDATA[rediffCreateAccountstarting test
[DEBUG] Using new Channel '[id: 0x4e8951ed, L:/127.0.0.1:60896 - R:localhost/127.0.0.1:21258]' for 'POST' to '/session'
[DEBUG] Channel Closed: [id: 0xe69f839d, L:/127.0.0.1:60892 ! R:localhost/127.0.0.1:60887] with attribute DISCARD
[DEBUG] Channel Closed: [id: 0xcd351a5c, L:/127.0.0.1:60893 ! R:localhost/127.0.0.1:60887] with attribute NettyResponseFuture{currentRetry=0,
	isDone=1,
	isCancelled=0,
	asyncHandler=org.asynchttpclient.ws.WebSocketUpgradeHandler@5d93918c,
	nettyRequest=org.asynchttpclient.netty.request.NettyRequest@149e8410,
	future=java.util.concurrent.CompletableFuture@7f5c6d6a[Completed normally],
	uri=ws://localhost:60887/devtools/browser/535dfab4-4975-485b-981f-cd53fc952618,
	keepAlive=true,
	redirectCount=0,
	timeoutsHolder=null,
	inAuth=0,
	touch=1682428620974}
[DEBUG] Closing Channel [id: 0xcd351a5c, L:/127.0.0.1:60893 ! R:localhost/127.0.0.1:60887] 
[DEBUG] Entry count for : http://localhost:17133 : 1
[DEBUG] Entry count for : http://localhost:8621 : 1
[DEBUG] Entry count for : http://localhost:40364 : 1
[DEBUG] Entry count for : http://localhost:5924 : 1
[DEBUG] Entry count for : http://localhost:39429 : 1
[DEBUG] Entry count for : http://localhost:28012 : 1
[DEBUG] Entry count for : http://localhost:60887 : 1
[DEBUG] Adding Candidate expired Channel [id: 0xe69f839d, L:/127.0.0.1:60892 ! R:localhost/127.0.0.1:60887] isIdleTimeoutExpired=false isRemotelyClosed=true isTtlExpired=false
[DEBUG] Closing Idle Channel [id: 0xe69f839d, L:/127.0.0.1:60892 ! R:localhost/127.0.0.1:60887]
[DEBUG] Closed 1 connections out of 7 in 1 ms
[DEBUG] 

Request DefaultHttpRequest(decodeResult: success, version: HTTP/1.1)
POST /session HTTP/1.1
User-Agent: selenium/4.8.3 (java windows)
Content-Length: 439
Content-Type: application/json; charset=utf-8
host: localhost:21258
accept: */*

Response DefaultHttpResponse(decodeResult: success, version: HTTP/1.1)
HTTP/1.1 200 OK
Content-Length: 859
Content-Type: application/json; charset=utf-8
cache-control: no-cache

[DEBUG] Adding key: http://localhost:21258 for channel [id: 0x4e8951ed, L:/127.0.0.1:60896 - R:localhost/127.0.0.1:21258]
[DEBUG] Using new Channel '[id: 0x1ad23700, L:/127.0.0.1:60902 - R:localhost/127.0.0.1:60897]' for 'GET' to '/json/version'
[DEBUG] 

Request DefaultFullHttpRequest(decodeResult: success, version: HTTP/1.1, content: EmptyByteBufBE)
GET /json/version HTTP/1.1
User-Agent: selenium/4.8.3 (java windows)
host: localhost:60897
accept: */*

Response DefaultHttpResponse(decodeResult: success, version: HTTP/1.1)
HTTP/1.1 200 OK
Content-Security-Policy: frame-ancestors 'none'
Content-Length: 424
Content-Type: application/json; charset=UTF-8

[DEBUG] Adding key: http://localhost:60897 for channel [id: 0x1ad23700, L:/127.0.0.1:60902 - R:localhost/127.0.0.1:60897]
[DEBUG] Using new Channel '[id: 0xd103b8c5, L:/127.0.0.1:60903 - R:localhost/127.0.0.1:60897]' for 'GET' to '/devtools/browser/bc2f234a-e06f-4be0-8a06-86893d77ca1b'
[DEBUG] 

Request DefaultFullHttpRequest(decodeResult: success, version: HTTP/1.1, content: EmptyByteBufBE)
GET /devtools/browser/bc2f234a-e06f-4be0-8a06-86893d77ca1b HTTP/1.1
upgrade: websocket
connection: upgrade
sec-websocket-key: 7UHNgxq3js42ZZZk83dG3w==
sec-websocket-version: 13
origin: http://localhost:60897
host: localhost:60897
accept: */*
user-agent: AHC/2.1

Response DefaultHttpResponse(decodeResult: success, version: HTTP/1.1)
HTTP/1.1 101 WebSocket Protocol Handshake
Upgrade: WebSocket
Connection: Upgrade
Sec-WebSocket-Accept: 6/O9Rpy3KIVMfA/IXvSxFRBH39Y=

[DEBUG] Using pooled Channel '[id: 0x4e8951ed, L:/127.0.0.1:60896 - R:localhost/127.0.0.1:21258]' for 'POST' to 'http://localhost:21258/session/d41fc0bda48f7e89f70b0684f48d336f/window/maximize'
[DEBUG] Using open Channel [id: 0x4e8951ed, L:/127.0.0.1:60896 - R:localhost/127.0.0.1:21258] for POST '/session/d41fc0bda48f7e89f70b0684f48d336f/window/maximize'
[DEBUG] 

Request DefaultHttpRequest(decodeResult: success, version: HTTP/1.1)
POST /session/d41fc0bda48f7e89f70b0684f48d336f/window/maximize HTTP/1.1
User-Agent: selenium/4.8.3 (java windows)
Content-Length: 3
Content-Type: application/json; charset=utf-8
host: localhost:21258
accept: */*

Response DefaultHttpResponse(decodeResult: success, version: HTTP/1.1)
HTTP/1.1 200 OK
Content-Length: 51
Content-Type: application/json; charset=utf-8
cache-control: no-cache

[DEBUG] Adding key: http://localhost:21258 for channel [id: 0x4e8951ed, L:/127.0.0.1:60896 - R:localhost/127.0.0.1:21258]
[DEBUG] Using pooled Channel '[id: 0x4e8951ed, L:/127.0.0.1:60896 - R:localhost/127.0.0.1:21258]' for 'POST' to 'http://localhost:21258/session/d41fc0bda48f7e89f70b0684f48d336f/url'
[DEBUG] Using open Channel [id: 0x4e8951ed, L:/127.0.0.1:60896 - R:localhost/127.0.0.1:21258] for POST '/session/d41fc0bda48f7e89f70b0684f48d336f/url'
[DEBUG] 

Request DefaultHttpRequest(decodeResult: success, version: HTTP/1.1)
POST /session/d41fc0bda48f7e89f70b0684f48d336f/url HTTP/1.1
User-Agent: selenium/4.8.3 (java windows)
Content-Length: 43
Content-Type: application/json; charset=utf-8
host: localhost:21258
accept: */*

Response DefaultHttpResponse(decodeResult: success, version: HTTP/1.1)
HTTP/1.1 500 Internal Server Error
Content-Length: 1077
Content-Type: application/json; charset=utf-8
cache-control: no-cache

[DEBUG] Adding key: http://localhost:21258 for channel [id: 0x4e8951ed, L:/127.0.0.1:60896 - R:localhost/127.0.0.1:21258]
rediffCreateAccountfailed
]]></system-out>
    <system-err><![CDATA[Starting ChromeDriver 112.0.5615.49 (bd2a7bcb881c11e8cfe3078709382934e3916914-refs/branch-heads/5615@{#936}) on port 21258
Only local connections are allowed.
Please see https://chromedriver.chromium.org/security-considerations for suggestions on keeping ChromeDriver safe.
ChromeDriver was started successfully.
Apr 25, 2023 9:17:02 AM org.openqa.selenium.devtools.CdpVersionFinder findNearestMatch
WARNING: Unable to find an exact match for CDP version 112, so returning the closest version found: 111
]]></system-err>
  </testcase>
  <testcase name="openUrl" classname="com.automation.code_25th_March_2023.Selenium_Practice" time="3.943">
    <failure message="unknown error: net::ERR_INTERNET_DISCONNECTED&#10;  (Session info: chrome=112.0.5615.138)&#10;Build info: version: &apos;4.8.3&apos;, revision: &apos;e5e76298c3&apos;&#10;System info: os.name: &apos;Windows 11&apos;, os.arch: &apos;amd64&apos;, os.version: &apos;10.0&apos;, java.version: &apos;1.8.0_351&apos;&#10;Driver info: org.openqa.selenium.chrome.ChromeDriver&#10;Command: [9a7be0eccf6796e62d473082aa96ef2f, get {url=http://seleniumpractise.blogspot.com/2019/01/dropdown-demo-for-selenium.html}]&#10;Capabilities {acceptInsecureCerts: false, browserName: chrome, browserVersion: 112.0.5615.138, chrome: {chromedriverVersion: 112.0.5615.49 (bd2a7bcb881c..., userDataDir: C:\Users\Dennis\AppData\Loc...}, goog:chromeOptions: {debuggerAddress: localhost:60909}, networkConnectionEnabled: false, pageLoadStrategy: normal, platformName: WINDOWS, proxy: Proxy(), se:cdp: ws://localhost:60909/devtoo..., se:cdpVersion: 112.0.5615.138, setWindowRect: true, strictFileInteractability: false, timeouts: {implicit: 0, pageLoad: 300000, script: 30000}, unhandledPromptBehavior: dismiss and notify, webauthn:extension:credBlob: true, webauthn:extension:largeBlob: true, webauthn:extension:minPinLength: true, webauthn:extension:prf: true, webauthn:virtualAuthenticators: true}&#10;Session ID: 9a7be0eccf6796e62d473082aa96ef2f" type="org.openqa.selenium.WebDriverException"><![CDATA[org.openqa.selenium.WebDriverException: 
unknown error: net::ERR_INTERNET_DISCONNECTED
  (Session info: chrome=112.0.5615.138)
Build info: version: '4.8.3', revision: 'e5e76298c3'
System info: os.name: 'Windows 11', os.arch: 'amd64', os.version: '10.0', java.version: '1.8.0_351'
Driver info: org.openqa.selenium.chrome.ChromeDriver
Command: [9a7be0eccf6796e62d473082aa96ef2f, get {url=http://seleniumpractise.blogspot.com/2019/01/dropdown-demo-for-selenium.html}]
Capabilities {acceptInsecureCerts: false, browserName: chrome, browserVersion: 112.0.5615.138, chrome: {chromedriverVersion: 112.0.5615.49 (bd2a7bcb881c..., userDataDir: C:\Users\Dennis\AppData\Loc...}, goog:chromeOptions: {debuggerAddress: localhost:60909}, networkConnectionEnabled: false, pageLoadStrategy: normal, platformName: WINDOWS, proxy: Proxy(), se:cdp: ws://localhost:60909/devtoo..., se:cdpVersion: 112.0.5615.138, setWindowRect: true, strictFileInteractability: false, timeouts: {implicit: 0, pageLoad: 300000, script: 30000}, unhandledPromptBehavior: dismiss and notify, webauthn:extension:credBlob: true, webauthn:extension:largeBlob: true, webauthn:extension:minPinLength: true, webauthn:extension:prf: true, webauthn:virtualAuthenticators: true}
Session ID: 9a7be0eccf6796e62d473082aa96ef2f
	at sun.reflect.NativeConstructorAccessorImpl.newInstance0(Native Method)
	at sun.reflect.NativeConstructorAccessorImpl.newInstance(NativeConstructorAccessorImpl.java:62)
	at sun.reflect.DelegatingConstructorAccessorImpl.newInstance(DelegatingConstructorAccessorImpl.java:45)
	at java.lang.reflect.Constructor.newInstance(Constructor.java:423)
	at org.openqa.selenium.remote.codec.w3c.W3CHttpResponseCodec.createException(W3CHttpResponseCodec.java:200)
	at org.openqa.selenium.remote.codec.w3c.W3CHttpResponseCodec.decode(W3CHttpResponseCodec.java:133)
	at org.openqa.selenium.remote.codec.w3c.W3CHttpResponseCodec.decode(W3CHttpResponseCodec.java:53)
	at org.openqa.selenium.remote.HttpCommandExecutor.execute(HttpCommandExecutor.java:193)
	at org.openqa.selenium.remote.service.DriverCommandExecutor.invokeExecute(DriverCommandExecutor.java:183)
	at org.openqa.selenium.remote.service.DriverCommandExecutor.execute(DriverCommandExecutor.java:158)
	at org.openqa.selenium.remote.RemoteWebDriver.execute(RemoteWebDriver.java:543)
	at org.openqa.selenium.remote.RemoteWebDriver.get(RemoteWebDriver.java:297)
	at com.automation.code_25th_March_2023.Selenium_Practice.openUrl(Selenium_Practice.java:20)
	at sun.reflect.NativeMethodAccessorImpl.invoke0(Native Method)
	at sun.reflect.NativeMethodAccessorImpl.invoke(NativeMethodAccessorImpl.java:62)
	at sun.reflect.DelegatingMethodAccessorImpl.invoke(DelegatingMethodAccessorImpl.java:43)
	at java.lang.reflect.Method.invoke(Method.java:498)
	at org.testng.internal.MethodInvocationHelper.invokeMethod(MethodInvocationHelper.java:124)
	at org.testng.internal.MethodInvocationHelper.invokeMethodConsideringTimeout(MethodInvocationHelper.java:59)
	at org.testng.internal.Invoker.invokeConfigurationMethod(Invoker.java:458)
	at org.testng.internal.Invoker.invokeConfigurations(Invoker.java:222)
	at org.testng.internal.Invoker.invokeMethod(Invoker.java:523)
	at org.testng.internal.Invoker.invokeTestMethod(Invoker.java:719)
	at org.testng.internal.Invoker.invokeTestMethods(Invoker.java:989)
	at org.testng.internal.TestMethodWorker.invokeTestMethods(TestMethodWorker.java:125)
	at org.testng.internal.TestMethodWorker.run(TestMethodWorker.java:109)
	at org.testng.TestRunner.privateRun(TestRunner.java:648)
	at org.testng.TestRunner.run(TestRunner.java:505)
	at org.testng.SuiteRunner.runTest(SuiteRunner.java:455)
	at org.testng.SuiteRunner.runSequentially(SuiteRunner.java:450)
	at org.testng.SuiteRunner.privateRun(SuiteRunner.java:415)
	at org.testng.SuiteRunner.run(SuiteRunner.java:364)
	at org.testng.SuiteRunnerWorker.runSuite(SuiteRunnerWorker.java:52)
	at org.testng.SuiteRunnerWorker.run(SuiteRunnerWorker.java:84)
	at org.testng.TestNG.runSuitesSequentially(TestNG.java:1208)
	at org.testng.TestNG.runSuitesLocally(TestNG.java:1137)
	at org.testng.TestNG.runSuites(TestNG.java:1049)
	at org.testng.TestNG.run(TestNG.java:1017)
	at org.apache.maven.surefire.testng.TestNGExecutor.run(TestNGExecutor.java:324)
	at org.apache.maven.surefire.testng.TestNGXmlTestSuite.execute(TestNGXmlTestSuite.java:74)
	at org.apache.maven.surefire.testng.TestNGProvider.invoke(TestNGProvider.java:123)
	at org.apache.maven.surefire.booter.ForkedBooter.runSuitesInProcess(ForkedBooter.java:456)
	at org.apache.maven.surefire.booter.ForkedBooter.execute(ForkedBooter.java:169)
	at org.apache.maven.surefire.booter.ForkedBooter.run(ForkedBooter.java:595)
	at org.apache.maven.surefire.booter.ForkedBooter.main(ForkedBooter.java:581)
]]></failure>
    <system-out><![CDATA[[DEBUG] Channel Closed: [id: 0xd103b8c5, L:/127.0.0.1:60903 ! R:localhost/127.0.0.1:60897] with attribute NettyResponseFuture{currentRetry=0,
	isDone=1,
	isCancelled=0,
	asyncHandler=org.asynchttpclient.ws.WebSocketUpgradeHandler@679b1b21,
	nettyRequest=org.asynchttpclient.netty.request.NettyRequest@1c599a91,
	future=java.util.concurrent.CompletableFuture@53f6eea2[Completed normally],
	uri=ws://localhost:60897/devtools/browser/bc2f234a-e06f-4be0-8a06-86893d77ca1b,
	keepAlive=true,
	redirectCount=0,
	timeoutsHolder=null,
	inAuth=0,
	touch=1682428622648}
[DEBUG] Closing Channel [id: 0xd103b8c5, L:/127.0.0.1:60903 ! R:localhost/127.0.0.1:60897] 
[DEBUG] Using pooled Channel '[id: 0x4e8951ed, L:/127.0.0.1:60896 - R:localhost/127.0.0.1:21258]' for 'DELETE' to 'http://localhost:21258/session/d41fc0bda48f7e89f70b0684f48d336f'
[DEBUG] Using open Channel [id: 0x4e8951ed, L:/127.0.0.1:60896 - R:localhost/127.0.0.1:21258] for DELETE '/session/d41fc0bda48f7e89f70b0684f48d336f'
[DEBUG] Unexpected I/O exception on channel [id: 0x1ad23700, L:/127.0.0.1:60902 - R:localhost/127.0.0.1:60897]
java.io.IOException: An existing connection was forcibly closed by the remote host
	at sun.nio.ch.SocketDispatcher.read0(Native Method) ~[na:1.8.0_351]
	at sun.nio.ch.SocketDispatcher.read(SocketDispatcher.java:43) ~[na:1.8.0_351]
	at sun.nio.ch.IOUtil.readIntoNativeBuffer(IOUtil.java:223) ~[na:1.8.0_351]
	at sun.nio.ch.IOUtil.read(IOUtil.java:192) ~[na:1.8.0_351]
	at sun.nio.ch.SocketChannelImpl.read(SocketChannelImpl.java:378) ~[na:1.8.0_351]
	at io.netty.buffer.PooledByteBuf.setBytes(PooledByteBuf.java:256) ~[netty-buffer-4.1.90.Final.jar:4.1.90.Final]
	at io.netty.buffer.AbstractByteBuf.writeBytes(AbstractByteBuf.java:1132) ~[netty-buffer-4.1.90.Final.jar:4.1.90.Final]
	at io.netty.channel.socket.nio.NioSocketChannel.doReadBytes(NioSocketChannel.java:357) ~[netty-transport-4.1.90.Final.jar:4.1.90.Final]
	at io.netty.channel.nio.AbstractNioByteChannel$NioByteUnsafe.read(AbstractNioByteChannel.java:151) ~[netty-transport-4.1.90.Final.jar:4.1.90.Final]
	at io.netty.channel.nio.NioEventLoop.processSelectedKey(NioEventLoop.java:788) [netty-transport-4.1.90.Final.jar:4.1.90.Final]
	at io.netty.channel.nio.NioEventLoop.processSelectedKeysOptimized(NioEventLoop.java:724) [netty-transport-4.1.90.Final.jar:4.1.90.Final]
	at io.netty.channel.nio.NioEventLoop.processSelectedKeys(NioEventLoop.java:650) [netty-transport-4.1.90.Final.jar:4.1.90.Final]
	at io.netty.channel.nio.NioEventLoop.run(NioEventLoop.java:562) [netty-transport-4.1.90.Final.jar:4.1.90.Final]
	at io.netty.util.concurrent.SingleThreadEventExecutor$4.run(SingleThreadEventExecutor.java:997) [netty-common-4.1.90.Final.jar:4.1.90.Final]
	at io.netty.util.internal.ThreadExecutorMap$2.run(ThreadExecutorMap.java:74) [netty-common-4.1.90.Final.jar:4.1.90.Final]
	at io.netty.util.concurrent.FastThreadLocalRunnable.run(FastThreadLocalRunnable.java:30) [netty-common-4.1.90.Final.jar:4.1.90.Final]
	at java.lang.Thread.run(Thread.java:750) [na:1.8.0_351]
[DEBUG] Closing Channel [id: 0x1ad23700, L:/127.0.0.1:60902 - R:localhost/127.0.0.1:60897] 
[DEBUG] Channel Closed: [id: 0x1ad23700, L:/127.0.0.1:60902 ! R:localhost/127.0.0.1:60897] with attribute DISCARD
[DEBUG] 

Request DefaultFullHttpRequest(decodeResult: success, version: HTTP/1.1, content: EmptyByteBufBE)
DELETE /session/d41fc0bda48f7e89f70b0684f48d336f HTTP/1.1
User-Agent: selenium/4.8.3 (java windows)
Content-Type: application/json; charset=utf-8
host: localhost:21258
accept: */*

Response DefaultHttpResponse(decodeResult: success, version: HTTP/1.1)
HTTP/1.1 200 OK
Content-Length: 14
Content-Type: application/json; charset=utf-8
cache-control: no-cache

[DEBUG] Adding key: http://localhost:21258 for channel [id: 0x4e8951ed, L:/127.0.0.1:60896 - R:localhost/127.0.0.1:21258]
[DEBUG] Channel Closed: [id: 0x4e8951ed, L:/127.0.0.1:60896 ! R:localhost/127.0.0.1:21258] with attribute DISCARD
[DEBUG] Entry count for : http://localhost:17133 : 1
[DEBUG] Entry count for : http://localhost:8621 : 1
[DEBUG] Entry count for : http://localhost:40364 : 1
[DEBUG] Entry count for : http://localhost:5924 : 1
[DEBUG] Entry count for : http://localhost:21258 : 1
[DEBUG] Entry count for : http://localhost:39429 : 1
[DEBUG] Entry count for : http://localhost:28012 : 1
[DEBUG] Entry count for : http://localhost:60897 : 1
[DEBUG] Adding Candidate expired Channel [id: 0x4e8951ed, L:/127.0.0.1:60896 ! R:localhost/127.0.0.1:21258] isIdleTimeoutExpired=false isRemotelyClosed=true isTtlExpired=false
[DEBUG] Closing Idle Channel [id: 0x4e8951ed, L:/127.0.0.1:60896 ! R:localhost/127.0.0.1:21258]
[DEBUG] Adding Candidate expired Channel [id: 0x1ad23700, L:/127.0.0.1:60902 ! R:localhost/127.0.0.1:60897] isIdleTimeoutExpired=false isRemotelyClosed=true isTtlExpired=false
[DEBUG] Closing Idle Channel [id: 0x1ad23700, L:/127.0.0.1:60902 ! R:localhost/127.0.0.1:60897]
[DEBUG] Closed 2 connections out of 8 in 0 ms
[DEBUG] Using new Channel '[id: 0x87ae4262, L:/127.0.0.1:60908 - R:localhost/127.0.0.1:37820]' for 'POST' to '/session'
[DEBUG] Entry count for : http://localhost:17133 : 1
[DEBUG] Entry count for : http://localhost:8621 : 1
[DEBUG] Entry count for : http://localhost:40364 : 1
[DEBUG] Entry count for : http://localhost:5924 : 1
[DEBUG] Entry count for : http://localhost:39429 : 1
[DEBUG] Entry count for : http://localhost:28012 : 1
[DEBUG] 

Request DefaultHttpRequest(decodeResult: success, version: HTTP/1.1)
POST /session HTTP/1.1
User-Agent: selenium/4.8.3 (java windows)
Content-Length: 439
Content-Type: application/json; charset=utf-8
host: localhost:37820
accept: */*

Response DefaultHttpResponse(decodeResult: success, version: HTTP/1.1)
HTTP/1.1 200 OK
Content-Length: 861
Content-Type: application/json; charset=utf-8
cache-control: no-cache

[DEBUG] Adding key: http://localhost:37820 for channel [id: 0x87ae4262, L:/127.0.0.1:60908 - R:localhost/127.0.0.1:37820]
[DEBUG] Using new Channel '[id: 0x05093331, L:/127.0.0.1:60915 - R:localhost/127.0.0.1:60909]' for 'GET' to '/json/version'
[DEBUG] 

Request DefaultFullHttpRequest(decodeResult: success, version: HTTP/1.1, content: EmptyByteBufBE)
GET /json/version HTTP/1.1
User-Agent: selenium/4.8.3 (java windows)
host: localhost:60909
accept: */*

Response DefaultHttpResponse(decodeResult: success, version: HTTP/1.1)
HTTP/1.1 200 OK
Content-Security-Policy: frame-ancestors 'none'
Content-Length: 424
Content-Type: application/json; charset=UTF-8

[DEBUG] Adding key: http://localhost:60909 for channel [id: 0x05093331, L:/127.0.0.1:60915 - R:localhost/127.0.0.1:60909]
[DEBUG] Using new Channel '[id: 0xc3b43e98, L:/127.0.0.1:60916 - R:localhost/127.0.0.1:60909]' for 'GET' to '/devtools/browser/bfdc8e41-4cdf-45b4-9d9a-6045cb03cd4b'
[DEBUG] 

Request DefaultFullHttpRequest(decodeResult: success, version: HTTP/1.1, content: EmptyByteBufBE)
GET /devtools/browser/bfdc8e41-4cdf-45b4-9d9a-6045cb03cd4b HTTP/1.1
upgrade: websocket
connection: upgrade
sec-websocket-key: neBMBpUyXgme3CrIAHnMvw==
sec-websocket-version: 13
origin: http://localhost:60909
host: localhost:60909
accept: */*
user-agent: AHC/2.1

Response DefaultHttpResponse(decodeResult: success, version: HTTP/1.1)
HTTP/1.1 101 WebSocket Protocol Handshake
Upgrade: WebSocket
Connection: Upgrade
Sec-WebSocket-Accept: bLXUg1RuryNCaY3b4YoRCJZxKY0=

[DEBUG] Using pooled Channel '[id: 0x87ae4262, L:/127.0.0.1:60908 - R:localhost/127.0.0.1:37820]' for 'POST' to 'http://localhost:37820/session/9a7be0eccf6796e62d473082aa96ef2f/window/maximize'
[DEBUG] Using open Channel [id: 0x87ae4262, L:/127.0.0.1:60908 - R:localhost/127.0.0.1:37820] for POST '/session/9a7be0eccf6796e62d473082aa96ef2f/window/maximize'
[DEBUG] 

Request DefaultHttpRequest(decodeResult: success, version: HTTP/1.1)
POST /session/9a7be0eccf6796e62d473082aa96ef2f/window/maximize HTTP/1.1
User-Agent: selenium/4.8.3 (java windows)
Content-Length: 3
Content-Type: application/json; charset=utf-8
host: localhost:37820
accept: */*

Response DefaultHttpResponse(decodeResult: success, version: HTTP/1.1)
HTTP/1.1 200 OK
Content-Length: 51
Content-Type: application/json; charset=utf-8
cache-control: no-cache

[DEBUG] Adding key: http://localhost:37820 for channel [id: 0x87ae4262, L:/127.0.0.1:60908 - R:localhost/127.0.0.1:37820]
[DEBUG] Using pooled Channel '[id: 0x87ae4262, L:/127.0.0.1:60908 - R:localhost/127.0.0.1:37820]' for 'POST' to 'http://localhost:37820/session/9a7be0eccf6796e62d473082aa96ef2f/url'
[DEBUG] Using open Channel [id: 0x87ae4262, L:/127.0.0.1:60908 - R:localhost/127.0.0.1:37820] for POST '/session/9a7be0eccf6796e62d473082aa96ef2f/url'
[DEBUG] 

Request DefaultHttpRequest(decodeResult: success, version: HTTP/1.1)
POST /session/9a7be0eccf6796e62d473082aa96ef2f/url HTTP/1.1
User-Agent: selenium/4.8.3 (java windows)
Content-Length: 116
Content-Type: application/json; charset=utf-8
host: localhost:37820
accept: */*

Response DefaultHttpResponse(decodeResult: success, version: HTTP/1.1)
HTTP/1.1 500 Internal Server Error
Content-Length: 1077
Content-Type: application/json; charset=utf-8
cache-control: no-cache

[DEBUG] Adding key: http://localhost:37820 for channel [id: 0x87ae4262, L:/127.0.0.1:60908 - R:localhost/127.0.0.1:37820]
]]></system-out>
    <system-err><![CDATA[Starting ChromeDriver 112.0.5615.49 (bd2a7bcb881c11e8cfe3078709382934e3916914-refs/branch-heads/5615@{#936}) on port 37820
Only local connections are allowed.
Please see https://chromedriver.chromium.org/security-considerations for suggestions on keeping ChromeDriver safe.
ChromeDriver was started successfully.
Apr 25, 2023 9:17:04 AM org.openqa.selenium.devtools.CdpVersionFinder findNearestMatch
WARNING: Unable to find an exact match for CDP version 112, so returning the closest version found: 111
]]></system-err>
  </testcase>
  <testcase name="dropDownTest" classname="com.automation.code_25th_March_2023.Selenium_Practice" time="0">
    <skipped message="unknown error: net::ERR_INTERNET_DISCONNECTED&#10;  (Session info: chrome=112.0.5615.138)&#10;Build info: version: &apos;4.8.3&apos;, revision: &apos;e5e76298c3&apos;&#10;System info: os.name: &apos;Windows 11&apos;, os.arch: &apos;amd64&apos;, os.version: &apos;10.0&apos;, java.version: &apos;1.8.0_351&apos;&#10;Driver info: org.openqa.selenium.chrome.ChromeDriver&#10;Command: [9a7be0eccf6796e62d473082aa96ef2f, get {url=http://seleniumpractise.blogspot.com/2019/01/dropdown-demo-for-selenium.html}]&#10;Capabilities {acceptInsecureCerts: false, browserName: chrome, browserVersion: 112.0.5615.138, chrome: {chromedriverVersion: 112.0.5615.49 (bd2a7bcb881c..., userDataDir: C:\Users\Dennis\AppData\Loc...}, goog:chromeOptions: {debuggerAddress: localhost:60909}, networkConnectionEnabled: false, pageLoadStrategy: normal, platformName: WINDOWS, proxy: Proxy(), se:cdp: ws://localhost:60909/devtoo..., se:cdpVersion: 112.0.5615.138, setWindowRect: true, strictFileInteractability: false, timeouts: {implicit: 0, pageLoad: 300000, script: 30000}, unhandledPromptBehavior: dismiss and notify, webauthn:extension:credBlob: true, webauthn:extension:largeBlob: true, webauthn:extension:minPinLength: true, webauthn:extension:prf: true, webauthn:virtualAuthenticators: true}&#10;Session ID: 9a7be0eccf6796e62d473082aa96ef2f"/>
    <system-out><![CDATA[dropDownTestskipped
]]></system-out>
  </testcase>
  <testcase name="tearDown" classname="com.automation.code_25th_March_2023.Selenium_Practice" time="0">
    <skipped/>
  </testcase>
  <testcase name="tutorialsNinjaLoginTest" classname="com.automationcode_8th_April_2023.Parameterize_TN" time="3.957">
    <failure message="&#10;Parameter &apos;Browser&apos; is required by @Test on method tutorialsNinjaLoginTest but has not been marked @Optional or defined&#10;in C:\Users\Dennis\eclipse-workspace\ADVANCED_MAVEN_PROJECT\testng.xml" type="org.testng.TestNGException"><![CDATA[org.testng.TestNGException: 

Parameter 'Browser' is required by @Test on method tutorialsNinjaLoginTest but has not been marked @Optional or defined
in C:\Users\Dennis\eclipse-workspace\ADVANCED_MAVEN_PROJECT\testng.xml
	at org.testng.internal.Parameters.createParams(Parameters.java:290)
	at org.testng.internal.Parameters.createParametersForMethod(Parameters.java:359)
	at org.testng.internal.Parameters.createParameters(Parameters.java:620)
	at org.testng.internal.Parameters.handleParameters(Parameters.java:769)
	at org.testng.internal.ParameterHandler.handleParameters(ParameterHandler.java:49)
	at org.testng.internal.ParameterHandler.createParameters(ParameterHandler.java:37)
	at org.testng.internal.Invoker.invokeTestMethods(Invoker.java:924)
	at org.testng.internal.TestMethodWorker.invokeTestMethods(TestMethodWorker.java:125)
	at org.testng.internal.TestMethodWorker.run(TestMethodWorker.java:109)
	at org.testng.TestRunner.privateRun(TestRunner.java:648)
	at org.testng.TestRunner.run(TestRunner.java:505)
	at org.testng.SuiteRunner.runTest(SuiteRunner.java:455)
	at org.testng.SuiteRunner.runSequentially(SuiteRunner.java:450)
	at org.testng.SuiteRunner.privateRun(SuiteRunner.java:415)
	at org.testng.SuiteRunner.run(SuiteRunner.java:364)
	at org.testng.SuiteRunnerWorker.runSuite(SuiteRunnerWorker.java:52)
	at org.testng.SuiteRunnerWorker.run(SuiteRunnerWorker.java:84)
	at org.testng.TestNG.runSuitesSequentially(TestNG.java:1208)
	at org.testng.TestNG.runSuitesLocally(TestNG.java:1137)
	at org.testng.TestNG.runSuites(TestNG.java:1049)
	at org.testng.TestNG.run(TestNG.java:1017)
	at org.apache.maven.surefire.testng.TestNGExecutor.run(TestNGExecutor.java:324)
	at org.apache.maven.surefire.testng.TestNGXmlTestSuite.execute(TestNGXmlTestSuite.java:74)
	at org.apache.maven.surefire.testng.TestNGProvider.invoke(TestNGProvider.java:123)
	at org.apache.maven.surefire.booter.ForkedBooter.runSuitesInProcess(ForkedBooter.java:456)
	at org.apache.maven.surefire.booter.ForkedBooter.execute(ForkedBooter.java:169)
	at org.apache.maven.surefire.booter.ForkedBooter.run(ForkedBooter.java:595)
	at org.apache.maven.surefire.booter.ForkedBooter.main(ForkedBooter.java:581)
]]></failure>
    <system-out><![CDATA[tutorialsNinjaLoginTestfailed
]]></system-out>
    <system-err><![CDATA[[Utils] [ERROR] [Error] org.testng.TestNGException: 
Parameter &apos;Browser&apos; is required by @Test on method tutorialsNinjaLoginTest but has not been marked @Optional or defined
in C:\Users\Dennis\eclipse-workspace\ADVANCED_MAVEN_PROJECT\testng.xml
	at org.testng.internal.Parameters.createParams(Parameters.java:290)
	at org.testng.internal.Parameters.createParametersForMethod(Parameters.java:359)
	at org.testng.internal.Parameters.createParameters(Parameters.java:620)
	at org.testng.internal.Parameters.handleParameters(Parameters.java:769)
	at org.testng.internal.ParameterHandler.handleParameters(ParameterHandler.java:49)
	at org.testng.internal.ParameterHandler.createParameters(ParameterHandler.java:37)
	at org.testng.internal.Invoker.invokeTestMethods(Invoker.java:924)
	at org.testng.internal.TestMethodWorker.invokeTestMethods(TestMethodWorker.java:125)
	at org.testng.internal.TestMethodWorker.run(TestMethodWorker.java:109)
	at org.testng.TestRunner.privateRun(TestRunner.java:648)
	at org.testng.TestRunner.run(TestRunner.java:505)
	at org.testng.SuiteRunner.runTest(SuiteRunner.java:455)
	at org.testng.SuiteRunner.runSequentially(SuiteRunner.java:450)
	at org.testng.SuiteRunner.privateRun(SuiteRunner.java:415)
	at org.testng.SuiteRunner.run(SuiteRunner.java:364)
	at org.testng.SuiteRunnerWorker.runSuite(SuiteRunnerWorker.java:52)
	at org.testng.SuiteRunnerWorker.run(SuiteRunnerWorker.java:84)
	at org.testng.TestNG.runSuitesSequentially(TestNG.java:1208)
	at org.testng.TestNG.runSuitesLocally(TestNG.java:1137)
	at org.testng.TestNG.runSuites(TestNG.java:1049)
	at org.testng.TestNG.run(TestNG.java:1017)
	at org.apache.maven.surefire.testng.TestNGExecutor.run(TestNGExecutor.java:324)
	at org.apache.maven.surefire.testng.TestNGXmlTestSuite.execute(TestNGXmlTestSuite.java:74)
	at org.apache.maven.surefire.testng.TestNGProvider.invoke(TestNGProvider.java:123)
	at org.apache.maven.surefire.booter.ForkedBooter.runSuitesInProcess(ForkedBooter.java:456)
	at org.apache.maven.surefire.booter.ForkedBooter.execute(ForkedBooter.java:169)
	at org.apache.maven.surefire.booter.ForkedBooter.run(ForkedBooter.java:595)
	at org.apache.maven.surefire.booter.ForkedBooter.main(ForkedBooter.java:581)

]]></system-err>
  </testcase>
  <testcase name="test" classname="com.automationcode_15th_April_2023.Applying_Interface_Logic" time="12.66">
    <system-out><![CDATA[teststarting test
[DEBUG] Entry count for : http://localhost:17133 : 1
[DEBUG] Entry count for : http://localhost:8621 : 1
[DEBUG] Entry count for : http://localhost:37820 : 1
[DEBUG] Entry count for : http://localhost:40364 : 1
[DEBUG] Entry count for : http://localhost:5924 : 1
[DEBUG] Entry count for : http://localhost:60909 : 1
[DEBUG] Entry count for : http://localhost:39429 : 1
[DEBUG] Entry count for : http://localhost:28012 : 1
[DEBUG] Using new Channel '[id: 0xa4317bf2, L:/127.0.0.1:60919 - R:localhost/127.0.0.1:29851]' for 'POST' to '/session'
[DEBUG] Entry count for : http://localhost:17133 : 1
[DEBUG] Entry count for : http://localhost:8621 : 1
[DEBUG] Entry count for : http://localhost:37820 : 1
[DEBUG] Entry count for : http://localhost:40364 : 1
[DEBUG] Entry count for : http://localhost:5924 : 1
[DEBUG] Entry count for : http://localhost:60909 : 1
[DEBUG] Entry count for : http://localhost:39429 : 1
[DEBUG] Entry count for : http://localhost:28012 : 1
[DEBUG] 

Request DefaultHttpRequest(decodeResult: success, version: HTTP/1.1)
POST /session HTTP/1.1
User-Agent: selenium/4.8.3 (java windows)
Content-Length: 439
Content-Type: application/json; charset=utf-8
host: localhost:29851
accept: */*

Response DefaultHttpResponse(decodeResult: success, version: HTTP/1.1)
HTTP/1.1 200 OK
Content-Length: 860
Content-Type: application/json; charset=utf-8
cache-control: no-cache

[DEBUG] Adding key: http://localhost:29851 for channel [id: 0xa4317bf2, L:/127.0.0.1:60919 - R:localhost/127.0.0.1:29851]
[DEBUG] Using new Channel '[id: 0xeeebaba5, L:/127.0.0.1:60926 - R:localhost/127.0.0.1:60920]' for 'GET' to '/json/version'
[DEBUG] 

Request DefaultFullHttpRequest(decodeResult: success, version: HTTP/1.1, content: EmptyByteBufBE)
GET /json/version HTTP/1.1
User-Agent: selenium/4.8.3 (java windows)
host: localhost:60920
accept: */*

Response DefaultHttpResponse(decodeResult: success, version: HTTP/1.1)
HTTP/1.1 200 OK
Content-Security-Policy: frame-ancestors 'none'
Content-Length: 424
Content-Type: application/json; charset=UTF-8

[DEBUG] Adding key: http://localhost:60920 for channel [id: 0xeeebaba5, L:/127.0.0.1:60926 - R:localhost/127.0.0.1:60920]
[DEBUG] Using new Channel '[id: 0xffadc8ab, L:/127.0.0.1:60927 - R:localhost/127.0.0.1:60920]' for 'GET' to '/devtools/browser/7a73c303-afe3-4531-878a-7b43acb53d03'
[DEBUG] 

Request DefaultFullHttpRequest(decodeResult: success, version: HTTP/1.1, content: EmptyByteBufBE)
GET /devtools/browser/7a73c303-afe3-4531-878a-7b43acb53d03 HTTP/1.1
upgrade: websocket
connection: upgrade
sec-websocket-key: BMfDOY8QxEnTi1Hopx8eHQ==
sec-websocket-version: 13
origin: http://localhost:60920
host: localhost:60920
accept: */*
user-agent: AHC/2.1

Response DefaultHttpResponse(decodeResult: success, version: HTTP/1.1)
HTTP/1.1 101 WebSocket Protocol Handshake
Upgrade: WebSocket
Connection: Upgrade
Sec-WebSocket-Accept: za7+kjqs8KEi38qt2RCC74EKmPA=

[DEBUG] Using pooled Channel '[id: 0xa4317bf2, L:/127.0.0.1:60919 - R:localhost/127.0.0.1:29851]' for 'POST' to 'http://localhost:29851/session/573893ae8a322f82e85ac948d3c92c0b/window/maximize'
[DEBUG] Using open Channel [id: 0xa4317bf2, L:/127.0.0.1:60919 - R:localhost/127.0.0.1:29851] for POST '/session/573893ae8a322f82e85ac948d3c92c0b/window/maximize'
[DEBUG] Entry count for : http://localhost:17133 : 1
[DEBUG] Entry count for : http://localhost:8621 : 1
[DEBUG] Entry count for : http://localhost:37820 : 1
[DEBUG] Entry count for : http://localhost:40364 : 1
[DEBUG] Entry count for : http://localhost:5924 : 1
[DEBUG] Entry count for : http://localhost:60909 : 1
[DEBUG] Entry count for : http://localhost:39429 : 1
[DEBUG] Entry count for : http://localhost:28012 : 1
[DEBUG] Entry count for : http://localhost:60920 : 1
[DEBUG] 

Request DefaultHttpRequest(decodeResult: success, version: HTTP/1.1)
POST /session/573893ae8a322f82e85ac948d3c92c0b/window/maximize HTTP/1.1
User-Agent: selenium/4.8.3 (java windows)
Content-Length: 3
Content-Type: application/json; charset=utf-8
host: localhost:29851
accept: */*

Response DefaultHttpResponse(decodeResult: success, version: HTTP/1.1)
HTTP/1.1 200 OK
Content-Length: 51
Content-Type: application/json; charset=utf-8
cache-control: no-cache

[DEBUG] Adding key: http://localhost:29851 for channel [id: 0xa4317bf2, L:/127.0.0.1:60919 - R:localhost/127.0.0.1:29851]
[DEBUG] Using pooled Channel '[id: 0xa4317bf2, L:/127.0.0.1:60919 - R:localhost/127.0.0.1:29851]' for 'POST' to 'http://localhost:29851/session/573893ae8a322f82e85ac948d3c92c0b/url'
[DEBUG] Using open Channel [id: 0xa4317bf2, L:/127.0.0.1:60919 - R:localhost/127.0.0.1:29851] for POST '/session/573893ae8a322f82e85ac948d3c92c0b/url'
[DEBUG] Entry count for : http://localhost:17133 : 1
[DEBUG] Entry count for : http://localhost:8621 : 1
[DEBUG] Entry count for : http://localhost:37820 : 1
[DEBUG] Entry count for : http://localhost:40364 : 1
[DEBUG] Entry count for : http://localhost:5924 : 1
[DEBUG] Entry count for : http://localhost:60909 : 1
[DEBUG] Entry count for : http://localhost:39429 : 1
[DEBUG] Entry count for : http://localhost:28012 : 1
[DEBUG] Entry count for : http://localhost:60920 : 1
[DEBUG] Entry count for : http://localhost:17133 : 1
[DEBUG] Entry count for : http://localhost:8621 : 1
[DEBUG] Entry count for : http://localhost:37820 : 1
[DEBUG] Entry count for : http://localhost:40364 : 1
[DEBUG] Entry count for : http://localhost:5924 : 1
[DEBUG] Entry count for : http://localhost:60909 : 1
[DEBUG] Entry count for : http://localhost:39429 : 1
[DEBUG] Entry count for : http://localhost:28012 : 1
[DEBUG] Entry count for : http://localhost:60920 : 1
[DEBUG] Adding Candidate expired Channel [id: 0x5e50c2a9, L:/127.0.0.1:60759 - R:localhost/127.0.0.1:39429] isIdleTimeoutExpired=true isRemotelyClosed=false isTtlExpired=false
[DEBUG] Closing Idle Channel [id: 0x5e50c2a9, L:/127.0.0.1:60759 - R:localhost/127.0.0.1:39429]
[DEBUG] Closed 1 connections out of 9 in 1 ms
[DEBUG] Channel Closed: [id: 0x5e50c2a9, L:/127.0.0.1:60759 ! R:localhost/127.0.0.1:39429] with attribute DISCARD
[DEBUG] Entry count for : http://localhost:17133 : 1
[DEBUG] Entry count for : http://localhost:8621 : 1
[DEBUG] Entry count for : http://localhost:37820 : 1
[DEBUG] Entry count for : http://localhost:40364 : 1
[DEBUG] Entry count for : http://localhost:5924 : 1
[DEBUG] Entry count for : http://localhost:60909 : 1
[DEBUG] Entry count for : http://localhost:28012 : 1
[DEBUG] Entry count for : http://localhost:60920 : 1
[DEBUG] Entry count for : http://localhost:17133 : 1
[DEBUG] Entry count for : http://localhost:8621 : 1
[DEBUG] Entry count for : http://localhost:37820 : 1
[DEBUG] Entry count for : http://localhost:40364 : 1
[DEBUG] Entry count for : http://localhost:5924 : 1
[DEBUG] Entry count for : http://localhost:60909 : 1
[DEBUG] Entry count for : http://localhost:28012 : 1
[DEBUG] Entry count for : http://localhost:60920 : 1
[DEBUG] Entry count for : http://localhost:17133 : 1
[DEBUG] Entry count for : http://localhost:8621 : 1
[DEBUG] Entry count for : http://localhost:37820 : 1
[DEBUG] Entry count for : http://localhost:40364 : 1
[DEBUG] Entry count for : http://localhost:5924 : 1
[DEBUG] Entry count for : http://localhost:60909 : 1
[DEBUG] Entry count for : http://localhost:28012 : 1
[DEBUG] Entry count for : http://localhost:60920 : 1
[DEBUG] Entry count for : http://localhost:17133 : 1
[DEBUG] Entry count for : http://localhost:8621 : 1
[DEBUG] Entry count for : http://localhost:37820 : 1
[DEBUG] Entry count for : http://localhost:40364 : 1
[DEBUG] Entry count for : http://localhost:5924 : 1
[DEBUG] Entry count for : http://localhost:60909 : 1
[DEBUG] Entry count for : http://localhost:28012 : 1
[DEBUG] Entry count for : http://localhost:60920 : 1
[DEBUG] Entry count for : http://localhost:17133 : 1
[DEBUG] Entry count for : http://localhost:8621 : 1
[DEBUG] Entry count for : http://localhost:37820 : 1
[DEBUG] Entry count for : http://localhost:40364 : 1
[DEBUG] Entry count for : http://localhost:5924 : 1
[DEBUG] Entry count for : http://localhost:60909 : 1
[DEBUG] Entry count for : http://localhost:28012 : 1
[DEBUG] Entry count for : http://localhost:60920 : 1
[DEBUG] Entry count for : http://localhost:17133 : 1
[DEBUG] Entry count for : http://localhost:8621 : 1
[DEBUG] Entry count for : http://localhost:37820 : 1
[DEBUG] Entry count for : http://localhost:40364 : 1
[DEBUG] Entry count for : http://localhost:5924 : 1
[DEBUG] Entry count for : http://localhost:60909 : 1
[DEBUG] Entry count for : http://localhost:28012 : 1
[DEBUG] Entry count for : http://localhost:60920 : 1
[DEBUG] Channel Closed: [id: 0xffadc8ab, L:/127.0.0.1:60927 ! R:localhost/127.0.0.1:60920] with attribute NettyResponseFuture{currentRetry=0,
	isDone=1,
	isCancelled=0,
	asyncHandler=org.asynchttpclient.ws.WebSocketUpgradeHandler@3cfe3bde,
	nettyRequest=org.asynchttpclient.netty.request.NettyRequest@754530d0,
	future=java.util.concurrent.CompletableFuture@45e49eb6[Completed normally],
	uri=ws://localhost:60920/devtools/browser/7a73c303-afe3-4531-878a-7b43acb53d03,
	keepAlive=true,
	redirectCount=0,
	timeoutsHolder=null,
	inAuth=0,
	touch=1682428627647}
[DEBUG] Closing Channel [id: 0xffadc8ab, L:/127.0.0.1:60927 ! R:localhost/127.0.0.1:60920] 
[DEBUG] Channel Closed: [id: 0xeeebaba5, L:/127.0.0.1:60926 ! R:localhost/127.0.0.1:60920] with attribute DISCARD
[DEBUG] Entry count for : http://localhost:17133 : 1
[DEBUG] Entry count for : http://localhost:8621 : 1
[DEBUG] Entry count for : http://localhost:37820 : 1
[DEBUG] Entry count for : http://localhost:40364 : 1
[DEBUG] Entry count for : http://localhost:5924 : 1
[DEBUG] 

Request DefaultHttpRequest(decodeResult: success, version: HTTP/1.1)
POST /session/573893ae8a322f82e85ac948d3c92c0b/url HTTP/1.1
User-Agent: selenium/4.8.3 (java windows)
Content-Length: 60
Content-Type: application/json; charset=utf-8
host: localhost:29851
accept: */*

Response DefaultHttpResponse(decodeResult: success, version: HTTP/1.1)
HTTP/1.1 200 OK
Content-Length: 14
Content-Type: application/json; charset=utf-8
cache-control: no-cache

[DEBUG] Entry count for : http://localhost:60909 : 1
[DEBUG] Entry count for : http://localhost:28012 : 1
[DEBUG] Entry count for : http://localhost:60920 : 1
[DEBUG] Adding Candidate expired Channel [id: 0xc76fe739, L:/127.0.0.1:60779 - R:localhost/127.0.0.1:40364] isIdleTimeoutExpired=true isRemotelyClosed=false isTtlExpired=false
[DEBUG] Closing Idle Channel [id: 0xc76fe739, L:/127.0.0.1:60779 - R:localhost/127.0.0.1:40364]
[DEBUG] Adding key: http://localhost:29851 for channel [id: 0xa4317bf2, L:/127.0.0.1:60919 - R:localhost/127.0.0.1:29851]
[DEBUG] Adding Candidate expired Channel [id: 0xeeebaba5, L:/127.0.0.1:60926 ! R:localhost/127.0.0.1:60920] isIdleTimeoutExpired=false isRemotelyClosed=true isTtlExpired=false
[DEBUG] Closing Idle Channel [id: 0xeeebaba5, L:/127.0.0.1:60926 ! R:localhost/127.0.0.1:60920]
[DEBUG] Closed 2 connections out of 9 in 0 ms
[DEBUG] Channel Closed: [id: 0xc76fe739, L:/127.0.0.1:60779 ! R:localhost/127.0.0.1:40364] with attribute DISCARD
testpassed
]]></system-out>
    <system-err><![CDATA[Starting ChromeDriver 112.0.5615.49 (bd2a7bcb881c11e8cfe3078709382934e3916914-refs/branch-heads/5615@{#936}) on port 29851
Only local connections are allowed.
Please see https://chromedriver.chromium.org/security-considerations for suggestions on keeping ChromeDriver safe.
ChromeDriver was started successfully.
Apr 25, 2023 9:17:07 AM org.openqa.selenium.devtools.CdpVersionFinder findNearestMatch
WARNING: Unable to find an exact match for CDP version 112, so returning the closest version found: 111
]]></system-err>
  </testcase>
  <testcase name="clickOnSignInLink" classname="com.automation.code_25th_March_2023.CssSelector_Rediff" time="3.026">
    <system-out><![CDATA[[DEBUG] Entry count for : http://localhost:17133 : 1
[DEBUG] Entry count for : http://localhost:8621 : 1
[DEBUG] Entry count for : http://localhost:37820 : 1
[DEBUG] Entry count for : http://localhost:5924 : 1
[DEBUG] Entry count for : http://localhost:60909 : 1
[DEBUG] Entry count for : http://localhost:29851 : 1
[DEBUG] Entry count for : http://localhost:28012 : 1
[DEBUG] Channel Closed: [id: 0xc3b43e98, L:/127.0.0.1:60916 ! R:localhost/127.0.0.1:60909] with attribute NettyResponseFuture{currentRetry=0,
	isDone=1,
	isCancelled=0,
	asyncHandler=org.asynchttpclient.ws.WebSocketUpgradeHandler@7cabd45e,
	nettyRequest=org.asynchttpclient.netty.request.NettyRequest@5eba62a3,
	future=java.util.concurrent.CompletableFuture@57b5c546[Completed normally],
	uri=ws://localhost:60909/devtools/browser/bfdc8e41-4cdf-45b4-9d9a-6045cb03cd4b,
	keepAlive=true,
	redirectCount=0,
	timeoutsHolder=null,
	inAuth=0,
	touch=1682428624910}
[DEBUG] Closing Channel [id: 0xc3b43e98, L:/127.0.0.1:60916 ! R:localhost/127.0.0.1:60909] 
[DEBUG] Channel Closed: [id: 0x05093331, L:/127.0.0.1:60915 ! R:localhost/127.0.0.1:60909] with attribute DISCARD
[DEBUG] Using new Channel '[id: 0x37cfdcc1, L:/127.0.0.1:60958 - R:localhost/127.0.0.1:16577]' for 'POST' to '/session'
[DEBUG] Entry count for : http://localhost:17133 : 1
[DEBUG] Entry count for : http://localhost:8621 : 1
[DEBUG] Entry count for : http://localhost:37820 : 1
[DEBUG] Entry count for : http://localhost:5924 : 1
[DEBUG] Entry count for : http://localhost:60909 : 1
[DEBUG] Entry count for : http://localhost:29851 : 1
[DEBUG] Entry count for : http://localhost:28012 : 1
[DEBUG] Adding Candidate expired Channel [id: 0x05093331, L:/127.0.0.1:60915 ! R:localhost/127.0.0.1:60909] isIdleTimeoutExpired=false isRemotelyClosed=true isTtlExpired=false
[DEBUG] Closing Idle Channel [id: 0x05093331, L:/127.0.0.1:60915 ! R:localhost/127.0.0.1:60909]
[DEBUG] Closed 1 connections out of 7 in 0 ms
[DEBUG] Entry count for : http://localhost:17133 : 1
[DEBUG] Entry count for : http://localhost:8621 : 1
[DEBUG] Entry count for : http://localhost:37820 : 1
[DEBUG] Entry count for : http://localhost:5924 : 1
[DEBUG] Entry count for : http://localhost:29851 : 1
[DEBUG] Entry count for : http://localhost:28012 : 1
[DEBUG] 

Request DefaultHttpRequest(decodeResult: success, version: HTTP/1.1)
POST /session HTTP/1.1
User-Agent: selenium/4.8.3 (java windows)
Content-Length: 571
Content-Type: application/json; charset=utf-8
host: localhost:16577
accept: */*

Response DefaultHttpResponse(decodeResult: success, version: HTTP/1.1)
HTTP/1.1 200 OK
Content-Length: 858
Content-Type: application/json; charset=utf-8
cache-control: no-cache

[DEBUG] Adding key: http://localhost:16577 for channel [id: 0x37cfdcc1, L:/127.0.0.1:60958 - R:localhost/127.0.0.1:16577]
[DEBUG] Using new Channel '[id: 0x9a4e28f6, L:/127.0.0.1:60970 - R:localhost/127.0.0.1:60962]' for 'GET' to '/json/version'
[DEBUG] 

Request DefaultFullHttpRequest(decodeResult: success, version: HTTP/1.1, content: EmptyByteBufBE)
GET /json/version HTTP/1.1
User-Agent: selenium/4.8.3 (java windows)
host: localhost:60962
accept: */*

Response DefaultHttpResponse(decodeResult: success, version: HTTP/1.1)
HTTP/1.1 200 OK
Content-Security-Policy: frame-ancestors 'none'
Content-Length: 424
Content-Type: application/json; charset=UTF-8

[DEBUG] Adding key: http://localhost:60962 for channel [id: 0x9a4e28f6, L:/127.0.0.1:60970 - R:localhost/127.0.0.1:60962]
[DEBUG] Using new Channel '[id: 0x2a3e86ad, L:/127.0.0.1:60971 - R:localhost/127.0.0.1:60962]' for 'GET' to '/devtools/browser/1824c449-64a2-45d1-9f92-b588955502d2'
[DEBUG] 

Request DefaultFullHttpRequest(decodeResult: success, version: HTTP/1.1, content: EmptyByteBufBE)
GET /devtools/browser/1824c449-64a2-45d1-9f92-b588955502d2 HTTP/1.1
upgrade: websocket
connection: upgrade
sec-websocket-key: inNE2swmbgjGipFtbzqHrQ==
sec-websocket-version: 13
origin: http://localhost:60962
host: localhost:60962
accept: */*
user-agent: AHC/2.1

Response DefaultHttpResponse(decodeResult: success, version: HTTP/1.1)
HTTP/1.1 101 WebSocket Protocol Handshake
Upgrade: WebSocket
Connection: Upgrade
Sec-WebSocket-Accept: IrrxYRpGjp2sH9MBRrfQEOzqopE=

[DEBUG] Using pooled Channel '[id: 0x37cfdcc1, L:/127.0.0.1:60958 - R:localhost/127.0.0.1:16577]' for 'POST' to 'http://localhost:16577/session/a670e1945fd5375a111721cd084a2d64/url'
[DEBUG] Using open Channel [id: 0x37cfdcc1, L:/127.0.0.1:60958 - R:localhost/127.0.0.1:16577] for POST '/session/a670e1945fd5375a111721cd084a2d64/url'
[DEBUG] Entry count for : http://localhost:17133 : 1
[DEBUG] Entry count for : http://localhost:8621 : 1
[DEBUG] Entry count for : http://localhost:37820 : 1
[DEBUG] Entry count for : http://localhost:5924 : 1
[DEBUG] Entry count for : http://localhost:29851 : 1
[DEBUG] Entry count for : http://localhost:28012 : 1
[DEBUG] Entry count for : http://localhost:60962 : 1
[DEBUG] Entry count for : http://localhost:17133 : 1
[DEBUG] Entry count for : http://localhost:8621 : 1
[DEBUG] Entry count for : http://localhost:37820 : 1
[DEBUG] Entry count for : http://localhost:5924 : 1
[DEBUG] Entry count for : http://localhost:29851 : 1
[DEBUG] Entry count for : http://localhost:28012 : 1
[DEBUG] Entry count for : http://localhost:60962 : 1
[DEBUG] 

Request DefaultHttpRequest(decodeResult: success, version: HTTP/1.1)
POST /session/a670e1945fd5375a111721cd084a2d64/url HTTP/1.1
User-Agent: selenium/4.8.3 (java windows)
Content-Length: 43
Content-Type: application/json; charset=utf-8
host: localhost:16577
accept: */*

Response DefaultHttpResponse(decodeResult: success, version: HTTP/1.1)
HTTP/1.1 200 OK
Content-Length: 14
Content-Type: application/json; charset=utf-8
cache-control: no-cache

[DEBUG] Adding key: http://localhost:16577 for channel [id: 0x37cfdcc1, L:/127.0.0.1:60958 - R:localhost/127.0.0.1:16577]
clickOnSignInLinkstarting test
[DEBUG] Using pooled Channel '[id: 0x37cfdcc1, L:/127.0.0.1:60958 - R:localhost/127.0.0.1:16577]' for 'POST' to 'http://localhost:16577/session/a670e1945fd5375a111721cd084a2d64/element'
[DEBUG] Using open Channel [id: 0x37cfdcc1, L:/127.0.0.1:60958 - R:localhost/127.0.0.1:16577] for POST '/session/a670e1945fd5375a111721cd084a2d64/element'
[DEBUG] Entry count for : http://localhost:17133 : 1
[DEBUG] Entry count for : http://localhost:8621 : 1
[DEBUG] Entry count for : http://localhost:37820 : 1
[DEBUG] Entry count for : http://localhost:5924 : 1
[DEBUG] Entry count for : http://localhost:29851 : 1
[DEBUG] Entry count for : http://localhost:28012 : 1
[DEBUG] Entry count for : http://localhost:60962 : 1
[DEBUG] 

Request DefaultHttpRequest(decodeResult: success, version: HTTP/1.1)
POST /session/a670e1945fd5375a111721cd084a2d64/element HTTP/1.1
User-Agent: selenium/4.8.3 (java windows)
Content-Length: 52
Content-Type: application/json; charset=utf-8
host: localhost:16577
accept: */*

Response DefaultHttpResponse(decodeResult: success, version: HTTP/1.1)
HTTP/1.1 200 OK
Content-Length: 88
Content-Type: application/json; charset=utf-8
cache-control: no-cache

[DEBUG] Adding key: http://localhost:16577 for channel [id: 0x37cfdcc1, L:/127.0.0.1:60958 - R:localhost/127.0.0.1:16577]
[DEBUG] Using pooled Channel '[id: 0x37cfdcc1, L:/127.0.0.1:60958 - R:localhost/127.0.0.1:16577]' for 'POST' to 'http://localhost:16577/session/a670e1945fd5375a111721cd084a2d64/element/cc388be1-0fa0-4557-ae7e-3f8392391fa7/click'
[DEBUG] Using open Channel [id: 0x37cfdcc1, L:/127.0.0.1:60958 - R:localhost/127.0.0.1:16577] for POST '/session/a670e1945fd5375a111721cd084a2d64/element/cc388be1-0fa0-4557-ae7e-3f8392391fa7/click'
[DEBUG] Entry count for : http://localhost:17133 : 1
[DEBUG] Entry count for : http://localhost:8621 : 1
[DEBUG] Entry count for : http://localhost:37820 : 1
[DEBUG] Entry count for : http://localhost:5924 : 1
[DEBUG] Entry count for : http://localhost:29851 : 1
[DEBUG] Entry count for : http://localhost:28012 : 1
[DEBUG] Entry count for : http://localhost:60962 : 1
[DEBUG] Entry count for : http://localhost:17133 : 1
[DEBUG] Entry count for : http://localhost:8621 : 1
[DEBUG] Entry count for : http://localhost:37820 : 1
[DEBUG] Entry count for : http://localhost:5924 : 1
[DEBUG] Entry count for : http://localhost:29851 : 1
[DEBUG] Entry count for : http://localhost:28012 : 1
[DEBUG] Entry count for : http://localhost:60962 : 1
[DEBUG] 

Request DefaultHttpRequest(decodeResult: success, version: HTTP/1.1)
POST /session/a670e1945fd5375a111721cd084a2d64/element/cc388be1-0fa0-4557-ae7e-3f8392391fa7/click HTTP/1.1
User-Agent: selenium/4.8.3 (java windows)
Content-Length: 50
Content-Type: application/json; charset=utf-8
host: localhost:16577
accept: */*

Response DefaultHttpResponse(decodeResult: success, version: HTTP/1.1)
HTTP/1.1 200 OK
Content-Length: 14
Content-Type: application/json; charset=utf-8
cache-control: no-cache

[DEBUG] Adding key: http://localhost:16577 for channel [id: 0x37cfdcc1, L:/127.0.0.1:60958 - R:localhost/127.0.0.1:16577]
clickOnSignInLinkpassed
]]></system-out>
    <system-err><![CDATA[Starting ChromeDriver 112.0.5615.49 (bd2a7bcb881c11e8cfe3078709382934e3916914-refs/branch-heads/5615@{#936}) on port 16577
Only local connections are allowed.
Please see https://chromedriver.chromium.org/security-considerations for suggestions on keeping ChromeDriver safe.
ChromeDriver was started successfully.
Apr 25, 2023 9:17:22 AM org.openqa.selenium.devtools.CdpVersionFinder findNearestMatch
WARNING: Unable to find an exact match for CDP version 112, so returning the closest version found: 111
]]></system-err>
  </testcase>
  <testcase name="logOut" classname="com.automation.code_25th_March_2023.CssSelector_Rediff" time="13.17">
    <system-out><![CDATA[[DEBUG] Channel Closed: [id: 0x2a3e86ad, L:/127.0.0.1:60971 ! R:localhost/127.0.0.1:60962] with attribute NettyResponseFuture{currentRetry=0,
	isDone=1,
	isCancelled=0,
	asyncHandler=org.asynchttpclient.ws.WebSocketUpgradeHandler@2d8808b7,
	nettyRequest=org.asynchttpclient.netty.request.NettyRequest@33069e22,
	future=java.util.concurrent.CompletableFuture@3ecf20e6[Completed normally],
	uri=ws://localhost:60962/devtools/browser/1824c449-64a2-45d1-9f92-b588955502d2,
	keepAlive=true,
	redirectCount=0,
	timeoutsHolder=null,
	inAuth=0,
	touch=1682428642090}
[DEBUG] Closing Channel [id: 0x2a3e86ad, L:/127.0.0.1:60971 ! R:localhost/127.0.0.1:60962] 
[DEBUG] Using pooled Channel '[id: 0x37cfdcc1, L:/127.0.0.1:60958 - R:localhost/127.0.0.1:16577]' for 'DELETE' to 'http://localhost:16577/session/a670e1945fd5375a111721cd084a2d64'
[DEBUG] Using open Channel [id: 0x37cfdcc1, L:/127.0.0.1:60958 - R:localhost/127.0.0.1:16577] for DELETE '/session/a670e1945fd5375a111721cd084a2d64'
[DEBUG] Unexpected I/O exception on channel [id: 0x9a4e28f6, L:/127.0.0.1:60970 - R:localhost/127.0.0.1:60962]
java.io.IOException: An existing connection was forcibly closed by the remote host
	at sun.nio.ch.SocketDispatcher.read0(Native Method) ~[na:1.8.0_351]
	at sun.nio.ch.SocketDispatcher.read(SocketDispatcher.java:43) ~[na:1.8.0_351]
	at sun.nio.ch.IOUtil.readIntoNativeBuffer(IOUtil.java:223) ~[na:1.8.0_351]
	at sun.nio.ch.IOUtil.read(IOUtil.java:192) ~[na:1.8.0_351]
	at sun.nio.ch.SocketChannelImpl.read(SocketChannelImpl.java:378) ~[na:1.8.0_351]
	at io.netty.buffer.PooledByteBuf.setBytes(PooledByteBuf.java:256) ~[netty-buffer-4.1.90.Final.jar:4.1.90.Final]
	at io.netty.buffer.AbstractByteBuf.writeBytes(AbstractByteBuf.java:1132) ~[netty-buffer-4.1.90.Final.jar:4.1.90.Final]
	at io.netty.channel.socket.nio.NioSocketChannel.doReadBytes(NioSocketChannel.java:357) ~[netty-transport-4.1.90.Final.jar:4.1.90.Final]
	at io.netty.channel.nio.AbstractNioByteChannel$NioByteUnsafe.read(AbstractNioByteChannel.java:151) ~[netty-transport-4.1.90.Final.jar:4.1.90.Final]
	at io.netty.channel.nio.NioEventLoop.processSelectedKey(NioEventLoop.java:788) [netty-transport-4.1.90.Final.jar:4.1.90.Final]
	at io.netty.channel.nio.NioEventLoop.processSelectedKeysOptimized(NioEventLoop.java:724) [netty-transport-4.1.90.Final.jar:4.1.90.Final]
	at io.netty.channel.nio.NioEventLoop.processSelectedKeys(NioEventLoop.java:650) [netty-transport-4.1.90.Final.jar:4.1.90.Final]
	at io.netty.channel.nio.NioEventLoop.run(NioEventLoop.java:562) [netty-transport-4.1.90.Final.jar:4.1.90.Final]
	at io.netty.util.concurrent.SingleThreadEventExecutor$4.run(SingleThreadEventExecutor.java:997) [netty-common-4.1.90.Final.jar:4.1.90.Final]
	at io.netty.util.internal.ThreadExecutorMap$2.run(ThreadExecutorMap.java:74) [netty-common-4.1.90.Final.jar:4.1.90.Final]
	at io.netty.util.concurrent.FastThreadLocalRunnable.run(FastThreadLocalRunnable.java:30) [netty-common-4.1.90.Final.jar:4.1.90.Final]
	at java.lang.Thread.run(Thread.java:750) [na:1.8.0_351]
[DEBUG] Closing Channel [id: 0x9a4e28f6, L:/127.0.0.1:60970 - R:localhost/127.0.0.1:60962] 
[DEBUG] Channel Closed: [id: 0x9a4e28f6, L:/127.0.0.1:60970 ! R:localhost/127.0.0.1:60962] with attribute DISCARD
[DEBUG] Entry count for : http://localhost:17133 : 1
[DEBUG] Entry count for : http://localhost:8621 : 1
[DEBUG] Entry count for : http://localhost:37820 : 1
[DEBUG] Entry count for : http://localhost:5924 : 1
[DEBUG] Entry count for : http://localhost:29851 : 1
[DEBUG] Entry count for : http://localhost:28012 : 1
[DEBUG] Entry count for : http://localhost:60962 : 1
[DEBUG] Adding Candidate expired Channel [id: 0x9a4e28f6, L:/127.0.0.1:60970 ! R:localhost/127.0.0.1:60962] isIdleTimeoutExpired=false isRemotelyClosed=true isTtlExpired=false
[DEBUG] Closing Idle Channel [id: 0x9a4e28f6, L:/127.0.0.1:60970 ! R:localhost/127.0.0.1:60962]
[DEBUG] Closed 1 connections out of 7 in 0 ms
[DEBUG] 

Request DefaultFullHttpRequest(decodeResult: success, version: HTTP/1.1, content: EmptyByteBufBE)
DELETE /session/a670e1945fd5375a111721cd084a2d64 HTTP/1.1
User-Agent: selenium/4.8.3 (java windows)
Content-Type: application/json; charset=utf-8
host: localhost:16577
accept: */*

Response DefaultHttpResponse(decodeResult: success, version: HTTP/1.1)
HTTP/1.1 200 OK
Content-Length: 14
Content-Type: application/json; charset=utf-8
cache-control: no-cache

[DEBUG] Adding key: http://localhost:16577 for channel [id: 0x37cfdcc1, L:/127.0.0.1:60958 - R:localhost/127.0.0.1:16577]
[DEBUG] Channel Closed: [id: 0x37cfdcc1, L:/127.0.0.1:60958 ! R:localhost/127.0.0.1:16577] with attribute DISCARD
[DEBUG] Entry count for : http://localhost:17133 : 1
[DEBUG] Entry count for : http://localhost:8621 : 1
[DEBUG] Entry count for : http://localhost:37820 : 1
[DEBUG] Entry count for : http://localhost:5924 : 1
[DEBUG] Entry count for : http://localhost:29851 : 1
[DEBUG] Entry count for : http://localhost:28012 : 1
[DEBUG] Entry count for : http://localhost:16577 : 1
[DEBUG] Adding Candidate expired Channel [id: 0x37cfdcc1, L:/127.0.0.1:60958 ! R:localhost/127.0.0.1:16577] isIdleTimeoutExpired=false isRemotelyClosed=true isTtlExpired=false
[DEBUG] Closing Idle Channel [id: 0x37cfdcc1, L:/127.0.0.1:60958 ! R:localhost/127.0.0.1:16577]
[DEBUG] Closed 1 connections out of 7 in 0 ms
[DEBUG] Using new Channel '[id: 0xffa40b29, L:/127.0.0.1:61066 - R:localhost/127.0.0.1:23135]' for 'POST' to '/session'
[DEBUG] Entry count for : http://localhost:17133 : 1
[DEBUG] Entry count for : http://localhost:8621 : 1
[DEBUG] Entry count for : http://localhost:37820 : 1
[DEBUG] Entry count for : http://localhost:5924 : 1
[DEBUG] Entry count for : http://localhost:29851 : 1
[DEBUG] Entry count for : http://localhost:28012 : 1
[DEBUG] Entry count for : http://localhost:17133 : 1
[DEBUG] Entry count for : http://localhost:8621 : 1
[DEBUG] Entry count for : http://localhost:37820 : 1
[DEBUG] Entry count for : http://localhost:5924 : 1
[DEBUG] Entry count for : http://localhost:29851 : 1
[DEBUG] Entry count for : http://localhost:28012 : 1
[DEBUG] Entry count for : http://localhost:17133 : 1
[DEBUG] Entry count for : http://localhost:8621 : 1
[DEBUG] Entry count for : http://localhost:37820 : 1
[DEBUG] Entry count for : http://localhost:5924 : 1
[DEBUG] Entry count for : http://localhost:29851 : 1
[DEBUG] Entry count for : http://localhost:28012 : 1
[DEBUG] 

Request DefaultHttpRequest(decodeResult: success, version: HTTP/1.1)
POST /session HTTP/1.1
User-Agent: selenium/4.8.3 (java windows)
Content-Length: 571
Content-Type: application/json; charset=utf-8
host: localhost:23135
accept: */*

Response DefaultHttpResponse(decodeResult: success, version: HTTP/1.1)
HTTP/1.1 200 OK
Content-Length: 859
Content-Type: application/json; charset=utf-8
cache-control: no-cache

[DEBUG] Adding key: http://localhost:23135 for channel [id: 0xffa40b29, L:/127.0.0.1:61066 - R:localhost/127.0.0.1:23135]
[DEBUG] Using new Channel '[id: 0xe1844b8d, L:/127.0.0.1:61075 - R:localhost/127.0.0.1:61068]' for 'GET' to '/json/version'
[DEBUG] 

Request DefaultFullHttpRequest(decodeResult: success, version: HTTP/1.1, content: EmptyByteBufBE)
GET /json/version HTTP/1.1
User-Agent: selenium/4.8.3 (java windows)
host: localhost:61068
accept: */*

Response DefaultHttpResponse(decodeResult: success, version: HTTP/1.1)
HTTP/1.1 200 OK
Content-Security-Policy: frame-ancestors 'none'
Content-Length: 424
Content-Type: application/json; charset=UTF-8

[DEBUG] Adding key: http://localhost:61068 for channel [id: 0xe1844b8d, L:/127.0.0.1:61075 - R:localhost/127.0.0.1:61068]
[DEBUG] Using new Channel '[id: 0x4a1ddc23, L:/127.0.0.1:61076 - R:localhost/127.0.0.1:61068]' for 'GET' to '/devtools/browser/fa02161e-9e8d-4aa6-b84d-8f3f5cab370e'
[DEBUG] 

Request DefaultFullHttpRequest(decodeResult: success, version: HTTP/1.1, content: EmptyByteBufBE)
GET /devtools/browser/fa02161e-9e8d-4aa6-b84d-8f3f5cab370e HTTP/1.1
upgrade: websocket
connection: upgrade
sec-websocket-key: XZg0YA6cbXX0E+NbKlNj1w==
sec-websocket-version: 13
origin: http://localhost:61068
host: localhost:61068
accept: */*
user-agent: AHC/2.1

Response DefaultHttpResponse(decodeResult: success, version: HTTP/1.1)
HTTP/1.1 101 WebSocket Protocol Handshake
Upgrade: WebSocket
Connection: Upgrade
Sec-WebSocket-Accept: 6x53IVErjh1YvlLYojdGPGhAYnc=

[DEBUG] Using pooled Channel '[id: 0xffa40b29, L:/127.0.0.1:61066 - R:localhost/127.0.0.1:23135]' for 'POST' to 'http://localhost:23135/session/6ce41b497e5838b242a90e55e26b235e/url'
[DEBUG] Using open Channel [id: 0xffa40b29, L:/127.0.0.1:61066 - R:localhost/127.0.0.1:23135] for POST '/session/6ce41b497e5838b242a90e55e26b235e/url'
[DEBUG] Entry count for : http://localhost:17133 : 1
[DEBUG] Entry count for : http://localhost:8621 : 1
[DEBUG] Entry count for : http://localhost:37820 : 1
[DEBUG] Entry count for : http://localhost:5924 : 1
[DEBUG] Entry count for : http://localhost:29851 : 1
[DEBUG] Entry count for : http://localhost:28012 : 1
[DEBUG] Entry count for : http://localhost:61068 : 1
[DEBUG] 

Request DefaultHttpRequest(decodeResult: success, version: HTTP/1.1)
POST /session/6ce41b497e5838b242a90e55e26b235e/url HTTP/1.1
User-Agent: selenium/4.8.3 (java windows)
Content-Length: 43
Content-Type: application/json; charset=utf-8
host: localhost:23135
accept: */*

Response DefaultHttpResponse(decodeResult: success, version: HTTP/1.1)
HTTP/1.1 200 OK
Content-Length: 14
Content-Type: application/json; charset=utf-8
cache-control: no-cache

[DEBUG] Adding key: http://localhost:23135 for channel [id: 0xffa40b29, L:/127.0.0.1:61066 - R:localhost/127.0.0.1:23135]
logOutstarting test
[DEBUG] Using pooled Channel '[id: 0xffa40b29, L:/127.0.0.1:61066 - R:localhost/127.0.0.1:23135]' for 'POST' to 'http://localhost:23135/session/6ce41b497e5838b242a90e55e26b235e/element'
[DEBUG] Using open Channel [id: 0xffa40b29, L:/127.0.0.1:61066 - R:localhost/127.0.0.1:23135] for POST '/session/6ce41b497e5838b242a90e55e26b235e/element'
[DEBUG] Entry count for : http://localhost:17133 : 1
[DEBUG] Entry count for : http://localhost:8621 : 1
[DEBUG] Entry count for : http://localhost:37820 : 1
[DEBUG] Entry count for : http://localhost:5924 : 1
[DEBUG] Entry count for : http://localhost:29851 : 1
[DEBUG] Entry count for : http://localhost:28012 : 1
[DEBUG] Entry count for : http://localhost:61068 : 1
[DEBUG] 

Request DefaultHttpRequest(decodeResult: success, version: HTTP/1.1)
POST /session/6ce41b497e5838b242a90e55e26b235e/element HTTP/1.1
User-Agent: selenium/4.8.3 (java windows)
Content-Length: 52
Content-Type: application/json; charset=utf-8
host: localhost:23135
accept: */*

Response DefaultHttpResponse(decodeResult: success, version: HTTP/1.1)
HTTP/1.1 200 OK
Content-Length: 88
Content-Type: application/json; charset=utf-8
cache-control: no-cache

[DEBUG] Adding key: http://localhost:23135 for channel [id: 0xffa40b29, L:/127.0.0.1:61066 - R:localhost/127.0.0.1:23135]
[DEBUG] Using pooled Channel '[id: 0xffa40b29, L:/127.0.0.1:61066 - R:localhost/127.0.0.1:23135]' for 'POST' to 'http://localhost:23135/session/6ce41b497e5838b242a90e55e26b235e/element/cf539366-66e9-4563-b05b-0b229b4fcd94/click'
[DEBUG] Using open Channel [id: 0xffa40b29, L:/127.0.0.1:61066 - R:localhost/127.0.0.1:23135] for POST '/session/6ce41b497e5838b242a90e55e26b235e/element/cf539366-66e9-4563-b05b-0b229b4fcd94/click'
[DEBUG] Entry count for : http://localhost:17133 : 1
[DEBUG] Entry count for : http://localhost:8621 : 1
[DEBUG] Entry count for : http://localhost:37820 : 1
[DEBUG] Entry count for : http://localhost:5924 : 1
[DEBUG] Entry count for : http://localhost:29851 : 1
[DEBUG] Entry count for : http://localhost:28012 : 1
[DEBUG] Entry count for : http://localhost:61068 : 1
[DEBUG] Entry count for : http://localhost:17133 : 1
[DEBUG] Entry count for : http://localhost:8621 : 1
[DEBUG] Entry count for : http://localhost:37820 : 1
[DEBUG] Entry count for : http://localhost:5924 : 1
[DEBUG] Entry count for : http://localhost:29851 : 1
[DEBUG] Entry count for : http://localhost:28012 : 1
[DEBUG] Entry count for : http://localhost:61068 : 1
[DEBUG] 

Request DefaultHttpRequest(decodeResult: success, version: HTTP/1.1)
POST /session/6ce41b497e5838b242a90e55e26b235e/element/cf539366-66e9-4563-b05b-0b229b4fcd94/click HTTP/1.1
User-Agent: selenium/4.8.3 (java windows)
Content-Length: 50
Content-Type: application/json; charset=utf-8
host: localhost:23135
accept: */*

Response DefaultHttpResponse(decodeResult: success, version: HTTP/1.1)
HTTP/1.1 200 OK
Content-Length: 14
Content-Type: application/json; charset=utf-8
cache-control: no-cache

[DEBUG] Adding key: http://localhost:23135 for channel [id: 0xffa40b29, L:/127.0.0.1:61066 - R:localhost/127.0.0.1:23135]
[DEBUG] Using pooled Channel '[id: 0xffa40b29, L:/127.0.0.1:61066 - R:localhost/127.0.0.1:23135]' for 'POST' to 'http://localhost:23135/session/6ce41b497e5838b242a90e55e26b235e/element'
[DEBUG] Using open Channel [id: 0xffa40b29, L:/127.0.0.1:61066 - R:localhost/127.0.0.1:23135] for POST '/session/6ce41b497e5838b242a90e55e26b235e/element'
[DEBUG] 

Request DefaultHttpRequest(decodeResult: success, version: HTTP/1.1)
POST /session/6ce41b497e5838b242a90e55e26b235e/element HTTP/1.1
User-Agent: selenium/4.8.3 (java windows)
Content-Length: 56
Content-Type: application/json; charset=utf-8
host: localhost:23135
accept: */*

Response DefaultHttpResponse(decodeResult: success, version: HTTP/1.1)
HTTP/1.1 200 OK
Content-Length: 88
Content-Type: application/json; charset=utf-8
cache-control: no-cache

[DEBUG] Adding key: http://localhost:23135 for channel [id: 0xffa40b29, L:/127.0.0.1:61066 - R:localhost/127.0.0.1:23135]
[DEBUG] Using pooled Channel '[id: 0xffa40b29, L:/127.0.0.1:61066 - R:localhost/127.0.0.1:23135]' for 'POST' to 'http://localhost:23135/session/6ce41b497e5838b242a90e55e26b235e/element/43f3460a-c070-472d-b12c-08c5d514b75a/value'
[DEBUG] Using open Channel [id: 0xffa40b29, L:/127.0.0.1:61066 - R:localhost/127.0.0.1:23135] for POST '/session/6ce41b497e5838b242a90e55e26b235e/element/43f3460a-c070-472d-b12c-08c5d514b75a/value'
[DEBUG] Entry count for : http://localhost:17133 : 1
[DEBUG] Entry count for : http://localhost:8621 : 1
[DEBUG] Entry count for : http://localhost:37820 : 1
[DEBUG] Entry count for : http://localhost:5924 : 1
[DEBUG] Entry count for : http://localhost:29851 : 1
[DEBUG] Entry count for : http://localhost:28012 : 1
[DEBUG] Entry count for : http://localhost:61068 : 1
[DEBUG] 

Request DefaultHttpRequest(decodeResult: success, version: HTTP/1.1)
POST /session/6ce41b497e5838b242a90e55e26b235e/element/43f3460a-c070-472d-b12c-08c5d514b75a/value HTTP/1.1
User-Agent: selenium/4.8.3 (java windows)
Content-Length: 361
Content-Type: application/json; charset=utf-8
host: localhost:23135
accept: */*

Response DefaultHttpResponse(decodeResult: success, version: HTTP/1.1)
HTTP/1.1 200 OK
Content-Length: 14
Content-Type: application/json; charset=utf-8
cache-control: no-cache

[DEBUG] Adding key: http://localhost:23135 for channel [id: 0xffa40b29, L:/127.0.0.1:61066 - R:localhost/127.0.0.1:23135]
[DEBUG] Using pooled Channel '[id: 0xffa40b29, L:/127.0.0.1:61066 - R:localhost/127.0.0.1:23135]' for 'POST' to 'http://localhost:23135/session/6ce41b497e5838b242a90e55e26b235e/element'
[DEBUG] Using open Channel [id: 0xffa40b29, L:/127.0.0.1:61066 - R:localhost/127.0.0.1:23135] for POST '/session/6ce41b497e5838b242a90e55e26b235e/element'
[DEBUG] 

Request DefaultHttpRequest(decodeResult: success, version: HTTP/1.1)
POST /session/6ce41b497e5838b242a90e55e26b235e/element HTTP/1.1
User-Agent: selenium/4.8.3 (java windows)
Content-Length: 58
Content-Type: application/json; charset=utf-8
host: localhost:23135
accept: */*

Response DefaultHttpResponse(decodeResult: success, version: HTTP/1.1)
HTTP/1.1 200 OK
Content-Length: 88
Content-Type: application/json; charset=utf-8
cache-control: no-cache

[DEBUG] Adding key: http://localhost:23135 for channel [id: 0xffa40b29, L:/127.0.0.1:61066 - R:localhost/127.0.0.1:23135]
[DEBUG] Using pooled Channel '[id: 0xffa40b29, L:/127.0.0.1:61066 - R:localhost/127.0.0.1:23135]' for 'POST' to 'http://localhost:23135/session/6ce41b497e5838b242a90e55e26b235e/element/7234b6f7-a8c5-4e65-8e71-31f49f7a3652/value'
[DEBUG] Using open Channel [id: 0xffa40b29, L:/127.0.0.1:61066 - R:localhost/127.0.0.1:23135] for POST '/session/6ce41b497e5838b242a90e55e26b235e/element/7234b6f7-a8c5-4e65-8e71-31f49f7a3652/value'
[DEBUG] 

Request DefaultHttpRequest(decodeResult: success, version: HTTP/1.1)
POST /session/6ce41b497e5838b242a90e55e26b235e/element/7234b6f7-a8c5-4e65-8e71-31f49f7a3652/value HTTP/1.1
User-Agent: selenium/4.8.3 (java windows)
Content-Length: 201
Content-Type: application/json; charset=utf-8
host: localhost:23135
accept: */*

Response DefaultHttpResponse(decodeResult: success, version: HTTP/1.1)
HTTP/1.1 200 OK
Content-Length: 14
Content-Type: application/json; charset=utf-8
cache-control: no-cache

[DEBUG] Adding key: http://localhost:23135 for channel [id: 0xffa40b29, L:/127.0.0.1:61066 - R:localhost/127.0.0.1:23135]
[DEBUG] Using pooled Channel '[id: 0xffa40b29, L:/127.0.0.1:61066 - R:localhost/127.0.0.1:23135]' for 'POST' to 'http://localhost:23135/session/6ce41b497e5838b242a90e55e26b235e/element'
[DEBUG] Using open Channel [id: 0xffa40b29, L:/127.0.0.1:61066 - R:localhost/127.0.0.1:23135] for POST '/session/6ce41b497e5838b242a90e55e26b235e/element'
[DEBUG] Entry count for : http://localhost:17133 : 1
[DEBUG] Entry count for : http://localhost:8621 : 1
[DEBUG] Entry count for : http://localhost:37820 : 1
[DEBUG] Entry count for : http://localhost:5924 : 1
[DEBUG] Entry count for : http://localhost:29851 : 1
[DEBUG] Entry count for : http://localhost:28012 : 1
[DEBUG] Entry count for : http://localhost:61068 : 1
[DEBUG] Adding Candidate expired Channel [id: 0x8ea785b1, L:/127.0.0.1:60799 - R:localhost/127.0.0.1:5924] isIdleTimeoutExpired=true isRemotelyClosed=false isTtlExpired=false
[DEBUG] Closing Idle Channel [id: 0x8ea785b1, L:/127.0.0.1:60799 - R:localhost/127.0.0.1:5924]
[DEBUG] Closed 1 connections out of 7 in 0 ms
[DEBUG] Channel Closed: [id: 0x8ea785b1, L:/127.0.0.1:60799 ! R:localhost/127.0.0.1:5924] with attribute DISCARD
[DEBUG] Entry count for : http://localhost:17133 : 1
[DEBUG] Entry count for : http://localhost:8621 : 1
[DEBUG] Entry count for : http://localhost:37820 : 1
[DEBUG] Entry count for : http://localhost:29851 : 1
[DEBUG] Entry count for : http://localhost:28012 : 1
[DEBUG] Entry count for : http://localhost:61068 : 1
[DEBUG] 

Request DefaultHttpRequest(decodeResult: success, version: HTTP/1.1)
POST /session/6ce41b497e5838b242a90e55e26b235e/element HTTP/1.1
User-Agent: selenium/4.8.3 (java windows)
Content-Length: 59
Content-Type: application/json; charset=utf-8
host: localhost:23135
accept: */*

Response DefaultHttpResponse(decodeResult: success, version: HTTP/1.1)
HTTP/1.1 200 OK
Content-Length: 88
Content-Type: application/json; charset=utf-8
cache-control: no-cache

[DEBUG] Adding key: http://localhost:23135 for channel [id: 0xffa40b29, L:/127.0.0.1:61066 - R:localhost/127.0.0.1:23135]
[DEBUG] Using pooled Channel '[id: 0xffa40b29, L:/127.0.0.1:61066 - R:localhost/127.0.0.1:23135]' for 'POST' to 'http://localhost:23135/session/6ce41b497e5838b242a90e55e26b235e/element/be04e88e-1d05-453a-a832-95aafe885ee1/click'
[DEBUG] Using open Channel [id: 0xffa40b29, L:/127.0.0.1:61066 - R:localhost/127.0.0.1:23135] for POST '/session/6ce41b497e5838b242a90e55e26b235e/element/be04e88e-1d05-453a-a832-95aafe885ee1/click'
[DEBUG] Entry count for : http://localhost:17133 : 1
[DEBUG] Entry count for : http://localhost:8621 : 1
[DEBUG] Entry count for : http://localhost:37820 : 1
[DEBUG] Entry count for : http://localhost:29851 : 1
[DEBUG] Entry count for : http://localhost:28012 : 1
[DEBUG] Entry count for : http://localhost:61068 : 1
[DEBUG] Entry count for : http://localhost:17133 : 1
[DEBUG] Entry count for : http://localhost:8621 : 1
[DEBUG] Entry count for : http://localhost:37820 : 1
[DEBUG] Entry count for : http://localhost:29851 : 1
[DEBUG] Entry count for : http://localhost:28012 : 1
[DEBUG] Entry count for : http://localhost:61068 : 1
[DEBUG] Entry count for : http://localhost:17133 : 1
[DEBUG] Entry count for : http://localhost:8621 : 1
[DEBUG] Entry count for : http://localhost:37820 : 1
[DEBUG] Entry count for : http://localhost:29851 : 1
[DEBUG] Entry count for : http://localhost:28012 : 1
[DEBUG] Entry count for : http://localhost:61068 : 1
[DEBUG] Entry count for : http://localhost:17133 : 1
[DEBUG] Entry count for : http://localhost:8621 : 1
[DEBUG] Entry count for : http://localhost:37820 : 1
[DEBUG] Entry count for : http://localhost:29851 : 1
[DEBUG] Entry count for : http://localhost:28012 : 1
[DEBUG] Entry count for : http://localhost:61068 : 1
[DEBUG] Entry count for : http://localhost:17133 : 1
[DEBUG] Entry count for : http://localhost:8621 : 1
[DEBUG] Entry count for : http://localhost:37820 : 1
[DEBUG] Entry count for : http://localhost:29851 : 1
[DEBUG] Entry count for : http://localhost:28012 : 1
[DEBUG] Entry count for : http://localhost:61068 : 1
[DEBUG] 

Request DefaultHttpRequest(decodeResult: success, version: HTTP/1.1)
POST /session/6ce41b497e5838b242a90e55e26b235e/element/be04e88e-1d05-453a-a832-95aafe885ee1/click HTTP/1.1
User-Agent: selenium/4.8.3 (java windows)
Content-Length: 50
Content-Type: application/json; charset=utf-8
host: localhost:23135
accept: */*

Response DefaultHttpResponse(decodeResult: success, version: HTTP/1.1)
HTTP/1.1 200 OK
Content-Length: 14
Content-Type: application/json; charset=utf-8
cache-control: no-cache

[DEBUG] Adding key: http://localhost:23135 for channel [id: 0xffa40b29, L:/127.0.0.1:61066 - R:localhost/127.0.0.1:23135]
[DEBUG] Using pooled Channel '[id: 0xffa40b29, L:/127.0.0.1:61066 - R:localhost/127.0.0.1:23135]' for 'POST' to 'http://localhost:23135/session/6ce41b497e5838b242a90e55e26b235e/element'
[DEBUG] Using open Channel [id: 0xffa40b29, L:/127.0.0.1:61066 - R:localhost/127.0.0.1:23135] for POST '/session/6ce41b497e5838b242a90e55e26b235e/element'
[DEBUG] 

Request DefaultHttpRequest(decodeResult: success, version: HTTP/1.1)
POST /session/6ce41b497e5838b242a90e55e26b235e/element HTTP/1.1
User-Agent: selenium/4.8.3 (java windows)
Content-Length: 55
Content-Type: application/json; charset=utf-8
host: localhost:23135
accept: */*

Response DefaultHttpResponse(decodeResult: success, version: HTTP/1.1)
HTTP/1.1 200 OK
Content-Length: 88
Content-Type: application/json; charset=utf-8
cache-control: no-cache

[DEBUG] Adding key: http://localhost:23135 for channel [id: 0xffa40b29, L:/127.0.0.1:61066 - R:localhost/127.0.0.1:23135]
[DEBUG] Using pooled Channel '[id: 0xffa40b29, L:/127.0.0.1:61066 - R:localhost/127.0.0.1:23135]' for 'POST' to 'http://localhost:23135/session/6ce41b497e5838b242a90e55e26b235e/element/ba6f50d0-e6e7-463e-b03c-66b2e82bc3aa/click'
[DEBUG] Using open Channel [id: 0xffa40b29, L:/127.0.0.1:61066 - R:localhost/127.0.0.1:23135] for POST '/session/6ce41b497e5838b242a90e55e26b235e/element/ba6f50d0-e6e7-463e-b03c-66b2e82bc3aa/click'
[DEBUG] Entry count for : http://localhost:17133 : 1
[DEBUG] Entry count for : http://localhost:8621 : 1
[DEBUG] Entry count for : http://localhost:37820 : 1
[DEBUG] Entry count for : http://localhost:29851 : 1
[DEBUG] Entry count for : http://localhost:28012 : 1
[DEBUG] Entry count for : http://localhost:61068 : 1
[DEBUG] 

Request DefaultHttpRequest(decodeResult: success, version: HTTP/1.1)
POST /session/6ce41b497e5838b242a90e55e26b235e/element/ba6f50d0-e6e7-463e-b03c-66b2e82bc3aa/click HTTP/1.1
User-Agent: selenium/4.8.3 (java windows)
Content-Length: 50
Content-Type: application/json; charset=utf-8
host: localhost:23135
accept: */*

Response DefaultHttpResponse(decodeResult: success, version: HTTP/1.1)
HTTP/1.1 200 OK
Content-Length: 14
Content-Type: application/json; charset=utf-8
cache-control: no-cache

[DEBUG] Adding key: http://localhost:23135 for channel [id: 0xffa40b29, L:/127.0.0.1:61066 - R:localhost/127.0.0.1:23135]
logOutpassed
]]></system-out>
    <system-err><![CDATA[Starting ChromeDriver 112.0.5615.49 (bd2a7bcb881c11e8cfe3078709382934e3916914-refs/branch-heads/5615@{#936}) on port 23135
Only local connections are allowed.
Please see https://chromedriver.chromium.org/security-considerations for suggestions on keeping ChromeDriver safe.
ChromeDriver was started successfully.
Apr 25, 2023 9:17:32 AM org.openqa.selenium.devtools.CdpVersionFinder findNearestMatch
WARNING: Unable to find an exact match for CDP version 112, so returning the closest version found: 111
]]></system-err>
  </testcase>
  <testcase name="loginUsingValidCredentials" classname="com.automation.code_25th_March_2023.CssSelector_Rediff" time="6.639">
    <system-out><![CDATA[[DEBUG] Channel Closed: [id: 0x4a1ddc23, L:/127.0.0.1:61076 ! R:localhost/127.0.0.1:61068] with attribute NettyResponseFuture{currentRetry=0,
	isDone=1,
	isCancelled=0,
	asyncHandler=org.asynchttpclient.ws.WebSocketUpgradeHandler@7b99e005,
	nettyRequest=org.asynchttpclient.netty.request.NettyRequest@52d85730,
	future=java.util.concurrent.CompletableFuture@60aceed4[Completed normally],
	uri=ws://localhost:61068/devtools/browser/fa02161e-9e8d-4aa6-b84d-8f3f5cab370e,
	keepAlive=true,
	redirectCount=0,
	timeoutsHolder=null,
	inAuth=0,
	touch=1682428652284}
[DEBUG] Closing Channel [id: 0x4a1ddc23, L:/127.0.0.1:61076 ! R:localhost/127.0.0.1:61068] 
[DEBUG] Using pooled Channel '[id: 0xffa40b29, L:/127.0.0.1:61066 - R:localhost/127.0.0.1:23135]' for 'DELETE' to 'http://localhost:23135/session/6ce41b497e5838b242a90e55e26b235e'
[DEBUG] Using open Channel [id: 0xffa40b29, L:/127.0.0.1:61066 - R:localhost/127.0.0.1:23135] for DELETE '/session/6ce41b497e5838b242a90e55e26b235e'
[DEBUG] Entry count for : http://localhost:17133 : 1
[DEBUG] Entry count for : http://localhost:8621 : 1
[DEBUG] Entry count for : http://localhost:37820 : 1
[DEBUG] Entry count for : http://localhost:29851 : 1
[DEBUG] Entry count for : http://localhost:28012 : 1
[DEBUG] Entry count for : http://localhost:61068 : 1
[DEBUG] Unexpected I/O exception on channel [id: 0xe1844b8d, L:/127.0.0.1:61075 - R:localhost/127.0.0.1:61068]
java.io.IOException: An existing connection was forcibly closed by the remote host
	at sun.nio.ch.SocketDispatcher.read0(Native Method) ~[na:1.8.0_351]
	at sun.nio.ch.SocketDispatcher.read(SocketDispatcher.java:43) ~[na:1.8.0_351]
	at sun.nio.ch.IOUtil.readIntoNativeBuffer(IOUtil.java:223) ~[na:1.8.0_351]
	at sun.nio.ch.IOUtil.read(IOUtil.java:192) ~[na:1.8.0_351]
	at sun.nio.ch.SocketChannelImpl.read(SocketChannelImpl.java:378) ~[na:1.8.0_351]
	at io.netty.buffer.PooledByteBuf.setBytes(PooledByteBuf.java:256) ~[netty-buffer-4.1.90.Final.jar:4.1.90.Final]
	at io.netty.buffer.AbstractByteBuf.writeBytes(AbstractByteBuf.java:1132) ~[netty-buffer-4.1.90.Final.jar:4.1.90.Final]
	at io.netty.channel.socket.nio.NioSocketChannel.doReadBytes(NioSocketChannel.java:357) ~[netty-transport-4.1.90.Final.jar:4.1.90.Final]
	at io.netty.channel.nio.AbstractNioByteChannel$NioByteUnsafe.read(AbstractNioByteChannel.java:151) ~[netty-transport-4.1.90.Final.jar:4.1.90.Final]
	at io.netty.channel.nio.NioEventLoop.processSelectedKey(NioEventLoop.java:788) [netty-transport-4.1.90.Final.jar:4.1.90.Final]
	at io.netty.channel.nio.NioEventLoop.processSelectedKeysOptimized(NioEventLoop.java:724) [netty-transport-4.1.90.Final.jar:4.1.90.Final]
	at io.netty.channel.nio.NioEventLoop.processSelectedKeys(NioEventLoop.java:650) [netty-transport-4.1.90.Final.jar:4.1.90.Final]
	at io.netty.channel.nio.NioEventLoop.run(NioEventLoop.java:562) [netty-transport-4.1.90.Final.jar:4.1.90.Final]
	at io.netty.util.concurrent.SingleThreadEventExecutor$4.run(SingleThreadEventExecutor.java:997) [netty-common-4.1.90.Final.jar:4.1.90.Final]
	at io.netty.util.internal.ThreadExecutorMap$2.run(ThreadExecutorMap.java:74) [netty-common-4.1.90.Final.jar:4.1.90.Final]
	at io.netty.util.concurrent.FastThreadLocalRunnable.run(FastThreadLocalRunnable.java:30) [netty-common-4.1.90.Final.jar:4.1.90.Final]
	at java.lang.Thread.run(Thread.java:750) [na:1.8.0_351]
[DEBUG] Closing Channel [id: 0xe1844b8d, L:/127.0.0.1:61075 - R:localhost/127.0.0.1:61068] 
[DEBUG] Channel Closed: [id: 0xe1844b8d, L:/127.0.0.1:61075 ! R:localhost/127.0.0.1:61068] with attribute DISCARD
[DEBUG] 

Request DefaultFullHttpRequest(decodeResult: success, version: HTTP/1.1, content: EmptyByteBufBE)
DELETE /session/6ce41b497e5838b242a90e55e26b235e HTTP/1.1
User-Agent: selenium/4.8.3 (java windows)
Content-Type: application/json; charset=utf-8
host: localhost:23135
accept: */*

Response DefaultHttpResponse(decodeResult: success, version: HTTP/1.1)
HTTP/1.1 200 OK
Content-Length: 14
Content-Type: application/json; charset=utf-8
cache-control: no-cache

[DEBUG] Adding key: http://localhost:23135 for channel [id: 0xffa40b29, L:/127.0.0.1:61066 - R:localhost/127.0.0.1:23135]
[DEBUG] Channel Closed: [id: 0xffa40b29, L:/127.0.0.1:61066 ! R:localhost/127.0.0.1:23135] with attribute DISCARD
[DEBUG] Entry count for : http://localhost:17133 : 1
[DEBUG] Entry count for : http://localhost:8621 : 1
[DEBUG] Entry count for : http://localhost:37820 : 1
[DEBUG] Entry count for : http://localhost:29851 : 1
[DEBUG] Entry count for : http://localhost:28012 : 1
[DEBUG] Entry count for : http://localhost:61068 : 1
[DEBUG] Entry count for : http://localhost:23135 : 1
[DEBUG] Adding Candidate expired Channel [id: 0xe1844b8d, L:/127.0.0.1:61075 ! R:localhost/127.0.0.1:61068] isIdleTimeoutExpired=false isRemotelyClosed=true isTtlExpired=false
[DEBUG] Closing Idle Channel [id: 0xe1844b8d, L:/127.0.0.1:61075 ! R:localhost/127.0.0.1:61068]
[DEBUG] Adding Candidate expired Channel [id: 0xffa40b29, L:/127.0.0.1:61066 ! R:localhost/127.0.0.1:23135] isIdleTimeoutExpired=false isRemotelyClosed=true isTtlExpired=false
[DEBUG] Closing Idle Channel [id: 0xffa40b29, L:/127.0.0.1:61066 ! R:localhost/127.0.0.1:23135]
[DEBUG] Closed 2 connections out of 7 in 0 ms
[DEBUG] Using new Channel '[id: 0x9a1bc887, L:/127.0.0.1:61400 - R:localhost/127.0.0.1:34277]' for 'POST' to '/session'
[DEBUG] Entry count for : http://localhost:17133 : 1
[DEBUG] Entry count for : http://localhost:8621 : 1
[DEBUG] Entry count for : http://localhost:37820 : 1
[DEBUG] Entry count for : http://localhost:29851 : 1
[DEBUG] Entry count for : http://localhost:28012 : 1
[DEBUG] 

Request DefaultHttpRequest(decodeResult: success, version: HTTP/1.1)
POST /session HTTP/1.1
User-Agent: selenium/4.8.3 (java windows)
Content-Length: 571
Content-Type: application/json; charset=utf-8
host: localhost:34277
accept: */*

Response DefaultHttpResponse(decodeResult: success, version: HTTP/1.1)
HTTP/1.1 200 OK
Content-Length: 860
Content-Type: application/json; charset=utf-8
cache-control: no-cache

[DEBUG] Adding key: http://localhost:34277 for channel [id: 0x9a1bc887, L:/127.0.0.1:61400 - R:localhost/127.0.0.1:34277]
[DEBUG] Using new Channel '[id: 0x6e1b28de, L:/127.0.0.1:61407 - R:localhost/127.0.0.1:61401]' for 'GET' to '/json/version'
[DEBUG] 

Request DefaultFullHttpRequest(decodeResult: success, version: HTTP/1.1, content: EmptyByteBufBE)
GET /json/version HTTP/1.1
User-Agent: selenium/4.8.3 (java windows)
host: localhost:61401
accept: */*

Response DefaultHttpResponse(decodeResult: success, version: HTTP/1.1)
HTTP/1.1 200 OK
Content-Security-Policy: frame-ancestors 'none'
Content-Length: 424
Content-Type: application/json; charset=UTF-8

[DEBUG] Adding key: http://localhost:61401 for channel [id: 0x6e1b28de, L:/127.0.0.1:61407 - R:localhost/127.0.0.1:61401]
[DEBUG] Using new Channel '[id: 0xf14382e8, L:/127.0.0.1:61408 - R:localhost/127.0.0.1:61401]' for 'GET' to '/devtools/browser/8e00a537-606c-4a09-a969-2c6703caf35a'
[DEBUG] 

Request DefaultFullHttpRequest(decodeResult: success, version: HTTP/1.1, content: EmptyByteBufBE)
GET /devtools/browser/8e00a537-606c-4a09-a969-2c6703caf35a HTTP/1.1
upgrade: websocket
connection: upgrade
sec-websocket-key: RWOnfgjdxugoBeV3KG2zIw==
sec-websocket-version: 13
origin: http://localhost:61401
host: localhost:61401
accept: */*
user-agent: AHC/2.1

Response DefaultHttpResponse(decodeResult: success, version: HTTP/1.1)
HTTP/1.1 101 WebSocket Protocol Handshake
Upgrade: WebSocket
Connection: Upgrade
Sec-WebSocket-Accept: qWvB18dqAXCObMxdIltA7T+7gnc=

[DEBUG] Using pooled Channel '[id: 0x9a1bc887, L:/127.0.0.1:61400 - R:localhost/127.0.0.1:34277]' for 'POST' to 'http://localhost:34277/session/59acc29ff001b5195f3709cbe0e038fa/url'
[DEBUG] Using open Channel [id: 0x9a1bc887, L:/127.0.0.1:61400 - R:localhost/127.0.0.1:34277] for POST '/session/59acc29ff001b5195f3709cbe0e038fa/url'
[DEBUG] Entry count for : http://localhost:17133 : 1
[DEBUG] Entry count for : http://localhost:8621 : 1
[DEBUG] Entry count for : http://localhost:37820 : 1
[DEBUG] Entry count for : http://localhost:61401 : 1
[DEBUG] Entry count for : http://localhost:29851 : 1
[DEBUG] Entry count for : http://localhost:28012 : 1
[DEBUG] 

Request DefaultHttpRequest(decodeResult: success, version: HTTP/1.1)
POST /session/59acc29ff001b5195f3709cbe0e038fa/url HTTP/1.1
User-Agent: selenium/4.8.3 (java windows)
Content-Length: 43
Content-Type: application/json; charset=utf-8
host: localhost:34277
accept: */*

Response DefaultHttpResponse(decodeResult: success, version: HTTP/1.1)
HTTP/1.1 200 OK
Content-Length: 14
Content-Type: application/json; charset=utf-8
cache-control: no-cache

[DEBUG] Adding key: http://localhost:34277 for channel [id: 0x9a1bc887, L:/127.0.0.1:61400 - R:localhost/127.0.0.1:34277]
loginUsingValidCredentialsstarting test
[DEBUG] Using pooled Channel '[id: 0x9a1bc887, L:/127.0.0.1:61400 - R:localhost/127.0.0.1:34277]' for 'POST' to 'http://localhost:34277/session/59acc29ff001b5195f3709cbe0e038fa/element'
[DEBUG] Using open Channel [id: 0x9a1bc887, L:/127.0.0.1:61400 - R:localhost/127.0.0.1:34277] for POST '/session/59acc29ff001b5195f3709cbe0e038fa/element'
[DEBUG] 

Request DefaultHttpRequest(decodeResult: success, version: HTTP/1.1)
POST /session/59acc29ff001b5195f3709cbe0e038fa/element HTTP/1.1
User-Agent: selenium/4.8.3 (java windows)
Content-Length: 52
Content-Type: application/json; charset=utf-8
host: localhost:34277
accept: */*

Response DefaultHttpResponse(decodeResult: success, version: HTTP/1.1)
HTTP/1.1 200 OK
Content-Length: 88
Content-Type: application/json; charset=utf-8
cache-control: no-cache

[DEBUG] Adding key: http://localhost:34277 for channel [id: 0x9a1bc887, L:/127.0.0.1:61400 - R:localhost/127.0.0.1:34277]
[DEBUG] Using pooled Channel '[id: 0x9a1bc887, L:/127.0.0.1:61400 - R:localhost/127.0.0.1:34277]' for 'POST' to 'http://localhost:34277/session/59acc29ff001b5195f3709cbe0e038fa/element/2058395e-8d1c-4d15-b78a-d9c224bc4c6f/click'
[DEBUG] Using open Channel [id: 0x9a1bc887, L:/127.0.0.1:61400 - R:localhost/127.0.0.1:34277] for POST '/session/59acc29ff001b5195f3709cbe0e038fa/element/2058395e-8d1c-4d15-b78a-d9c224bc4c6f/click'
[DEBUG] Entry count for : http://localhost:17133 : 1
[DEBUG] Entry count for : http://localhost:8621 : 1
[DEBUG] Entry count for : http://localhost:37820 : 1
[DEBUG] Entry count for : http://localhost:61401 : 1
[DEBUG] Entry count for : http://localhost:29851 : 1
[DEBUG] Entry count for : http://localhost:28012 : 1
[DEBUG] Entry count for : http://localhost:17133 : 1
[DEBUG] Entry count for : http://localhost:8621 : 1
[DEBUG] Entry count for : http://localhost:37820 : 1
[DEBUG] Entry count for : http://localhost:61401 : 1
[DEBUG] Entry count for : http://localhost:29851 : 1
[DEBUG] Entry count for : http://localhost:28012 : 1
[DEBUG] 

Request DefaultHttpRequest(decodeResult: success, version: HTTP/1.1)
POST /session/59acc29ff001b5195f3709cbe0e038fa/element/2058395e-8d1c-4d15-b78a-d9c224bc4c6f/click HTTP/1.1
User-Agent: selenium/4.8.3 (java windows)
Content-Length: 50
Content-Type: application/json; charset=utf-8
host: localhost:34277
accept: */*

Response DefaultHttpResponse(decodeResult: success, version: HTTP/1.1)
HTTP/1.1 200 OK
Content-Length: 14
Content-Type: application/json; charset=utf-8
cache-control: no-cache

[DEBUG] Adding key: http://localhost:34277 for channel [id: 0x9a1bc887, L:/127.0.0.1:61400 - R:localhost/127.0.0.1:34277]
[DEBUG] Using pooled Channel '[id: 0x9a1bc887, L:/127.0.0.1:61400 - R:localhost/127.0.0.1:34277]' for 'POST' to 'http://localhost:34277/session/59acc29ff001b5195f3709cbe0e038fa/element'
[DEBUG] Using open Channel [id: 0x9a1bc887, L:/127.0.0.1:61400 - R:localhost/127.0.0.1:34277] for POST '/session/59acc29ff001b5195f3709cbe0e038fa/element'
[DEBUG] 

Request DefaultHttpRequest(decodeResult: success, version: HTTP/1.1)
POST /session/59acc29ff001b5195f3709cbe0e038fa/element HTTP/1.1
User-Agent: selenium/4.8.3 (java windows)
Content-Length: 56
Content-Type: application/json; charset=utf-8
host: localhost:34277
accept: */*

Response DefaultHttpResponse(decodeResult: success, version: HTTP/1.1)
HTTP/1.1 200 OK
Content-Length: 88
Content-Type: application/json; charset=utf-8
cache-control: no-cache

[DEBUG] Adding key: http://localhost:34277 for channel [id: 0x9a1bc887, L:/127.0.0.1:61400 - R:localhost/127.0.0.1:34277]
[DEBUG] Using pooled Channel '[id: 0x9a1bc887, L:/127.0.0.1:61400 - R:localhost/127.0.0.1:34277]' for 'POST' to 'http://localhost:34277/session/59acc29ff001b5195f3709cbe0e038fa/element/d26cf034-30af-433c-a6b4-2bd91d71e542/value'
[DEBUG] Using open Channel [id: 0x9a1bc887, L:/127.0.0.1:61400 - R:localhost/127.0.0.1:34277] for POST '/session/59acc29ff001b5195f3709cbe0e038fa/element/d26cf034-30af-433c-a6b4-2bd91d71e542/value'
[DEBUG] 

Request DefaultHttpRequest(decodeResult: success, version: HTTP/1.1)
POST /session/59acc29ff001b5195f3709cbe0e038fa/element/d26cf034-30af-433c-a6b4-2bd91d71e542/value HTTP/1.1
User-Agent: selenium/4.8.3 (java windows)
Content-Length: 361
Content-Type: application/json; charset=utf-8
host: localhost:34277
accept: */*

Response DefaultHttpResponse(decodeResult: success, version: HTTP/1.1)
HTTP/1.1 200 OK
Content-Length: 14
Content-Type: application/json; charset=utf-8
cache-control: no-cache

[DEBUG] Adding key: http://localhost:34277 for channel [id: 0x9a1bc887, L:/127.0.0.1:61400 - R:localhost/127.0.0.1:34277]
[DEBUG] Using pooled Channel '[id: 0x9a1bc887, L:/127.0.0.1:61400 - R:localhost/127.0.0.1:34277]' for 'POST' to 'http://localhost:34277/session/59acc29ff001b5195f3709cbe0e038fa/element'
[DEBUG] Using open Channel [id: 0x9a1bc887, L:/127.0.0.1:61400 - R:localhost/127.0.0.1:34277] for POST '/session/59acc29ff001b5195f3709cbe0e038fa/element'
[DEBUG] 

Request DefaultHttpRequest(decodeResult: success, version: HTTP/1.1)
POST /session/59acc29ff001b5195f3709cbe0e038fa/element HTTP/1.1
User-Agent: selenium/4.8.3 (java windows)
Content-Length: 58
Content-Type: application/json; charset=utf-8
host: localhost:34277
accept: */*

Response DefaultHttpResponse(decodeResult: success, version: HTTP/1.1)
HTTP/1.1 200 OK
Content-Length: 88
Content-Type: application/json; charset=utf-8
cache-control: no-cache

[DEBUG] Adding key: http://localhost:34277 for channel [id: 0x9a1bc887, L:/127.0.0.1:61400 - R:localhost/127.0.0.1:34277]
[DEBUG] Using pooled Channel '[id: 0x9a1bc887, L:/127.0.0.1:61400 - R:localhost/127.0.0.1:34277]' for 'POST' to 'http://localhost:34277/session/59acc29ff001b5195f3709cbe0e038fa/element/483952da-3582-42a2-9bce-41c5ccaed59b/value'
[DEBUG] Using open Channel [id: 0x9a1bc887, L:/127.0.0.1:61400 - R:localhost/127.0.0.1:34277] for POST '/session/59acc29ff001b5195f3709cbe0e038fa/element/483952da-3582-42a2-9bce-41c5ccaed59b/value'
[DEBUG] 

Request DefaultHttpRequest(decodeResult: success, version: HTTP/1.1)
POST /session/59acc29ff001b5195f3709cbe0e038fa/element/483952da-3582-42a2-9bce-41c5ccaed59b/value HTTP/1.1
User-Agent: selenium/4.8.3 (java windows)
Content-Length: 201
Content-Type: application/json; charset=utf-8
host: localhost:34277
accept: */*

Response DefaultHttpResponse(decodeResult: success, version: HTTP/1.1)
HTTP/1.1 200 OK
Content-Length: 14
Content-Type: application/json; charset=utf-8
cache-control: no-cache

[DEBUG] Adding key: http://localhost:34277 for channel [id: 0x9a1bc887, L:/127.0.0.1:61400 - R:localhost/127.0.0.1:34277]
[DEBUG] Using pooled Channel '[id: 0x9a1bc887, L:/127.0.0.1:61400 - R:localhost/127.0.0.1:34277]' for 'POST' to 'http://localhost:34277/session/59acc29ff001b5195f3709cbe0e038fa/element'
[DEBUG] Using open Channel [id: 0x9a1bc887, L:/127.0.0.1:61400 - R:localhost/127.0.0.1:34277] for POST '/session/59acc29ff001b5195f3709cbe0e038fa/element'
[DEBUG] 

Request DefaultHttpRequest(decodeResult: success, version: HTTP/1.1)
POST /session/59acc29ff001b5195f3709cbe0e038fa/element HTTP/1.1
User-Agent: selenium/4.8.3 (java windows)
Content-Length: 59
Content-Type: application/json; charset=utf-8
host: localhost:34277
accept: */*

Response DefaultHttpResponse(decodeResult: success, version: HTTP/1.1)
HTTP/1.1 200 OK
Content-Length: 88
Content-Type: application/json; charset=utf-8
cache-control: no-cache

[DEBUG] Adding key: http://localhost:34277 for channel [id: 0x9a1bc887, L:/127.0.0.1:61400 - R:localhost/127.0.0.1:34277]
[DEBUG] Using pooled Channel '[id: 0x9a1bc887, L:/127.0.0.1:61400 - R:localhost/127.0.0.1:34277]' for 'POST' to 'http://localhost:34277/session/59acc29ff001b5195f3709cbe0e038fa/element/0f7bb8f0-1934-4045-81bb-9b8335361a14/click'
[DEBUG] Using open Channel [id: 0x9a1bc887, L:/127.0.0.1:61400 - R:localhost/127.0.0.1:34277] for POST '/session/59acc29ff001b5195f3709cbe0e038fa/element/0f7bb8f0-1934-4045-81bb-9b8335361a14/click'
[DEBUG] Entry count for : http://localhost:17133 : 1
[DEBUG] Entry count for : http://localhost:8621 : 1
[DEBUG] Entry count for : http://localhost:37820 : 1
[DEBUG] Entry count for : http://localhost:61401 : 1
[DEBUG] Entry count for : http://localhost:29851 : 1
[DEBUG] Entry count for : http://localhost:28012 : 1
[DEBUG] Entry count for : http://localhost:17133 : 1
[DEBUG] Entry count for : http://localhost:8621 : 1
[DEBUG] Entry count for : http://localhost:37820 : 1
[DEBUG] Entry count for : http://localhost:61401 : 1
[DEBUG] Entry count for : http://localhost:29851 : 1
[DEBUG] Entry count for : http://localhost:28012 : 1
[DEBUG] Entry count for : http://localhost:17133 : 1
[DEBUG] Entry count for : http://localhost:8621 : 1
[DEBUG] Entry count for : http://localhost:37820 : 1
[DEBUG] Entry count for : http://localhost:61401 : 1
[DEBUG] Entry count for : http://localhost:29851 : 1
[DEBUG] Entry count for : http://localhost:28012 : 1
[DEBUG] Entry count for : http://localhost:17133 : 1
[DEBUG] Entry count for : http://localhost:8621 : 1
[DEBUG] Entry count for : http://localhost:37820 : 1
[DEBUG] Entry count for : http://localhost:61401 : 1
[DEBUG] Entry count for : http://localhost:29851 : 1
[DEBUG] Entry count for : http://localhost:28012 : 1
[DEBUG] Adding Candidate expired Channel [id: 0x972430a6, L:/127.0.0.1:60864 - R:localhost/127.0.0.1:17133] isIdleTimeoutExpired=true isRemotelyClosed=false isTtlExpired=false
[DEBUG] Closing Idle Channel [id: 0x972430a6, L:/127.0.0.1:60864 - R:localhost/127.0.0.1:17133]
[DEBUG] Closed 1 connections out of 6 in 0 ms
[DEBUG] Channel Closed: [id: 0x972430a6, L:/127.0.0.1:60864 ! R:localhost/127.0.0.1:17133] with attribute DISCARD
[DEBUG] 

Request DefaultHttpRequest(decodeResult: success, version: HTTP/1.1)
POST /session/59acc29ff001b5195f3709cbe0e038fa/element/0f7bb8f0-1934-4045-81bb-9b8335361a14/click HTTP/1.1
User-Agent: selenium/4.8.3 (java windows)
Content-Length: 50
Content-Type: application/json; charset=utf-8
host: localhost:34277
accept: */*

Response DefaultHttpResponse(decodeResult: success, version: HTTP/1.1)
HTTP/1.1 200 OK
Content-Length: 14
Content-Type: application/json; charset=utf-8
cache-control: no-cache

[DEBUG] Adding key: http://localhost:34277 for channel [id: 0x9a1bc887, L:/127.0.0.1:61400 - R:localhost/127.0.0.1:34277]
loginUsingValidCredentialspassed
]]></system-out>
    <system-err><![CDATA[Starting ChromeDriver 112.0.5615.49 (bd2a7bcb881c11e8cfe3078709382934e3916914-refs/branch-heads/5615@{#936}) on port 34277
Only local connections are allowed.
Please see https://chromedriver.chromium.org/security-considerations for suggestions on keeping ChromeDriver safe.
ChromeDriver was started successfully.
Apr 25, 2023 9:17:49 AM org.openqa.selenium.devtools.CdpVersionFinder findNearestMatch
WARNING: Unable to find an exact match for CDP version 112, so returning the closest version found: 111
]]></system-err>
  </testcase>
  <testcase name="rediffLogin" classname="com.automationcode_8th_April_2023.RediffLoginTest" time="3.255">
    <failure message="no such element: Unable to locate element: {&quot;method&quot;:&quot;css selector&quot;,&quot;selector&quot;:&quot;#login1&quot;}&#10;  (Session info: chrome=112.0.5615.138)&#10;For documentation on this error, please visit: https://selenium.dev/exceptions/#no_such_element&#10;Build info: version: &apos;4.8.3&apos;, revision: &apos;e5e76298c3&apos;&#10;System info: os.name: &apos;Windows 11&apos;, os.arch: &apos;amd64&apos;, os.version: &apos;10.0&apos;, java.version: &apos;1.8.0_351&apos;&#10;Driver info: org.openqa.selenium.chrome.ChromeDriver&#10;Command: [86379a06ea9ba02fd60511001f804f72, findElement {using=id, value=login1}]&#10;Capabilities {acceptInsecureCerts: false, browserName: chrome, browserVersion: 112.0.5615.138, chrome: {chromedriverVersion: 112.0.5615.49 (bd2a7bcb881c..., userDataDir: C:\Users\Dennis\AppData\Loc...}, goog:chromeOptions: {debuggerAddress: localhost:61537}, networkConnectionEnabled: false, pageLoadStrategy: normal, platformName: WINDOWS, proxy: Proxy(), se:cdp: ws://localhost:61537/devtoo..., se:cdpVersion: 112.0.5615.138, setWindowRect: true, strictFileInteractability: false, timeouts: {implicit: 0, pageLoad: 300000, script: 30000}, unhandledPromptBehavior: dismiss and notify, webauthn:extension:credBlob: true, webauthn:extension:largeBlob: true, webauthn:extension:minPinLength: true, webauthn:extension:prf: true, webauthn:virtualAuthenticators: true}&#10;Session ID: 86379a06ea9ba02fd60511001f804f72" type="org.openqa.selenium.NoSuchElementException"><![CDATA[org.openqa.selenium.NoSuchElementException: 
no such element: Unable to locate element: {"method":"css selector","selector":"#login1"}
  (Session info: chrome=112.0.5615.138)
For documentation on this error, please visit: https://selenium.dev/exceptions/#no_such_element
Build info: version: '4.8.3', revision: 'e5e76298c3'
System info: os.name: 'Windows 11', os.arch: 'amd64', os.version: '10.0', java.version: '1.8.0_351'
Driver info: org.openqa.selenium.chrome.ChromeDriver
Command: [86379a06ea9ba02fd60511001f804f72, findElement {using=id, value=login1}]
Capabilities {acceptInsecureCerts: false, browserName: chrome, browserVersion: 112.0.5615.138, chrome: {chromedriverVersion: 112.0.5615.49 (bd2a7bcb881c..., userDataDir: C:\Users\Dennis\AppData\Loc...}, goog:chromeOptions: {debuggerAddress: localhost:61537}, networkConnectionEnabled: false, pageLoadStrategy: normal, platformName: WINDOWS, proxy: Proxy(), se:cdp: ws://localhost:61537/devtoo..., se:cdpVersion: 112.0.5615.138, setWindowRect: true, strictFileInteractability: false, timeouts: {implicit: 0, pageLoad: 300000, script: 30000}, unhandledPromptBehavior: dismiss and notify, webauthn:extension:credBlob: true, webauthn:extension:largeBlob: true, webauthn:extension:minPinLength: true, webauthn:extension:prf: true, webauthn:virtualAuthenticators: true}
Session ID: 86379a06ea9ba02fd60511001f804f72
	at sun.reflect.NativeConstructorAccessorImpl.newInstance0(Native Method)
	at sun.reflect.NativeConstructorAccessorImpl.newInstance(NativeConstructorAccessorImpl.java:62)
	at sun.reflect.DelegatingConstructorAccessorImpl.newInstance(DelegatingConstructorAccessorImpl.java:45)
	at java.lang.reflect.Constructor.newInstance(Constructor.java:423)
	at org.openqa.selenium.remote.codec.w3c.W3CHttpResponseCodec.createException(W3CHttpResponseCodec.java:200)
	at org.openqa.selenium.remote.codec.w3c.W3CHttpResponseCodec.decode(W3CHttpResponseCodec.java:133)
	at org.openqa.selenium.remote.codec.w3c.W3CHttpResponseCodec.decode(W3CHttpResponseCodec.java:53)
	at org.openqa.selenium.remote.HttpCommandExecutor.execute(HttpCommandExecutor.java:193)
	at org.openqa.selenium.remote.service.DriverCommandExecutor.invokeExecute(DriverCommandExecutor.java:183)
	at org.openqa.selenium.remote.service.DriverCommandExecutor.execute(DriverCommandExecutor.java:158)
	at org.openqa.selenium.remote.RemoteWebDriver.execute(RemoteWebDriver.java:543)
	at org.openqa.selenium.remote.ElementLocation$ElementFinder$2.findElement(ElementLocation.java:162)
	at org.openqa.selenium.remote.ElementLocation.findElement(ElementLocation.java:66)
	at org.openqa.selenium.remote.RemoteWebDriver.findElement(RemoteWebDriver.java:352)
	at org.openqa.selenium.remote.RemoteWebDriver.findElement(RemoteWebDriver.java:344)
	at com.automationcode_8th_April_2023.RediffLoginTest.rediffLogin(RediffLoginTest.java:18)
	at sun.reflect.NativeMethodAccessorImpl.invoke0(Native Method)
	at sun.reflect.NativeMethodAccessorImpl.invoke(NativeMethodAccessorImpl.java:62)
	at sun.reflect.DelegatingMethodAccessorImpl.invoke(DelegatingMethodAccessorImpl.java:43)
	at java.lang.reflect.Method.invoke(Method.java:498)
	at org.testng.internal.MethodInvocationHelper.invokeMethod(MethodInvocationHelper.java:124)
	at org.testng.internal.Invoker.invokeMethod(Invoker.java:583)
	at org.testng.internal.Invoker.invokeTestMethod(Invoker.java:719)
	at org.testng.internal.Invoker.invokeTestMethods(Invoker.java:989)
	at org.testng.internal.TestMethodWorker.invokeTestMethods(TestMethodWorker.java:125)
	at org.testng.internal.TestMethodWorker.run(TestMethodWorker.java:109)
	at org.testng.TestRunner.privateRun(TestRunner.java:648)
	at org.testng.TestRunner.run(TestRunner.java:505)
	at org.testng.SuiteRunner.runTest(SuiteRunner.java:455)
	at org.testng.SuiteRunner.runSequentially(SuiteRunner.java:450)
	at org.testng.SuiteRunner.privateRun(SuiteRunner.java:415)
	at org.testng.SuiteRunner.run(SuiteRunner.java:364)
	at org.testng.SuiteRunnerWorker.runSuite(SuiteRunnerWorker.java:52)
	at org.testng.SuiteRunnerWorker.run(SuiteRunnerWorker.java:84)
	at org.testng.TestNG.runSuitesSequentially(TestNG.java:1208)
	at org.testng.TestNG.runSuitesLocally(TestNG.java:1137)
	at org.testng.TestNG.runSuites(TestNG.java:1049)
	at org.testng.TestNG.run(TestNG.java:1017)
	at org.apache.maven.surefire.testng.TestNGExecutor.run(TestNGExecutor.java:324)
	at org.apache.maven.surefire.testng.TestNGXmlTestSuite.execute(TestNGXmlTestSuite.java:74)
	at org.apache.maven.surefire.testng.TestNGProvider.invoke(TestNGProvider.java:123)
	at org.apache.maven.surefire.booter.ForkedBooter.runSuitesInProcess(ForkedBooter.java:456)
	at org.apache.maven.surefire.booter.ForkedBooter.execute(ForkedBooter.java:169)
	at org.apache.maven.surefire.booter.ForkedBooter.run(ForkedBooter.java:595)
	at org.apache.maven.surefire.booter.ForkedBooter.main(ForkedBooter.java:581)
]]></failure>
    <system-out><![CDATA[[DEBUG] Channel Closed: [id: 0xf14382e8, L:/127.0.0.1:61408 ! R:localhost/127.0.0.1:61401] with attribute NettyResponseFuture{currentRetry=0,
	isDone=1,
	isCancelled=0,
	asyncHandler=org.asynchttpclient.ws.WebSocketUpgradeHandler@678682a4,
	nettyRequest=org.asynchttpclient.netty.request.NettyRequest@df95bcf,
	future=java.util.concurrent.CompletableFuture@3b6a31f3[Completed normally],
	uri=ws://localhost:61401/devtools/browser/8e00a537-606c-4a09-a969-2c6703caf35a,
	keepAlive=true,
	redirectCount=0,
	timeoutsHolder=null,
	inAuth=0,
	touch=1682428669932}
[DEBUG] Closing Channel [id: 0xf14382e8, L:/127.0.0.1:61408 ! R:localhost/127.0.0.1:61401] 
[DEBUG] Using pooled Channel '[id: 0x9a1bc887, L:/127.0.0.1:61400 - R:localhost/127.0.0.1:34277]' for 'DELETE' to 'http://localhost:34277/session/59acc29ff001b5195f3709cbe0e038fa'
[DEBUG] Using open Channel [id: 0x9a1bc887, L:/127.0.0.1:61400 - R:localhost/127.0.0.1:34277] for DELETE '/session/59acc29ff001b5195f3709cbe0e038fa'
[DEBUG] Unexpected I/O exception on channel [id: 0x6e1b28de, L:/127.0.0.1:61407 - R:localhost/127.0.0.1:61401]
java.io.IOException: An existing connection was forcibly closed by the remote host
	at sun.nio.ch.SocketDispatcher.read0(Native Method) ~[na:1.8.0_351]
	at sun.nio.ch.SocketDispatcher.read(SocketDispatcher.java:43) ~[na:1.8.0_351]
	at sun.nio.ch.IOUtil.readIntoNativeBuffer(IOUtil.java:223) ~[na:1.8.0_351]
	at sun.nio.ch.IOUtil.read(IOUtil.java:192) ~[na:1.8.0_351]
	at sun.nio.ch.SocketChannelImpl.read(SocketChannelImpl.java:378) ~[na:1.8.0_351]
	at io.netty.buffer.PooledByteBuf.setBytes(PooledByteBuf.java:256) ~[netty-buffer-4.1.90.Final.jar:4.1.90.Final]
	at io.netty.buffer.AbstractByteBuf.writeBytes(AbstractByteBuf.java:1132) ~[netty-buffer-4.1.90.Final.jar:4.1.90.Final]
	at io.netty.channel.socket.nio.NioSocketChannel.doReadBytes(NioSocketChannel.java:357) ~[netty-transport-4.1.90.Final.jar:4.1.90.Final]
	at io.netty.channel.nio.AbstractNioByteChannel$NioByteUnsafe.read(AbstractNioByteChannel.java:151) ~[netty-transport-4.1.90.Final.jar:4.1.90.Final]
	at io.netty.channel.nio.NioEventLoop.processSelectedKey(NioEventLoop.java:788) [netty-transport-4.1.90.Final.jar:4.1.90.Final]
	at io.netty.channel.nio.NioEventLoop.processSelectedKeysOptimized(NioEventLoop.java:724) [netty-transport-4.1.90.Final.jar:4.1.90.Final]
	at io.netty.channel.nio.NioEventLoop.processSelectedKeys(NioEventLoop.java:650) [netty-transport-4.1.90.Final.jar:4.1.90.Final]
	at io.netty.channel.nio.NioEventLoop.run(NioEventLoop.java:562) [netty-transport-4.1.90.Final.jar:4.1.90.Final]
	at io.netty.util.concurrent.SingleThreadEventExecutor$4.run(SingleThreadEventExecutor.java:997) [netty-common-4.1.90.Final.jar:4.1.90.Final]
	at io.netty.util.internal.ThreadExecutorMap$2.run(ThreadExecutorMap.java:74) [netty-common-4.1.90.Final.jar:4.1.90.Final]
	at io.netty.util.concurrent.FastThreadLocalRunnable.run(FastThreadLocalRunnable.java:30) [netty-common-4.1.90.Final.jar:4.1.90.Final]
	at java.lang.Thread.run(Thread.java:750) [na:1.8.0_351]
[DEBUG] Closing Channel [id: 0x6e1b28de, L:/127.0.0.1:61407 - R:localhost/127.0.0.1:61401] 
[DEBUG] Channel Closed: [id: 0x6e1b28de, L:/127.0.0.1:61407 ! R:localhost/127.0.0.1:61401] with attribute DISCARD
[DEBUG] 

Request DefaultFullHttpRequest(decodeResult: success, version: HTTP/1.1, content: EmptyByteBufBE)
DELETE /session/59acc29ff001b5195f3709cbe0e038fa HTTP/1.1
User-Agent: selenium/4.8.3 (java windows)
Content-Type: application/json; charset=utf-8
host: localhost:34277
accept: */*

Response DefaultHttpResponse(decodeResult: success, version: HTTP/1.1)
HTTP/1.1 200 OK
Content-Length: 14
Content-Type: application/json; charset=utf-8
cache-control: no-cache

[DEBUG] Adding key: http://localhost:34277 for channel [id: 0x9a1bc887, L:/127.0.0.1:61400 - R:localhost/127.0.0.1:34277]
[DEBUG] Channel Closed: [id: 0x9a1bc887, L:/127.0.0.1:61400 ! R:localhost/127.0.0.1:34277] with attribute DISCARD
[DEBUG] Entry count for : http://localhost:8621 : 1
[DEBUG] Entry count for : http://localhost:34277 : 1
[DEBUG] Entry count for : http://localhost:37820 : 1
[DEBUG] Entry count for : http://localhost:61401 : 1
[DEBUG] Entry count for : http://localhost:29851 : 1
[DEBUG] Entry count for : http://localhost:28012 : 1
[DEBUG] Adding Candidate expired Channel [id: 0x9a1bc887, L:/127.0.0.1:61400 ! R:localhost/127.0.0.1:34277] isIdleTimeoutExpired=false isRemotelyClosed=true isTtlExpired=false
[DEBUG] Closing Idle Channel [id: 0x9a1bc887, L:/127.0.0.1:61400 ! R:localhost/127.0.0.1:34277]
[DEBUG] Adding Candidate expired Channel [id: 0x6e1b28de, L:/127.0.0.1:61407 ! R:localhost/127.0.0.1:61401] isIdleTimeoutExpired=false isRemotelyClosed=true isTtlExpired=false
[DEBUG] Closing Idle Channel [id: 0x6e1b28de, L:/127.0.0.1:61407 ! R:localhost/127.0.0.1:61401]
[DEBUG] Closed 2 connections out of 6 in 0 ms
rediffLoginstarting test
[DEBUG] Using new Channel '[id: 0x2ec4a142, L:/127.0.0.1:61536 - R:localhost/127.0.0.1:21534]' for 'POST' to '/session'
[DEBUG] Entry count for : http://localhost:8621 : 1
[DEBUG] Entry count for : http://localhost:37820 : 1
[DEBUG] Entry count for : http://localhost:29851 : 1
[DEBUG] Entry count for : http://localhost:28012 : 1
[DEBUG] Adding Candidate expired Channel [id: 0xa00d9724, L:/127.0.0.1:60875 - R:localhost/127.0.0.1:28012] isIdleTimeoutExpired=true isRemotelyClosed=false isTtlExpired=false
[DEBUG] Closing Idle Channel [id: 0xa00d9724, L:/127.0.0.1:60875 - R:localhost/127.0.0.1:28012]
[DEBUG] Closed 1 connections out of 4 in 0 ms
[DEBUG] Channel Closed: [id: 0xa00d9724, L:/127.0.0.1:60875 ! R:localhost/127.0.0.1:28012] with attribute DISCARD
[DEBUG] 

Request DefaultHttpRequest(decodeResult: success, version: HTTP/1.1)
POST /session HTTP/1.1
User-Agent: selenium/4.8.3 (java windows)
Content-Length: 439
Content-Type: application/json; charset=utf-8
host: localhost:21534
accept: */*

Response DefaultHttpResponse(decodeResult: success, version: HTTP/1.1)
HTTP/1.1 200 OK
Content-Length: 860
Content-Type: application/json; charset=utf-8
cache-control: no-cache

[DEBUG] Adding key: http://localhost:21534 for channel [id: 0x2ec4a142, L:/127.0.0.1:61536 - R:localhost/127.0.0.1:21534]
[DEBUG] Using new Channel '[id: 0xbece85f6, L:/127.0.0.1:61542 - R:localhost/127.0.0.1:61537]' for 'GET' to '/json/version'
[DEBUG] 

Request DefaultFullHttpRequest(decodeResult: success, version: HTTP/1.1, content: EmptyByteBufBE)
GET /json/version HTTP/1.1
User-Agent: selenium/4.8.3 (java windows)
host: localhost:61537
accept: */*

Response DefaultHttpResponse(decodeResult: success, version: HTTP/1.1)
HTTP/1.1 200 OK
Content-Security-Policy: frame-ancestors 'none'
Content-Length: 424
Content-Type: application/json; charset=UTF-8

[DEBUG] Adding key: http://localhost:61537 for channel [id: 0xbece85f6, L:/127.0.0.1:61542 - R:localhost/127.0.0.1:61537]
[DEBUG] Using new Channel '[id: 0xf0c4e4c4, L:/127.0.0.1:61543 - R:localhost/127.0.0.1:61537]' for 'GET' to '/devtools/browser/f3bff3e8-23ba-48fb-a6e7-4155bb08b276'
[DEBUG] 

Request DefaultFullHttpRequest(decodeResult: success, version: HTTP/1.1, content: EmptyByteBufBE)
GET /devtools/browser/f3bff3e8-23ba-48fb-a6e7-4155bb08b276 HTTP/1.1
upgrade: websocket
connection: upgrade
sec-websocket-key: ttvgJNlU0KTz9REGWYinkw==
sec-websocket-version: 13
origin: http://localhost:61537
host: localhost:61537
accept: */*
user-agent: AHC/2.1

Response DefaultHttpResponse(decodeResult: success, version: HTTP/1.1)
HTTP/1.1 101 WebSocket Protocol Handshake
Upgrade: WebSocket
Connection: Upgrade
Sec-WebSocket-Accept: jHKon7gRmGhA/fHK+Kbsuq/Geu0=

[DEBUG] Using pooled Channel '[id: 0x2ec4a142, L:/127.0.0.1:61536 - R:localhost/127.0.0.1:21534]' for 'POST' to 'http://localhost:21534/session/86379a06ea9ba02fd60511001f804f72/window/maximize'
[DEBUG] Using open Channel [id: 0x2ec4a142, L:/127.0.0.1:61536 - R:localhost/127.0.0.1:21534] for POST '/session/86379a06ea9ba02fd60511001f804f72/window/maximize'
[DEBUG] 

Request DefaultHttpRequest(decodeResult: success, version: HTTP/1.1)
POST /session/86379a06ea9ba02fd60511001f804f72/window/maximize HTTP/1.1
User-Agent: selenium/4.8.3 (java windows)
Content-Length: 3
Content-Type: application/json; charset=utf-8
host: localhost:21534
accept: */*

Response DefaultHttpResponse(decodeResult: success, version: HTTP/1.1)
HTTP/1.1 200 OK
Content-Length: 51
Content-Type: application/json; charset=utf-8
cache-control: no-cache

[DEBUG] Adding key: http://localhost:21534 for channel [id: 0x2ec4a142, L:/127.0.0.1:61536 - R:localhost/127.0.0.1:21534]
[DEBUG] Using pooled Channel '[id: 0x2ec4a142, L:/127.0.0.1:61536 - R:localhost/127.0.0.1:21534]' for 'POST' to 'http://localhost:21534/session/86379a06ea9ba02fd60511001f804f72/url'
[DEBUG] Using open Channel [id: 0x2ec4a142, L:/127.0.0.1:61536 - R:localhost/127.0.0.1:21534] for POST '/session/86379a06ea9ba02fd60511001f804f72/url'
[DEBUG] Entry count for : http://localhost:8621 : 1
[DEBUG] Entry count for : http://localhost:37820 : 1
[DEBUG] Entry count for : http://localhost:29851 : 1
[DEBUG] Entry count for : http://localhost:61537 : 1
[DEBUG] Entry count for : http://localhost:8621 : 1
[DEBUG] Entry count for : http://localhost:37820 : 1
[DEBUG] Entry count for : http://localhost:29851 : 1
[DEBUG] Entry count for : http://localhost:61537 : 1
[DEBUG] Adding Candidate expired Channel [id: 0xd846622c, L:/127.0.0.1:60886 - R:localhost/127.0.0.1:8621] isIdleTimeoutExpired=true isRemotelyClosed=false isTtlExpired=false
[DEBUG] Closing Idle Channel [id: 0xd846622c, L:/127.0.0.1:60886 - R:localhost/127.0.0.1:8621]
[DEBUG] Closed 1 connections out of 4 in 0 ms
[DEBUG] Channel Closed: [id: 0xd846622c, L:/127.0.0.1:60886 ! R:localhost/127.0.0.1:8621] with attribute DISCARD
[DEBUG] 

Request DefaultHttpRequest(decodeResult: success, version: HTTP/1.1)
POST /session/86379a06ea9ba02fd60511001f804f72/url HTTP/1.1
User-Agent: selenium/4.8.3 (java windows)
Content-Length: 76
Content-Type: application/json; charset=utf-8
host: localhost:21534
accept: */*

Response DefaultHttpResponse(decodeResult: success, version: HTTP/1.1)
HTTP/1.1 200 OK
Content-Length: 14
Content-Type: application/json; charset=utf-8
cache-control: no-cache

[DEBUG] Adding key: http://localhost:21534 for channel [id: 0x2ec4a142, L:/127.0.0.1:61536 - R:localhost/127.0.0.1:21534]
[DEBUG] Using pooled Channel '[id: 0x2ec4a142, L:/127.0.0.1:61536 - R:localhost/127.0.0.1:21534]' for 'POST' to 'http://localhost:21534/session/86379a06ea9ba02fd60511001f804f72/element'
[DEBUG] Using open Channel [id: 0x2ec4a142, L:/127.0.0.1:61536 - R:localhost/127.0.0.1:21534] for POST '/session/86379a06ea9ba02fd60511001f804f72/element'
[DEBUG] 

Request DefaultHttpRequest(decodeResult: success, version: HTTP/1.1)
POST /session/86379a06ea9ba02fd60511001f804f72/element HTTP/1.1
User-Agent: selenium/4.8.3 (java windows)
Content-Length: 51
Content-Type: application/json; charset=utf-8
host: localhost:21534
accept: */*

Response DefaultHttpResponse(decodeResult: success, version: HTTP/1.1)
HTTP/1.1 404 Not Found
Content-Length: 935
Content-Type: application/json; charset=utf-8
cache-control: no-cache

[DEBUG] Adding key: http://localhost:21534 for channel [id: 0x2ec4a142, L:/127.0.0.1:61536 - R:localhost/127.0.0.1:21534]
rediffLoginfailed
]]></system-out>
    <system-err><![CDATA[Starting ChromeDriver 112.0.5615.49 (bd2a7bcb881c11e8cfe3078709382934e3916914-refs/branch-heads/5615@{#936}) on port 21534
Only local connections are allowed.
Please see https://chromedriver.chromium.org/security-considerations for suggestions on keeping ChromeDriver safe.
ChromeDriver was started successfully.
Apr 25, 2023 9:18:00 AM org.openqa.selenium.devtools.CdpVersionFinder findNearestMatch
WARNING: Unable to find an exact match for CDP version 112, so returning the closest version found: 111
]]></system-err>
  </testcase>
  <testcase name="understandingWebElementsRediffLogin" classname="com.automationcode_12thMarch_2023.Learning_How_To_Identify_WebElement" time="15.368">
    <system-out><![CDATA[[DEBUG] Channel Closed: [id: 0xf0c4e4c4, L:/127.0.0.1:61543 ! R:localhost/127.0.0.1:61537] with attribute NettyResponseFuture{currentRetry=0,
	isDone=1,
	isCancelled=0,
	asyncHandler=org.asynchttpclient.ws.WebSocketUpgradeHandler@4805c077,
	nettyRequest=org.asynchttpclient.netty.request.NettyRequest@6fcbe107,
	future=java.util.concurrent.CompletableFuture@4c428b22[Completed normally],
	uri=ws://localhost:61537/devtools/browser/f3bff3e8-23ba-48fb-a6e7-4155bb08b276,
	keepAlive=true,
	redirectCount=0,
	timeoutsHolder=null,
	inAuth=0,
	touch=1682428680312}
[DEBUG] Closing Channel [id: 0xf0c4e4c4, L:/127.0.0.1:61543 ! R:localhost/127.0.0.1:61537] 
[DEBUG] Using pooled Channel '[id: 0x2ec4a142, L:/127.0.0.1:61536 - R:localhost/127.0.0.1:21534]' for 'DELETE' to 'http://localhost:21534/session/86379a06ea9ba02fd60511001f804f72'
[DEBUG] Using open Channel [id: 0x2ec4a142, L:/127.0.0.1:61536 - R:localhost/127.0.0.1:21534] for DELETE '/session/86379a06ea9ba02fd60511001f804f72'
[DEBUG] Unexpected I/O exception on channel [id: 0xbece85f6, L:/127.0.0.1:61542 - R:localhost/127.0.0.1:61537]
java.io.IOException: An existing connection was forcibly closed by the remote host
	at sun.nio.ch.SocketDispatcher.read0(Native Method) ~[na:1.8.0_351]
	at sun.nio.ch.SocketDispatcher.read(SocketDispatcher.java:43) ~[na:1.8.0_351]
	at sun.nio.ch.IOUtil.readIntoNativeBuffer(IOUtil.java:223) ~[na:1.8.0_351]
	at sun.nio.ch.IOUtil.read(IOUtil.java:192) ~[na:1.8.0_351]
	at sun.nio.ch.SocketChannelImpl.read(SocketChannelImpl.java:378) ~[na:1.8.0_351]
	at io.netty.buffer.PooledByteBuf.setBytes(PooledByteBuf.java:256) ~[netty-buffer-4.1.90.Final.jar:4.1.90.Final]
	at io.netty.buffer.AbstractByteBuf.writeBytes(AbstractByteBuf.java:1132) ~[netty-buffer-4.1.90.Final.jar:4.1.90.Final]
	at io.netty.channel.socket.nio.NioSocketChannel.doReadBytes(NioSocketChannel.java:357) ~[netty-transport-4.1.90.Final.jar:4.1.90.Final]
	at io.netty.channel.nio.AbstractNioByteChannel$NioByteUnsafe.read(AbstractNioByteChannel.java:151) ~[netty-transport-4.1.90.Final.jar:4.1.90.Final]
	at io.netty.channel.nio.NioEventLoop.processSelectedKey(NioEventLoop.java:788) [netty-transport-4.1.90.Final.jar:4.1.90.Final]
	at io.netty.channel.nio.NioEventLoop.processSelectedKeysOptimized(NioEventLoop.java:724) [netty-transport-4.1.90.Final.jar:4.1.90.Final]
	at io.netty.channel.nio.NioEventLoop.processSelectedKeys(NioEventLoop.java:650) [netty-transport-4.1.90.Final.jar:4.1.90.Final]
	at io.netty.channel.nio.NioEventLoop.run(NioEventLoop.java:562) [netty-transport-4.1.90.Final.jar:4.1.90.Final]
	at io.netty.util.concurrent.SingleThreadEventExecutor$4.run(SingleThreadEventExecutor.java:997) [netty-common-4.1.90.Final.jar:4.1.90.Final]
	at io.netty.util.internal.ThreadExecutorMap$2.run(ThreadExecutorMap.java:74) [netty-common-4.1.90.Final.jar:4.1.90.Final]
	at io.netty.util.concurrent.FastThreadLocalRunnable.run(FastThreadLocalRunnable.java:30) [netty-common-4.1.90.Final.jar:4.1.90.Final]
	at java.lang.Thread.run(Thread.java:750) [na:1.8.0_351]
[DEBUG] Closing Channel [id: 0xbece85f6, L:/127.0.0.1:61542 - R:localhost/127.0.0.1:61537] 
[DEBUG] Channel Closed: [id: 0xbece85f6, L:/127.0.0.1:61542 ! R:localhost/127.0.0.1:61537] with attribute DISCARD
[DEBUG] 

Request DefaultFullHttpRequest(decodeResult: success, version: HTTP/1.1, content: EmptyByteBufBE)
DELETE /session/86379a06ea9ba02fd60511001f804f72 HTTP/1.1
User-Agent: selenium/4.8.3 (java windows)
Content-Type: application/json; charset=utf-8
host: localhost:21534
accept: */*

Response DefaultHttpResponse(decodeResult: success, version: HTTP/1.1)
HTTP/1.1 200 OK
Content-Length: 14
Content-Type: application/json; charset=utf-8
cache-control: no-cache

[DEBUG] Adding key: http://localhost:21534 for channel [id: 0x2ec4a142, L:/127.0.0.1:61536 - R:localhost/127.0.0.1:21534]
[DEBUG] Channel Closed: [id: 0x2ec4a142, L:/127.0.0.1:61536 ! R:localhost/127.0.0.1:21534] with attribute DISCARD
[DEBUG] Entry count for : http://localhost:37820 : 1
[DEBUG] Entry count for : http://localhost:21534 : 1
[DEBUG] Entry count for : http://localhost:29851 : 1
[DEBUG] Entry count for : http://localhost:61537 : 1
[DEBUG] Adding Candidate expired Channel [id: 0x2ec4a142, L:/127.0.0.1:61536 ! R:localhost/127.0.0.1:21534] isIdleTimeoutExpired=false isRemotelyClosed=true isTtlExpired=false
[DEBUG] Closing Idle Channel [id: 0x2ec4a142, L:/127.0.0.1:61536 ! R:localhost/127.0.0.1:21534]
[DEBUG] Adding Candidate expired Channel [id: 0xbece85f6, L:/127.0.0.1:61542 ! R:localhost/127.0.0.1:61537] isIdleTimeoutExpired=false isRemotelyClosed=true isTtlExpired=false
[DEBUG] Closing Idle Channel [id: 0xbece85f6, L:/127.0.0.1:61542 ! R:localhost/127.0.0.1:61537]
[DEBUG] Closed 2 connections out of 4 in 0 ms
[DEBUG] Using new Channel '[id: 0x0eb7e6b0, L:/127.0.0.1:61556 - R:localhost/127.0.0.1:32429]' for 'POST' to '/session'
[DEBUG] 

Request DefaultHttpRequest(decodeResult: success, version: HTTP/1.1)
POST /session HTTP/1.1
User-Agent: selenium/4.8.3 (java windows)
Content-Length: 623
Content-Type: application/json; charset=utf-8
host: localhost:32429
accept: */*

Response DefaultHttpResponse(decodeResult: success, version: HTTP/1.1)
HTTP/1.1 200 OK
Content-Length: 861
Content-Type: application/json; charset=utf-8
cache-control: no-cache

[DEBUG] Adding key: http://localhost:32429 for channel [id: 0x0eb7e6b0, L:/127.0.0.1:61556 - R:localhost/127.0.0.1:32429]
[DEBUG] Using new Channel '[id: 0xe92e2bcc, L:/127.0.0.1:61562 - R:localhost/127.0.0.1:61557]' for 'GET' to '/json/version'
[DEBUG] 

Request DefaultFullHttpRequest(decodeResult: success, version: HTTP/1.1, content: EmptyByteBufBE)
GET /json/version HTTP/1.1
User-Agent: selenium/4.8.3 (java windows)
host: localhost:61557
accept: */*

Response DefaultHttpResponse(decodeResult: success, version: HTTP/1.1)
HTTP/1.1 200 OK
Content-Security-Policy: frame-ancestors 'none'
Content-Length: 424
Content-Type: application/json; charset=UTF-8

[DEBUG] Adding key: http://localhost:61557 for channel [id: 0xe92e2bcc, L:/127.0.0.1:61562 - R:localhost/127.0.0.1:61557]
[DEBUG] Using new Channel '[id: 0x8e9a7e23, L:/127.0.0.1:61563 - R:localhost/127.0.0.1:61557]' for 'GET' to '/devtools/browser/d25e1da5-7c25-478a-97ba-e6912cb31952'
[DEBUG] 

Request DefaultFullHttpRequest(decodeResult: success, version: HTTP/1.1, content: EmptyByteBufBE)
GET /devtools/browser/d25e1da5-7c25-478a-97ba-e6912cb31952 HTTP/1.1
upgrade: websocket
connection: upgrade
sec-websocket-key: ha62lXwYxd1N1uEy8o6PXA==
sec-websocket-version: 13
origin: http://localhost:61557
host: localhost:61557
accept: */*
user-agent: AHC/2.1

Response DefaultHttpResponse(decodeResult: success, version: HTTP/1.1)
HTTP/1.1 101 WebSocket Protocol Handshake
Upgrade: WebSocket
Connection: Upgrade
Sec-WebSocket-Accept: rwJheddlb0fl7R1xEBuqndv8r4c=

[DEBUG] Using pooled Channel '[id: 0x0eb7e6b0, L:/127.0.0.1:61556 - R:localhost/127.0.0.1:32429]' for 'POST' to 'http://localhost:32429/session/6c07b7a79ee53d75ff3513c15c2bb355/url'
[DEBUG] Using open Channel [id: 0x0eb7e6b0, L:/127.0.0.1:61556 - R:localhost/127.0.0.1:32429] for POST '/session/6c07b7a79ee53d75ff3513c15c2bb355/url'
[DEBUG] Entry count for : http://localhost:37820 : 1
[DEBUG] Entry count for : http://localhost:61557 : 1
[DEBUG] Entry count for : http://localhost:29851 : 1
[DEBUG] Entry count for : http://localhost:37820 : 1
[DEBUG] Entry count for : http://localhost:61557 : 1
[DEBUG] Entry count for : http://localhost:29851 : 1
[DEBUG] Entry count for : http://localhost:37820 : 1
[DEBUG] Entry count for : http://localhost:61557 : 1
[DEBUG] Entry count for : http://localhost:29851 : 1
[DEBUG] Adding Candidate expired Channel [id: 0x87ae4262, L:/127.0.0.1:60908 - R:localhost/127.0.0.1:37820] isIdleTimeoutExpired=true isRemotelyClosed=false isTtlExpired=false
[DEBUG] Closing Idle Channel [id: 0x87ae4262, L:/127.0.0.1:60908 - R:localhost/127.0.0.1:37820]
[DEBUG] Closed 1 connections out of 3 in 0 ms
[DEBUG] Channel Closed: [id: 0x87ae4262, L:/127.0.0.1:60908 ! R:localhost/127.0.0.1:37820] with attribute DISCARD
[DEBUG] Entry count for : http://localhost:61557 : 1
[DEBUG] Entry count for : http://localhost:29851 : 1
[DEBUG] Entry count for : http://localhost:61557 : 1
[DEBUG] Entry count for : http://localhost:29851 : 1
[DEBUG] 

Request DefaultHttpRequest(decodeResult: success, version: HTTP/1.1)
POST /session/6c07b7a79ee53d75ff3513c15c2bb355/url HTTP/1.1
User-Agent: selenium/4.8.3 (java windows)
Content-Length: 76
Content-Type: application/json; charset=utf-8
host: localhost:32429
accept: */*

Response DefaultHttpResponse(decodeResult: success, version: HTTP/1.1)
HTTP/1.1 200 OK
Content-Length: 14
Content-Type: application/json; charset=utf-8
cache-control: no-cache

[DEBUG] Adding key: http://localhost:32429 for channel [id: 0x0eb7e6b0, L:/127.0.0.1:61556 - R:localhost/127.0.0.1:32429]
understandingWebElementsRediffLoginstarting test
[DEBUG] Using pooled Channel '[id: 0x0eb7e6b0, L:/127.0.0.1:61556 - R:localhost/127.0.0.1:32429]' for 'POST' to 'http://localhost:32429/session/6c07b7a79ee53d75ff3513c15c2bb355/element'
[DEBUG] Using open Channel [id: 0x0eb7e6b0, L:/127.0.0.1:61556 - R:localhost/127.0.0.1:32429] for POST '/session/6c07b7a79ee53d75ff3513c15c2bb355/element'
[DEBUG] 

Request DefaultHttpRequest(decodeResult: success, version: HTTP/1.1)
POST /session/6c07b7a79ee53d75ff3513c15c2bb355/element HTTP/1.1
User-Agent: selenium/4.8.3 (java windows)
Content-Length: 51
Content-Type: application/json; charset=utf-8
host: localhost:32429
accept: */*

Response DefaultHttpResponse(decodeResult: success, version: HTTP/1.1)
HTTP/1.1 200 OK
Content-Length: 88
Content-Type: application/json; charset=utf-8
cache-control: no-cache

[DEBUG] Adding key: http://localhost:32429 for channel [id: 0x0eb7e6b0, L:/127.0.0.1:61556 - R:localhost/127.0.0.1:32429]
[DEBUG] Using pooled Channel '[id: 0x0eb7e6b0, L:/127.0.0.1:61556 - R:localhost/127.0.0.1:32429]' for 'POST' to 'http://localhost:32429/session/6c07b7a79ee53d75ff3513c15c2bb355/element/032e4444-f348-4a70-981b-34a060ddcc45/value'
[DEBUG] Using open Channel [id: 0x0eb7e6b0, L:/127.0.0.1:61556 - R:localhost/127.0.0.1:32429] for POST '/session/6c07b7a79ee53d75ff3513c15c2bb355/element/032e4444-f348-4a70-981b-34a060ddcc45/value'
[DEBUG] 

Request DefaultHttpRequest(decodeResult: success, version: HTTP/1.1)
POST /session/6c07b7a79ee53d75ff3513c15c2bb355/element/032e4444-f348-4a70-981b-34a060ddcc45/value HTTP/1.1
User-Agent: selenium/4.8.3 (java windows)
Content-Length: 361
Content-Type: application/json; charset=utf-8
host: localhost:32429
accept: */*

Response DefaultHttpResponse(decodeResult: success, version: HTTP/1.1)
HTTP/1.1 200 OK
Content-Length: 14
Content-Type: application/json; charset=utf-8
cache-control: no-cache

[DEBUG] Adding key: http://localhost:32429 for channel [id: 0x0eb7e6b0, L:/127.0.0.1:61556 - R:localhost/127.0.0.1:32429]
[DEBUG] Using pooled Channel '[id: 0x0eb7e6b0, L:/127.0.0.1:61556 - R:localhost/127.0.0.1:32429]' for 'POST' to 'http://localhost:32429/session/6c07b7a79ee53d75ff3513c15c2bb355/element'
[DEBUG] Using open Channel [id: 0x0eb7e6b0, L:/127.0.0.1:61556 - R:localhost/127.0.0.1:32429] for POST '/session/6c07b7a79ee53d75ff3513c15c2bb355/element'
[DEBUG] 

Request DefaultHttpRequest(decodeResult: success, version: HTTP/1.1)
POST /session/6c07b7a79ee53d75ff3513c15c2bb355/element HTTP/1.1
User-Agent: selenium/4.8.3 (java windows)
Content-Length: 53
Content-Type: application/json; charset=utf-8
host: localhost:32429
accept: */*

Response DefaultHttpResponse(decodeResult: success, version: HTTP/1.1)
HTTP/1.1 200 OK
Content-Length: 88
Content-Type: application/json; charset=utf-8
cache-control: no-cache

[DEBUG] Adding key: http://localhost:32429 for channel [id: 0x0eb7e6b0, L:/127.0.0.1:61556 - R:localhost/127.0.0.1:32429]
[DEBUG] Using pooled Channel '[id: 0x0eb7e6b0, L:/127.0.0.1:61556 - R:localhost/127.0.0.1:32429]' for 'POST' to 'http://localhost:32429/session/6c07b7a79ee53d75ff3513c15c2bb355/element/29b6999d-f8d7-4749-a9b6-bbd1224ad194/value'
[DEBUG] Using open Channel [id: 0x0eb7e6b0, L:/127.0.0.1:61556 - R:localhost/127.0.0.1:32429] for POST '/session/6c07b7a79ee53d75ff3513c15c2bb355/element/29b6999d-f8d7-4749-a9b6-bbd1224ad194/value'
[DEBUG] 

Request DefaultHttpRequest(decodeResult: success, version: HTTP/1.1)
POST /session/6c07b7a79ee53d75ff3513c15c2bb355/element/29b6999d-f8d7-4749-a9b6-bbd1224ad194/value HTTP/1.1
User-Agent: selenium/4.8.3 (java windows)
Content-Length: 201
Content-Type: application/json; charset=utf-8
host: localhost:32429
accept: */*

Response DefaultHttpResponse(decodeResult: success, version: HTTP/1.1)
HTTP/1.1 200 OK
Content-Length: 14
Content-Type: application/json; charset=utf-8
cache-control: no-cache

[DEBUG] Adding key: http://localhost:32429 for channel [id: 0x0eb7e6b0, L:/127.0.0.1:61556 - R:localhost/127.0.0.1:32429]
[DEBUG] Using pooled Channel '[id: 0x0eb7e6b0, L:/127.0.0.1:61556 - R:localhost/127.0.0.1:32429]' for 'POST' to 'http://localhost:32429/session/6c07b7a79ee53d75ff3513c15c2bb355/element'
[DEBUG] Using open Channel [id: 0x0eb7e6b0, L:/127.0.0.1:61556 - R:localhost/127.0.0.1:32429] for POST '/session/6c07b7a79ee53d75ff3513c15c2bb355/element'
[DEBUG] 

Request DefaultHttpRequest(decodeResult: success, version: HTTP/1.1)
POST /session/6c07b7a79ee53d75ff3513c15c2bb355/element HTTP/1.1
User-Agent: selenium/4.8.3 (java windows)
Content-Length: 54
Content-Type: application/json; charset=utf-8
host: localhost:32429
accept: */*

Response DefaultHttpResponse(decodeResult: success, version: HTTP/1.1)
HTTP/1.1 200 OK
Content-Length: 88
Content-Type: application/json; charset=utf-8
cache-control: no-cache

[DEBUG] Adding key: http://localhost:32429 for channel [id: 0x0eb7e6b0, L:/127.0.0.1:61556 - R:localhost/127.0.0.1:32429]
[DEBUG] Using pooled Channel '[id: 0x0eb7e6b0, L:/127.0.0.1:61556 - R:localhost/127.0.0.1:32429]' for 'POST' to 'http://localhost:32429/session/6c07b7a79ee53d75ff3513c15c2bb355/element/7158c3d1-7628-444c-84dd-a41a88de9267/click'
[DEBUG] Using open Channel [id: 0x0eb7e6b0, L:/127.0.0.1:61556 - R:localhost/127.0.0.1:32429] for POST '/session/6c07b7a79ee53d75ff3513c15c2bb355/element/7158c3d1-7628-444c-84dd-a41a88de9267/click'
[DEBUG] Entry count for : http://localhost:61557 : 1
[DEBUG] Entry count for : http://localhost:29851 : 1
[DEBUG] Entry count for : http://localhost:61557 : 1
[DEBUG] Entry count for : http://localhost:29851 : 1
[DEBUG] Entry count for : http://localhost:61557 : 1
[DEBUG] Entry count for : http://localhost:29851 : 1
[DEBUG] Entry count for : http://localhost:61557 : 1
[DEBUG] Entry count for : http://localhost:29851 : 1
[DEBUG] Entry count for : http://localhost:61557 : 1
[DEBUG] Entry count for : http://localhost:29851 : 1
[DEBUG] Entry count for : http://localhost:61557 : 1
[DEBUG] Entry count for : http://localhost:29851 : 1
[DEBUG] 

Request DefaultHttpRequest(decodeResult: success, version: HTTP/1.1)
POST /session/6c07b7a79ee53d75ff3513c15c2bb355/element/7158c3d1-7628-444c-84dd-a41a88de9267/click HTTP/1.1
User-Agent: selenium/4.8.3 (java windows)
Content-Length: 50
Content-Type: application/json; charset=utf-8
host: localhost:32429
accept: */*

Response DefaultHttpResponse(decodeResult: success, version: HTTP/1.1)
HTTP/1.1 200 OK
Content-Length: 14
Content-Type: application/json; charset=utf-8
cache-control: no-cache

[DEBUG] Adding key: http://localhost:32429 for channel [id: 0x0eb7e6b0, L:/127.0.0.1:61556 - R:localhost/127.0.0.1:32429]
[DEBUG] Using pooled Channel '[id: 0x0eb7e6b0, L:/127.0.0.1:61556 - R:localhost/127.0.0.1:32429]' for 'POST' to 'http://localhost:32429/session/6c07b7a79ee53d75ff3513c15c2bb355/element'
[DEBUG] Using open Channel [id: 0x0eb7e6b0, L:/127.0.0.1:61556 - R:localhost/127.0.0.1:32429] for POST '/session/6c07b7a79ee53d75ff3513c15c2bb355/element'
[DEBUG] 

Request DefaultHttpRequest(decodeResult: success, version: HTTP/1.1)
POST /session/6c07b7a79ee53d75ff3513c15c2bb355/element HTTP/1.1
User-Agent: selenium/4.8.3 (java windows)
Content-Length: 54
Content-Type: application/json; charset=utf-8
host: localhost:32429
accept: */*

Response DefaultHttpResponse(decodeResult: success, version: HTTP/1.1)
HTTP/1.1 200 OK
Content-Length: 88
Content-Type: application/json; charset=utf-8
cache-control: no-cache

[DEBUG] Adding key: http://localhost:32429 for channel [id: 0x0eb7e6b0, L:/127.0.0.1:61556 - R:localhost/127.0.0.1:32429]
[DEBUG] Using pooled Channel '[id: 0x0eb7e6b0, L:/127.0.0.1:61556 - R:localhost/127.0.0.1:32429]' for 'POST' to 'http://localhost:32429/session/6c07b7a79ee53d75ff3513c15c2bb355/element/1f25b2de-6e08-479f-a122-5805944bc052/click'
[DEBUG] Using open Channel [id: 0x0eb7e6b0, L:/127.0.0.1:61556 - R:localhost/127.0.0.1:32429] for POST '/session/6c07b7a79ee53d75ff3513c15c2bb355/element/1f25b2de-6e08-479f-a122-5805944bc052/click'
[DEBUG] Entry count for : http://localhost:61557 : 1
[DEBUG] Entry count for : http://localhost:29851 : 1
[DEBUG] Entry count for : http://localhost:61557 : 1
[DEBUG] Entry count for : http://localhost:29851 : 1
[DEBUG] Entry count for : http://localhost:61557 : 1
[DEBUG] Entry count for : http://localhost:29851 : 1
[DEBUG] Adding Candidate expired Channel [id: 0xa4317bf2, L:/127.0.0.1:60919 - R:localhost/127.0.0.1:29851] isIdleTimeoutExpired=true isRemotelyClosed=false isTtlExpired=false
[DEBUG] Closing Idle Channel [id: 0xa4317bf2, L:/127.0.0.1:60919 - R:localhost/127.0.0.1:29851]
[DEBUG] Closed 1 connections out of 2 in 0 ms
[DEBUG] Channel Closed: [id: 0xa4317bf2, L:/127.0.0.1:60919 ! R:localhost/127.0.0.1:29851] with attribute DISCARD
[DEBUG] 

Request DefaultHttpRequest(decodeResult: success, version: HTTP/1.1)
POST /session/6c07b7a79ee53d75ff3513c15c2bb355/element/1f25b2de-6e08-479f-a122-5805944bc052/click HTTP/1.1
User-Agent: selenium/4.8.3 (java windows)
Content-Length: 50
Content-Type: application/json; charset=utf-8
host: localhost:32429
accept: */*

Response DefaultHttpResponse(decodeResult: success, version: HTTP/1.1)
HTTP/1.1 200 OK
Content-Length: 14
Content-Type: application/json; charset=utf-8
cache-control: no-cache

[DEBUG] Adding key: http://localhost:32429 for channel [id: 0x0eb7e6b0, L:/127.0.0.1:61556 - R:localhost/127.0.0.1:32429]
[DEBUG] Using pooled Channel '[id: 0x0eb7e6b0, L:/127.0.0.1:61556 - R:localhost/127.0.0.1:32429]' for 'POST' to 'http://localhost:32429/session/6c07b7a79ee53d75ff3513c15c2bb355/element'
[DEBUG] Using open Channel [id: 0x0eb7e6b0, L:/127.0.0.1:61556 - R:localhost/127.0.0.1:32429] for POST '/session/6c07b7a79ee53d75ff3513c15c2bb355/element'
[DEBUG] 

Request DefaultHttpRequest(decodeResult: success, version: HTTP/1.1)
POST /session/6c07b7a79ee53d75ff3513c15c2bb355/element HTTP/1.1
User-Agent: selenium/4.8.3 (java windows)
Content-Length: 52
Content-Type: application/json; charset=utf-8
host: localhost:32429
accept: */*

Response DefaultHttpResponse(decodeResult: success, version: HTTP/1.1)
HTTP/1.1 200 OK
Content-Length: 88
Content-Type: application/json; charset=utf-8
cache-control: no-cache

[DEBUG] Adding key: http://localhost:32429 for channel [id: 0x0eb7e6b0, L:/127.0.0.1:61556 - R:localhost/127.0.0.1:32429]
[DEBUG] Using pooled Channel '[id: 0x0eb7e6b0, L:/127.0.0.1:61556 - R:localhost/127.0.0.1:32429]' for 'POST' to 'http://localhost:32429/session/6c07b7a79ee53d75ff3513c15c2bb355/element/893b8082-bddc-4f45-b871-48e90b24e010/click'
[DEBUG] Using open Channel [id: 0x0eb7e6b0, L:/127.0.0.1:61556 - R:localhost/127.0.0.1:32429] for POST '/session/6c07b7a79ee53d75ff3513c15c2bb355/element/893b8082-bddc-4f45-b871-48e90b24e010/click'
[DEBUG] Entry count for : http://localhost:61557 : 1
[DEBUG] Entry count for : http://localhost:61557 : 1
[DEBUG] 

Request DefaultHttpRequest(decodeResult: success, version: HTTP/1.1)
POST /session/6c07b7a79ee53d75ff3513c15c2bb355/element/893b8082-bddc-4f45-b871-48e90b24e010/click HTTP/1.1
User-Agent: selenium/4.8.3 (java windows)
Content-Length: 50
Content-Type: application/json; charset=utf-8
host: localhost:32429
accept: */*

Response DefaultHttpResponse(decodeResult: success, version: HTTP/1.1)
HTTP/1.1 200 OK
Content-Length: 14
Content-Type: application/json; charset=utf-8
cache-control: no-cache

[DEBUG] Adding key: http://localhost:32429 for channel [id: 0x0eb7e6b0, L:/127.0.0.1:61556 - R:localhost/127.0.0.1:32429]
[DEBUG] Using pooled Channel '[id: 0x0eb7e6b0, L:/127.0.0.1:61556 - R:localhost/127.0.0.1:32429]' for 'POST' to 'http://localhost:32429/session/6c07b7a79ee53d75ff3513c15c2bb355/element'
[DEBUG] Using open Channel [id: 0x0eb7e6b0, L:/127.0.0.1:61556 - R:localhost/127.0.0.1:32429] for POST '/session/6c07b7a79ee53d75ff3513c15c2bb355/element'
[DEBUG] 

Request DefaultHttpRequest(decodeResult: success, version: HTTP/1.1)
POST /session/6c07b7a79ee53d75ff3513c15c2bb355/element HTTP/1.1
User-Agent: selenium/4.8.3 (java windows)
Content-Length: 59
Content-Type: application/json; charset=utf-8
host: localhost:32429
accept: */*

Response DefaultHttpResponse(decodeResult: success, version: HTTP/1.1)
HTTP/1.1 200 OK
Content-Length: 88
Content-Type: application/json; charset=utf-8
cache-control: no-cache

[DEBUG] Adding key: http://localhost:32429 for channel [id: 0x0eb7e6b0, L:/127.0.0.1:61556 - R:localhost/127.0.0.1:32429]
[DEBUG] Using pooled Channel '[id: 0x0eb7e6b0, L:/127.0.0.1:61556 - R:localhost/127.0.0.1:32429]' for 'POST' to 'http://localhost:32429/session/6c07b7a79ee53d75ff3513c15c2bb355/element/698917f8-06bb-4846-99bf-5e22fbf82c84/click'
[DEBUG] Using open Channel [id: 0x0eb7e6b0, L:/127.0.0.1:61556 - R:localhost/127.0.0.1:32429] for POST '/session/6c07b7a79ee53d75ff3513c15c2bb355/element/698917f8-06bb-4846-99bf-5e22fbf82c84/click'
[DEBUG] Entry count for : http://localhost:61557 : 1
[DEBUG] Entry count for : http://localhost:61557 : 1
[DEBUG] Entry count for : http://localhost:61557 : 1
[DEBUG] 

Request DefaultHttpRequest(decodeResult: success, version: HTTP/1.1)
POST /session/6c07b7a79ee53d75ff3513c15c2bb355/element/698917f8-06bb-4846-99bf-5e22fbf82c84/click HTTP/1.1
User-Agent: selenium/4.8.3 (java windows)
Content-Length: 50
Content-Type: application/json; charset=utf-8
host: localhost:32429
accept: */*

Response DefaultHttpResponse(decodeResult: success, version: HTTP/1.1)
HTTP/1.1 200 OK
Content-Length: 14
Content-Type: application/json; charset=utf-8
cache-control: no-cache

[DEBUG] Adding key: http://localhost:32429 for channel [id: 0x0eb7e6b0, L:/127.0.0.1:61556 - R:localhost/127.0.0.1:32429]
understandingWebElementsRediffLoginpassed
]]></system-out>
    <system-err><![CDATA[Starting ChromeDriver 112.0.5615.49 (bd2a7bcb881c11e8cfe3078709382934e3916914-refs/branch-heads/5615@{#936}) on port 32429
Only local connections are allowed.
Please see https://chromedriver.chromium.org/security-considerations for suggestions on keeping ChromeDriver safe.
ChromeDriver was started successfully.
Apr 25, 2023 9:18:03 AM org.openqa.selenium.devtools.CdpVersionFinder findNearestMatch
WARNING: Unable to find an exact match for CDP version 112, so returning the closest version found: 111
]]></system-err>
  </testcase>
  <testcase name="tutorialsNinjaLogin" classname="com.automationcode_8th_April_2023.Reading_From_Properties_File" time="7.194">
    <system-out><![CDATA[tutorialsNinjaLoginstarting test
[DEBUG] Using new Channel '[id: 0xb1823989, L:/127.0.0.1:61804 - R:localhost/127.0.0.1:42896]' for 'POST' to '/session'
[DEBUG] Entry count for : http://localhost:61557 : 1
[DEBUG] Entry count for : http://localhost:32429 : 1
[DEBUG] 

Request DefaultHttpRequest(decodeResult: success, version: HTTP/1.1)
POST /session HTTP/1.1
User-Agent: selenium/4.8.3 (java windows)
Content-Length: 439
Content-Type: application/json; charset=utf-8
host: localhost:42896
accept: */*

Response DefaultHttpResponse(decodeResult: success, version: HTTP/1.1)
HTTP/1.1 200 OK
Content-Length: 861
Content-Type: application/json; charset=utf-8
cache-control: no-cache

[DEBUG] Adding key: http://localhost:42896 for channel [id: 0xb1823989, L:/127.0.0.1:61804 - R:localhost/127.0.0.1:42896]
[DEBUG] Using new Channel '[id: 0x038b1206, L:/127.0.0.1:61810 - R:localhost/127.0.0.1:61805]' for 'GET' to '/json/version'
[DEBUG] 

Request DefaultFullHttpRequest(decodeResult: success, version: HTTP/1.1, content: EmptyByteBufBE)
GET /json/version HTTP/1.1
User-Agent: selenium/4.8.3 (java windows)
host: localhost:61805
accept: */*

Response DefaultHttpResponse(decodeResult: success, version: HTTP/1.1)
HTTP/1.1 200 OK
Content-Security-Policy: frame-ancestors 'none'
Content-Length: 424
Content-Type: application/json; charset=UTF-8

[DEBUG] Adding key: http://localhost:61805 for channel [id: 0x038b1206, L:/127.0.0.1:61810 - R:localhost/127.0.0.1:61805]
[DEBUG] Using new Channel '[id: 0xf7a0536e, L:/127.0.0.1:61811 - R:localhost/127.0.0.1:61805]' for 'GET' to '/devtools/browser/cec28fbf-7087-4e88-868a-fdea5fb5a648'
[DEBUG] 

Request DefaultFullHttpRequest(decodeResult: success, version: HTTP/1.1, content: EmptyByteBufBE)
GET /devtools/browser/cec28fbf-7087-4e88-868a-fdea5fb5a648 HTTP/1.1
upgrade: websocket
connection: upgrade
sec-websocket-key: 4PH4bdrmBR0dSPlycr/10g==
sec-websocket-version: 13
origin: http://localhost:61805
host: localhost:61805
accept: */*
user-agent: AHC/2.1

Response DefaultHttpResponse(decodeResult: success, version: HTTP/1.1)
HTTP/1.1 101 WebSocket Protocol Handshake
Upgrade: WebSocket
Connection: Upgrade
Sec-WebSocket-Accept: DaXMw4gjPWALiR2WOWe29BMwo24=

[DEBUG] Using pooled Channel '[id: 0xb1823989, L:/127.0.0.1:61804 - R:localhost/127.0.0.1:42896]' for 'POST' to 'http://localhost:42896/session/b21e53169807d4b7379f9f0de4008366/window/maximize'
[DEBUG] Using open Channel [id: 0xb1823989, L:/127.0.0.1:61804 - R:localhost/127.0.0.1:42896] for POST '/session/b21e53169807d4b7379f9f0de4008366/window/maximize'
[DEBUG] 

Request DefaultHttpRequest(decodeResult: success, version: HTTP/1.1)
POST /session/b21e53169807d4b7379f9f0de4008366/window/maximize HTTP/1.1
User-Agent: selenium/4.8.3 (java windows)
Content-Length: 3
Content-Type: application/json; charset=utf-8
host: localhost:42896
accept: */*

Response DefaultHttpResponse(decodeResult: success, version: HTTP/1.1)
HTTP/1.1 200 OK
Content-Length: 51
Content-Type: application/json; charset=utf-8
cache-control: no-cache

[DEBUG] Adding key: http://localhost:42896 for channel [id: 0xb1823989, L:/127.0.0.1:61804 - R:localhost/127.0.0.1:42896]
The common path which can be universal is : C:\Users\Dennis\eclipse-workspace\ADVANCED_MAVEN_PROJECT
[DEBUG] Using pooled Channel '[id: 0xb1823989, L:/127.0.0.1:61804 - R:localhost/127.0.0.1:42896]' for 'POST' to 'http://localhost:42896/session/b21e53169807d4b7379f9f0de4008366/url'
[DEBUG] Using open Channel [id: 0xb1823989, L:/127.0.0.1:61804 - R:localhost/127.0.0.1:42896] for POST '/session/b21e53169807d4b7379f9f0de4008366/url'
[DEBUG] Entry count for : http://localhost:61805 : 1
[DEBUG] Entry count for : http://localhost:61557 : 1
[DEBUG] Entry count for : http://localhost:32429 : 1
[DEBUG] Entry count for : http://localhost:61805 : 1
[DEBUG] Entry count for : http://localhost:61557 : 1
[DEBUG] Entry count for : http://localhost:32429 : 1
[DEBUG] Entry count for : http://localhost:61805 : 1
[DEBUG] Entry count for : http://localhost:61557 : 1
[DEBUG] Entry count for : http://localhost:32429 : 1
[DEBUG] Entry count for : http://localhost:61805 : 1
[DEBUG] Entry count for : http://localhost:61557 : 1
[DEBUG] Entry count for : http://localhost:32429 : 1
[DEBUG] 

Request DefaultHttpRequest(decodeResult: success, version: HTTP/1.1)
POST /session/b21e53169807d4b7379f9f0de4008366/url HTTP/1.1
User-Agent: selenium/4.8.3 (java windows)
Content-Length: 60
Content-Type: application/json; charset=utf-8
host: localhost:42896
accept: */*

Response DefaultHttpResponse(decodeResult: success, version: HTTP/1.1)
HTTP/1.1 200 OK
Content-Length: 14
Content-Type: application/json; charset=utf-8
cache-control: no-cache

[DEBUG] Adding key: http://localhost:42896 for channel [id: 0xb1823989, L:/127.0.0.1:61804 - R:localhost/127.0.0.1:42896]
[DEBUG] Using pooled Channel '[id: 0xb1823989, L:/127.0.0.1:61804 - R:localhost/127.0.0.1:42896]' for 'POST' to 'http://localhost:42896/session/b21e53169807d4b7379f9f0de4008366/element'
[DEBUG] Using open Channel [id: 0xb1823989, L:/127.0.0.1:61804 - R:localhost/127.0.0.1:42896] for POST '/session/b21e53169807d4b7379f9f0de4008366/element'
[DEBUG] 

Request DefaultHttpRequest(decodeResult: success, version: HTTP/1.1)
POST /session/b21e53169807d4b7379f9f0de4008366/element HTTP/1.1
User-Agent: selenium/4.8.3 (java windows)
Content-Length: 51
Content-Type: application/json; charset=utf-8
host: localhost:42896
accept: */*

Response DefaultHttpResponse(decodeResult: success, version: HTTP/1.1)
HTTP/1.1 200 OK
Content-Length: 88
Content-Type: application/json; charset=utf-8
cache-control: no-cache

[DEBUG] Adding key: http://localhost:42896 for channel [id: 0xb1823989, L:/127.0.0.1:61804 - R:localhost/127.0.0.1:42896]
[DEBUG] Using pooled Channel '[id: 0xb1823989, L:/127.0.0.1:61804 - R:localhost/127.0.0.1:42896]' for 'POST' to 'http://localhost:42896/session/b21e53169807d4b7379f9f0de4008366/element/626c7cba-9850-4778-965d-642c0757318d/click'
[DEBUG] Using open Channel [id: 0xb1823989, L:/127.0.0.1:61804 - R:localhost/127.0.0.1:42896] for POST '/session/b21e53169807d4b7379f9f0de4008366/element/626c7cba-9850-4778-965d-642c0757318d/click'
[DEBUG] 

Request DefaultHttpRequest(decodeResult: success, version: HTTP/1.1)
POST /session/b21e53169807d4b7379f9f0de4008366/element/626c7cba-9850-4778-965d-642c0757318d/click HTTP/1.1
User-Agent: selenium/4.8.3 (java windows)
Content-Length: 50
Content-Type: application/json; charset=utf-8
host: localhost:42896
accept: */*

Response DefaultHttpResponse(decodeResult: success, version: HTTP/1.1)
HTTP/1.1 200 OK
Content-Length: 14
Content-Type: application/json; charset=utf-8
cache-control: no-cache

[DEBUG] Adding key: http://localhost:42896 for channel [id: 0xb1823989, L:/127.0.0.1:61804 - R:localhost/127.0.0.1:42896]
[DEBUG] Using pooled Channel '[id: 0xb1823989, L:/127.0.0.1:61804 - R:localhost/127.0.0.1:42896]' for 'POST' to 'http://localhost:42896/session/b21e53169807d4b7379f9f0de4008366/element'
[DEBUG] Using open Channel [id: 0xb1823989, L:/127.0.0.1:61804 - R:localhost/127.0.0.1:42896] for POST '/session/b21e53169807d4b7379f9f0de4008366/element'
[DEBUG] 

Request DefaultHttpRequest(decodeResult: success, version: HTTP/1.1)
POST /session/b21e53169807d4b7379f9f0de4008366/element HTTP/1.1
User-Agent: selenium/4.8.3 (java windows)
Content-Length: 46
Content-Type: application/json; charset=utf-8
host: localhost:42896
accept: */*

Response DefaultHttpResponse(decodeResult: success, version: HTTP/1.1)
HTTP/1.1 200 OK
Content-Length: 88
Content-Type: application/json; charset=utf-8
cache-control: no-cache

[DEBUG] Adding key: http://localhost:42896 for channel [id: 0xb1823989, L:/127.0.0.1:61804 - R:localhost/127.0.0.1:42896]
[DEBUG] Using pooled Channel '[id: 0xb1823989, L:/127.0.0.1:61804 - R:localhost/127.0.0.1:42896]' for 'POST' to 'http://localhost:42896/session/b21e53169807d4b7379f9f0de4008366/element/16e46539-113d-4564-8abb-64b2c33c1e57/click'
[DEBUG] Using open Channel [id: 0xb1823989, L:/127.0.0.1:61804 - R:localhost/127.0.0.1:42896] for POST '/session/b21e53169807d4b7379f9f0de4008366/element/16e46539-113d-4564-8abb-64b2c33c1e57/click'
[DEBUG] Entry count for : http://localhost:61805 : 1
[DEBUG] Entry count for : http://localhost:61557 : 1
[DEBUG] Entry count for : http://localhost:32429 : 1
[DEBUG] 

Request DefaultHttpRequest(decodeResult: success, version: HTTP/1.1)
POST /session/b21e53169807d4b7379f9f0de4008366/element/16e46539-113d-4564-8abb-64b2c33c1e57/click HTTP/1.1
User-Agent: selenium/4.8.3 (java windows)
Content-Length: 50
Content-Type: application/json; charset=utf-8
host: localhost:42896
accept: */*

Response DefaultHttpResponse(decodeResult: success, version: HTTP/1.1)
HTTP/1.1 200 OK
Content-Length: 14
Content-Type: application/json; charset=utf-8
cache-control: no-cache

[DEBUG] Adding key: http://localhost:42896 for channel [id: 0xb1823989, L:/127.0.0.1:61804 - R:localhost/127.0.0.1:42896]
[DEBUG] Using pooled Channel '[id: 0xb1823989, L:/127.0.0.1:61804 - R:localhost/127.0.0.1:42896]' for 'POST' to 'http://localhost:42896/session/b21e53169807d4b7379f9f0de4008366/element'
[DEBUG] Using open Channel [id: 0xb1823989, L:/127.0.0.1:61804 - R:localhost/127.0.0.1:42896] for POST '/session/b21e53169807d4b7379f9f0de4008366/element'
[DEBUG] 

Request DefaultHttpRequest(decodeResult: success, version: HTTP/1.1)
POST /session/b21e53169807d4b7379f9f0de4008366/element HTTP/1.1
User-Agent: selenium/4.8.3 (java windows)
Content-Length: 58
Content-Type: application/json; charset=utf-8
host: localhost:42896
accept: */*

Response DefaultHttpResponse(decodeResult: success, version: HTTP/1.1)
HTTP/1.1 200 OK
Content-Length: 88
Content-Type: application/json; charset=utf-8
cache-control: no-cache

[DEBUG] Adding key: http://localhost:42896 for channel [id: 0xb1823989, L:/127.0.0.1:61804 - R:localhost/127.0.0.1:42896]
[DEBUG] Using pooled Channel '[id: 0xb1823989, L:/127.0.0.1:61804 - R:localhost/127.0.0.1:42896]' for 'POST' to 'http://localhost:42896/session/b21e53169807d4b7379f9f0de4008366/element/e3c79d66-1319-417f-ba28-b98a856a79ef/value'
[DEBUG] Using open Channel [id: 0xb1823989, L:/127.0.0.1:61804 - R:localhost/127.0.0.1:42896] for POST '/session/b21e53169807d4b7379f9f0de4008366/element/e3c79d66-1319-417f-ba28-b98a856a79ef/value'
[DEBUG] 

Request DefaultHttpRequest(decodeResult: success, version: HTTP/1.1)
POST /session/b21e53169807d4b7379f9f0de4008366/element/e3c79d66-1319-417f-ba28-b98a856a79ef/value HTTP/1.1
User-Agent: selenium/4.8.3 (java windows)
Content-Length: 361
Content-Type: application/json; charset=utf-8
host: localhost:42896
accept: */*

Response DefaultHttpResponse(decodeResult: success, version: HTTP/1.1)
HTTP/1.1 200 OK
Content-Length: 14
Content-Type: application/json; charset=utf-8
cache-control: no-cache

[DEBUG] Adding key: http://localhost:42896 for channel [id: 0xb1823989, L:/127.0.0.1:61804 - R:localhost/127.0.0.1:42896]
[DEBUG] Using pooled Channel '[id: 0xb1823989, L:/127.0.0.1:61804 - R:localhost/127.0.0.1:42896]' for 'POST' to 'http://localhost:42896/session/b21e53169807d4b7379f9f0de4008366/element'
[DEBUG] Using open Channel [id: 0xb1823989, L:/127.0.0.1:61804 - R:localhost/127.0.0.1:42896] for POST '/session/b21e53169807d4b7379f9f0de4008366/element'
[DEBUG] 

Request DefaultHttpRequest(decodeResult: success, version: HTTP/1.1)
POST /session/b21e53169807d4b7379f9f0de4008366/element HTTP/1.1
User-Agent: selenium/4.8.3 (java windows)
Content-Length: 61
Content-Type: application/json; charset=utf-8
host: localhost:42896
accept: */*

Response DefaultHttpResponse(decodeResult: success, version: HTTP/1.1)
HTTP/1.1 200 OK
Content-Length: 88
Content-Type: application/json; charset=utf-8
cache-control: no-cache

[DEBUG] Adding key: http://localhost:42896 for channel [id: 0xb1823989, L:/127.0.0.1:61804 - R:localhost/127.0.0.1:42896]
[DEBUG] Using pooled Channel '[id: 0xb1823989, L:/127.0.0.1:61804 - R:localhost/127.0.0.1:42896]' for 'POST' to 'http://localhost:42896/session/b21e53169807d4b7379f9f0de4008366/element/547a51b1-7427-4386-8f95-76ab3da50db8/value'
[DEBUG] Using open Channel [id: 0xb1823989, L:/127.0.0.1:61804 - R:localhost/127.0.0.1:42896] for POST '/session/b21e53169807d4b7379f9f0de4008366/element/547a51b1-7427-4386-8f95-76ab3da50db8/value'
[DEBUG] 

Request DefaultHttpRequest(decodeResult: success, version: HTTP/1.1)
POST /session/b21e53169807d4b7379f9f0de4008366/element/547a51b1-7427-4386-8f95-76ab3da50db8/value HTTP/1.1
User-Agent: selenium/4.8.3 (java windows)
Content-Length: 201
Content-Type: application/json; charset=utf-8
host: localhost:42896
accept: */*

Response DefaultHttpResponse(decodeResult: success, version: HTTP/1.1)
HTTP/1.1 200 OK
Content-Length: 14
Content-Type: application/json; charset=utf-8
cache-control: no-cache

[DEBUG] Adding key: http://localhost:42896 for channel [id: 0xb1823989, L:/127.0.0.1:61804 - R:localhost/127.0.0.1:42896]
[DEBUG] Using pooled Channel '[id: 0xb1823989, L:/127.0.0.1:61804 - R:localhost/127.0.0.1:42896]' for 'POST' to 'http://localhost:42896/session/b21e53169807d4b7379f9f0de4008366/element'
[DEBUG] Using open Channel [id: 0xb1823989, L:/127.0.0.1:61804 - R:localhost/127.0.0.1:42896] for POST '/session/b21e53169807d4b7379f9f0de4008366/element'
[DEBUG] 

Request DefaultHttpRequest(decodeResult: success, version: HTTP/1.1)
POST /session/b21e53169807d4b7379f9f0de4008366/element HTTP/1.1
User-Agent: selenium/4.8.3 (java windows)
Content-Length: 65
Content-Type: application/json; charset=utf-8
host: localhost:42896
accept: */*

Response DefaultHttpResponse(decodeResult: success, version: HTTP/1.1)
HTTP/1.1 200 OK
Content-Length: 88
Content-Type: application/json; charset=utf-8
cache-control: no-cache

[DEBUG] Adding key: http://localhost:42896 for channel [id: 0xb1823989, L:/127.0.0.1:61804 - R:localhost/127.0.0.1:42896]
[DEBUG] Using pooled Channel '[id: 0xb1823989, L:/127.0.0.1:61804 - R:localhost/127.0.0.1:42896]' for 'POST' to 'http://localhost:42896/session/b21e53169807d4b7379f9f0de4008366/element/55ac5206-3a6b-4e30-8738-b2d0b773835b/click'
[DEBUG] Using open Channel [id: 0xb1823989, L:/127.0.0.1:61804 - R:localhost/127.0.0.1:42896] for POST '/session/b21e53169807d4b7379f9f0de4008366/element/55ac5206-3a6b-4e30-8738-b2d0b773835b/click'
[DEBUG] 

Request DefaultHttpRequest(decodeResult: success, version: HTTP/1.1)
POST /session/b21e53169807d4b7379f9f0de4008366/element/55ac5206-3a6b-4e30-8738-b2d0b773835b/click HTTP/1.1
User-Agent: selenium/4.8.3 (java windows)
Content-Length: 50
Content-Type: application/json; charset=utf-8
host: localhost:42896
accept: */*

Response DefaultHttpResponse(decodeResult: success, version: HTTP/1.1)
HTTP/1.1 200 OK
Content-Length: 14
Content-Type: application/json; charset=utf-8
cache-control: no-cache

[DEBUG] Adding key: http://localhost:42896 for channel [id: 0xb1823989, L:/127.0.0.1:61804 - R:localhost/127.0.0.1:42896]
tutorialsNinjaLoginpassed
]]></system-out>
    <system-err><![CDATA[Starting ChromeDriver 112.0.5615.49 (bd2a7bcb881c11e8cfe3078709382934e3916914-refs/branch-heads/5615@{#936}) on port 42896
Only local connections are allowed.
Please see https://chromedriver.chromium.org/security-considerations for suggestions on keeping ChromeDriver safe.
ChromeDriver was started successfully.
Apr 25, 2023 9:18:25 AM org.openqa.selenium.devtools.CdpVersionFinder findNearestMatch
WARNING: Unable to find an exact match for CDP version 112, so returning the closest version found: 111
]]></system-err>
  </testcase>
  <testcase name="setup" classname="com.automationcode_19th_March_2023.IntroductionToXPaths" time="11.608">
    <failure message="unknown error: cannot determine loading status&#10;from no such window&#10;  (Session info: chrome=112.0.5615.138)&#10;Build info: version: &apos;4.8.3&apos;, revision: &apos;e5e76298c3&apos;&#10;System info: os.name: &apos;Windows 11&apos;, os.arch: &apos;amd64&apos;, os.version: &apos;10.0&apos;, java.version: &apos;1.8.0_351&apos;&#10;Driver info: org.openqa.selenium.chrome.ChromeDriver&#10;Command: [7db69010f9d74ba770d9880c4f5e3efd, get {url=https://rediff.com}]&#10;Capabilities {acceptInsecureCerts: false, browserName: chrome, browserVersion: 112.0.5615.138, chrome: {chromedriverVersion: 112.0.5615.49 (bd2a7bcb881c..., userDataDir: C:\Users\Dennis\AppData\Loc...}, goog:chromeOptions: {debuggerAddress: localhost:61827}, networkConnectionEnabled: false, pageLoadStrategy: normal, platformName: WINDOWS, proxy: Proxy(), se:cdp: ws://localhost:61827/devtoo..., se:cdpVersion: 112.0.5615.138, setWindowRect: true, strictFileInteractability: false, timeouts: {implicit: 0, pageLoad: 300000, script: 30000}, unhandledPromptBehavior: dismiss and notify, webauthn:extension:credBlob: true, webauthn:extension:largeBlob: true, webauthn:extension:minPinLength: true, webauthn:extension:prf: true, webauthn:virtualAuthenticators: true}&#10;Session ID: 7db69010f9d74ba770d9880c4f5e3efd" type="org.openqa.selenium.WebDriverException"><![CDATA[org.openqa.selenium.WebDriverException: 
unknown error: cannot determine loading status
from no such window
  (Session info: chrome=112.0.5615.138)
Build info: version: '4.8.3', revision: 'e5e76298c3'
System info: os.name: 'Windows 11', os.arch: 'amd64', os.version: '10.0', java.version: '1.8.0_351'
Driver info: org.openqa.selenium.chrome.ChromeDriver
Command: [7db69010f9d74ba770d9880c4f5e3efd, get {url=https://rediff.com}]
Capabilities {acceptInsecureCerts: false, browserName: chrome, browserVersion: 112.0.5615.138, chrome: {chromedriverVersion: 112.0.5615.49 (bd2a7bcb881c..., userDataDir: C:\Users\Dennis\AppData\Loc...}, goog:chromeOptions: {debuggerAddress: localhost:61827}, networkConnectionEnabled: false, pageLoadStrategy: normal, platformName: WINDOWS, proxy: Proxy(), se:cdp: ws://localhost:61827/devtoo..., se:cdpVersion: 112.0.5615.138, setWindowRect: true, strictFileInteractability: false, timeouts: {implicit: 0, pageLoad: 300000, script: 30000}, unhandledPromptBehavior: dismiss and notify, webauthn:extension:credBlob: true, webauthn:extension:largeBlob: true, webauthn:extension:minPinLength: true, webauthn:extension:prf: true, webauthn:virtualAuthenticators: true}
Session ID: 7db69010f9d74ba770d9880c4f5e3efd
	at sun.reflect.NativeConstructorAccessorImpl.newInstance0(Native Method)
	at sun.reflect.NativeConstructorAccessorImpl.newInstance(NativeConstructorAccessorImpl.java:62)
	at sun.reflect.DelegatingConstructorAccessorImpl.newInstance(DelegatingConstructorAccessorImpl.java:45)
	at java.lang.reflect.Constructor.newInstance(Constructor.java:423)
	at org.openqa.selenium.remote.codec.w3c.W3CHttpResponseCodec.createException(W3CHttpResponseCodec.java:200)
	at org.openqa.selenium.remote.codec.w3c.W3CHttpResponseCodec.decode(W3CHttpResponseCodec.java:133)
	at org.openqa.selenium.remote.codec.w3c.W3CHttpResponseCodec.decode(W3CHttpResponseCodec.java:53)
	at org.openqa.selenium.remote.HttpCommandExecutor.execute(HttpCommandExecutor.java:193)
	at org.openqa.selenium.remote.service.DriverCommandExecutor.invokeExecute(DriverCommandExecutor.java:183)
	at org.openqa.selenium.remote.service.DriverCommandExecutor.execute(DriverCommandExecutor.java:158)
	at org.openqa.selenium.remote.RemoteWebDriver.execute(RemoteWebDriver.java:543)
	at org.openqa.selenium.remote.RemoteWebDriver.get(RemoteWebDriver.java:297)
	at com.automationcode_19th_March_2023.IntroductionToXPaths.setup(IntroductionToXPaths.java:24)
	at sun.reflect.NativeMethodAccessorImpl.invoke0(Native Method)
	at sun.reflect.NativeMethodAccessorImpl.invoke(NativeMethodAccessorImpl.java:62)
	at sun.reflect.DelegatingMethodAccessorImpl.invoke(DelegatingMethodAccessorImpl.java:43)
	at java.lang.reflect.Method.invoke(Method.java:498)
	at org.testng.internal.MethodInvocationHelper.invokeMethod(MethodInvocationHelper.java:124)
	at org.testng.internal.MethodInvocationHelper.invokeMethodConsideringTimeout(MethodInvocationHelper.java:59)
	at org.testng.internal.Invoker.invokeConfigurationMethod(Invoker.java:458)
	at org.testng.internal.Invoker.invokeConfigurations(Invoker.java:222)
	at org.testng.internal.Invoker.invokeMethod(Invoker.java:523)
	at org.testng.internal.Invoker.invokeTestMethod(Invoker.java:719)
	at org.testng.internal.Invoker.invokeTestMethods(Invoker.java:989)
	at org.testng.internal.TestMethodWorker.invokeTestMethods(TestMethodWorker.java:125)
	at org.testng.internal.TestMethodWorker.run(TestMethodWorker.java:109)
	at org.testng.TestRunner.privateRun(TestRunner.java:648)
	at org.testng.TestRunner.run(TestRunner.java:505)
	at org.testng.SuiteRunner.runTest(SuiteRunner.java:455)
	at org.testng.SuiteRunner.runSequentially(SuiteRunner.java:450)
	at org.testng.SuiteRunner.privateRun(SuiteRunner.java:415)
	at org.testng.SuiteRunner.run(SuiteRunner.java:364)
	at org.testng.SuiteRunnerWorker.runSuite(SuiteRunnerWorker.java:52)
	at org.testng.SuiteRunnerWorker.run(SuiteRunnerWorker.java:84)
	at org.testng.TestNG.runSuitesSequentially(TestNG.java:1208)
	at org.testng.TestNG.runSuitesLocally(TestNG.java:1137)
	at org.testng.TestNG.runSuites(TestNG.java:1049)
	at org.testng.TestNG.run(TestNG.java:1017)
	at org.apache.maven.surefire.testng.TestNGExecutor.run(TestNGExecutor.java:324)
	at org.apache.maven.surefire.testng.TestNGXmlTestSuite.execute(TestNGXmlTestSuite.java:74)
	at org.apache.maven.surefire.testng.TestNGProvider.invoke(TestNGProvider.java:123)
	at org.apache.maven.surefire.booter.ForkedBooter.runSuitesInProcess(ForkedBooter.java:456)
	at org.apache.maven.surefire.booter.ForkedBooter.execute(ForkedBooter.java:169)
	at org.apache.maven.surefire.booter.ForkedBooter.run(ForkedBooter.java:595)
	at org.apache.maven.surefire.booter.ForkedBooter.main(ForkedBooter.java:581)
]]></failure>
    <system-out><![CDATA[[DEBUG] Channel Closed: [id: 0xf7a0536e, L:/127.0.0.1:61811 ! R:localhost/127.0.0.1:61805] with attribute NettyResponseFuture{currentRetry=0,
	isDone=1,
	isCancelled=0,
	asyncHandler=org.asynchttpclient.ws.WebSocketUpgradeHandler@73908d70,
	nettyRequest=org.asynchttpclient.netty.request.NettyRequest@2d6cef92,
	future=java.util.concurrent.CompletableFuture@350f4e4[Completed normally],
	uri=ws://localhost:61805/devtools/browser/cec28fbf-7087-4e88-868a-fdea5fb5a648,
	keepAlive=true,
	redirectCount=0,
	timeoutsHolder=null,
	inAuth=0,
	touch=1682428705246}
[DEBUG] Closing Channel [id: 0xf7a0536e, L:/127.0.0.1:61811 ! R:localhost/127.0.0.1:61805] 
[DEBUG] Using pooled Channel '[id: 0xb1823989, L:/127.0.0.1:61804 - R:localhost/127.0.0.1:42896]' for 'DELETE' to 'http://localhost:42896/session/b21e53169807d4b7379f9f0de4008366'
[DEBUG] Using open Channel [id: 0xb1823989, L:/127.0.0.1:61804 - R:localhost/127.0.0.1:42896] for DELETE '/session/b21e53169807d4b7379f9f0de4008366'
[DEBUG] Entry count for : http://localhost:61805 : 1
[DEBUG] Entry count for : http://localhost:61557 : 1
[DEBUG] Entry count for : http://localhost:32429 : 1
[DEBUG] Unexpected I/O exception on channel [id: 0x038b1206, L:/127.0.0.1:61810 - R:localhost/127.0.0.1:61805]
java.io.IOException: An existing connection was forcibly closed by the remote host
	at sun.nio.ch.SocketDispatcher.read0(Native Method) ~[na:1.8.0_351]
	at sun.nio.ch.SocketDispatcher.read(SocketDispatcher.java:43) ~[na:1.8.0_351]
	at sun.nio.ch.IOUtil.readIntoNativeBuffer(IOUtil.java:223) ~[na:1.8.0_351]
	at sun.nio.ch.IOUtil.read(IOUtil.java:192) ~[na:1.8.0_351]
	at sun.nio.ch.SocketChannelImpl.read(SocketChannelImpl.java:378) ~[na:1.8.0_351]
	at io.netty.buffer.PooledByteBuf.setBytes(PooledByteBuf.java:256) ~[netty-buffer-4.1.90.Final.jar:4.1.90.Final]
	at io.netty.buffer.AbstractByteBuf.writeBytes(AbstractByteBuf.java:1132) ~[netty-buffer-4.1.90.Final.jar:4.1.90.Final]
	at io.netty.channel.socket.nio.NioSocketChannel.doReadBytes(NioSocketChannel.java:357) ~[netty-transport-4.1.90.Final.jar:4.1.90.Final]
	at io.netty.channel.nio.AbstractNioByteChannel$NioByteUnsafe.read(AbstractNioByteChannel.java:151) ~[netty-transport-4.1.90.Final.jar:4.1.90.Final]
	at io.netty.channel.nio.NioEventLoop.processSelectedKey(NioEventLoop.java:788) [netty-transport-4.1.90.Final.jar:4.1.90.Final]
	at io.netty.channel.nio.NioEventLoop.processSelectedKeysOptimized(NioEventLoop.java:724) [netty-transport-4.1.90.Final.jar:4.1.90.Final]
	at io.netty.channel.nio.NioEventLoop.processSelectedKeys(NioEventLoop.java:650) [netty-transport-4.1.90.Final.jar:4.1.90.Final]
	at io.netty.channel.nio.NioEventLoop.run(NioEventLoop.java:562) [netty-transport-4.1.90.Final.jar:4.1.90.Final]
	at io.netty.util.concurrent.SingleThreadEventExecutor$4.run(SingleThreadEventExecutor.java:997) [netty-common-4.1.90.Final.jar:4.1.90.Final]
	at io.netty.util.internal.ThreadExecutorMap$2.run(ThreadExecutorMap.java:74) [netty-common-4.1.90.Final.jar:4.1.90.Final]
	at io.netty.util.concurrent.FastThreadLocalRunnable.run(FastThreadLocalRunnable.java:30) [netty-common-4.1.90.Final.jar:4.1.90.Final]
	at java.lang.Thread.run(Thread.java:750) [na:1.8.0_351]
[DEBUG] Closing Channel [id: 0x038b1206, L:/127.0.0.1:61810 - R:localhost/127.0.0.1:61805] 
[DEBUG] Channel Closed: [id: 0x038b1206, L:/127.0.0.1:61810 ! R:localhost/127.0.0.1:61805] with attribute DISCARD
[DEBUG] 

Request DefaultFullHttpRequest(decodeResult: success, version: HTTP/1.1, content: EmptyByteBufBE)
DELETE /session/b21e53169807d4b7379f9f0de4008366 HTTP/1.1
User-Agent: selenium/4.8.3 (java windows)
Content-Type: application/json; charset=utf-8
host: localhost:42896
accept: */*

Response DefaultHttpResponse(decodeResult: success, version: HTTP/1.1)
HTTP/1.1 200 OK
Content-Length: 14
Content-Type: application/json; charset=utf-8
cache-control: no-cache

[DEBUG] Adding key: http://localhost:42896 for channel [id: 0xb1823989, L:/127.0.0.1:61804 - R:localhost/127.0.0.1:42896]
[DEBUG] Channel Closed: [id: 0xb1823989, L:/127.0.0.1:61804 ! R:localhost/127.0.0.1:42896] with attribute DISCARD
[DEBUG] Using new Channel '[id: 0xd0d69516, L:/127.0.0.1:61826 - R:localhost/127.0.0.1:41370]' for 'POST' to '/session'
[DEBUG] Entry count for : http://localhost:61805 : 1
[DEBUG] Entry count for : http://localhost:61557 : 1
[DEBUG] Entry count for : http://localhost:42896 : 1
[DEBUG] Entry count for : http://localhost:32429 : 1
[DEBUG] Adding Candidate expired Channel [id: 0x038b1206, L:/127.0.0.1:61810 ! R:localhost/127.0.0.1:61805] isIdleTimeoutExpired=false isRemotelyClosed=true isTtlExpired=false
[DEBUG] Closing Idle Channel [id: 0x038b1206, L:/127.0.0.1:61810 ! R:localhost/127.0.0.1:61805]
[DEBUG] Adding Candidate expired Channel [id: 0xb1823989, L:/127.0.0.1:61804 ! R:localhost/127.0.0.1:42896] isIdleTimeoutExpired=false isRemotelyClosed=true isTtlExpired=false
[DEBUG] Closing Idle Channel [id: 0xb1823989, L:/127.0.0.1:61804 ! R:localhost/127.0.0.1:42896]
[DEBUG] Closed 2 connections out of 4 in 0 ms
[DEBUG] 

Request DefaultHttpRequest(decodeResult: success, version: HTTP/1.1)
POST /session HTTP/1.1
User-Agent: selenium/4.8.3 (java windows)
Content-Length: 573
Content-Type: application/json; charset=utf-8
host: localhost:41370
accept: */*

Response DefaultHttpResponse(decodeResult: success, version: HTTP/1.1)
HTTP/1.1 200 OK
Content-Length: 861
Content-Type: application/json; charset=utf-8
cache-control: no-cache

[DEBUG] Adding key: http://localhost:41370 for channel [id: 0xd0d69516, L:/127.0.0.1:61826 - R:localhost/127.0.0.1:41370]
[DEBUG] Using new Channel '[id: 0x5977ef53, L:/127.0.0.1:61835 - R:localhost/127.0.0.1:61827]' for 'GET' to '/json/version'
[DEBUG] 

Request DefaultFullHttpRequest(decodeResult: success, version: HTTP/1.1, content: EmptyByteBufBE)
GET /json/version HTTP/1.1
User-Agent: selenium/4.8.3 (java windows)
host: localhost:61827
accept: */*

Response DefaultHttpResponse(decodeResult: success, version: HTTP/1.1)
HTTP/1.1 200 OK
Content-Security-Policy: frame-ancestors 'none'
Content-Length: 424
Content-Type: application/json; charset=UTF-8

[DEBUG] Adding key: http://localhost:61827 for channel [id: 0x5977ef53, L:/127.0.0.1:61835 - R:localhost/127.0.0.1:61827]
[DEBUG] Using new Channel '[id: 0xb96404ea, L:/127.0.0.1:61836 - R:localhost/127.0.0.1:61827]' for 'GET' to '/devtools/browser/84270675-9e28-4b2a-984e-11a61cb78d72'
[DEBUG] 

Request DefaultFullHttpRequest(decodeResult: success, version: HTTP/1.1, content: EmptyByteBufBE)
GET /devtools/browser/84270675-9e28-4b2a-984e-11a61cb78d72 HTTP/1.1
upgrade: websocket
connection: upgrade
sec-websocket-key: cqQIn3wABXC4Fdq5BMDUfA==
sec-websocket-version: 13
origin: http://localhost:61827
host: localhost:61827
accept: */*
user-agent: AHC/2.1

Response DefaultHttpResponse(decodeResult: success, version: HTTP/1.1)
HTTP/1.1 101 WebSocket Protocol Handshake
Upgrade: WebSocket
Connection: Upgrade
Sec-WebSocket-Accept: TTEADeY6U0YZPAHxesRN9BTej00=

[DEBUG] Using pooled Channel '[id: 0xd0d69516, L:/127.0.0.1:61826 - R:localhost/127.0.0.1:41370]' for 'POST' to 'http://localhost:41370/session/7db69010f9d74ba770d9880c4f5e3efd/url'
[DEBUG] Using open Channel [id: 0xd0d69516, L:/127.0.0.1:61826 - R:localhost/127.0.0.1:41370] for POST '/session/7db69010f9d74ba770d9880c4f5e3efd/url'
[DEBUG] Entry count for : http://localhost:61557 : 1
[DEBUG] Entry count for : http://localhost:32429 : 1
[DEBUG] Entry count for : http://localhost:61827 : 1
[DEBUG] Entry count for : http://localhost:61557 : 1
[DEBUG] Entry count for : http://localhost:32429 : 1
[DEBUG] Entry count for : http://localhost:61827 : 1
[DEBUG] 

Request DefaultHttpRequest(decodeResult: success, version: HTTP/1.1)
POST /session/7db69010f9d74ba770d9880c4f5e3efd/url HTTP/1.1
User-Agent: selenium/4.8.3 (java windows)
Content-Length: 43
Content-Type: application/json; charset=utf-8
host: localhost:41370
accept: */*

Response DefaultHttpResponse(decodeResult: success, version: HTTP/1.1)
HTTP/1.1 500 Internal Server Error
Content-Length: 1015
Content-Type: application/json; charset=utf-8
cache-control: no-cache

[DEBUG] Adding key: http://localhost:41370 for channel [id: 0xd0d69516, L:/127.0.0.1:61826 - R:localhost/127.0.0.1:41370]
]]></system-out>
    <system-err><![CDATA[Starting ChromeDriver 112.0.5615.49 (bd2a7bcb881c11e8cfe3078709382934e3916914-refs/branch-heads/5615@{#936}) on port 41370
Only local connections are allowed.
Please see https://chromedriver.chromium.org/security-considerations for suggestions on keeping ChromeDriver safe.
ChromeDriver was started successfully.
Apr 25, 2023 9:18:33 AM org.openqa.selenium.devtools.CdpVersionFinder findNearestMatch
WARNING: Unable to find an exact match for CDP version 112, so returning the closest version found: 111
]]></system-err>
  </testcase>
  <testcase name="setup" classname="com.automationcode_19th_March_2023.IntroductionToXPaths" time="0">
    <skipped/>
  </testcase>
  <testcase name="clickOnSignInLink" classname="com.automationcode_19th_March_2023.IntroductionToXPaths" time="0">
    <skipped message="unknown error: cannot determine loading status&#10;from no such window&#10;  (Session info: chrome=112.0.5615.138)&#10;Build info: version: &apos;4.8.3&apos;, revision: &apos;e5e76298c3&apos;&#10;System info: os.name: &apos;Windows 11&apos;, os.arch: &apos;amd64&apos;, os.version: &apos;10.0&apos;, java.version: &apos;1.8.0_351&apos;&#10;Driver info: org.openqa.selenium.chrome.ChromeDriver&#10;Command: [7db69010f9d74ba770d9880c4f5e3efd, get {url=https://rediff.com}]&#10;Capabilities {acceptInsecureCerts: false, browserName: chrome, browserVersion: 112.0.5615.138, chrome: {chromedriverVersion: 112.0.5615.49 (bd2a7bcb881c..., userDataDir: C:\Users\Dennis\AppData\Loc...}, goog:chromeOptions: {debuggerAddress: localhost:61827}, networkConnectionEnabled: false, pageLoadStrategy: normal, platformName: WINDOWS, proxy: Proxy(), se:cdp: ws://localhost:61827/devtoo..., se:cdpVersion: 112.0.5615.138, setWindowRect: true, strictFileInteractability: false, timeouts: {implicit: 0, pageLoad: 300000, script: 30000}, unhandledPromptBehavior: dismiss and notify, webauthn:extension:credBlob: true, webauthn:extension:largeBlob: true, webauthn:extension:minPinLength: true, webauthn:extension:prf: true, webauthn:virtualAuthenticators: true}&#10;Session ID: 7db69010f9d74ba770d9880c4f5e3efd"/>
    <system-out><![CDATA[clickOnSignInLinkskipped
]]></system-out>
  </testcase>
  <testcase name="tearDown" classname="com.automationcode_19th_March_2023.IntroductionToXPaths" time="0">
    <skipped/>
  </testcase>
  <testcase name="tearDown" classname="com.automationcode_19th_March_2023.IntroductionToXPaths" time="0">
    <skipped/>
  </testcase>
  <testcase name="enterLoginCredentials" classname="com.automationcode_19th_March_2023.IntroductionToXPaths" time="0">
    <skipped message="unknown error: cannot determine loading status&#10;from no such window&#10;  (Session info: chrome=112.0.5615.138)&#10;Build info: version: &apos;4.8.3&apos;, revision: &apos;e5e76298c3&apos;&#10;System info: os.name: &apos;Windows 11&apos;, os.arch: &apos;amd64&apos;, os.version: &apos;10.0&apos;, java.version: &apos;1.8.0_351&apos;&#10;Driver info: org.openqa.selenium.chrome.ChromeDriver&#10;Command: [7db69010f9d74ba770d9880c4f5e3efd, get {url=https://rediff.com}]&#10;Capabilities {acceptInsecureCerts: false, browserName: chrome, browserVersion: 112.0.5615.138, chrome: {chromedriverVersion: 112.0.5615.49 (bd2a7bcb881c..., userDataDir: C:\Users\Dennis\AppData\Loc...}, goog:chromeOptions: {debuggerAddress: localhost:61827}, networkConnectionEnabled: false, pageLoadStrategy: normal, platformName: WINDOWS, proxy: Proxy(), se:cdp: ws://localhost:61827/devtoo..., se:cdpVersion: 112.0.5615.138, setWindowRect: true, strictFileInteractability: false, timeouts: {implicit: 0, pageLoad: 300000, script: 30000}, unhandledPromptBehavior: dismiss and notify, webauthn:extension:credBlob: true, webauthn:extension:largeBlob: true, webauthn:extension:minPinLength: true, webauthn:extension:prf: true, webauthn:virtualAuthenticators: true}&#10;Session ID: 7db69010f9d74ba770d9880c4f5e3efd"/>
    <system-out><![CDATA[enterLoginCredentialsskipped
]]></system-out>
  </testcase>
  <testcase name="TutorialsNinjaRegister" classname="com.automationcode_8th_April_2023.TutorialsNinjaRegisterTest" time="7.575">
    <failure message="disconnected: received Inspector.detached event&#10;  (failed to check if window was closed: disconnected: Unable to receive message from renderer)&#10;  (Session info: chrome=112.0.5615.138)&#10;Build info: version: &apos;4.8.3&apos;, revision: &apos;e5e76298c3&apos;&#10;System info: os.name: &apos;Windows 11&apos;, os.arch: &apos;amd64&apos;, os.version: &apos;10.0&apos;, java.version: &apos;1.8.0_351&apos;&#10;Driver info: org.openqa.selenium.chrome.ChromeDriver&#10;Command: [c206e88c3c4fc79d745a459cd3950716, get {url=http://tutorialsninja.com/demo}]&#10;Capabilities {acceptInsecureCerts: false, browserName: chrome, browserVersion: 112.0.5615.138, chrome: {chromedriverVersion: 112.0.5615.49 (bd2a7bcb881c..., userDataDir: C:\Users\Dennis\AppData\Loc...}, goog:chromeOptions: {debuggerAddress: localhost:61847}, networkConnectionEnabled: false, pageLoadStrategy: normal, platformName: WINDOWS, proxy: Proxy(), se:cdp: ws://localhost:61847/devtoo..., se:cdpVersion: 112.0.5615.138, setWindowRect: true, strictFileInteractability: false, timeouts: {implicit: 0, pageLoad: 300000, script: 30000}, unhandledPromptBehavior: dismiss and notify, webauthn:extension:credBlob: true, webauthn:extension:largeBlob: true, webauthn:extension:minPinLength: true, webauthn:extension:prf: true, webauthn:virtualAuthenticators: true}&#10;Session ID: c206e88c3c4fc79d745a459cd3950716" type="org.openqa.selenium.WebDriverException"><![CDATA[org.openqa.selenium.WebDriverException: 
disconnected: received Inspector.detached event
  (failed to check if window was closed: disconnected: Unable to receive message from renderer)
  (Session info: chrome=112.0.5615.138)
Build info: version: '4.8.3', revision: 'e5e76298c3'
System info: os.name: 'Windows 11', os.arch: 'amd64', os.version: '10.0', java.version: '1.8.0_351'
Driver info: org.openqa.selenium.chrome.ChromeDriver
Command: [c206e88c3c4fc79d745a459cd3950716, get {url=http://tutorialsninja.com/demo}]
Capabilities {acceptInsecureCerts: false, browserName: chrome, browserVersion: 112.0.5615.138, chrome: {chromedriverVersion: 112.0.5615.49 (bd2a7bcb881c..., userDataDir: C:\Users\Dennis\AppData\Loc...}, goog:chromeOptions: {debuggerAddress: localhost:61847}, networkConnectionEnabled: false, pageLoadStrategy: normal, platformName: WINDOWS, proxy: Proxy(), se:cdp: ws://localhost:61847/devtoo..., se:cdpVersion: 112.0.5615.138, setWindowRect: true, strictFileInteractability: false, timeouts: {implicit: 0, pageLoad: 300000, script: 30000}, unhandledPromptBehavior: dismiss and notify, webauthn:extension:credBlob: true, webauthn:extension:largeBlob: true, webauthn:extension:minPinLength: true, webauthn:extension:prf: true, webauthn:virtualAuthenticators: true}
Session ID: c206e88c3c4fc79d745a459cd3950716
	at sun.reflect.NativeConstructorAccessorImpl.newInstance0(Native Method)
	at sun.reflect.NativeConstructorAccessorImpl.newInstance(NativeConstructorAccessorImpl.java:62)
	at sun.reflect.DelegatingConstructorAccessorImpl.newInstance(DelegatingConstructorAccessorImpl.java:45)
	at java.lang.reflect.Constructor.newInstance(Constructor.java:423)
	at org.openqa.selenium.remote.codec.w3c.W3CHttpResponseCodec.createException(W3CHttpResponseCodec.java:200)
	at org.openqa.selenium.remote.codec.w3c.W3CHttpResponseCodec.decode(W3CHttpResponseCodec.java:133)
	at org.openqa.selenium.remote.codec.w3c.W3CHttpResponseCodec.decode(W3CHttpResponseCodec.java:53)
	at org.openqa.selenium.remote.HttpCommandExecutor.execute(HttpCommandExecutor.java:193)
	at org.openqa.selenium.remote.service.DriverCommandExecutor.invokeExecute(DriverCommandExecutor.java:183)
	at org.openqa.selenium.remote.service.DriverCommandExecutor.execute(DriverCommandExecutor.java:158)
	at org.openqa.selenium.remote.RemoteWebDriver.execute(RemoteWebDriver.java:543)
	at org.openqa.selenium.remote.RemoteWebDriver.get(RemoteWebDriver.java:297)
	at com.automationcode_8th_April_2023.TutorialsNinjaRegisterTest.TutorialsNinjaRegister(TutorialsNinjaRegisterTest.java:17)
	at sun.reflect.NativeMethodAccessorImpl.invoke0(Native Method)
	at sun.reflect.NativeMethodAccessorImpl.invoke(NativeMethodAccessorImpl.java:62)
	at sun.reflect.DelegatingMethodAccessorImpl.invoke(DelegatingMethodAccessorImpl.java:43)
	at java.lang.reflect.Method.invoke(Method.java:498)
	at org.testng.internal.MethodInvocationHelper.invokeMethod(MethodInvocationHelper.java:124)
	at org.testng.internal.Invoker.invokeMethod(Invoker.java:583)
	at org.testng.internal.Invoker.invokeTestMethod(Invoker.java:719)
	at org.testng.internal.Invoker.invokeTestMethods(Invoker.java:989)
	at org.testng.internal.TestMethodWorker.invokeTestMethods(TestMethodWorker.java:125)
	at org.testng.internal.TestMethodWorker.run(TestMethodWorker.java:109)
	at org.testng.TestRunner.privateRun(TestRunner.java:648)
	at org.testng.TestRunner.run(TestRunner.java:505)
	at org.testng.SuiteRunner.runTest(SuiteRunner.java:455)
	at org.testng.SuiteRunner.runSequentially(SuiteRunner.java:450)
	at org.testng.SuiteRunner.privateRun(SuiteRunner.java:415)
	at org.testng.SuiteRunner.run(SuiteRunner.java:364)
	at org.testng.SuiteRunnerWorker.runSuite(SuiteRunnerWorker.java:52)
	at org.testng.SuiteRunnerWorker.run(SuiteRunnerWorker.java:84)
	at org.testng.TestNG.runSuitesSequentially(TestNG.java:1208)
	at org.testng.TestNG.runSuitesLocally(TestNG.java:1137)
	at org.testng.TestNG.runSuites(TestNG.java:1049)
	at org.testng.TestNG.run(TestNG.java:1017)
	at org.apache.maven.surefire.testng.TestNGExecutor.run(TestNGExecutor.java:324)
	at org.apache.maven.surefire.testng.TestNGXmlTestSuite.execute(TestNGXmlTestSuite.java:74)
	at org.apache.maven.surefire.testng.TestNGProvider.invoke(TestNGProvider.java:123)
	at org.apache.maven.surefire.booter.ForkedBooter.runSuitesInProcess(ForkedBooter.java:456)
	at org.apache.maven.surefire.booter.ForkedBooter.execute(ForkedBooter.java:169)
	at org.apache.maven.surefire.booter.ForkedBooter.run(ForkedBooter.java:595)
	at org.apache.maven.surefire.booter.ForkedBooter.main(ForkedBooter.java:581)
]]></failure>
    <system-out><![CDATA[TutorialsNinjaRegisterstarting test
[DEBUG] Entry count for : http://localhost:41370 : 1
[DEBUG] Entry count for : http://localhost:61557 : 1
[DEBUG] Entry count for : http://localhost:32429 : 1
[DEBUG] Entry count for : http://localhost:61827 : 1
[DEBUG] Using new Channel '[id: 0x8d4bf3c8, L:/127.0.0.1:61845 - R:localhost/127.0.0.1:25369]' for 'POST' to '/session'
[DEBUG] Entry count for : http://localhost:41370 : 1
[DEBUG] Entry count for : http://localhost:61557 : 1
[DEBUG] Entry count for : http://localhost:32429 : 1
[DEBUG] Entry count for : http://localhost:61827 : 1
[DEBUG] Entry count for : http://localhost:41370 : 1
[DEBUG] Entry count for : http://localhost:61557 : 1
[DEBUG] Entry count for : http://localhost:32429 : 1
[DEBUG] Entry count for : http://localhost:61827 : 1
[DEBUG] 

Request DefaultHttpRequest(decodeResult: success, version: HTTP/1.1)
POST /session HTTP/1.1
User-Agent: selenium/4.8.3 (java windows)
Content-Length: 439
Content-Type: application/json; charset=utf-8
host: localhost:25369
accept: */*

Response DefaultHttpResponse(decodeResult: success, version: HTTP/1.1)
HTTP/1.1 200 OK
Content-Length: 861
Content-Type: application/json; charset=utf-8
cache-control: no-cache

[DEBUG] Adding key: http://localhost:25369 for channel [id: 0x8d4bf3c8, L:/127.0.0.1:61845 - R:localhost/127.0.0.1:25369]
[DEBUG] Using new Channel '[id: 0xaee00d3d, L:/127.0.0.1:61854 - R:localhost/127.0.0.1:61847]' for 'GET' to '/json/version'
[DEBUG] 

Request DefaultFullHttpRequest(decodeResult: success, version: HTTP/1.1, content: EmptyByteBufBE)
GET /json/version HTTP/1.1
User-Agent: selenium/4.8.3 (java windows)
host: localhost:61847
accept: */*

Response DefaultHttpResponse(decodeResult: success, version: HTTP/1.1)
HTTP/1.1 200 OK
Content-Security-Policy: frame-ancestors 'none'
Content-Length: 424
Content-Type: application/json; charset=UTF-8

[DEBUG] Adding key: http://localhost:61847 for channel [id: 0xaee00d3d, L:/127.0.0.1:61854 - R:localhost/127.0.0.1:61847]
[DEBUG] Using new Channel '[id: 0xdc6fda9d, L:/127.0.0.1:61855 - R:localhost/127.0.0.1:61847]' for 'GET' to '/devtools/browser/0714b11c-982d-4ece-8b8c-7e819ab924ac'
[DEBUG] 

Request DefaultFullHttpRequest(decodeResult: success, version: HTTP/1.1, content: EmptyByteBufBE)
GET /devtools/browser/0714b11c-982d-4ece-8b8c-7e819ab924ac HTTP/1.1
upgrade: websocket
connection: upgrade
sec-websocket-key: yAw/zAHY3fyIdaxZo98pqw==
sec-websocket-version: 13
origin: http://localhost:61847
host: localhost:61847
accept: */*
user-agent: AHC/2.1

Response DefaultHttpResponse(decodeResult: success, version: HTTP/1.1)
HTTP/1.1 101 WebSocket Protocol Handshake
Upgrade: WebSocket
Connection: Upgrade
Sec-WebSocket-Accept: FlLynFTDJZBurqI/lPFD8Ile4Ak=

[DEBUG] Using pooled Channel '[id: 0x8d4bf3c8, L:/127.0.0.1:61845 - R:localhost/127.0.0.1:25369]' for 'POST' to 'http://localhost:25369/session/c206e88c3c4fc79d745a459cd3950716/window/maximize'
[DEBUG] Using open Channel [id: 0x8d4bf3c8, L:/127.0.0.1:61845 - R:localhost/127.0.0.1:25369] for POST '/session/c206e88c3c4fc79d745a459cd3950716/window/maximize'
[DEBUG] 

Request DefaultHttpRequest(decodeResult: success, version: HTTP/1.1)
POST /session/c206e88c3c4fc79d745a459cd3950716/window/maximize HTTP/1.1
User-Agent: selenium/4.8.3 (java windows)
Content-Length: 3
Content-Type: application/json; charset=utf-8
host: localhost:25369
accept: */*

Response DefaultHttpResponse(decodeResult: success, version: HTTP/1.1)
HTTP/1.1 200 OK
Content-Length: 51
Content-Type: application/json; charset=utf-8
cache-control: no-cache

[DEBUG] Adding key: http://localhost:25369 for channel [id: 0x8d4bf3c8, L:/127.0.0.1:61845 - R:localhost/127.0.0.1:25369]
[DEBUG] Using pooled Channel '[id: 0x8d4bf3c8, L:/127.0.0.1:61845 - R:localhost/127.0.0.1:25369]' for 'POST' to 'http://localhost:25369/session/c206e88c3c4fc79d745a459cd3950716/url'
[DEBUG] Using open Channel [id: 0x8d4bf3c8, L:/127.0.0.1:61845 - R:localhost/127.0.0.1:25369] for POST '/session/c206e88c3c4fc79d745a459cd3950716/url'
[DEBUG] Entry count for : http://localhost:41370 : 1
[DEBUG] Entry count for : http://localhost:61847 : 1
[DEBUG] Entry count for : http://localhost:61557 : 1
[DEBUG] Entry count for : http://localhost:32429 : 1
[DEBUG] Entry count for : http://localhost:61827 : 1
[DEBUG] Entry count for : http://localhost:41370 : 1
[DEBUG] Entry count for : http://localhost:61847 : 1
[DEBUG] Entry count for : http://localhost:61557 : 1
[DEBUG] Entry count for : http://localhost:32429 : 1
[DEBUG] Entry count for : http://localhost:61827 : 1
[DEBUG] Entry count for : http://localhost:41370 : 1
[DEBUG] Entry count for : http://localhost:61847 : 1
[DEBUG] Entry count for : http://localhost:61557 : 1
[DEBUG] Entry count for : http://localhost:32429 : 1
[DEBUG] Entry count for : http://localhost:61827 : 1
[DEBUG] Entry count for : http://localhost:41370 : 1
[DEBUG] Entry count for : http://localhost:61847 : 1
[DEBUG] Entry count for : http://localhost:61557 : 1
[DEBUG] Entry count for : http://localhost:32429 : 1
[DEBUG] Entry count for : http://localhost:61827 : 1
[DEBUG] Channel Closed: [id: 0xaee00d3d, L:/127.0.0.1:61854 ! R:localhost/127.0.0.1:61847] with attribute DISCARD
[DEBUG] Channel Closed: [id: 0xdc6fda9d, L:/127.0.0.1:61855 ! R:localhost/127.0.0.1:61847] with attribute NettyResponseFuture{currentRetry=0,
	isDone=1,
	isCancelled=0,
	asyncHandler=org.asynchttpclient.ws.WebSocketUpgradeHandler@319e17e7,
	nettyRequest=org.asynchttpclient.netty.request.NettyRequest@6ef9a705,
	future=java.util.concurrent.CompletableFuture@535801a8[Completed normally],
	uri=ws://localhost:61847/devtools/browser/0714b11c-982d-4ece-8b8c-7e819ab924ac,
	keepAlive=true,
	redirectCount=0,
	timeoutsHolder=null,
	inAuth=0,
	touch=1682428718480}
[DEBUG] Closing Channel [id: 0xdc6fda9d, L:/127.0.0.1:61855 ! R:localhost/127.0.0.1:61847] 
[DEBUG] 

Request DefaultHttpRequest(decodeResult: success, version: HTTP/1.1)
POST /session/c206e88c3c4fc79d745a459cd3950716/url HTTP/1.1
User-Agent: selenium/4.8.3 (java windows)
Content-Length: 60
Content-Type: application/json; charset=utf-8
host: localhost:25369
accept: */*

Response DefaultHttpResponse(decodeResult: success, version: HTTP/1.1)
HTTP/1.1 500 Internal Server Error
Content-Length: 1035
Content-Type: application/json; charset=utf-8
cache-control: no-cache

[DEBUG] Adding key: http://localhost:25369 for channel [id: 0x8d4bf3c8, L:/127.0.0.1:61845 - R:localhost/127.0.0.1:25369]
TutorialsNinjaRegisterfailed
]]></system-out>
    <system-err><![CDATA[Starting ChromeDriver 112.0.5615.49 (bd2a7bcb881c11e8cfe3078709382934e3916914-refs/branch-heads/5615@{#936}) on port 25369
Only local connections are allowed.
Please see https://chromedriver.chromium.org/security-considerations for suggestions on keeping ChromeDriver safe.
ChromeDriver was started successfully.
Apr 25, 2023 9:18:38 AM org.openqa.selenium.devtools.CdpVersionFinder findNearestMatch
WARNING: Unable to find an exact match for CDP version 112, so returning the closest version found: 111
[1682428723.077][SEVERE]: Unable to receive message from renderer
]]></system-err>
  </testcase>
</testsuite>