<?xml version="1.0" encoding="UTF-8"?>
<!-- Generated by org.testng.reporters.JUnitReportReporter -->
<testsuite hostname="LAPTOP-O1IA0A5B" failures="0" tests="4" name="com.automationcode_18th_March_2023.TN_Class_Assignment" time="34.327" errors="0" timestamp="2023-03-30T09:38:30 EDT" skipped="0">
  <testcase classname="com.automationcode_18th_March_2023.TN_Class_Assignment" name="clickOnMyAccount" time="7.002"/>
  <system-out/>
  <testcase classname="com.automationcode_18th_March_2023.TN_Class_Assignment" name="clickOnLoginLink" time="9.658"/>
  <system-out/>
  <testcase classname="com.automationcode_18th_March_2023.TN_Class_Assignment" name="enterLoginCredentials" time="8.834"/>
  <system-out/>
  <testcase classname="com.automationcode_18th_March_2023.TN_Class_Assignment" name="clickOnlogOutLink" time="8.833"/>
  <system-out/>
</testsuite> <!-- com.automationcode_18th_March_2023.TN_Class_Assignment -->
