<?xml version="1.0" encoding="UTF-8"?>
<!-- Generated by org.testng.reporters.JUnitReportReporter -->
<testsuite hostname="LAPTOP-O1IA0A5B" failures="0" tests="1" name="com.automationcode_12thMarch_2023.Mistakes_WhileUsing_TestNG" time="0.012" errors="0" timestamp="2023-03-12T12:23:21 EDT" skipped="0">
  <testcase classname="com.automationcode_12thMarch_2023.Mistakes_WhileUsing_TestNG" name="testcase1" time="0.012"/>
  <system-out/>
</testsuite> <!-- com.automationcode_12thMarch_2023.Mistakes_WhileUsing_TestNG -->
