<?xml version="1.0" encoding="UTF-8"?>
<!-- Generated by org.testng.reporters.JUnitReportReporter -->
<testsuite hostname="LAPTOP-O1IA0A5B" failures="0" tests="1" name="com.automationcode_12thMarch_2023.TutorialsNinja_Class_Assignment" time="7.349" errors="0" timestamp="2023-03-29T20:01:49 EDT" skipped="0">
  <testcase classname="com.automationcode_12thMarch_2023.TutorialsNinja_Class_Assignment" name="verifyingLoginWithValidCredentials" time="7.349"/>
  <system-out/>
</testsuite> <!-- com.automationcode_12thMarch_2023.TutorialsNinja_Class_Assignment -->
