<?xml version="1.0" encoding="UTF-8"?>
<!-- Generated by org.testng.reporters.JUnitReportReporter -->
<testsuite hostname="LAPTOP-O1IA0A5B" failures="0" tests="2" name="com.automation.code_25th_March_2023.CssSelector_TN" time="11.207" errors="0" timestamp="2023-04-02T14:02:43 EDT" skipped="0">
  <testcase classname="com.automation.code_25th_March_2023.CssSelector_TN" name="clickOnLoginLink" time="5.157"/>
  <system-out/>
  <testcase classname="com.automation.code_25th_March_2023.CssSelector_TN" name="clickOnMyAccountLink" time="6.050"/>
  <system-out/>
</testsuite> <!-- com.automation.code_25th_March_2023.CssSelector_TN -->
