<?xml version="1.0" encoding="UTF-8"?>
<!-- Generated by org.testng.reporters.JUnitReportReporter -->
<testsuite hostname="LAPTOP-O1IA0A5B" failures="0" tests="2" name="com.automationcode_19th_March_2023.TN_XPath_ClassAssignment" time="22.644" errors="0" timestamp="2023-03-31T14:21:05 EDT" skipped="0">
  <testcase classname="com.automationcode_19th_March_2023.TN_XPath_ClassAssignment" name="registerAccount" time="12.640"/>
  <system-out/>
  <testcase classname="com.automationcode_19th_March_2023.TN_XPath_ClassAssignment" name="loginUsingRegisteredDetails" time="10.004"/>
  <system-out/>
</testsuite> <!-- com.automationcode_19th_March_2023.TN_XPath_ClassAssignment -->
