<?xml version="1.0" encoding="UTF-8"?>
<!-- Generated by org.testng.reporters.JUnitReportReporter -->
<testsuite hostname="LAPTOP-O1IA0A5B" failures="0" tests="1" name="com.automationcode_8th_April_2023.Reading_From_Properties_File" time="8.591" errors="0" timestamp="2023-04-13T14:44:40 EDT" skipped="0">
  <testcase classname="com.automationcode_8th_April_2023.Reading_From_Properties_File" name="tutorialsNinjaLogin" time="8.591"/>
  <system-out/>
</testsuite> <!-- com.automationcode_8th_April_2023.Reading_From_Properties_File -->
