<?xml version="1.0" encoding="UTF-8"?>
<!-- Generated by org.testng.reporters.JUnitReportReporter -->
<testsuite hostname="LAPTOP-O1IA0A5B" failures="0" tests="7" name="com.automationcode_18th_March_2023.InvocationCountUse" time="0.017" errors="0" timestamp="2023-03-30T08:28:09 EDT" skipped="0">
  <testcase classname="com.automationcode_18th_March_2023.InvocationCountUse" name="sample1" time="0.009"/>
  <system-out/>
  <testcase classname="com.automationcode_18th_March_2023.InvocationCountUse" name="sample2" time="0.002"/>
  <system-out/>
  <testcase classname="com.automationcode_18th_March_2023.InvocationCountUse" name="sample3" time="0.000"/>
  <system-out/>
  <testcase classname="com.automationcode_18th_March_2023.InvocationCountUse" name="sample3" time="0.001"/>
  <system-out/>
  <testcase classname="com.automationcode_18th_March_2023.InvocationCountUse" name="sample3" time="0.001"/>
  <system-out/>
  <testcase classname="com.automationcode_18th_March_2023.InvocationCountUse" name="sample3" time="0.003"/>
  <system-out/>
  <testcase classname="com.automationcode_18th_March_2023.InvocationCountUse" name="sample3" time="0.001"/>
  <system-out/>
</testsuite> <!-- com.automationcode_18th_March_2023.InvocationCountUse -->
