<?xml version="1.0" encoding="UTF-8"?>
<!-- Generated by org.testng.reporters.JUnitReportReporter -->
<testsuite hostname="LAPTOP-O1IA0A5B" failures="0" tests="1" name="com.automationcode_8th_April_2023.TN_Register_Validate" time="0.000" errors="0" timestamp="2023-04-14T10:49:35 EDT" skipped="1">
  <testcase classname="com.automationcode_8th_April_2023.TN_Register_Validate" name="TutorialsNinjaRegister" time="0.000">
    <skipped/>
  </testcase> <!-- TutorialsNinjaRegister -->
  <system-out/>
</testsuite> <!-- com.automationcode_8th_April_2023.TN_Register_Validate -->
