<?xml version="1.0" encoding="UTF-8"?>
<!-- Generated by org.testng.reporters.JUnitReportReporter -->
<testsuite hostname="LAPTOP-O1IA0A5B" failures="0" tests="1" name="com.automationcode_18th_March_2023.TN_Registration" time="11.377" errors="0" timestamp="2023-03-30T09:54:21 EDT" skipped="0">
  <testcase classname="com.automationcode_18th_March_2023.TN_Registration" name="registerAccount" time="11.377"/>
  <system-out/>
</testsuite> <!-- com.automationcode_18th_March_2023.TN_Registration -->
