<?xml version="1.0" encoding="UTF-8"?>
<!-- Generated by org.testng.reporters.JUnitReportReporter -->
<testsuite hostname="LAPTOP-O1IA0A5B" failures="0" tests="1" name="com.automationcode_8th_April_2023.Rediff" time="6.662" errors="0" timestamp="2023-04-14T13:36:45 EDT" skipped="0">
  <testcase classname="com.automationcode_8th_April_2023.Rediff" name="setUp" time="6.662"/>
  <system-out/>
</testsuite> <!-- com.automationcode_8th_April_2023.Rediff -->
