<?xml version="1.0" encoding="UTF-8"?>
<!-- Generated by org.testng.reporters.JUnitReportReporter -->
<testsuite hostname="LAPTOP-O1IA0A5B" failures="0" tests="1" name="com.automationcode_15th_April_2023.TNListenerLoginTest" time="13.839" errors="0" timestamp="2023-04-21T14:35:21 EDT" skipped="0">
  <testcase classname="com.automationcode_15th_April_2023.TNListenerLoginTest" name="enterLoginCredentials" time="13.839"/>
  <system-out/>
</testsuite> <!-- com.automationcode_15th_April_2023.TNListenerLoginTest -->
