<?xml version="1.0" encoding="UTF-8"?>
<!-- Generated by org.testng.reporters.JUnitReportReporter -->
<testsuite hostname="LAPTOP-O1IA0A5B" failures="0" tests="1" name="com.automationcode_12thMarch_2023.Learning_How_To_Identify_WebElement" time="25.341" errors="0" timestamp="2023-03-29T19:56:12 EDT" skipped="0">
  <testcase classname="com.automationcode_12thMarch_2023.Learning_How_To_Identify_WebElement" name="understandingWebElementsRediffLogin" time="25.341"/>
  <system-out/>
</testsuite> <!-- com.automationcode_12thMarch_2023.Learning_How_To_Identify_WebElement -->
