<?xml version="1.0" encoding="UTF-8"?>
<!-- Generated by org.testng.reporters.JUnitReportReporter -->
<testsuite hostname="LAPTOP-O1IA0A5B" failures="0" tests="2" name="com.automationcode_19th_March_2023.IntroductionToXPaths" time="37.120" errors="0" timestamp="2023-03-31T09:16:25 EDT" skipped="0">
  <testcase classname="com.automationcode_19th_March_2023.IntroductionToXPaths" name="clickOnSignInLink" time="11.706"/>
  <system-out/>
  <testcase classname="com.automationcode_19th_March_2023.IntroductionToXPaths" name="enterLoginCredentials" time="25.414"/>
  <system-out/>
</testsuite> <!-- com.automationcode_19th_March_2023.IntroductionToXPaths -->
