<?xml version="1.0" encoding="UTF-8"?>
<!-- Generated by org.testng.reporters.JUnitReportReporter -->
<testsuite hostname="LAPTOP-O1IA0A5B" failures="0" tests="1" name="com.automationcode_15th_April_2023.Applying_Interface_Logic" time="8.607" errors="0" timestamp="2023-04-15T13:40:59 EDT" skipped="0">
  <testcase classname="com.automationcode_15th_April_2023.Applying_Interface_Logic" name="test" time="8.607"/>
  <system-out/>
</testsuite> <!-- com.automationcode_15th_April_2023.Applying_Interface_Logic -->
