<?xml version="1.0" encoding="UTF-8"?>
<!-- Generated by org.testng.reporters.JUnitReportReporter -->
<testsuite hostname="LAPTOP-O1IA0A5B" failures="0" tests="4" name="com.automationcode_2nd_April_2023.DataDriven" time="29.336" errors="0" timestamp="2023-04-06T17:36:45 EDT" skipped="0">
  <testcase classname="com.automationcode_2nd_April_2023.DataDriven" name="loginNinjaTest" time="6.451"/>
  <system-out/>
  <testcase classname="com.automationcode_2nd_April_2023.DataDriven" name="loginNinjaTest" time="9.373"/>
  <system-out/>
  <testcase classname="com.automationcode_2nd_April_2023.DataDriven" name="loginNinjaTest" time="6.340"/>
  <system-out/>
  <testcase classname="com.automationcode_2nd_April_2023.DataDriven" name="loginNinjaTest" time="7.172"/>
  <system-out/>
</testsuite> <!-- com.automationcode_2nd_April_2023.DataDriven -->
