<?xml version="1.0" encoding="UTF-8"?>
<!-- Generated by org.testng.reporters.JUnitReportReporter -->
<testsuite hostname="LAPTOP-O1IA0A5B" failures="0" tests="1" name="com.automationcode_16th_April_ExtentReports.TNRegisterTest" time="6.832" errors="0" timestamp="2023-04-24T19:24:27 EDT" skipped="0">
  <testcase classname="com.automationcode_16th_April_ExtentReports.TNRegisterTest" name="registerPage" time="6.832"/>
  <system-out/>
</testsuite> <!-- com.automationcode_16th_April_ExtentReports.TNRegisterTest -->
