<?xml version="1.0" encoding="UTF-8"?>
<!-- Generated by org.testng.reporters.JUnitReportReporter -->
<testsuite hostname="LAPTOP-O1IA0A5B" failures="0" tests="8" name="com.automationcode_2nd_April_2023.Separate_Test_Cases" time="56.039" errors="0" timestamp="2023-04-06T18:32:37 EDT" skipped="0">
  <testcase classname="com.automationcode_2nd_April_2023.Separate_Test_Cases" name="loginNinjaTest" time="5.624"/>
  <system-out/>
  <testcase classname="com.automationcode_2nd_April_2023.Separate_Test_Cases" name="loginNinjaTest" time="6.078"/>
  <system-out/>
  <testcase classname="com.automationcode_2nd_April_2023.Separate_Test_Cases" name="loginNinjaTest" time="7.012"/>
  <system-out/>
  <testcase classname="com.automationcode_2nd_April_2023.Separate_Test_Cases" name="loginNinjaTest" time="5.660"/>
  <system-out/>
  <testcase classname="com.automationcode_2nd_April_2023.Separate_Test_Cases" name="loginRediffTest" time="10.785"/>
  <system-out/>
  <testcase classname="com.automationcode_2nd_April_2023.Separate_Test_Cases" name="loginRediffTest" time="6.647"/>
  <system-out/>
  <testcase classname="com.automationcode_2nd_April_2023.Separate_Test_Cases" name="loginRediffTest" time="6.438"/>
  <system-out/>
  <testcase classname="com.automationcode_2nd_April_2023.Separate_Test_Cases" name="loginRediffTest" time="7.795"/>
  <system-out/>
</testsuite> <!-- com.automationcode_2nd_April_2023.Separate_Test_Cases -->
