<?xml version="1.0" encoding="UTF-8"?>
<!-- Generated by org.testng.reporters.JUnitReportReporter -->
<testsuite hostname="LAPTOP-O1IA0A5B" failures="0" tests="1" name="com.automationcode_1st_April_2023.Actions_Mouse_Keyboard" time="6.378" errors="0" timestamp="2023-04-06T10:50:26 EDT" skipped="0">
  <testcase classname="com.automationcode_1st_April_2023.Actions_Mouse_Keyboard" name="mouseActionsTest" time="6.378"/>
  <system-out/>
</testsuite> <!-- com.automationcode_1st_April_2023.Actions_Mouse_Keyboard -->
