<?xml version="1.0" encoding="UTF-8"?>
<!-- Generated by org.testng.reporters.JUnitReportReporter -->
<testsuite hostname="LAPTOP-O1IA0A5B" failures="0" tests="1" name="com.automation.code_25th_March_2023.Facebook_DropDown" time="8.189" errors="0" timestamp="2023-03-31T19:03:50 EDT" skipped="0">
  <testcase classname="com.automation.code_25th_March_2023.Facebook_DropDown" name="dropDownTest" time="8.189"/>
  <system-out/>
</testsuite> <!-- com.automation.code_25th_March_2023.Facebook_DropDown -->
