<?xml version="1.0" encoding="UTF-8"?>
<!-- Generated by org.testng.reporters.JUnitReportReporter -->
<testsuite hostname="LAPTOP-O1IA0A5B" failures="0" tests="4" name="com.automationcode_2nd_April_2023.Rediff_DataDriven" time="31.894" errors="0" timestamp="2023-04-06T18:09:27 EDT" skipped="0">
  <testcase classname="com.automationcode_2nd_April_2023.Rediff_DataDriven" name="loginRediffTest" time="13.584"/>
  <system-out/>
  <testcase classname="com.automationcode_2nd_April_2023.Rediff_DataDriven" name="loginRediffTest" time="6.020"/>
  <system-out/>
  <testcase classname="com.automationcode_2nd_April_2023.Rediff_DataDriven" name="loginRediffTest" time="6.265"/>
  <system-out/>
  <testcase classname="com.automationcode_2nd_April_2023.Rediff_DataDriven" name="loginRediffTest" time="6.025"/>
  <system-out/>
</testsuite> <!-- com.automationcode_2nd_April_2023.Rediff_DataDriven -->
