<?xml version="1.0" encoding="UTF-8"?>
<!-- Generated by org.testng.reporters.JUnitReportReporter -->
<testsuite hostname="LAPTOP-O1IA0A5B" failures="0" tests="1" name="com.automationcode_2nd_April_2023.Assertion_Automation" time="12.781" errors="0" timestamp="2023-04-07T15:37:44 EDT" skipped="0">
  <testcase classname="com.automationcode_2nd_April_2023.Assertion_Automation" name="verifyNinjaPasswordWarningMessageTest" time="12.781"/>
  <system-out/>
</testsuite> <!-- com.automationcode_2nd_April_2023.Assertion_Automation -->
