<?xml version="1.0" encoding="UTF-8"?>
<!-- Generated by org.testng.reporters.JUnitReportReporter -->
<testsuite hostname="LAPTOP-O1IA0A5B" failures="0" tests="1" name="com.automationcode_1st_April_2023.Actions_Keyboard" time="8.579" errors="0" timestamp="2023-04-06T11:37:53 EDT" skipped="0">
  <testcase classname="com.automationcode_1st_April_2023.Actions_Keyboard" name="keyboardActionItems" time="8.579"/>
  <system-out/>
</testsuite> <!-- com.automationcode_1st_April_2023.Actions_Keyboard -->
