<?xml version="1.0" encoding="UTF-8"?>
<!-- Generated by org.testng.reporters.JUnitReportReporter -->
<testsuite hostname="LAPTOP-O1IA0A5B" failures="0" tests="3" name="com.automationcode_12thMarch_2023.ImportanceOfBM_Test_AM" time="0.016" errors="0" timestamp="2023-03-12T11:56:23 EDT" skipped="0">
  <testcase classname="com.automationcode_12thMarch_2023.ImportanceOfBM_Test_AM" name="testCase1" time="0.009"/>
  <system-out/>
  <testcase classname="com.automationcode_12thMarch_2023.ImportanceOfBM_Test_AM" name="testCase2" time="0.001"/>
  <system-out/>
  <testcase classname="com.automationcode_12thMarch_2023.ImportanceOfBM_Test_AM" name="testCase3" time="0.006"/>
  <system-out/>
</testsuite> <!-- com.automationcode_12thMarch_2023.ImportanceOfBM_Test_AM -->
