<?xml version="1.0" encoding="UTF-8"?>
<!-- Generated by org.testng.reporters.JUnitReportReporter -->
<testsuite hostname="LAPTOP-O1IA0A5B" failures="0" tests="3" name="com.automationcode_9th_April_2023.TNLogin" time="27.784" errors="0" timestamp="2023-04-14T19:56:02 EDT" skipped="0">
  <testcase classname="com.automationcode_9th_April_2023.TNLogin" name="TNLoginFirefoxTest" time="10.789"/>
  <system-out/>
  <testcase classname="com.automationcode_9th_April_2023.TNLogin" name="TNLoginChromeTest" time="9.238"/>
  <system-out/>
  <testcase classname="com.automationcode_9th_April_2023.TNLogin" name="TNLoginEdgeTest" time="7.757"/>
  <system-out/>
</testsuite> <!-- com.automationcode_9th_April_2023.TNLogin -->
