<?xml version="1.0" encoding="UTF-8"?>
<!-- Generated by org.testng.reporters.JUnitReportReporter -->
<testsuite hostname="LAPTOP-O1IA0A5B" failures="0" tests="3" name="com.automation.code_25th_March_2023.CssSelector_Rediff" time="22.232" errors="0" timestamp="2023-04-02T12:03:50 EDT" skipped="0">
  <testcase classname="com.automation.code_25th_March_2023.CssSelector_Rediff" name="clickOnSignInLink" time="4.054"/>
  <system-out/>
  <testcase classname="com.automation.code_25th_March_2023.CssSelector_Rediff" name="loginUsingValidCredentials" time="8.926"/>
  <system-out/>
  <testcase classname="com.automation.code_25th_March_2023.CssSelector_Rediff" name="logOut" time="9.252"/>
  <system-out/>
</testsuite> <!-- com.automation.code_25th_March_2023.CssSelector_Rediff -->
