<?xml version="1.0" encoding="UTF-8"?>
<!-- Generated by org.testng.reporters.JUnitReportReporter -->
<testsuite hostname="LAPTOP-O1IA0A5B" failures="0" tests="1" name="com.automationcode_23rd_April_2023.RediffCode" time="9.250" errors="0" timestamp="2023-04-23T11:30:50 EDT" skipped="0">
  <testcase classname="com.automationcode_23rd_April_2023.RediffCode" name="loginTN" time="9.250"/>
  <system-out/>
</testsuite> <!-- com.automationcode_23rd_April_2023.RediffCode -->
