<?xml version="1.0" encoding="UTF-8"?>
<!-- Generated by org.testng.reporters.JUnitReportReporter -->
<testsuite hostname="LAPTOP-O1IA0A5B" failures="0" tests="1" name="com.automation.code_25th_March_2023.Selenium_Practice" time="5.504" errors="0" timestamp="2023-04-01T11:22:13 EDT" skipped="0">
  <testcase classname="com.automation.code_25th_March_2023.Selenium_Practice" name="dropDownTest" time="5.504"/>
  <system-out/>
</testsuite> <!-- com.automation.code_25th_March_2023.Selenium_Practice -->
