<?xml version="1.0" encoding="UTF-8"?>
<!-- Generated by org.testng.reporters.JUnitReportReporter -->
<testsuite skipped="0" hostname="LAPTOP-O1IA0A5B" name="com.automationcode_18th_March_2023.TN_Registration" tests="1" failures="0" timestamp="25 Apr 2023 13:18:46 GMT" time="11.984" errors="0">
  <testcase name="registerAccount" time="11.984" classname="com.automationcode_18th_March_2023.TN_Registration"/>
</testsuite> <!-- com.automationcode_18th_March_2023.TN_Registration -->
