<?xml version="1.0" encoding="UTF-8"?>
<!-- Generated by org.testng.reporters.JUnitReportReporter -->
<testsuite skipped="0" hostname="LAPTOP-O1IA0A5B" name="com.automationcode_12thMarch_2023.Learning_How_To_Identify_WebElement" tests="1" failures="0" timestamp="25 Apr 2023 13:18:46 GMT" time="21.619" errors="0">
  <testcase name="understandingWebElementsRediffLogin" time="21.619" classname="com.automationcode_12thMarch_2023.Learning_How_To_Identify_WebElement"/>
</testsuite> <!-- com.automationcode_12thMarch_2023.Learning_How_To_Identify_WebElement -->
