<?xml version="1.0" encoding="UTF-8"?>
<!-- Generated by org.testng.reporters.JUnitReportReporter -->
<testsuite skipped="0" hostname="LAPTOP-O1IA0A5B" name="com.automationcode_9th_April_2023.TNLogin" tests="3" failures="0" timestamp="25 Apr 2023 13:18:46 GMT" time="42.551" errors="0">
  <testcase name="TNLoginChromeTest" time="12.079" classname="com.automationcode_9th_April_2023.TNLogin"/>
  <testcase name="TNLoginFirefoxTest" time="14.414" classname="com.automationcode_9th_April_2023.TNLogin"/>
  <testcase name="TNLoginEdgeTest" time="16.058" classname="com.automationcode_9th_April_2023.TNLogin"/>
</testsuite> <!-- com.automationcode_9th_April_2023.TNLogin -->
