<?xml version="1.0" encoding="UTF-8"?>
<!-- Generated by org.testng.reporters.JUnitReportReporter -->
<testsuite skipped="0" hostname="LAPTOP-O1IA0A5B" name="com.automationcode_16th_April_ExtentReports.TNRegisterTest" tests="1" failures="0" timestamp="25 Apr 2023 13:18:46 GMT" time="9.590" errors="0">
  <testcase name="registerPage" time="9.590" classname="com.automationcode_16th_April_ExtentReports.TNRegisterTest"/>
</testsuite> <!-- com.automationcode_16th_April_ExtentReports.TNRegisterTest -->
