<?xml version="1.0" encoding="UTF-8"?>
<!-- Generated by org.testng.reporters.JUnitReportReporter -->
<testsuite skipped="0" hostname="LAPTOP-O1IA0A5B" name="com.automationcode_2nd_April_2023.DataDriven" tests="4" failures="0" timestamp="25 Apr 2023 13:18:46 GMT" time="43.447" errors="0">
  <testcase name="loginNinjaTest" time="8.463" classname="com.automationcode_2nd_April_2023.DataDriven"/>
  <testcase name="loginNinjaTest" time="14.876" classname="com.automationcode_2nd_April_2023.DataDriven"/>
  <testcase name="loginNinjaTest" time="8.604" classname="com.automationcode_2nd_April_2023.DataDriven"/>
  <testcase name="loginNinjaTest" time="11.504" classname="com.automationcode_2nd_April_2023.DataDriven"/>
</testsuite> <!-- com.automationcode_2nd_April_2023.DataDriven -->
