<?xml version="1.0" encoding="UTF-8"?>
<!-- Generated by org.testng.reporters.JUnitReportReporter -->
<testsuite skipped="0" hostname="LAPTOP-O1IA0A5B" name="com.automationcode_1st_April_2023.Actions_Keyboard" tests="1" failures="0" timestamp="25 Apr 2023 13:18:46 GMT" time="8.039" errors="0">
  <testcase name="keyboardActionItems" time="8.039" classname="com.automationcode_1st_April_2023.Actions_Keyboard"/>
</testsuite> <!-- com.automationcode_1st_April_2023.Actions_Keyboard -->
