<?xml version="1.0" encoding="UTF-8"?>
<!-- Generated by org.testng.reporters.JUnitReportReporter -->
<testsuite skipped="0" hostname="LAPTOP-O1IA0A5B" name="com.automationcode_8th_April_2023.Reading_From_Properties_File" tests="1" failures="0" timestamp="25 Apr 2023 13:18:46 GMT" time="7.895" errors="0">
  <testcase name="tutorialsNinjaLogin" time="7.895" classname="com.automationcode_8th_April_2023.Reading_From_Properties_File"/>
</testsuite> <!-- com.automationcode_8th_April_2023.Reading_From_Properties_File -->
