<?xml version="1.0" encoding="UTF-8"?>
<!-- Generated by org.testng.reporters.JUnitReportReporter -->
<testsuite skipped="0" hostname="LAPTOP-O1IA0A5B" name="com.automationcode_12thMarch_2023.ImportanceOfBM_Test_AM" tests="3" failures="0" timestamp="25 Apr 2023 13:18:46 GMT" time="0.003" errors="0">
  <testcase name="testCase1" time="0.001" classname="com.automationcode_12thMarch_2023.ImportanceOfBM_Test_AM"/>
  <testcase name="testCase3" time="0.000" classname="com.automationcode_12thMarch_2023.ImportanceOfBM_Test_AM"/>
  <testcase name="testCase2" time="0.002" classname="com.automationcode_12thMarch_2023.ImportanceOfBM_Test_AM"/>
</testsuite> <!-- com.automationcode_12thMarch_2023.ImportanceOfBM_Test_AM -->
