<?xml version="1.0" encoding="UTF-8"?>
<!-- Generated by org.testng.reporters.JUnitReportReporter -->
<testsuite skipped="0" hostname="LAPTOP-O1IA0A5B" name="com.automationcode_12thMarch_2023.Mistakes_WhileUsing_TestNG" tests="1" failures="0" timestamp="25 Apr 2023 13:18:46 GMT" time="0.001" errors="0">
  <testcase name="testcase1" time="0.001" classname="com.automationcode_12thMarch_2023.Mistakes_WhileUsing_TestNG"/>
</testsuite> <!-- com.automationcode_12thMarch_2023.Mistakes_WhileUsing_TestNG -->
