<?xml version="1.0" encoding="UTF-8"?>
<!-- Generated by org.testng.reporters.JUnitReportReporter -->
<testsuite skipped="0" hostname="LAPTOP-O1IA0A5B" name="com.automationcode_9th_April_2023.Demo3" tests="3" failures="0" timestamp="25 Apr 2023 13:18:46 GMT" time="0.003" errors="0">
  <testcase name="method3" time="0.001" classname="com.automationcode_9th_April_2023.Demo3"/>
  <testcase name="method33" time="0.001" classname="com.automationcode_9th_April_2023.Demo3"/>
  <testcase name="method333" time="0.001" classname="com.automationcode_9th_April_2023.Demo3"/>
</testsuite> <!-- com.automationcode_9th_April_2023.Demo3 -->
