<?xml version="1.0" encoding="UTF-8"?>
<!-- Generated by org.testng.reporters.JUnitReportReporter -->
<testsuite skipped="0" hostname="LAPTOP-O1IA0A5B" name="com.automationcode_12thMarch_2023.TutorialsNinja_Class_Assignment" tests="1" failures="0" timestamp="25 Apr 2023 13:18:46 GMT" time="8.388" errors="0">
  <testcase name="verifyingLoginWithValidCredentials" time="8.388" classname="com.automationcode_12thMarch_2023.TutorialsNinja_Class_Assignment"/>
</testsuite> <!-- com.automationcode_12thMarch_2023.TutorialsNinja_Class_Assignment -->
