<?xml version="1.0" encoding="UTF-8"?>
<!-- Generated by org.testng.reporters.JUnitReportReporter -->
<testsuite skipped="0" hostname="LAPTOP-O1IA0A5B" name="com.automation.code_25th_March_2023.CssSelector_TN" tests="2" failures="0" timestamp="25 Apr 2023 13:18:46 GMT" time="15.744" errors="0">
  <testcase name="clickOnLoginLink" time="9.589" classname="com.automation.code_25th_March_2023.CssSelector_TN"/>
  <testcase name="clickOnMyAccountLink" time="6.155" classname="com.automation.code_25th_March_2023.CssSelector_TN"/>
</testsuite> <!-- com.automation.code_25th_March_2023.CssSelector_TN -->
