<?xml version="1.0" encoding="UTF-8"?>
<!-- Generated by org.testng.reporters.JUnitReportReporter -->
<testsuite skipped="0" hostname="LAPTOP-O1IA0A5B" name="com.automationcode_15th_April_2023.Applying_Interface_Logic" tests="1" failures="0" timestamp="25 Apr 2023 13:18:46 GMT" time="12.407" errors="0">
  <testcase name="test" time="12.407" classname="com.automationcode_15th_April_2023.Applying_Interface_Logic"/>
</testsuite> <!-- com.automationcode_15th_April_2023.Applying_Interface_Logic -->
