<?xml version="1.0" encoding="UTF-8"?>
<!-- Generated by org.testng.reporters.JUnitReportReporter -->
<testsuite skipped="0" hostname="LAPTOP-O1IA0A5B" name="com.automation.code_25th_March_2023.CssSelector_Rediff" tests="3" failures="0" timestamp="25 Apr 2023 13:18:46 GMT" time="40.878" errors="0">
  <testcase name="logOut" time="20.361" classname="com.automation.code_25th_March_2023.CssSelector_Rediff"/>
  <testcase name="loginUsingValidCredentials" time="10.544" classname="com.automation.code_25th_March_2023.CssSelector_Rediff"/>
  <testcase name="clickOnSignInLink" time="9.973" classname="com.automation.code_25th_March_2023.CssSelector_Rediff"/>
</testsuite> <!-- com.automation.code_25th_March_2023.CssSelector_Rediff -->
